Log file open, 07/17/22 20:02:30
LogWindows: Failed to load 'aqProf.dll' (GetLastError=126)
LogWindows: File 'aqProf.dll' does not exist
LogWindows: Failed to load 'VtuneApi.dll' (GetLastError=126)
LogWindows: File 'VtuneApi.dll' does not exist
LogWindows: Failed to load 'VtuneApi32e.dll' (GetLastError=126)
LogWindows: File 'VtuneApi32e.dll' does not exist
LogConsoleResponse: Display: Failed to find resolution value strings in scalability ini. Falling back to default.
LogConsoleResponse: Display: Failed to find resolution value strings in scalability ini. Falling back to default.
LogPlatformFile: Not using cached read wrapper
LogInit: Display: No sandbox specified, assuming ../../Saved/Cooked/WindowsNoEditor
LogTaskGraph: Started task graph with 5 named threads and 35 total threads with 3 sets of task threads.
LogStats: Stats thread started at 0.070346
LogICUInternationalization: ICU TimeZone Detection - Raw Offset: +1:00, Platform Override: ''
LogInit: Display: Loading text-based GConfig....
LogPluginManager: Mounting plugin MeshPainting
LogPluginManager: Mounting plugin XGEController
LogPluginManager: Mounting plugin Paper2D
LogPluginManager: Mounting plugin AISupport
LogPluginManager: Mounting plugin EnvironmentQueryEditor
LogPluginManager: Mounting plugin LightPropagationVolume
LogPluginManager: Mounting plugin CameraShakePreviewer
LogPluginManager: Mounting plugin GameplayCameras
LogPluginManager: Mounting plugin OodleData
LogPluginManager: Mounting plugin OodleNetwork
LogPluginManager: Mounting plugin AnimationSharing
LogPluginManager: Mounting plugin CLionSourceCodeAccess
LogPluginManager: Mounting plugin CodeLiteSourceCodeAccess
LogPluginManager: Mounting plugin GitSourceControl
LogPluginManager: Mounting plugin KDevelopSourceCodeAccess
LogPluginManager: Mounting plugin NullSourceCodeAccess
LogPluginManager: Mounting plugin PerforceSourceControl
LogPluginManager: Mounting plugin PixWinPlugin
LogPluginManager: Mounting plugin PlasticSourceControl
LogPluginManager: Mounting plugin PluginUtils
LogPluginManager: Mounting plugin PropertyAccessNode
LogPluginManager: Mounting plugin RiderSourceCodeAccess
LogPluginManager: Mounting plugin SubversionSourceControl
LogPluginManager: Mounting plugin TextureFormatOodle
LogPluginManager: Mounting plugin UObjectPlugin
LogPluginManager: Mounting plugin VisualStudioCodeSourceCodeAccess
LogPluginManager: Mounting plugin VisualStudioSourceCodeAccess
LogPluginManager: Mounting plugin AssetManagerEditor
LogPluginManager: Mounting plugin CryptoKeys
LogPluginManager: Mounting plugin CurveEditorTools
LogPluginManager: Mounting plugin DataValidation
LogPluginManager: Mounting plugin FacialAnimation
LogPluginManager: Mounting plugin GameplayTagsEditor
LogPluginManager: Mounting plugin GeometryMode
LogPluginManager: Mounting plugin MacGraphicsSwitching
LogPluginManager: Mounting plugin MaterialAnalyzer
LogPluginManager: Mounting plugin MobileLauncherProfileWizard
LogPluginManager: Mounting plugin PluginBrowser
LogPluginManager: Mounting plugin SpeedTreeImporter
LogPluginManager: Mounting plugin DatasmithContent
LogPluginManager: Mounting plugin VariantManagerContent
LogPluginManager: Mounting plugin AlembicImporter
LogPluginManager: Mounting plugin AutomationUtils
LogPluginManager: Mounting plugin BackChannel
LogPluginManager: Mounting plugin ChaosCloth
LogPluginManager: Mounting plugin ChaosClothEditor
LogPluginManager: Mounting plugin ChaosEditor
LogPluginManager: Mounting plugin ChaosNiagara
LogPluginManager: Mounting plugin ChaosSolverPlugin
LogPluginManager: Mounting plugin CharacterAI
LogPluginManager: Mounting plugin GeometryCache
LogPluginManager: Mounting plugin GeometryCollectionPlugin
LogPluginManager: Mounting plugin GeometryProcessing
LogPluginManager: Mounting plugin MotoSynth
LogPluginManager: Mounting plugin OpenImageDenoise
LogPluginManager: Mounting plugin PlanarCut
LogPluginManager: Mounting plugin PlatformCrypto
LogPluginManager: Mounting plugin ProxyLODPlugin
LogPluginManager: Mounting plugin PythonScriptPlugin
LogPluginManager: Mounting plugin SkeletalReduction
LogPluginManager: Mounting plugin Niagara
LogPluginManager: Mounting plugin MagicLeap
LogPluginManager: Mounting plugin MagicLeapLightEstimation
LogPluginManager: Mounting plugin MagicLeapPassableWorld
LogPluginManager: Mounting plugin MLSDK
LogPluginManager: Mounting plugin AndroidMedia
LogPluginManager: Mounting plugin AvfMedia
LogPluginManager: Mounting plugin ImgMedia
LogPluginManager: Mounting plugin MediaCompositing
LogPluginManager: Mounting plugin MediaPlayerEditor
LogPluginManager: Mounting plugin WebMMedia
LogPluginManager: Mounting plugin WmfMedia
LogPluginManager: Mounting plugin TcpMessaging
LogPluginManager: Mounting plugin UdpMessaging
LogPluginManager: Mounting plugin ActorSequence
LogPluginManager: Mounting plugin LevelSequenceEditor
LogPluginManager: Mounting plugin MatineeToLevelSequence
LogPluginManager: Mounting plugin TemplateSequence
LogPluginManager: Mounting plugin OnlineSubsystem
LogPluginManager: Mounting plugin OnlineSubsystemNull
LogPluginManager: Mounting plugin OnlineSubsystemUtils
LogPluginManager: Mounting plugin LauncherChunkInstaller
LogPluginManager: Mounting plugin ActorLayerUtilities
LogPluginManager: Mounting plugin AndroidDeviceProfileSelector
LogPluginManager: Mounting plugin AndroidMoviePlayer
LogPluginManager: Mounting plugin AndroidPermission
LogPluginManager: Mounting plugin AppleImageUtils
LogPluginManager: Mounting plugin AppleMoviePlayer
LogPluginManager: Mounting plugin ArchVisCharacter
LogPluginManager: Mounting plugin AssetTags
LogPluginManager: Mounting plugin AudioCapture
LogPluginManager: Mounting plugin AudioSynesthesia
LogPluginManager: Mounting plugin CableComponent
LogPluginManager: Mounting plugin ChunkDownloader
LogPluginManager: Mounting plugin CustomMeshComponent
LogPluginManager: Mounting plugin EditableMesh
LogPluginManager: Mounting plugin ExampleDeviceProfileSelector
LogPluginManager: Mounting plugin GoogleCloudMessaging
LogPluginManager: Mounting plugin GooglePAD
LogPluginManager: Mounting plugin IOSDeviceProfileSelector
LogPluginManager: Mounting plugin LinuxDeviceProfileSelector
LogPluginManager: Mounting plugin LocationServicesBPLibrary
LogPluginManager: Mounting plugin MobilePatchingUtils
LogPluginManager: Mounting plugin PhysXVehicles
LogPluginManager: Mounting plugin ProceduralMeshComponent
LogPluginManager: Mounting plugin PropertyAccessEditor
LogPluginManager: Mounting plugin RuntimePhysXCooking
LogPluginManager: Mounting plugin SignificanceManager
LogPluginManager: Mounting plugin SoundFields
LogPluginManager: Mounting plugin Synthesis
LogPluginManager: Mounting plugin WebMMoviePlayer
LogPluginManager: Mounting plugin WindowsMoviePlayer
LogPluginManager: Mounting plugin ScreenshotTools
LogPluginManager: Mounting plugin ContentBrowserAssetDataSource
LogPluginManager: Mounting plugin ContentBrowserClassDataSource
PixWinPlugin: PIX capture plugin failed to initialize! Check that the process is launched from PIX.
LogLuminAPIImpl: Warning: MLSDK not found.  This likely means the MLSDK environment variable is not set.
LogInit: Using libcurl 7.55.1-DEV
LogInit:  - built for x86_64-pc-win32
LogInit:  - supports SSL with OpenSSL/1.1.1
LogInit:  - supports HTTP deflate (compression) using libz 1.2.8
LogInit:  - other features:
LogInit:      CURL_VERSION_SSL
LogInit:      CURL_VERSION_LIBZ
LogInit:      CURL_VERSION_IPV6
LogInit:      CURL_VERSION_ASYNCHDNS
LogInit:      CURL_VERSION_LARGEFILE
LogInit:      CURL_VERSION_IDN
LogInit:  CurlRequestOptions (configurable via config and command line):
LogInit:  - bVerifyPeer = true  - Libcurl will verify peer certificate
LogInit:  - bUseHttpProxy = false  - Libcurl will NOT use HTTP proxy
LogInit:  - bDontReuseConnections = false  - Libcurl will reuse connections
LogInit:  - MaxHostConnections = 16  - Libcurl will limit the number of connections to a host
LogInit:  - LocalHostAddr = Default
LogInit:  - BufferSize = 65536
LogOnline: OSS: Creating online subsystem instance for: NULL
LogInit: WinSock: version 1.1 (2.2), MaxSocks=32767, MaxUdp=65467
LogOnline: OSS: TryLoadSubsystemAndSetDefault: Loaded subsystem for module [NULL]
LogInit: Build: ++UE4+Release-4.27-CL-18319896
LogInit: Engine Version: 4.27.2-18319896+++UE4+Release-4.27
LogInit: Compatible Engine Version: 4.27.0-17155196+++UE4+Release-4.27
LogInit: Net CL: 17155196
LogInit: OS: Windows 10 (Release 2009) (), CPU: AMD Ryzen 5 5600X 6-Core Processor             , GPU: Radeon RX 590 Series
LogInit: Compiled (64-bit): Nov 30 2021 07:26:28
LogInit: Compiled with Visual C++: 19.16.27032.01
LogInit: Build Configuration: Development
LogInit: Branch Name: ++UE4+Release-4.27
LogInit: Command Line: 
LogInit: Base Directory: C:/Users/matej/Documents/GitHub/Game-Jam-2022/Binaries/Win64/
LogInit: Allocator: binned2
LogInit: Installed Engine Build: 1
LogDevObjectVersion: Number of dev versions registered: 29
LogDevObjectVersion:   Dev-Blueprints (B0D832E4-1F89-4F0D-ACCF-7EB736FD4AA2): 10
LogDevObjectVersion:   Dev-Build (E1C64328-A22C-4D53-A36C-8E866417BD8C): 0
LogDevObjectVersion:   Dev-Core (375EC13C-06E4-48FB-B500-84F0262A717E): 4
LogDevObjectVersion:   Dev-Editor (E4B068ED-F494-42E9-A231-DA0B2E46BB41): 40
LogDevObjectVersion:   Dev-Framework (CFFC743F-43B0-4480-9391-14DF171D2073): 37
LogDevObjectVersion:   Dev-Mobile (B02B49B5-BB20-44E9-A304-32B752E40360): 3
LogDevObjectVersion:   Dev-Networking (A4E4105C-59A1-49B5-A7C5-40C4547EDFEE): 0
LogDevObjectVersion:   Dev-Online (39C831C9-5AE6-47DC-9A44-9C173E1C8E7C): 0
LogDevObjectVersion:   Dev-Physics (78F01B33-EBEA-4F98-B9B4-84EACCB95AA2): 14
LogDevObjectVersion:   Dev-Platform (6631380F-2D4D-43E0-8009-CF276956A95A): 0
LogDevObjectVersion:   Dev-Rendering (12F88B9F-8875-4AFC-A67C-D90C383ABD29): 45
LogDevObjectVersion:   Dev-Sequencer (7B5AE74C-D270-4C10-A958-57980B212A5A): 13
LogDevObjectVersion:   Dev-VR (D7296918-1DD6-4BDD-9DE2-64A83CC13884): 3
LogDevObjectVersion:   Dev-LoadTimes (C2A15278-BFE7-4AFE-6C17-90FF531DF755): 1
LogDevObjectVersion:   Private-Geometry (6EACA3D4-40EC-4CC1-B786-8BED09428FC5): 3
LogDevObjectVersion:   Dev-AnimPhys (29E575DD-E0A3-4627-9D10-D276232CDCEA): 17
LogDevObjectVersion:   Dev-Anim (AF43A65D-7FD3-4947-9873-3E8ED9C1BB05): 15
LogDevObjectVersion:   Dev-ReflectionCapture (6B266CEC-1EC7-4B8F-A30B-E4D90942FC07): 1
LogDevObjectVersion:   Dev-Automation (0DF73D61-A23F-47EA-B727-89E90C41499A): 1
LogDevObjectVersion:   FortniteMain (601D1886-AC64-4F84-AA16-D3DE0DEAC7D6): 47
LogDevObjectVersion:   FortniteRelease (E7086368-6B23-4C58-8439-1B7016265E91): 1
LogDevObjectVersion:   Dev-Enterprise (9DFFBCD6-494F-0158-E221-12823C92A888): 10
LogDevObjectVersion:   Dev-Niagara (F2AED0AC-9AFE-416F-8664-AA7FFA26D6FC): 1
LogDevObjectVersion:   Dev-Destruction (174F1F0B-B4C6-45A5-B13F-2EE8D0FB917D): 10
LogDevObjectVersion:   Dev-Physics-Ext (35F94A83-E258-406C-A318-09F59610247C): 41
LogDevObjectVersion:   Dev-PhysicsMaterial-Chaos (B68FC16E-8B1B-42E2-B453-215C058844FE): 1
LogDevObjectVersion:   Dev-CineCamera (B2E18506-4273-CFC2-A54E-F4BB758BBA07): 1
LogDevObjectVersion:   Dev-VirtualProduction (64F58936-FD1B-42BA-BA96-7289D5D0FA4E): 1
LogDevObjectVersion:   Dev-MediaFramework (6F0ED827-A609-4895-9C91-998D90180EA4): 2
LogInit: Presizing for max 2097152 objects, including 1 objects not considered by GC, pre-allocating 0 bytes for permanent pool.
LogConfig: Applying CVar settings from Section [/Script/Engine.StreamingSettings] File [C:/Users/matej/Documents/GitHub/Game-Jam-2022/Saved/Config/WindowsNoEditor/Engine.ini]
LogConfig: Setting CVar [[s.MinBulkDataSizeForAsyncLoading:131072]]
LogConfig: Setting CVar [[s.AsyncLoadingThreadEnabled:0]]
LogConfig: Setting CVar [[s.EventDrivenLoaderEnabled:1]]
LogConfig: Setting CVar [[s.WarnIfTimeLimitExceeded:0]]
LogConfig: Setting CVar [[s.TimeLimitExceededMultiplier:1.5]]
LogConfig: Setting CVar [[s.TimeLimitExceededMinTime:0.005]]
LogConfig: Setting CVar [[s.UseBackgroundLevelStreaming:1]]
LogConfig: Setting CVar [[s.PriorityAsyncLoadingExtraTime:15.0]]
LogConfig: Setting CVar [[s.LevelStreamingActorsUpdateTimeLimit:5.0]]
LogConfig: Setting CVar [[s.PriorityLevelStreamingActorsUpdateExtraTime:5.0]]
LogConfig: Setting CVar [[s.LevelStreamingComponentsRegistrationGranularity:10]]
LogConfig: Setting CVar [[s.UnregisterComponentsTimeLimit:1.0]]
LogConfig: Setting CVar [[s.LevelStreamingComponentsUnregistrationGranularity:5]]
LogConfig: Setting CVar [[s.FlushStreamingOnExit:1]]
LogStreaming: Display: Async Loading initialized: Event Driven Loader: true, Async Loading Thread: false, Async Post Load: true
LogInit: Object subsystem initialized
LogConfig: Setting CVar [[con.DebugEarlyDefault:1]]
LogConfig: Setting CVar [[r.setres:1280x720]]
LogConfig: Setting CVar [[fx.NiagaraAllowRuntimeScalabilityChanges:1]]
[2022.07.17-18.02.31:033][  0]LogConfig: Setting CVar [[con.DebugEarlyDefault:1]]
[2022.07.17-18.02.31:033][  0]LogConfig: Setting CVar [[r.setres:1280x720]]
[2022.07.17-18.02.31:033][  0]LogConfig: Setting CVar [[fx.NiagaraAllowRuntimeScalabilityChanges:1]]
[2022.07.17-18.02.31:033][  0]LogConfig: Applying CVar settings from Section [/Script/Engine.RendererSettings] File [C:/Users/matej/Documents/GitHub/Game-Jam-2022/Saved/Config/WindowsNoEditor/Engine.ini]
[2022.07.17-18.02.31:033][  0]LogConfig: Setting CVar [[r.GPUCrashDebugging:0]]
[2022.07.17-18.02.31:034][  0]LogConfig: Applying CVar settings from Section [/Script/Engine.RendererOverrideSettings] File [C:/Users/matej/Documents/GitHub/Game-Jam-2022/Saved/Config/WindowsNoEditor/Engine.ini]
[2022.07.17-18.02.31:034][  0]LogConfig: Applying CVar settings from Section [/Script/Engine.StreamingSettings] File [C:/Users/matej/Documents/GitHub/Game-Jam-2022/Saved/Config/WindowsNoEditor/Engine.ini]
[2022.07.17-18.02.31:034][  0]LogConfig: Setting CVar [[s.MinBulkDataSizeForAsyncLoading:131072]]
[2022.07.17-18.02.31:034][  0]LogConfig: Setting CVar [[s.AsyncLoadingThreadEnabled:0]]
[2022.07.17-18.02.31:034][  0]LogConfig: Setting CVar [[s.EventDrivenLoaderEnabled:1]]
[2022.07.17-18.02.31:034][  0]LogConfig: Setting CVar [[s.WarnIfTimeLimitExceeded:0]]
[2022.07.17-18.02.31:034][  0]LogConfig: Setting CVar [[s.TimeLimitExceededMultiplier:1.5]]
[2022.07.17-18.02.31:034][  0]LogConfig: Setting CVar [[s.TimeLimitExceededMinTime:0.005]]
[2022.07.17-18.02.31:034][  0]LogConfig: Setting CVar [[s.UseBackgroundLevelStreaming:1]]
[2022.07.17-18.02.31:034][  0]LogConfig: Setting CVar [[s.PriorityAsyncLoadingExtraTime:15.0]]
[2022.07.17-18.02.31:034][  0]LogConfig: Setting CVar [[s.LevelStreamingActorsUpdateTimeLimit:5.0]]
[2022.07.17-18.02.31:034][  0]LogConfig: Setting CVar [[s.PriorityLevelStreamingActorsUpdateExtraTime:5.0]]
[2022.07.17-18.02.31:034][  0]LogConfig: Setting CVar [[s.LevelStreamingComponentsRegistrationGranularity:10]]
[2022.07.17-18.02.31:034][  0]LogConfig: Setting CVar [[s.UnregisterComponentsTimeLimit:1.0]]
[2022.07.17-18.02.31:034][  0]LogConfig: Setting CVar [[s.LevelStreamingComponentsUnregistrationGranularity:5]]
[2022.07.17-18.02.31:034][  0]LogConfig: Setting CVar [[s.FlushStreamingOnExit:1]]
[2022.07.17-18.02.31:034][  0]LogConfig: Applying CVar settings from Section [/Script/Engine.GarbageCollectionSettings] File [C:/Users/matej/Documents/GitHub/Game-Jam-2022/Saved/Config/WindowsNoEditor/Engine.ini]
[2022.07.17-18.02.31:034][  0]LogConfig: Setting CVar [[gc.MaxObjectsNotConsideredByGC:1]]
[2022.07.17-18.02.31:034][  0]LogConfig: Setting CVar [[gc.SizeOfPermanentObjectPool:0]]
[2022.07.17-18.02.31:034][  0]LogConfig: Setting CVar [[gc.FlushStreamingOnGC:0]]
[2022.07.17-18.02.31:034][  0]LogConfig: Setting CVar [[gc.NumRetriesBeforeForcingGC:10]]
[2022.07.17-18.02.31:034][  0]LogConfig: Setting CVar [[gc.AllowParallelGC:1]]
[2022.07.17-18.02.31:034][  0]LogConfig: Setting CVar [[gc.TimeBetweenPurgingPendingKillObjects:61.1]]
[2022.07.17-18.02.31:034][  0]LogConfig: Setting CVar [[gc.MaxObjectsInEditor:25165824]]
[2022.07.17-18.02.31:034][  0]LogConfig: Setting CVar [[gc.IncrementalBeginDestroyEnabled:1]]
[2022.07.17-18.02.31:034][  0]LogConfig: Setting CVar [[gc.CreateGCClusters:1]]
[2022.07.17-18.02.31:034][  0]LogConfig: Setting CVar [[gc.MinGCClusterSize:5]]
[2022.07.17-18.02.31:034][  0]LogConfig: Setting CVar [[gc.ActorClusteringEnabled:0]]
[2022.07.17-18.02.31:034][  0]LogConfig: Setting CVar [[gc.BlueprintClusteringEnabled:0]]
[2022.07.17-18.02.31:034][  0]LogConfig: Setting CVar [[gc.UseDisregardForGCOnDedicatedServers:0]]
[2022.07.17-18.02.31:034][  0]LogConfig: Setting CVar [[gc.MultithreadedDestructionEnabled:1]]
[2022.07.17-18.02.31:034][  0]LogConfig: Applying CVar settings from Section [/Script/Engine.NetworkSettings] File [C:/Users/matej/Documents/GitHub/Game-Jam-2022/Saved/Config/WindowsNoEditor/Engine.ini]
[2022.07.17-18.02.31:054][  0]LogConfig: Applying CVar settings from Section [ViewDistanceQuality@3] File [C:/Users/matej/Documents/GitHub/Game-Jam-2022/Saved/Config/WindowsNoEditor/Scalability.ini]
[2022.07.17-18.02.31:054][  0]LogConfig: Setting CVar [[r.SkeletalMeshLODBias:0]]
[2022.07.17-18.02.31:054][  0]LogConfig: Setting CVar [[r.ViewDistanceScale:1.0]]
[2022.07.17-18.02.31:054][  0]LogConfig: Applying CVar settings from Section [AntiAliasingQuality@3] File [C:/Users/matej/Documents/GitHub/Game-Jam-2022/Saved/Config/WindowsNoEditor/Scalability.ini]
[2022.07.17-18.02.31:054][  0]LogConfig: Setting CVar [[r.PostProcessAAQuality:4]]
[2022.07.17-18.02.31:054][  0]LogConfig: Applying CVar settings from Section [ShadowQuality@3] File [C:/Users/matej/Documents/GitHub/Game-Jam-2022/Saved/Config/WindowsNoEditor/Scalability.ini]
[2022.07.17-18.02.31:054][  0]LogConfig: Setting CVar [[r.LightFunctionQuality:1]]
[2022.07.17-18.02.31:054][  0]LogConfig: Setting CVar [[r.ShadowQuality:5]]
[2022.07.17-18.02.31:054][  0]LogConfig: Setting CVar [[r.Shadow.CSM.MaxCascades:10]]
[2022.07.17-18.02.31:054][  0]LogConfig: Setting CVar [[r.Shadow.MaxResolution:2048]]
[2022.07.17-18.02.31:054][  0]LogConfig: Setting CVar [[r.Shadow.MaxCSMResolution:2048]]
[2022.07.17-18.02.31:054][  0]LogConfig: Setting CVar [[r.Shadow.RadiusThreshold:0.01]]
[2022.07.17-18.02.31:054][  0]LogConfig: Setting CVar [[r.Shadow.DistanceScale:1.0]]
[2022.07.17-18.02.31:054][  0]LogConfig: Setting CVar [[r.Shadow.CSM.TransitionScale:1.0]]
[2022.07.17-18.02.31:054][  0]LogConfig: Setting CVar [[r.Shadow.PreShadowResolutionFactor:1.0]]
[2022.07.17-18.02.31:054][  0]LogConfig: Setting CVar [[r.DistanceFieldShadowing:1]]
[2022.07.17-18.02.31:054][  0]LogConfig: Setting CVar [[r.DistanceFieldAO:1]]
[2022.07.17-18.02.31:054][  0]LogConfig: Setting CVar [[r.AOQuality:2]]
[2022.07.17-18.02.31:054][  0]LogConfig: Setting CVar [[r.VolumetricFog:1]]
[2022.07.17-18.02.31:054][  0]LogConfig: Setting CVar [[r.VolumetricFog.GridPixelSize:8]]
[2022.07.17-18.02.31:054][  0]LogConfig: Setting CVar [[r.VolumetricFog.GridSizeZ:128]]
[2022.07.17-18.02.31:054][  0]LogConfig: Setting CVar [[r.VolumetricFog.HistoryMissSupersampleCount:4]]
[2022.07.17-18.02.31:054][  0]LogConfig: Setting CVar [[r.LightMaxDrawDistanceScale:1]]
[2022.07.17-18.02.31:054][  0]LogConfig: Setting CVar [[r.CapsuleShadows:1]]
[2022.07.17-18.02.31:054][  0]LogConfig: Applying CVar settings from Section [PostProcessQuality@3] File [C:/Users/matej/Documents/GitHub/Game-Jam-2022/Saved/Config/WindowsNoEditor/Scalability.ini]
[2022.07.17-18.02.31:054][  0]LogConfig: Setting CVar [[r.MotionBlurQuality:4]]
[2022.07.17-18.02.31:054][  0]LogConfig: Setting CVar [[r.AmbientOcclusionMipLevelFactor:0.4]]
[2022.07.17-18.02.31:054][  0]LogConfig: Setting CVar [[r.AmbientOcclusionMaxQuality:100]]
[2022.07.17-18.02.31:054][  0]LogConfig: Setting CVar [[r.AmbientOcclusionLevels:-1]]
[2022.07.17-18.02.31:054][  0]LogConfig: Setting CVar [[r.AmbientOcclusionRadiusScale:1.0]]
[2022.07.17-18.02.31:054][  0]LogConfig: Setting CVar [[r.DepthOfFieldQuality:2]]
[2022.07.17-18.02.31:054][  0]LogConfig: Setting CVar [[r.RenderTargetPoolMin:400]]
[2022.07.17-18.02.31:054][  0]LogConfig: Setting CVar [[r.LensFlareQuality:2]]
[2022.07.17-18.02.31:054][  0]LogConfig: Setting CVar [[r.SceneColorFringeQuality:1]]
[2022.07.17-18.02.31:054][  0]LogConfig: Setting CVar [[r.EyeAdaptationQuality:2]]
[2022.07.17-18.02.31:054][  0]LogConfig: Setting CVar [[r.BloomQuality:5]]
[2022.07.17-18.02.31:054][  0]LogConfig: Setting CVar [[r.FastBlurThreshold:100]]
[2022.07.17-18.02.31:054][  0]LogConfig: Setting CVar [[r.Upscale.Quality:3]]
[2022.07.17-18.02.31:054][  0]LogConfig: Setting CVar [[r.Tonemapper.GrainQuantization:1]]
[2022.07.17-18.02.31:054][  0]LogConfig: Setting CVar [[r.LightShaftQuality:1]]
[2022.07.17-18.02.31:054][  0]LogConfig: Setting CVar [[r.Filter.SizeScale:1]]
[2022.07.17-18.02.31:054][  0]LogConfig: Setting CVar [[r.Tonemapper.Quality:5]]
[2022.07.17-18.02.31:054][  0]LogConfig: Setting CVar [[r.DOF.Gather.AccumulatorQuality:1        ; higher gathering accumulator quality]]
[2022.07.17-18.02.31:054][  0]LogConfig: Setting CVar [[r.DOF.Gather.PostfilterMethod:1          ; Median3x3 postfilering method]]
[2022.07.17-18.02.31:054][  0]LogConfig: Setting CVar [[r.DOF.Gather.EnableBokehSettings:0       ; no bokeh simulation when gathering]]
[2022.07.17-18.02.31:054][  0]LogConfig: Setting CVar [[r.DOF.Gather.RingCount:4                 ; medium number of samples when gathering]]
[2022.07.17-18.02.31:054][  0]LogConfig: Setting CVar [[r.DOF.Scatter.ForegroundCompositing:1    ; additive foreground scattering]]
[2022.07.17-18.02.31:054][  0]LogConfig: Setting CVar [[r.DOF.Scatter.BackgroundCompositing:2    ; additive background scattering]]
[2022.07.17-18.02.31:054][  0]LogConfig: Setting CVar [[r.DOF.Scatter.EnableBokehSettings:1      ; bokeh simulation when scattering]]
[2022.07.17-18.02.31:054][  0]LogConfig: Setting CVar [[r.DOF.Scatter.MaxSpriteRatio:0.1         ; only a maximum of 10% of scattered bokeh]]
[2022.07.17-18.02.31:054][  0]LogConfig: Setting CVar [[r.DOF.Recombine.Quality:1                ; cheap slight out of focus]]
[2022.07.17-18.02.31:054][  0]LogConfig: Setting CVar [[r.DOF.Recombine.EnableBokehSettings:0    ; no bokeh simulation on slight out of focus]]
[2022.07.17-18.02.31:054][  0]LogConfig: Setting CVar [[r.DOF.TemporalAAQuality:1                ; more stable temporal accumulation]]
[2022.07.17-18.02.31:054][  0]LogConfig: Setting CVar [[r.DOF.Kernel.MaxForegroundRadius:0.025]]
[2022.07.17-18.02.31:054][  0]LogConfig: Setting CVar [[r.DOF.Kernel.MaxBackgroundRadius:0.025]]
[2022.07.17-18.02.31:054][  0]LogConfig: Applying CVar settings from Section [TextureQuality@3] File [C:/Users/matej/Documents/GitHub/Game-Jam-2022/Saved/Config/WindowsNoEditor/Scalability.ini]
[2022.07.17-18.02.31:054][  0]LogConfig: Setting CVar [[r.Streaming.MipBias:0]]
[2022.07.17-18.02.31:054][  0]LogConfig: Setting CVar [[r.Streaming.AmortizeCPUToGPUCopy:0]]
[2022.07.17-18.02.31:054][  0]LogConfig: Setting CVar [[r.Streaming.MaxNumTexturesToStreamPerFrame:0]]
[2022.07.17-18.02.31:054][  0]LogConfig: Setting CVar [[r.Streaming.Boost:1]]
[2022.07.17-18.02.31:054][  0]LogConfig: Setting CVar [[r.MaxAnisotropy:8]]
[2022.07.17-18.02.31:054][  0]LogConfig: Setting CVar [[r.VT.MaxAnisotropy:8]]
[2022.07.17-18.02.31:054][  0]LogConfig: Setting CVar [[r.Streaming.LimitPoolSizeToVRAM:0]]
[2022.07.17-18.02.31:054][  0]LogConfig: Setting CVar [[r.Streaming.PoolSize:1000]]
[2022.07.17-18.02.31:054][  0]LogConfig: Setting CVar [[r.Streaming.MaxEffectiveScreenSize:0]]
[2022.07.17-18.02.31:054][  0]LogConfig: Applying CVar settings from Section [EffectsQuality@3] File [C:/Users/matej/Documents/GitHub/Game-Jam-2022/Saved/Config/WindowsNoEditor/Scalability.ini]
[2022.07.17-18.02.31:054][  0]LogConfig: Setting CVar [[r.TranslucencyLightingVolumeDim:64]]
[2022.07.17-18.02.31:054][  0]LogConfig: Setting CVar [[r.RefractionQuality:2]]
[2022.07.17-18.02.31:054][  0]LogConfig: Setting CVar [[r.SSR.Quality:3]]
[2022.07.17-18.02.31:054][  0]LogConfig: Setting CVar [[r.SSR.HalfResSceneColor:0]]
[2022.07.17-18.02.31:054][  0]LogConfig: Setting CVar [[r.SceneColorFormat:4]]
[2022.07.17-18.02.31:055][  0]LogConfig: Setting CVar [[r.DetailMode:2]]
[2022.07.17-18.02.31:055][  0]LogConfig: Setting CVar [[r.TranslucencyVolumeBlur:1]]
[2022.07.17-18.02.31:055][  0]LogConfig: Setting CVar [[r.MaterialQualityLevel:1 ; High quality]]
[2022.07.17-18.02.31:055][  0]LogConfig: Setting CVar [[r.AnisotropicMaterials:1]]
[2022.07.17-18.02.31:055][  0]LogConfig: Setting CVar [[r.SSS.Scale:1]]
[2022.07.17-18.02.31:055][  0]LogConfig: Setting CVar [[r.SSS.SampleSet:2]]
[2022.07.17-18.02.31:055][  0]LogConfig: Setting CVar [[r.SSS.Quality:1]]
[2022.07.17-18.02.31:055][  0]LogConfig: Setting CVar [[r.SSS.HalfRes:0]]
[2022.07.17-18.02.31:055][  0]LogConfig: Setting CVar [[r.SSGI.Quality:3]]
[2022.07.17-18.02.31:055][  0]LogConfig: Setting CVar [[r.EmitterSpawnRateScale:1.0]]
[2022.07.17-18.02.31:055][  0]LogConfig: Setting CVar [[r.ParticleLightQuality:2]]
[2022.07.17-18.02.31:055][  0]LogConfig: Setting CVar [[r.SkyAtmosphere.AerialPerspectiveLUT.FastApplyOnOpaque:1 ; Always have FastSkyLUT 1 in this case to avoid wrong sky]]
[2022.07.17-18.02.31:055][  0]LogConfig: Setting CVar [[r.SkyAtmosphere.AerialPerspectiveLUT.SampleCountMaxPerSlice:4]]
[2022.07.17-18.02.31:055][  0]LogConfig: Setting CVar [[r.SkyAtmosphere.AerialPerspectiveLUT.DepthResolution:16.0]]
[2022.07.17-18.02.31:055][  0]LogConfig: Setting CVar [[r.SkyAtmosphere.FastSkyLUT:1]]
[2022.07.17-18.02.31:055][  0]LogConfig: Setting CVar [[r.SkyAtmosphere.FastSkyLUT.SampleCountMin:4.0]]
[2022.07.17-18.02.31:055][  0]LogConfig: Setting CVar [[r.SkyAtmosphere.FastSkyLUT.SampleCountMax:128.0]]
[2022.07.17-18.02.31:055][  0]LogConfig: Setting CVar [[r.SkyAtmosphere.SampleCountMin:4.0]]
[2022.07.17-18.02.31:055][  0]LogConfig: Setting CVar [[r.SkyAtmosphere.SampleCountMax:128.0]]
[2022.07.17-18.02.31:055][  0]LogConfig: Setting CVar [[r.SkyAtmosphere.TransmittanceLUT.UseSmallFormat:0]]
[2022.07.17-18.02.31:055][  0]LogConfig: Setting CVar [[r.SkyAtmosphere.TransmittanceLUT.SampleCount:10.0]]
[2022.07.17-18.02.31:055][  0]LogConfig: Setting CVar [[r.SkyAtmosphere.MultiScatteringLUT.SampleCount:15.0]]
[2022.07.17-18.02.31:055][  0]LogConfig: Setting CVar [[r.SkyLight.RealTimeReflectionCapture:1]]
[2022.07.17-18.02.31:055][  0]LogConfig: Setting CVar [[fx.Niagara.QualityLevel:3]]
[2022.07.17-18.02.31:055][  0]LogConfig: Applying CVar settings from Section [FoliageQuality@3] File [C:/Users/matej/Documents/GitHub/Game-Jam-2022/Saved/Config/WindowsNoEditor/Scalability.ini]
[2022.07.17-18.02.31:055][  0]LogConfig: Setting CVar [[foliage.DensityScale:1.0]]
[2022.07.17-18.02.31:055][  0]LogConfig: Setting CVar [[grass.DensityScale:1.0]]
[2022.07.17-18.02.31:055][  0]LogConfig: Applying CVar settings from Section [ShadingQuality@3] File [C:/Users/matej/Documents/GitHub/Game-Jam-2022/Saved/Config/WindowsNoEditor/Scalability.ini]
[2022.07.17-18.02.31:055][  0]LogConfig: Setting CVar [[r.HairStrands.SkyLighting.IntegrationType:2]]
[2022.07.17-18.02.31:055][  0]LogConfig: Setting CVar [[r.HairStrands.SkyAO.SampleCount:4]]
[2022.07.17-18.02.31:055][  0]LogConfig: Setting CVar [[r.HairStrands.Visibility.MSAA.SamplePerPixel:4]]
[2022.07.17-18.02.31:055][  0]LogInit: Selected Device Profile: [WindowsNoEditor]
[2022.07.17-18.02.31:055][  0]LogInit: Applying CVar settings loaded from the selected device profile: [WindowsNoEditor]
[2022.07.17-18.02.31:055][  0]LogHAL: Display: Platform has ~ 32 GB [34266628096 / 34359738368 / 32], which maps to Largest [LargestMinGB=32, LargerMinGB=12, DefaultMinGB=8, SmallerMinGB=6, SmallestMinGB=0)
[2022.07.17-18.02.31:055][  0]LogInit: Going up to parent DeviceProfile [Windows]
[2022.07.17-18.02.31:055][  0]LogInit: Going up to parent DeviceProfile []
[2022.07.17-18.02.31:055][  0]LogConfig: Applying CVar settings from Section [ViewDistanceQuality@3] File [C:/Users/matej/Documents/GitHub/Game-Jam-2022/Saved/Config/WindowsNoEditor/Scalability.ini]
[2022.07.17-18.02.31:055][  0]LogConfig: Setting CVar [[r.SkeletalMeshLODBias:0]]
[2022.07.17-18.02.31:055][  0]LogConfig: Setting CVar [[r.ViewDistanceScale:1.0]]
[2022.07.17-18.02.31:055][  0]LogConfig: Applying CVar settings from Section [AntiAliasingQuality@3] File [C:/Users/matej/Documents/GitHub/Game-Jam-2022/Saved/Config/WindowsNoEditor/Scalability.ini]
[2022.07.17-18.02.31:055][  0]LogConfig: Setting CVar [[r.PostProcessAAQuality:4]]
[2022.07.17-18.02.31:055][  0]LogConfig: Applying CVar settings from Section [ShadowQuality@3] File [C:/Users/matej/Documents/GitHub/Game-Jam-2022/Saved/Config/WindowsNoEditor/Scalability.ini]
[2022.07.17-18.02.31:055][  0]LogConfig: Setting CVar [[r.LightFunctionQuality:1]]
[2022.07.17-18.02.31:055][  0]LogConfig: Setting CVar [[r.ShadowQuality:5]]
[2022.07.17-18.02.31:055][  0]LogConfig: Setting CVar [[r.Shadow.CSM.MaxCascades:10]]
[2022.07.17-18.02.31:055][  0]LogConfig: Setting CVar [[r.Shadow.MaxResolution:2048]]
[2022.07.17-18.02.31:055][  0]LogConfig: Setting CVar [[r.Shadow.MaxCSMResolution:2048]]
[2022.07.17-18.02.31:055][  0]LogConfig: Setting CVar [[r.Shadow.RadiusThreshold:0.01]]
[2022.07.17-18.02.31:055][  0]LogConfig: Setting CVar [[r.Shadow.DistanceScale:1.0]]
[2022.07.17-18.02.31:055][  0]LogConfig: Setting CVar [[r.Shadow.CSM.TransitionScale:1.0]]
[2022.07.17-18.02.31:055][  0]LogConfig: Setting CVar [[r.Shadow.PreShadowResolutionFactor:1.0]]
[2022.07.17-18.02.31:055][  0]LogConfig: Setting CVar [[r.DistanceFieldShadowing:1]]
[2022.07.17-18.02.31:055][  0]LogConfig: Setting CVar [[r.DistanceFieldAO:1]]
[2022.07.17-18.02.31:055][  0]LogConfig: Setting CVar [[r.AOQuality:2]]
[2022.07.17-18.02.31:055][  0]LogConfig: Setting CVar [[r.VolumetricFog:1]]
[2022.07.17-18.02.31:055][  0]LogConfig: Setting CVar [[r.VolumetricFog.GridPixelSize:8]]
[2022.07.17-18.02.31:055][  0]LogConfig: Setting CVar [[r.VolumetricFog.GridSizeZ:128]]
[2022.07.17-18.02.31:055][  0]LogConfig: Setting CVar [[r.VolumetricFog.HistoryMissSupersampleCount:4]]
[2022.07.17-18.02.31:055][  0]LogConfig: Setting CVar [[r.LightMaxDrawDistanceScale:1]]
[2022.07.17-18.02.31:055][  0]LogConfig: Setting CVar [[r.CapsuleShadows:1]]
[2022.07.17-18.02.31:055][  0]LogConfig: Applying CVar settings from Section [PostProcessQuality@3] File [C:/Users/matej/Documents/GitHub/Game-Jam-2022/Saved/Config/WindowsNoEditor/Scalability.ini]
[2022.07.17-18.02.31:055][  0]LogConfig: Setting CVar [[r.MotionBlurQuality:4]]
[2022.07.17-18.02.31:055][  0]LogConfig: Setting CVar [[r.AmbientOcclusionMipLevelFactor:0.4]]
[2022.07.17-18.02.31:055][  0]LogConfig: Setting CVar [[r.AmbientOcclusionMaxQuality:100]]
[2022.07.17-18.02.31:055][  0]LogConfig: Setting CVar [[r.AmbientOcclusionLevels:-1]]
[2022.07.17-18.02.31:055][  0]LogConfig: Setting CVar [[r.AmbientOcclusionRadiusScale:1.0]]
[2022.07.17-18.02.31:055][  0]LogConfig: Setting CVar [[r.DepthOfFieldQuality:2]]
[2022.07.17-18.02.31:055][  0]LogConfig: Setting CVar [[r.RenderTargetPoolMin:400]]
[2022.07.17-18.02.31:055][  0]LogConfig: Setting CVar [[r.LensFlareQuality:2]]
[2022.07.17-18.02.31:055][  0]LogConfig: Setting CVar [[r.SceneColorFringeQuality:1]]
[2022.07.17-18.02.31:055][  0]LogConfig: Setting CVar [[r.EyeAdaptationQuality:2]]
[2022.07.17-18.02.31:055][  0]LogConfig: Setting CVar [[r.BloomQuality:5]]
[2022.07.17-18.02.31:055][  0]LogConfig: Setting CVar [[r.FastBlurThreshold:100]]
[2022.07.17-18.02.31:055][  0]LogConfig: Setting CVar [[r.Upscale.Quality:3]]
[2022.07.17-18.02.31:055][  0]LogConfig: Setting CVar [[r.Tonemapper.GrainQuantization:1]]
[2022.07.17-18.02.31:055][  0]LogConfig: Setting CVar [[r.LightShaftQuality:1]]
[2022.07.17-18.02.31:055][  0]LogConfig: Setting CVar [[r.Filter.SizeScale:1]]
[2022.07.17-18.02.31:055][  0]LogConfig: Setting CVar [[r.Tonemapper.Quality:5]]
[2022.07.17-18.02.31:055][  0]LogConfig: Setting CVar [[r.DOF.Gather.AccumulatorQuality:1        ; higher gathering accumulator quality]]
[2022.07.17-18.02.31:055][  0]LogConfig: Setting CVar [[r.DOF.Gather.PostfilterMethod:1          ; Median3x3 postfilering method]]
[2022.07.17-18.02.31:055][  0]LogConfig: Setting CVar [[r.DOF.Gather.EnableBokehSettings:0       ; no bokeh simulation when gathering]]
[2022.07.17-18.02.31:055][  0]LogConfig: Setting CVar [[r.DOF.Gather.RingCount:4                 ; medium number of samples when gathering]]
[2022.07.17-18.02.31:055][  0]LogConfig: Setting CVar [[r.DOF.Scatter.ForegroundCompositing:1    ; additive foreground scattering]]
[2022.07.17-18.02.31:055][  0]LogConfig: Setting CVar [[r.DOF.Scatter.BackgroundCompositing:2    ; additive background scattering]]
[2022.07.17-18.02.31:055][  0]LogConfig: Setting CVar [[r.DOF.Scatter.EnableBokehSettings:1      ; bokeh simulation when scattering]]
[2022.07.17-18.02.31:055][  0]LogConfig: Setting CVar [[r.DOF.Scatter.MaxSpriteRatio:0.1         ; only a maximum of 10% of scattered bokeh]]
[2022.07.17-18.02.31:055][  0]LogConfig: Setting CVar [[r.DOF.Recombine.Quality:1                ; cheap slight out of focus]]
[2022.07.17-18.02.31:055][  0]LogConfig: Setting CVar [[r.DOF.Recombine.EnableBokehSettings:0    ; no bokeh simulation on slight out of focus]]
[2022.07.17-18.02.31:055][  0]LogConfig: Setting CVar [[r.DOF.TemporalAAQuality:1                ; more stable temporal accumulation]]
[2022.07.17-18.02.31:055][  0]LogConfig: Setting CVar [[r.DOF.Kernel.MaxForegroundRadius:0.025]]
[2022.07.17-18.02.31:055][  0]LogConfig: Setting CVar [[r.DOF.Kernel.MaxBackgroundRadius:0.025]]
[2022.07.17-18.02.31:055][  0]LogConfig: Applying CVar settings from Section [TextureQuality@3] File [C:/Users/matej/Documents/GitHub/Game-Jam-2022/Saved/Config/WindowsNoEditor/Scalability.ini]
[2022.07.17-18.02.31:055][  0]LogConfig: Setting CVar [[r.Streaming.MipBias:0]]
[2022.07.17-18.02.31:055][  0]LogConfig: Setting CVar [[r.Streaming.AmortizeCPUToGPUCopy:0]]
[2022.07.17-18.02.31:055][  0]LogConfig: Setting CVar [[r.Streaming.MaxNumTexturesToStreamPerFrame:0]]
[2022.07.17-18.02.31:055][  0]LogConfig: Setting CVar [[r.Streaming.Boost:1]]
[2022.07.17-18.02.31:055][  0]LogConfig: Setting CVar [[r.MaxAnisotropy:8]]
[2022.07.17-18.02.31:055][  0]LogConfig: Setting CVar [[r.VT.MaxAnisotropy:8]]
[2022.07.17-18.02.31:055][  0]LogConfig: Setting CVar [[r.Streaming.LimitPoolSizeToVRAM:0]]
[2022.07.17-18.02.31:055][  0]LogConfig: Setting CVar [[r.Streaming.PoolSize:1000]]
[2022.07.17-18.02.31:055][  0]LogConfig: Setting CVar [[r.Streaming.MaxEffectiveScreenSize:0]]
[2022.07.17-18.02.31:055][  0]LogConfig: Applying CVar settings from Section [EffectsQuality@3] File [C:/Users/matej/Documents/GitHub/Game-Jam-2022/Saved/Config/WindowsNoEditor/Scalability.ini]
[2022.07.17-18.02.31:055][  0]LogConfig: Setting CVar [[r.TranslucencyLightingVolumeDim:64]]
[2022.07.17-18.02.31:055][  0]LogConfig: Setting CVar [[r.RefractionQuality:2]]
[2022.07.17-18.02.31:055][  0]LogConfig: Setting CVar [[r.SSR.Quality:3]]
[2022.07.17-18.02.31:055][  0]LogConfig: Setting CVar [[r.SSR.HalfResSceneColor:0]]
[2022.07.17-18.02.31:055][  0]LogConfig: Setting CVar [[r.SceneColorFormat:4]]
[2022.07.17-18.02.31:055][  0]LogConfig: Setting CVar [[r.DetailMode:2]]
[2022.07.17-18.02.31:056][  0]LogConfig: Setting CVar [[r.TranslucencyVolumeBlur:1]]
[2022.07.17-18.02.31:056][  0]LogConfig: Setting CVar [[r.MaterialQualityLevel:1 ; High quality]]
[2022.07.17-18.02.31:056][  0]LogConfig: Setting CVar [[r.AnisotropicMaterials:1]]
[2022.07.17-18.02.31:056][  0]LogConfig: Setting CVar [[r.SSS.Scale:1]]
[2022.07.17-18.02.31:056][  0]LogConfig: Setting CVar [[r.SSS.SampleSet:2]]
[2022.07.17-18.02.31:056][  0]LogConfig: Setting CVar [[r.SSS.Quality:1]]
[2022.07.17-18.02.31:056][  0]LogConfig: Setting CVar [[r.SSS.HalfRes:0]]
[2022.07.17-18.02.31:056][  0]LogConfig: Setting CVar [[r.SSGI.Quality:3]]
[2022.07.17-18.02.31:056][  0]LogConfig: Setting CVar [[r.EmitterSpawnRateScale:1.0]]
[2022.07.17-18.02.31:056][  0]LogConfig: Setting CVar [[r.ParticleLightQuality:2]]
[2022.07.17-18.02.31:056][  0]LogConfig: Setting CVar [[r.SkyAtmosphere.AerialPerspectiveLUT.FastApplyOnOpaque:1 ; Always have FastSkyLUT 1 in this case to avoid wrong sky]]
[2022.07.17-18.02.31:056][  0]LogConfig: Setting CVar [[r.SkyAtmosphere.AerialPerspectiveLUT.SampleCountMaxPerSlice:4]]
[2022.07.17-18.02.31:056][  0]LogConfig: Setting CVar [[r.SkyAtmosphere.AerialPerspectiveLUT.DepthResolution:16.0]]
[2022.07.17-18.02.31:056][  0]LogConfig: Setting CVar [[r.SkyAtmosphere.FastSkyLUT:1]]
[2022.07.17-18.02.31:056][  0]LogConfig: Setting CVar [[r.SkyAtmosphere.FastSkyLUT.SampleCountMin:4.0]]
[2022.07.17-18.02.31:056][  0]LogConfig: Setting CVar [[r.SkyAtmosphere.FastSkyLUT.SampleCountMax:128.0]]
[2022.07.17-18.02.31:056][  0]LogConfig: Setting CVar [[r.SkyAtmosphere.SampleCountMin:4.0]]
[2022.07.17-18.02.31:056][  0]LogConfig: Setting CVar [[r.SkyAtmosphere.SampleCountMax:128.0]]
[2022.07.17-18.02.31:056][  0]LogConfig: Setting CVar [[r.SkyAtmosphere.TransmittanceLUT.UseSmallFormat:0]]
[2022.07.17-18.02.31:056][  0]LogConfig: Setting CVar [[r.SkyAtmosphere.TransmittanceLUT.SampleCount:10.0]]
[2022.07.17-18.02.31:056][  0]LogConfig: Setting CVar [[r.SkyAtmosphere.MultiScatteringLUT.SampleCount:15.0]]
[2022.07.17-18.02.31:056][  0]LogConfig: Setting CVar [[r.SkyLight.RealTimeReflectionCapture:1]]
[2022.07.17-18.02.31:056][  0]LogConfig: Setting CVar [[fx.Niagara.QualityLevel:3]]
[2022.07.17-18.02.31:056][  0]LogConfig: Applying CVar settings from Section [FoliageQuality@3] File [C:/Users/matej/Documents/GitHub/Game-Jam-2022/Saved/Config/WindowsNoEditor/Scalability.ini]
[2022.07.17-18.02.31:056][  0]LogConfig: Setting CVar [[foliage.DensityScale:1.0]]
[2022.07.17-18.02.31:056][  0]LogConfig: Setting CVar [[grass.DensityScale:1.0]]
[2022.07.17-18.02.31:056][  0]LogConfig: Applying CVar settings from Section [ShadingQuality@3] File [C:/Users/matej/Documents/GitHub/Game-Jam-2022/Saved/Config/WindowsNoEditor/Scalability.ini]
[2022.07.17-18.02.31:056][  0]LogConfig: Setting CVar [[r.HairStrands.SkyLighting.IntegrationType:2]]
[2022.07.17-18.02.31:056][  0]LogConfig: Setting CVar [[r.HairStrands.SkyAO.SampleCount:4]]
[2022.07.17-18.02.31:056][  0]LogConfig: Setting CVar [[r.HairStrands.Visibility.MSAA.SamplePerPixel:4]]
[2022.07.17-18.02.31:056][  0]LogConfig: Applying CVar settings from Section [Startup] File [E:/UE4/UE_4.27/Engine/Config/ConsoleVariables.ini]
[2022.07.17-18.02.31:056][  0]LogConfig: Setting CVar [[net.UseAdaptiveNetUpdateFrequency:0]]
[2022.07.17-18.02.31:056][  0]LogConfig: Setting CVar [[p.chaos.AllowCreatePhysxBodies:1]]
[2022.07.17-18.02.31:056][  0]LogConfig: Setting CVar [[fx.SkipVectorVMBackendOptimizations:1]]
[2022.07.17-18.02.31:056][  0]LogConfig: Applying CVar settings from Section [ConsoleVariables] File [C:/Users/matej/Documents/GitHub/Game-Jam-2022/Saved/Config/WindowsNoEditor/Engine.ini]
[2022.07.17-18.02.31:056][  0]LogInit: Computer: DESKTOP-M1QV7NL
[2022.07.17-18.02.31:056][  0]LogInit: User: matej
[2022.07.17-18.02.31:056][  0]LogInit: CPU Page size=4096, Cores=6
[2022.07.17-18.02.31:056][  0]LogInit: High frequency timer resolution =10.000000 MHz
[2022.07.17-18.02.31:056][  0]LogMemory: Memory total: Physical=31.9GB (32GB approx)
[2022.07.17-18.02.31:056][  0]LogMemory: Platform Memory Stats for WindowsNoEditor
[2022.07.17-18.02.31:056][  0]LogMemory: Process Physical Memory: 86.80 MB used, 86.81 MB peak
[2022.07.17-18.02.31:056][  0]LogMemory: Process Virtual Memory: 88.25 MB used, 88.25 MB peak
[2022.07.17-18.02.31:056][  0]LogMemory: Physical Memory: 14181.50 MB used,  18497.71 MB free, 32679.20 MB total
[2022.07.17-18.02.31:056][  0]LogMemory: Virtual Memory: 134182688.00 MB used,  35040.68 MB free, 134217728.00 MB total
[2022.07.17-18.02.31:058][  0]LogWindows: WindowsPlatformFeatures enabled
[2022.07.17-18.02.31:124][  0]LogInit: Physics initialised using underlying interface: PhysX
[2022.07.17-18.02.31:125][  0]LogInit: Using OS detected language (en-US).
[2022.07.17-18.02.31:125][  0]LogInit: Using OS detected locale (en-US).
[2022.07.17-18.02.31:127][  0]LogTextLocalizationManager: No specific localization for 'en-US' exists, so the 'en' localization will be used.
[2022.07.17-18.02.31:138][  0]LogWindowsTextInputMethodSystem: Display: IME system deactivated.
[2022.07.17-18.02.31:173][  0]LogSlate: New Slate User Created.  User Index 0, Is Virtual User: 0
[2022.07.17-18.02.31:173][  0]LogSlate: Slate User Registered.  User Index 0, Is Virtual User: 0
[2022.07.17-18.02.31:230][  0]LogD3D11RHI: Loaded GFSDK_Aftermath_Lib.x64.dll
[2022.07.17-18.02.31:232][  0]LogD3D11RHI: D3D11 min allowed feature level: 11_0
[2022.07.17-18.02.31:232][  0]LogD3D11RHI: D3D11 max allowed feature level: 11_0
[2022.07.17-18.02.31:232][  0]LogD3D11RHI: D3D11 adapters:
[2022.07.17-18.02.31:280][  0]LogD3D11RHI:    0. 'Radeon RX 590 Series' (Feature Level 11_0)
[2022.07.17-18.02.31:280][  0]LogD3D11RHI:       8170/0/16339 MB DedicatedVideo/DedicatedSystem/SharedSystem, Outputs:2, VendorId:0x1002
[2022.07.17-18.02.31:282][  0]LogD3D11RHI:    1. 'Microsoft Basic Render Driver' (Feature Level 11_0)
[2022.07.17-18.02.31:282][  0]LogD3D11RHI:       0/0/16339 MB DedicatedVideo/DedicatedSystem/SharedSystem, Outputs:0, VendorId:0x1414
[2022.07.17-18.02.31:282][  0]LogD3D11RHI: Chosen D3D11 Adapter:
[2022.07.17-18.02.31:282][  0]LogD3D11RHI:     Description : Radeon RX 590 Series
[2022.07.17-18.02.31:283][  0]LogD3D11RHI:     VendorId    : 1002
[2022.07.17-18.02.31:283][  0]LogD3D11RHI:     DeviceId    : 67df
[2022.07.17-18.02.31:283][  0]LogD3D11RHI:     SubSysId    : 50321849
[2022.07.17-18.02.31:283][  0]LogD3D11RHI:     Revision    : 00e1
[2022.07.17-18.02.31:283][  0]LogD3D11RHI:     DedicatedVideoMemory : 8567906304 bytes
[2022.07.17-18.02.31:283][  0]LogD3D11RHI:     DedicatedSystemMemory : 0 bytes
[2022.07.17-18.02.31:283][  0]LogD3D11RHI:     SharedSystemMemory : 17133314048 bytes
[2022.07.17-18.02.31:283][  0]LogD3D11RHI:     AdapterLuid : 0 66828
[2022.07.17-18.02.31:289][  0]LogD3D11RHI: Creating new Direct3DDevice
[2022.07.17-18.02.31:289][  0]LogD3D11RHI:     GPU DeviceId: 0x67df (for the marketing name, search the web for "GPU Device Id")
[2022.07.17-18.02.31:289][  0]LogWindows: EnumDisplayDevices:
[2022.07.17-18.02.31:289][  0]LogWindows:    0. 'Radeon RX 590 Series' (P:0 D:1)
[2022.07.17-18.02.31:289][  0]LogWindows:    1. 'Radeon RX 590 Series' (P:1 D:1)
[2022.07.17-18.02.31:289][  0]LogWindows:    2. 'Radeon RX 590 Series' (P:0 D:0)
[2022.07.17-18.02.31:290][  0]LogWindows:    3. 'Radeon RX 590 Series' (P:0 D:0)
[2022.07.17-18.02.31:290][  0]LogWindows:    4. 'Radeon RX 590 Series' (P:0 D:0)
[2022.07.17-18.02.31:290][  0]LogWindows:    5. 'Radeon RX 590 Series' (P:0 D:0)
[2022.07.17-18.02.31:290][  0]LogWindows:    6. 'Radeon RX 590 Series' (P:0 D:0)
[2022.07.17-18.02.31:290][  0]LogWindows: DebugString: FoundDriverCount:7 
[2022.07.17-18.02.31:290][  0]LogD3D11RHI:     Adapter Name: Radeon RX 590 Series
[2022.07.17-18.02.31:290][  0]LogD3D11RHI:   Driver Version: AMD Software: Adrenalin Edition 22.5.2 (internal:30.0.21017.1000, unified:30.0.21017.1000)
[2022.07.17-18.02.31:290][  0]LogD3D11RHI:      Driver Date: 5-17-2022
[2022.07.17-18.02.31:290][  0]LogRHI: Texture pool is 5182 MB (70% of 7402 MB)
[2022.07.17-18.02.31:317][  0]LogD3D11RHI: Creating D3DDevice with AMD AGS, using adapter:
[2022.07.17-18.02.31:317][  0]LogD3D11RHI:     Description : Radeon RX 590 Series
[2022.07.17-18.02.31:317][  0]LogD3D11RHI:     VendorId    : 1002
[2022.07.17-18.02.31:317][  0]LogD3D11RHI:     DeviceId    : 67df
[2022.07.17-18.02.31:317][  0]LogD3D11RHI:     SubSysId    : 50321849
[2022.07.17-18.02.31:317][  0]LogD3D11RHI:     Revision    : 00e1
[2022.07.17-18.02.31:317][  0]LogD3D11RHI:     DedicatedVideoMemory : 8567906304 bytes
[2022.07.17-18.02.31:317][  0]LogD3D11RHI:     DedicatedSystemMemory : 0 bytes
[2022.07.17-18.02.31:317][  0]LogD3D11RHI:     SharedSystemMemory : 17133314048 bytes
[2022.07.17-18.02.31:317][  0]LogD3D11RHI:     AdapterLuid : 0 66828
[2022.07.17-18.02.31:344][  0]LogD3D11RHI: Created device via AGS, feature level 11_0, supported extensions 1fffffbf.
[2022.07.17-18.02.31:344][  0]LogD3D11RHI: RHI has support for 64 bit atomics
[2022.07.17-18.02.31:344][  0]LogD3D11RHI: Async texture creation enabled
[2022.07.17-18.02.31:344][  0]LogD3D11RHI: Array index from any shader is supported
[2022.07.17-18.02.31:344][  0]LogD3D11RHI: HDR output is supported on display 0 (AMD Device: 0x0, Display: 0x0).
[2022.07.17-18.02.31:354][  0]LogD3D11RHI: GPU Timing Frequency: 25.000000 (Debug: 2 1)
[2022.07.17-18.02.31:354][  0]LogRendererCore: Ray tracing is disabled. Reason: r.RayTracing=0.
[2022.07.17-18.02.31:355][  0]LogShaderLibrary: Display: Using ../../Content/ShaderArchive-Global-PCD3D_SM5.ushaderbytecode for material shader code. Total 1951 unique shaders.
[2022.07.17-18.02.31:355][  0]LogShaderLibrary: Display: Cooked Context: Using Shared Shader Library Global
[2022.07.17-18.02.31:355][  0]LogShaderLibrary: Display: Logical shader library 'Global' has been created, components 1
[2022.07.17-18.02.31:355][  0]LogShaderLibrary: Display: Running without a pakfile and did not find a monolithic library 'Global_SC' - attempting disk search for its chunks
[2022.07.17-18.02.31:355][  0]LogShaderLibrary: Display:    ....  not found
[2022.07.17-18.02.31:355][  0]LogShaderLibrary: Display: Running without a pakfile and did not find a monolithic library 'Paper2D' - attempting disk search for its chunks
[2022.07.17-18.02.31:355][  0]LogShaderLibrary: Display:    ....  not found
[2022.07.17-18.02.31:355][  0]LogShaderLibrary: Display: Running without a pakfile and did not find a monolithic library 'Paper2D' - attempting disk search for its chunks
[2022.07.17-18.02.31:356][  0]LogShaderLibrary: Display:    ....  not found
[2022.07.17-18.02.31:356][  0]LogShaderLibrary: Display: Running without a pakfile and did not find a monolithic library 'AnimationSharing' - attempting disk search for its chunks
[2022.07.17-18.02.31:356][  0]LogShaderLibrary: Display:    ....  not found
[2022.07.17-18.02.31:356][  0]LogShaderLibrary: Display: Running without a pakfile and did not find a monolithic library 'AnimationSharing' - attempting disk search for its chunks
[2022.07.17-18.02.31:356][  0]LogShaderLibrary: Display:    ....  not found
[2022.07.17-18.02.31:356][  0]LogShaderLibrary: Display: Running without a pakfile and did not find a monolithic library 'GeometryMode' - attempting disk search for its chunks
[2022.07.17-18.02.31:356][  0]LogShaderLibrary: Display:    ....  not found
[2022.07.17-18.02.31:356][  0]LogShaderLibrary: Display: Running without a pakfile and did not find a monolithic library 'GeometryMode' - attempting disk search for its chunks
[2022.07.17-18.02.31:356][  0]LogShaderLibrary: Display:    ....  not found
[2022.07.17-18.02.31:356][  0]LogShaderLibrary: Display: Running without a pakfile and did not find a monolithic library 'SpeedTreeImporter' - attempting disk search for its chunks
[2022.07.17-18.02.31:357][  0]LogShaderLibrary: Display:    ....  not found
[2022.07.17-18.02.31:357][  0]LogShaderLibrary: Display: Running without a pakfile and did not find a monolithic library 'SpeedTreeImporter' - attempting disk search for its chunks
[2022.07.17-18.02.31:357][  0]LogShaderLibrary: Display:    ....  not found
[2022.07.17-18.02.31:357][  0]LogShaderLibrary: Display: Running without a pakfile and did not find a monolithic library 'DatasmithContent' - attempting disk search for its chunks
[2022.07.17-18.02.31:357][  0]LogShaderLibrary: Display:    ....  not found
[2022.07.17-18.02.31:357][  0]LogShaderLibrary: Display: Running without a pakfile and did not find a monolithic library 'DatasmithContent' - attempting disk search for its chunks
[2022.07.17-18.02.31:357][  0]LogShaderLibrary: Display:    ....  not found
[2022.07.17-18.02.31:357][  0]LogShaderLibrary: Display: Running without a pakfile and did not find a monolithic library 'ChaosClothEditor' - attempting disk search for its chunks
[2022.07.17-18.02.31:357][  0]LogShaderLibrary: Display:    ....  not found
[2022.07.17-18.02.31:357][  0]LogShaderLibrary: Display: Running without a pakfile and did not find a monolithic library 'ChaosClothEditor' - attempting disk search for its chunks
[2022.07.17-18.02.31:357][  0]LogShaderLibrary: Display:    ....  not found
[2022.07.17-18.02.31:357][  0]LogShaderLibrary: Display: Running without a pakfile and did not find a monolithic library 'ChaosNiagara' - attempting disk search for its chunks
[2022.07.17-18.02.31:358][  0]LogShaderLibrary: Display:    ....  not found
[2022.07.17-18.02.31:358][  0]LogShaderLibrary: Display: Running without a pakfile and did not find a monolithic library 'ChaosNiagara' - attempting disk search for its chunks
[2022.07.17-18.02.31:358][  0]LogShaderLibrary: Display:    ....  not found
[2022.07.17-18.02.31:358][  0]LogShaderLibrary: Display: Running without a pakfile and did not find a monolithic library 'ChaosSolverPlugin' - attempting disk search for its chunks
[2022.07.17-18.02.31:358][  0]LogShaderLibrary: Display:    ....  not found
[2022.07.17-18.02.31:358][  0]LogShaderLibrary: Display: Running without a pakfile and did not find a monolithic library 'ChaosSolverPlugin' - attempting disk search for its chunks
[2022.07.17-18.02.31:358][  0]LogShaderLibrary: Display:    ....  not found
[2022.07.17-18.02.31:358][  0]LogShaderLibrary: Display: Running without a pakfile and did not find a monolithic library 'GeometryCollectionPlugin' - attempting disk search for its chunks
[2022.07.17-18.02.31:358][  0]LogShaderLibrary: Display:    ....  not found
[2022.07.17-18.02.31:358][  0]LogShaderLibrary: Display: Running without a pakfile and did not find a monolithic library 'GeometryCollectionPlugin' - attempting disk search for its chunks
[2022.07.17-18.02.31:358][  0]LogShaderLibrary: Display:    ....  not found
[2022.07.17-18.02.31:358][  0]LogShaderLibrary: Display: Running without a pakfile and did not find a monolithic library 'GeometryProcessing' - attempting disk search for its chunks
[2022.07.17-18.02.31:358][  0]LogShaderLibrary: Display:    ....  not found
[2022.07.17-18.02.31:358][  0]LogShaderLibrary: Display: Running without a pakfile and did not find a monolithic library 'GeometryProcessing' - attempting disk search for its chunks
[2022.07.17-18.02.31:358][  0]LogShaderLibrary: Display:    ....  not found
[2022.07.17-18.02.31:359][  0]LogShaderLibrary: Display: Running without a pakfile and did not find a monolithic library 'MotoSynth' - attempting disk search for its chunks
[2022.07.17-18.02.31:359][  0]LogShaderLibrary: Display:    ....  not found
[2022.07.17-18.02.31:359][  0]LogShaderLibrary: Display: Running without a pakfile and did not find a monolithic library 'MotoSynth' - attempting disk search for its chunks
[2022.07.17-18.02.31:359][  0]LogShaderLibrary: Display:    ....  not found
[2022.07.17-18.02.31:359][  0]LogShaderLibrary: Display: Running without a pakfile and did not find a monolithic library 'PythonScriptPlugin' - attempting disk search for its chunks
[2022.07.17-18.02.31:359][  0]LogShaderLibrary: Display:    ....  not found
[2022.07.17-18.02.31:359][  0]LogShaderLibrary: Display: Running without a pakfile and did not find a monolithic library 'PythonScriptPlugin' - attempting disk search for its chunks
[2022.07.17-18.02.31:359][  0]LogShaderLibrary: Display:    ....  not found
[2022.07.17-18.02.31:359][  0]LogShaderLibrary: Display: Running without a pakfile and did not find a monolithic library 'Niagara' - attempting disk search for its chunks
[2022.07.17-18.02.31:359][  0]LogShaderLibrary: Display:    ....  not found
[2022.07.17-18.02.31:359][  0]LogShaderLibrary: Display: Running without a pakfile and did not find a monolithic library 'Niagara' - attempting disk search for its chunks
[2022.07.17-18.02.31:359][  0]LogShaderLibrary: Display:    ....  not found
[2022.07.17-18.02.31:359][  0]LogShaderLibrary: Display: Running without a pakfile and did not find a monolithic library 'MagicLeap' - attempting disk search for its chunks
[2022.07.17-18.02.31:359][  0]LogShaderLibrary: Display:    ....  not found
[2022.07.17-18.02.31:359][  0]LogShaderLibrary: Display: Running without a pakfile and did not find a monolithic library 'MagicLeap' - attempting disk search for its chunks
[2022.07.17-18.02.31:360][  0]LogShaderLibrary: Display:    ....  not found
[2022.07.17-18.02.31:360][  0]LogShaderLibrary: Display: Running without a pakfile and did not find a monolithic library 'MagicLeapPassableWorld' - attempting disk search for its chunks
[2022.07.17-18.02.31:360][  0]LogShaderLibrary: Display:    ....  not found
[2022.07.17-18.02.31:360][  0]LogShaderLibrary: Display: Running without a pakfile and did not find a monolithic library 'MagicLeapPassableWorld' - attempting disk search for its chunks
[2022.07.17-18.02.31:360][  0]LogShaderLibrary: Display:    ....  not found
[2022.07.17-18.02.31:360][  0]LogShaderLibrary: Display: Running without a pakfile and did not find a monolithic library 'MediaCompositing' - attempting disk search for its chunks
[2022.07.17-18.02.31:360][  0]LogShaderLibrary: Display:    ....  not found
[2022.07.17-18.02.31:360][  0]LogShaderLibrary: Display: Running without a pakfile and did not find a monolithic library 'MediaCompositing' - attempting disk search for its chunks
[2022.07.17-18.02.31:360][  0]LogShaderLibrary: Display:    ....  not found
[2022.07.17-18.02.31:360][  0]LogShaderLibrary: Display: Running without a pakfile and did not find a monolithic library 'AudioSynesthesia' - attempting disk search for its chunks
[2022.07.17-18.02.31:360][  0]LogShaderLibrary: Display:    ....  not found
[2022.07.17-18.02.31:360][  0]LogShaderLibrary: Display: Running without a pakfile and did not find a monolithic library 'AudioSynesthesia' - attempting disk search for its chunks
[2022.07.17-18.02.31:360][  0]LogShaderLibrary: Display:    ....  not found
[2022.07.17-18.02.31:360][  0]LogShaderLibrary: Display: Running without a pakfile and did not find a monolithic library 'Synthesis' - attempting disk search for its chunks
[2022.07.17-18.02.31:360][  0]LogShaderLibrary: Display:    ....  not found
[2022.07.17-18.02.31:361][  0]LogShaderLibrary: Display: Running without a pakfile and did not find a monolithic library 'Synthesis' - attempting disk search for its chunks
[2022.07.17-18.02.31:361][  0]LogShaderLibrary: Display:    ....  not found
[2022.07.17-18.02.31:361][  0]LogTemp: Warning: Clearing the OS Cache
[2022.07.17-18.02.31:361][  0]LogODSC: ODSC Thread active.
[2022.07.17-18.02.31:377][  0]LogSlate: Using FreeType 2.10.0
[2022.07.17-18.02.31:378][  0]LogSlate: SlateFontServices - WITH_FREETYPE: 1, WITH_HARFBUZZ: 1
[2022.07.17-18.02.31:404][  0]LogShaderLibrary: Display: Using ../../Content/ShaderArchive-Builder-PCD3D_SM5.ushaderbytecode for material shader code. Total 1468 unique shaders.
[2022.07.17-18.02.31:404][  0]LogShaderLibrary: Display: Cooked Context: Using Shared Shader Library Builder
[2022.07.17-18.02.31:404][  0]LogShaderLibrary: Display: Logical shader library 'Builder' has been created, components 1
[2022.07.17-18.02.31:404][  0]LogRHI: Display: Opened pipeline cache after state change and enqueued 0 of 0 tasks for precompile.
[2022.07.17-18.02.31:404][  0]LogRHI: Display: Failed to open default shader pipeline cache for Builder using shader platform 0.
[2022.07.17-18.02.31:404][  0]LogInit: Using OS detected language (en-US).
[2022.07.17-18.02.31:404][  0]LogInit: Using OS detected locale (en-US).
[2022.07.17-18.02.31:405][  0]LogTextLocalizationManager: No localization for 'en-US' exists, so 'en' will be used for the language.
[2022.07.17-18.02.31:405][  0]LogTextLocalizationManager: No localization for 'en-US' exists, so 'en' will be used for the locale.
[2022.07.17-18.02.31:405][  0]LogSlate: FontCache flush requested. Reason: Culture for localization was changed
[2022.07.17-18.02.31:405][  0]LogSlate: FontCache flush requested. Reason: Culture for localization was changed
[2022.07.17-18.02.31:407][  0]LogTextLocalizationManager: Compacting localization data took   0.01ms
[2022.07.17-18.02.31:407][  0]LogAssetRegistry: FAssetRegistry took 0.0018 seconds to start up
[2022.07.17-18.02.31:481][  0]LogStreaming: Display: FlushAsyncLoading: 1 QueuedPackages, 0 AsyncPackages
[2022.07.17-18.02.31:481][  0]LogPackageLocalizationCache: Processed 20 localized package path(s) for 1 prioritized culture(s) in 0.000067 seconds
[2022.07.17-18.02.31:488][  0]LogSerialization: Display: AllowBulkDataInIoStore: 'true'
[2022.07.17-18.02.31:488][  0]LogInit: Selected Device Profile: [WindowsNoEditor]
[2022.07.17-18.02.31:488][  0]LogInit: Active device profile: [00000230A48D3E80][0000023097CD24A0 49] WindowsNoEditor
[2022.07.17-18.02.31:488][  0]LogInit: Profiles: [00000230A48D3DC0][00000230A35B6DC0 49] Windows, [00000230A48D3E80][0000023097CD24A0 49] WindowsNoEditor, 
[2022.07.17-18.02.31:516][  0]LogNetVersion: Builder 1.0.0, NetCL: 17155196, EngineNetVer: 17, GameNetVer: 0 (Checksum: 3939801358)
[2022.07.17-18.02.31:554][  0]LogAudioCaptureCore: Display: No Audio Capture implementations found. Audio input will be silent.
[2022.07.17-18.02.31:554][  0]LogAudioCaptureCore: Display: No Audio Capture implementations found. Audio input will be silent.
[2022.07.17-18.02.31:575][  0]LogMoviePlayer: Initializing movie player
[2022.07.17-18.02.31:627][  0]LogNiagaraDebuggerClient: Niagara Debugger Client Initialized | Session: 67BFACCD4F4EB46A7E1FB89D996051A1 | Instance: D891C28642BE65EC5438DF9CA56CFA57 (DESKTOP-M1QV7NL-22460).
[2022.07.17-18.02.31:628][  0]LogAndroidPermission: UAndroidPermissionCallbackProxy::GetInstance
[2022.07.17-18.02.31:631][  0]LogUObjectArray: 15411 objects as part of root set at end of initial load.
[2022.07.17-18.02.31:631][  0]LogUObjectArray: 2 objects are not in the root set, but can never be destroyed because they are in the DisregardForGC set.
[2022.07.17-18.02.31:631][  0]LogUObjectAllocator: 3128472 out of 0 bytes used by permanent object pool.
[2022.07.17-18.02.31:631][  0]LogUObjectArray: CloseDisregardForGC: 15411/15411 objects in disregard for GC pool
[2022.07.17-18.02.31:632][  0]LogEngine: Initializing Engine...
[2022.07.17-18.02.31:632][  0]LogStats: UGameplayTagsManager::InitializeManager -  0.000 s
[2022.07.17-18.02.31:674][  0]LogInit: Initializing FReadOnlyCVARCache
[2022.07.17-18.02.31:674][  0]LogAudio: Display: Initializing Audio Device Manager...
[2022.07.17-18.02.31:674][  0]LogAudio: Display: Loading Default Audio Settings Objects...
[2022.07.17-18.02.31:675][  0]LogAudio: Display: No default SoundConcurrencyObject specified (or failed to load).
[2022.07.17-18.02.31:675][  0]LogAudio: Display: Audio Device Manager Initialized
[2022.07.17-18.02.31:675][  0]LogAudio: Display: Creating Audio Device:                 Id: 1, Scope: Shared, Realtime: True
[2022.07.17-18.02.31:675][  0]LogAudioMixer: Display: Audio Mixer Platform Settings:
[2022.07.17-18.02.31:675][  0]LogAudioMixer: Display: 	Sample Rate:						  48000
[2022.07.17-18.02.31:675][  0]LogAudioMixer: Display: 	Callback Buffer Frame Size Requested: 1024
[2022.07.17-18.02.31:675][  0]LogAudioMixer: Display: 	Callback Buffer Frame Size To Use:	  1024
[2022.07.17-18.02.31:675][  0]LogAudioMixer: Display: 	Number of buffers to queue:			  2
[2022.07.17-18.02.31:675][  0]LogAudioMixer: Display: 	Max Channels (voices):				  32
[2022.07.17-18.02.31:675][  0]LogAudioMixer: Display: 	Number of Async Source Workers:		  0
[2022.07.17-18.02.31:675][  0]LogAudio: Display: AudioDevice MaxSources: 32
[2022.07.17-18.02.31:675][  0]LogAudio: Display: Audio Spatialization Plugin: None (built-in).
[2022.07.17-18.02.31:675][  0]LogAudio: Display: Audio Reverb Plugin: None (built-in).
[2022.07.17-18.02.31:675][  0]LogAudio: Display: Audio Occlusion Plugin: None (built-in).
[2022.07.17-18.02.31:675][  0]LogAudioMixer: Display: Initializing audio mixer.
[2022.07.17-18.02.31:682][  0]LogAudioDebug: Display: Lib vorbis DLL was dynamically loaded.
[2022.07.17-18.02.31:689][  0]LogAudioMixer: Display: 0: FrontLeft
[2022.07.17-18.02.31:689][  0]LogAudioMixer: Display: 1: FrontRight
[2022.07.17-18.02.31:738][  0]LogAudioMixer: Display: Using Audio Device Speakers (Realtek(R) Audio)
[2022.07.17-18.02.31:739][  0]LogAudioMixer: Display: Initializing Sound Submixes...
[2022.07.17-18.02.31:741][  0]LogAudioMixer: Display: Creating Master Submix 'MasterSubmixDefault'
[2022.07.17-18.02.31:741][  0]LogAudioMixer: Display: Creating Master Submix 'MasterReverbSubmixDefault'
[2022.07.17-18.02.31:742][  0]LogAudioMixer: Display: Creating Master Submix 'MasterEQSubmixDefault'
[2022.07.17-18.02.31:742][  0]LogAudioMixer: FMixerPlatformXAudio2::StartAudioStream() called
[2022.07.17-18.02.31:742][  0]LogAudioMixer: Display: Output buffers initialized: Frames=1024, Channels=2, Samples=2048
[2022.07.17-18.02.31:742][  0]LogAudioMixer: Display: Starting AudioMixerPlatformInterface::RunInternal()
[2022.07.17-18.02.31:742][  0]LogAudioMixer: Display: FMixerPlatformXAudio2::SubmitBuffer() called for the first time
[2022.07.17-18.02.31:742][  0]LogInit: FAudioDevice initialized.
[2022.07.17-18.02.31:743][  0]LogNetVersion: Set ProjectVersion to 1.2. Version Checksum will be recalculated on next use.
[2022.07.17-18.02.31:743][  0]LogInit: Texture streaming: Enabled
[2022.07.17-18.02.31:759][  0]LogAudio: Display: Audio Device (ID: 1) registered with world 'Untitled'.
[2022.07.17-18.02.31:760][  0]LogInit: Error: Failed to load cursor '../../Content//Game/GameObjects/Components/HUD/Nasty-Clean'
[2022.07.17-18.02.31:760][  0]LogSlate: Updating window title bar state: overlay mode, drag disabled, window buttons hidden, title bar hidden
[2022.07.17-18.02.31:760][  0]LogInit: Display: Game Engine Initialized.
[2022.07.17-18.02.31:761][  0]LogInit: Display: Starting Game.
[2022.07.17-18.02.31:761][  0]LogNet: Browse: /Game/Maps/MainMenu?Name=Player
[2022.07.17-18.02.31:761][  0]LogLoad: LoadMap: /Game/Maps/MainMenu?Name=Player
[2022.07.17-18.02.31:761][  0]LogWorld: BeginTearingDown for /Temp/Untitled_0
[2022.07.17-18.02.31:761][  0]LogWorld: UWorld::CleanupWorld for Untitled, bSessionEnded=true, bCleanupResources=true
[2022.07.17-18.02.31:761][  0]LogSlate: InvalidateAllWidgets triggered.  All widgets were invalidated
[2022.07.17-18.02.31:764][  0]LogAudio: Display: Audio Device unregistered from world 'None'.
[2022.07.17-18.02.31:765][  0]LogUObjectHash: Compacting FUObjectHashTables data took   0.57ms
[2022.07.17-18.02.31:786][  0]LogAudio: Display: Audio Device (ID: 1) registered with world 'MainMenu'.
[2022.07.17-18.02.31:787][  0]LogAIModule: Creating AISystem for world MainMenu
[2022.07.17-18.02.31:789][  0]LogLoad: Game class is 'CB_GameModeBase_C'
[2022.07.17-18.02.31:790][  0]LogWorld: Bringing World /Game/Maps/MainMenu.MainMenu up for play (max tick rate 0) at 2022.07.17-20.02.31
[2022.07.17-18.02.31:790][  0]LogWorld: Bringing up level for play took: 0.000269
[2022.07.17-18.02.31:791][  0]LogGameMode: FindPlayerStart: PATHS NOT DEFINED or NO PLAYERSTART with positive rating
[2022.07.17-18.02.31:792][  0]LogLoad: Took 0.031354 seconds to LoadMap(/Game/Maps/MainMenu)
[2022.07.17-18.02.31:792][  0]LogSlate: Took 0.000098 seconds to synchronously load lazily loaded font '../../Content/MenuStuff/Akira_Expanded_Demo.ufont' (26K)
[2022.07.17-18.02.31:859][  0]LogSlate: Took 0.000283 seconds to synchronously load lazily loaded font 'E:/UE4/UE_4.27/Engine/Content/Slate/Fonts/Roboto-Regular.ttf' (155K)
[2022.07.17-18.02.31:903][  0]LogRenderer: Reallocating scene render targets to support 1920x1080 Format 10 NumSamples 1 (Frame:1).
[2022.07.17-18.02.31:903][  0]LogRHI: Display: ShaderPipelineCache: Paused Batching. 1
[2022.07.17-18.02.31:903][  0]LogRHI: Display: ShaderPipelineCache: Resumed Batching. 0
[2022.07.17-18.02.31:903][  0]LogRHI: Display: ShaderPipelineCache: Batching Resumed.
[2022.07.17-18.02.31:903][  0]LogInit: Display: Engine is initialized. Leaving FEngineLoop::Init()
[2022.07.17-18.02.31:903][  0]LogLoad: (Engine Initialization) Total time: 3.10 seconds
[2022.07.17-18.02.31:915][  0]LogContentStreaming: Texture pool size now 1000 MB
[2022.07.17-18.02.31:916][  0]LogAudio: Warning: Detected orphaned looping sound 'menu_cue'.
[2022.07.17-18.02.31:916][  0]LogSlate: InvalidateAllWidgets triggered.  All widgets were invalidated
[2022.07.17-18.02.32:052][  0]LogSlate: Slate font cache was flushed
[2022.07.17-18.02.32:054][  1]LogSlate: Took 0.000218 seconds to synchronously load lazily loaded font 'E:/UE4/UE_4.27/Engine/Content/Slate/Fonts/Roboto-Regular.ttf' (155K)
[2022.07.17-18.02.32:054][  1]LogSlate: Took 0.000117 seconds to synchronously load lazily loaded font '../../Content/MenuStuff/Akira_Expanded_Demo.ufont' (26K)
[2022.07.17-18.02.36:444][332]Closing by request
[2022.07.17-18.02.36:444][332]LogWindows: FPlatformMisc::RequestExit(0)
[2022.07.17-18.02.36:444][332]LogWindows: FPlatformMisc::RequestExitWithStatus(0, 0)
[2022.07.17-18.02.36:444][332]LogCore: Engine exit requested (reason: Win RequestExit)
[2022.07.17-18.02.36:446][333]LogCore: Engine exit requested (reason: EngineExit() was called; note: exit was already requested)
[2022.07.17-18.02.36:447][333]LogInit: Display: PreExit Game.
[2022.07.17-18.02.36:452][333]LogWorld: BeginTearingDown for /Game/Maps/MainMenu
[2022.07.17-18.02.36:452][333]LogWorld: UWorld::CleanupWorld for MainMenu, bSessionEnded=true, bCleanupResources=true
[2022.07.17-18.02.36:452][333]LogSlate: InvalidateAllWidgets triggered.  All widgets were invalidated
[2022.07.17-18.02.36:635][333]LogAudio: Display: Beginning Audio Device Manager Shutdown (Module: AudioMixerXAudio2)...
[2022.07.17-18.02.36:635][333]LogAudio: Display: Destroying 1 Remaining Audio Device(s)...
[2022.07.17-18.02.36:635][333]LogAudio: Display: Audio Device unregistered from world 'MainMenu'.
[2022.07.17-18.02.36:664][333]LogAudioMixer: FMixerPlatformXAudio2::StopAudioStream() called
[2022.07.17-18.02.36:664][333]LogAudioMixer: FMixerPlatformXAudio2::StopAudioStream() called
[2022.07.17-18.02.36:669][333]LogAudio: Display: Audio Device Manager Shutdown
[2022.07.17-18.02.36:669][333]LogSlate: Request Window 'BlocksVille (64-bit Development PCD3D_SM5) ' being destroyed
[2022.07.17-18.02.36:672][333]LogSlate: Window 'BlocksVille (64-bit Development PCD3D_SM5) ' being destroyed
[2022.07.17-18.02.36:687][333]LogWindowsTextInputMethodSystem: Display: IME system deactivated.
[2022.07.17-18.02.36:723][333]LogExit: Preparing to exit.
[2022.07.17-18.02.36:723][333]LogMoviePlayer: Shutting down movie player
[2022.07.17-18.02.36:725][333]LogSlate: Updating window title bar state: overlay mode, drag disabled, window buttons hidden, title bar hidden
[2022.07.17-18.02.36:729][333]LogDemo: Cleaned up 0 splitscreen connections with owner deletion
[2022.07.17-18.02.36:729][333]LogExit: Game engine shut down
[2022.07.17-18.02.36:743][333]LogExit: Object subsystem successfully closed.
[2022.07.17-18.02.36:750][333]LogModuleManager: Shutting down and abandoning module AutomationController (328)
[2022.07.17-18.02.36:751][333]LogModuleManager: Shutting down and abandoning module AutomationWorker (326)
[2022.07.17-18.02.36:751][333]LogModuleManager: Shutting down and abandoning module Voice (324)
[2022.07.17-18.02.36:751][333]LogModuleManager: Shutting down and abandoning module AIModule (322)
[2022.07.17-18.02.36:751][333]LogModuleManager: Shutting down and abandoning module GameplayDebugger (321)
[2022.07.17-18.02.36:751][333]LogModuleManager: Shutting down and abandoning module NavigationSystem (319)
[2022.07.17-18.02.36:751][333]LogModuleManager: Shutting down and abandoning module WmfMediaFactory (316)
[2022.07.17-18.02.36:751][333]LogModuleManager: Shutting down and abandoning module WebMMediaFactory (314)
[2022.07.17-18.02.36:751][333]LogModuleManager: Shutting down and abandoning module WebMMedia (312)
[2022.07.17-18.02.36:751][333]LogModuleManager: Shutting down and abandoning module OpenExrWrapper (310)
[2022.07.17-18.02.36:751][333]LogModuleManager: Shutting down and abandoning module ImgMediaFactory (308)
[2022.07.17-18.02.36:751][333]LogModuleManager: Shutting down and abandoning module AvfMediaFactory (306)
[2022.07.17-18.02.36:751][333]LogModuleManager: Shutting down and abandoning module PlanarCut (304)
[2022.07.17-18.02.36:751][333]LogModuleManager: Shutting down and abandoning module CharacterAI (302)
[2022.07.17-18.02.36:751][333]LogModuleManager: Shutting down and abandoning module SessionServices (300)
[2022.07.17-18.02.36:751][333]LogModuleManager: Shutting down and abandoning module LiveCoding (298)
[2022.07.17-18.02.36:751][333]LogModuleManager: Shutting down and abandoning module LevelSequence (296)
[2022.07.17-18.02.36:751][333]LogModuleManager: Shutting down and abandoning module MovieSceneTracks (294)
[2022.07.17-18.02.36:751][333]LogModuleManager: Shutting down and abandoning module MovieScene (292)
[2022.07.17-18.02.36:751][333]LogModuleManager: Shutting down and abandoning module StreamingPauseRendering (290)
[2022.07.17-18.02.36:751][333]LogModuleManager: Shutting down and abandoning module AudioMixerXAudio2 (288)
[2022.07.17-18.02.36:751][333]LogModuleManager: Shutting down and abandoning module AudioMixerCore (287)
[2022.07.17-18.02.36:751][333]LogModuleManager: Shutting down and abandoning module ImageWriteQueue (284)
[2022.07.17-18.02.36:751][333]LogModuleManager: Shutting down and abandoning module ProfilerService (282)
[2022.07.17-18.02.36:893][333]LogModuleManager: Shutting down and abandoning module TaskGraph (280)
[2022.07.17-18.02.36:893][333]LogModuleManager: Shutting down and abandoning module Synthesis (278)
[2022.07.17-18.02.36:893][333]LogModuleManager: Shutting down and abandoning module ProceduralMeshComponent (276)
[2022.07.17-18.02.36:893][333]LogModuleManager: Shutting down and abandoning module MobilePatchingUtils (274)
[2022.07.17-18.02.36:893][333]LogModuleManager: Shutting down and abandoning module GooglePAD (272)
[2022.07.17-18.02.36:893][333]LogModuleManager: Shutting down and abandoning module EditableMesh (270)
[2022.07.17-18.02.36:893][333]LogModuleManager: Shutting down and abandoning module CustomMeshComponent (268)
[2022.07.17-18.02.36:893][333]LogModuleManager: Shutting down and abandoning module CableComponent (266)
[2022.07.17-18.02.36:893][333]LogModuleManager: Shutting down and abandoning module AudioCapture (264)
[2022.07.17-18.02.36:893][333]LogModuleManager: Shutting down and abandoning module AudioCaptureRtAudio (263)
[2022.07.17-18.02.36:893][333]LogModuleManager: Shutting down and abandoning module AssetTags (260)
[2022.07.17-18.02.36:893][333]LogModuleManager: Shutting down and abandoning module ArchVisCharacter (258)
[2022.07.17-18.02.36:893][333]LogModuleManager: Shutting down and abandoning module AppleImageUtils (256)
[2022.07.17-18.02.36:893][333]LogModuleManager: Shutting down and abandoning module AndroidPermission (254)
[2022.07.17-18.02.36:893][333]LogModuleManager: Shutting down and abandoning module ActorLayerUtilities (252)
[2022.07.17-18.02.36:893][333]LogModuleManager: Shutting down and abandoning module TemplateSequence (250)
[2022.07.17-18.02.36:893][333]LogModuleManager: Shutting down and abandoning module MediaCompositing (248)
[2022.07.17-18.02.36:893][333]LogModuleManager: Shutting down and abandoning module ImgMedia (246)
[2022.07.17-18.02.36:893][333]LogModuleManager: Shutting down and abandoning module MagicLeapSharedWorld (244)
[2022.07.17-18.02.36:893][333]LogModuleManager: Shutting down and abandoning module MagicLeapLightEstimation (242)
[2022.07.17-18.02.36:893][333]LogModuleManager: Shutting down and abandoning module MagicLeapHelperVulkan (240)
[2022.07.17-18.02.36:893][333]LogModuleManager: Shutting down and abandoning module MagicLeapHelperOpenGL (238)
[2022.07.17-18.02.36:893][333]LogModuleManager: Shutting down and abandoning module MagicLeapAudio (236)
[2022.07.17-18.02.36:893][333]LogModuleManager: Shutting down and abandoning module OpenImageDenoise (234)
[2022.07.17-18.02.36:893][333]LogModuleManager: Shutting down and abandoning module MotoSynth (232)
[2022.07.17-18.02.36:893][333]LogModuleManager: Shutting down and abandoning module MeshConversion (230)
[2022.07.17-18.02.36:893][333]LogModuleManager: Shutting down and abandoning module DynamicMesh (228)
[2022.07.17-18.02.36:893][333]LogModuleManager: Shutting down and abandoning module GeometryAlgorithms (226)
[2022.07.17-18.02.36:893][333]LogModuleManager: Shutting down and abandoning module GeometricObjects (224)
[2022.07.17-18.02.36:893][333]LogModuleManager: Shutting down and abandoning module GeometryCollectionTracks (222)
[2022.07.17-18.02.36:893][333]LogModuleManager: Shutting down and abandoning module GeometryCacheTracks (220)
[2022.07.17-18.02.36:893][333]LogModuleManager: Shutting down and abandoning module GeometryCache (218)
[2022.07.17-18.02.36:893][333]LogModuleManager: Shutting down and abandoning module ChaosNiagara (216)
[2022.07.17-18.02.36:893][333]LogModuleManager: Shutting down and abandoning module BackChannel (214)
[2022.07.17-18.02.36:893][333]LogModuleManager: Shutting down and abandoning module AutomationUtils (212)
[2022.07.17-18.02.36:893][333]LogModuleManager: Shutting down and abandoning module UObjectPlugin (210)
[2022.07.17-18.02.36:893][333]LogModuleManager: Shutting down and abandoning module OodleNetworkHandlerComponent (208)
[2022.07.17-18.02.36:893][333]LogModuleManager: Shutting down and abandoning module SoundFields (206)
[2022.07.17-18.02.36:893][333]LogModuleManager: Shutting down and abandoning module SignificanceManager (204)
[2022.07.17-18.02.36:893][333]LogModuleManager: Shutting down and abandoning module RuntimePhysXCooking (202)
[2022.07.17-18.02.36:893][333]LogModuleManager: Shutting down and abandoning module LocationServicesBPLibrary (198)
[2022.07.17-18.02.36:893][333]LogModuleManager: Shutting down and abandoning module AudioSynesthesia (196)
[2022.07.17-18.02.36:893][333]LogModuleManager: Shutting down and abandoning module AudioSynesthesiaCore (194)
[2022.07.17-18.02.36:893][333]LogModuleManager: Shutting down and abandoning module ActorSequence (192)
[2022.07.17-18.02.36:893][333]LogModuleManager: Shutting down and abandoning module UdpMessaging (190)
[2022.07.17-18.02.36:893][333]LogModuleManager: Shutting down and abandoning module TcpMessaging (188)
[2022.07.17-18.02.36:893][333]LogModuleManager: Shutting down and abandoning module ImgMediaEngine (186)
[2022.07.17-18.02.36:893][333]LogModuleManager: Shutting down and abandoning module MagicLeapARPin (184)
[2022.07.17-18.02.36:893][333]LogModuleManager: Shutting down and abandoning module MagicLeapHandMeshing (182)
[2022.07.17-18.02.36:893][333]LogModuleManager: Shutting down and abandoning module MagicLeapSecureStorage (180)
[2022.07.17-18.02.36:893][333]LogModuleManager: Shutting down and abandoning module MagicLeapPrivileges (178)
[2022.07.17-18.02.36:893][333]LogModuleManager: Shutting down and abandoning module MagicLeapPlanes (176)
[2022.07.17-18.02.36:893][333]LogModuleManager: Shutting down and abandoning module MagicLeapImageTracker (174)
[2022.07.17-18.02.36:893][333]LogModuleManager: Shutting down and abandoning module MagicLeapIdentity (172)
[2022.07.17-18.02.36:893][333]LogModuleManager: Shutting down and abandoning module MagicLeapHandTracking (170)
[2022.07.17-18.02.36:893][333]LogModuleManager: Shutting down and abandoning module MagicLeapEyeTracker (168)
[2022.07.17-18.02.36:893][333]LogModuleManager: Shutting down and abandoning module MagicLeapController (166)
[2022.07.17-18.02.36:893][333]LogSlate: Slate User Destroyed.  User Index 0, Is Virtual User: 0
[2022.07.17-18.02.36:893][333]LogModuleManager: Shutting down and abandoning module MagicLeapARPinImpl (164)
[2022.07.17-18.02.36:893][333]LogModuleManager: Shutting down and abandoning module MagicLeapAR (162)
[2022.07.17-18.02.36:893][333]LogModuleManager: Shutting down and abandoning module AugmentedReality (161)
[2022.07.17-18.02.36:893][333]LogModuleManager: Shutting down and abandoning module NiagaraAnimNotifies (158)
[2022.07.17-18.02.36:893][333]LogModuleManager: Shutting down and abandoning module Niagara (156)
[2022.07.17-18.02.36:893][333]LogModuleManager: Shutting down and abandoning module SignalProcessing (155)
[2022.07.17-18.02.36:893][333]LogModuleManager: Shutting down and abandoning module NiagaraCore (152)
[2022.07.17-18.02.36:893][333]LogModuleManager: Shutting down and abandoning module FacialAnimation (150)
[2022.07.17-18.02.36:893][333]LogModuleManager: Shutting down and abandoning module AnimationSharing (148)
[2022.07.17-18.02.36:893][333]LogModuleManager: Shutting down and abandoning module GameplayCameras (146)
[2022.07.17-18.02.36:893][333]LogModuleManager: Shutting down and abandoning module LightPropagationVolumeRuntime (144)
[2022.07.17-18.02.36:893][333]LogModuleManager: Shutting down and abandoning module Paper2D (142)
[2022.07.17-18.02.36:893][333]LogModuleManager: Shutting down and abandoning module WindowsMoviePlayer (140)
[2022.07.17-18.02.36:894][333]LogModuleManager: Shutting down and abandoning module WebMMoviePlayer (138)
[2022.07.17-18.02.36:894][333]LogModuleManager: Shutting down and abandoning module NetworkReplayStreaming (136)
[2022.07.17-18.02.36:894][333]LogModuleManager: Shutting down and abandoning module PacketHandler (134)
[2022.07.17-18.02.36:894][333]LogModuleManager: Shutting down and abandoning module ClothingSystemRuntimeNv (132)
[2022.07.17-18.02.36:894][333]LogModuleManager: Shutting down and abandoning module MediaAssets (130)
[2022.07.17-18.02.36:894][333]LogModuleManager: Shutting down and abandoning module Overlay (128)
[2022.07.17-18.02.36:894][333]LogModuleManager: Shutting down and abandoning module FunctionalTesting (126)
[2022.07.17-18.02.36:894][333]LogModuleManager: Shutting down and abandoning module MessageLog (124)
[2022.07.17-18.02.36:894][333]LogModuleManager: Shutting down and abandoning module UMG (122)
[2022.07.17-18.02.36:894][333]LogModuleManager: Shutting down and abandoning module SlateReflector (120)
[2022.07.17-18.02.36:894][333]LogModuleManager: Shutting down and abandoning module Slate (118)
[2022.07.17-18.02.36:894][333]LogModuleManager: Shutting down and abandoning module SlateCore (116)
[2022.07.17-18.02.36:894][333]LogModuleManager: Shutting down and abandoning module MRMesh (114)
[2022.07.17-18.02.36:894][333]LogModuleManager: Shutting down and abandoning module Messaging (112)
[2022.07.17-18.02.36:895][333]LogModuleManager: Shutting down and abandoning module HeadMountedDisplay (110)
[2022.07.17-18.02.36:895][333]LogModuleManager: Shutting down and abandoning module XAudio2 (108)
[2022.07.17-18.02.36:895][333]LogModuleManager: Shutting down and abandoning module Networking (106)
[2022.07.17-18.02.36:895][333]LogModuleManager: Shutting down and abandoning module Core (104)
[2022.07.17-18.02.36:895][333]LogModuleManager: Shutting down and abandoning module FieldSystemEngine (102)
[2022.07.17-18.02.36:895][333]LogModuleManager: Shutting down and abandoning module ImageWrapper (98)
[2022.07.17-18.02.36:895][333]LogModuleManager: Shutting down and abandoning module D3D11RHI (96)
[2022.07.17-18.02.36:895][333]LogModuleManager: Shutting down and abandoning module InputCore (94)
[2022.07.17-18.02.36:895][333]LogModuleManager: Shutting down and abandoning module Settings (92)
[2022.07.17-18.02.36:895][333]LogModuleManager: Shutting down and abandoning module PhysXCooking (90)
[2022.07.17-18.02.36:895][333]LogModuleManager: Shutting down and abandoning module Chaos (88)
[2022.07.17-18.02.36:895][333]LogModuleManager: Shutting down and abandoning module WindowsPlatformFeatures (86)
[2022.07.17-18.02.36:895][333]LogModuleManager: Shutting down and abandoning module GameplayMediaEncoder (85)
[2022.07.17-18.02.36:895][333]LogModuleManager: Shutting down and abandoning module AVEncoder (84)
[2022.07.17-18.02.36:895][333]LogModuleManager: Shutting down and abandoning module ExampleDeviceProfileSelector (80)
[2022.07.17-18.02.36:895][333]LogModuleManager: Shutting down and abandoning module ChunkDownloader (78)
[2022.07.17-18.02.36:895][333]LogModuleManager: Shutting down and abandoning module LauncherChunkInstaller (76)
[2022.07.17-18.02.36:895][333]LogModuleManager: Shutting down and abandoning module OnlineSubsystem (72)
[2022.07.17-18.02.36:895][333]LogModuleManager: Shutting down and abandoning module HTTP (67)
[2022.07.17-18.02.36:895][333]LogHttp: Display: cleaning up 0 outstanding Http requests.
[2022.07.17-18.02.36:897][333]LogModuleManager: Shutting down and abandoning module SSL (66)
[2022.07.17-18.02.36:897][333]LogModuleManager: Shutting down and abandoning module WmfMedia (62)
[2022.07.17-18.02.36:898][333]LogModuleManager: Shutting down and abandoning module Media (61)
[2022.07.17-18.02.36:898][333]LogModuleManager: Shutting down and abandoning module MediaInfo (60)
[2022.07.17-18.02.36:898][333]LogModuleManager: Shutting down and abandoning module ExrReaderGpu (56)
[2022.07.17-18.02.36:898][333]LogModuleManager: Shutting down and abandoning module MLSDK (54)
[2022.07.17-18.02.36:898][333]LogModuleManager: Shutting down and abandoning module MagicLeap (52)
[2022.07.17-18.02.36:898][333]LogModuleManager: Shutting down and abandoning module NiagaraVertexFactories (50)
[2022.07.17-18.02.36:898][333]LogModuleManager: Shutting down and abandoning module NiagaraShader (48)
[2022.07.17-18.02.36:898][333]LogModuleManager: Shutting down and abandoning module ChaosCloth (46)
[2022.07.17-18.02.36:898][333]LogModuleManager: Shutting down and abandoning module VariantManagerContent (44)
[2022.07.17-18.02.36:898][333]LogModuleManager: Shutting down and abandoning module DatasmithContent (42)
[2022.07.17-18.02.36:898][333]LogModuleManager: Shutting down and abandoning module PixWinPlugin (40)
[2022.07.17-18.02.36:898][333]LogModuleManager: Shutting down and abandoning module AISupportModule (38)
[2022.07.17-18.02.36:898][333]LogModuleManager: Shutting down and abandoning module PythonScriptPluginPreload (36)
[2022.07.17-18.02.36:898][333]LogModuleManager: Shutting down and abandoning module PlatformCryptoOpenSSL (34)
[2022.07.17-18.02.36:898][333]LogModuleManager: Shutting down and abandoning module PlatformCryptoTypes (32)
[2022.07.17-18.02.36:898][333]LogModuleManager: Shutting down and abandoning module PlatformCrypto (30)
[2022.07.17-18.02.36:898][333]LogModuleManager: Shutting down and abandoning module OodleDataCompressionFormat (28)
[2022.07.17-18.02.36:898][333]LogModuleManager: Shutting down and abandoning module RenderCore (26)
[2022.07.17-18.02.36:898][333]LogModuleManager: Shutting down and abandoning module Landscape (24)
[2022.07.17-18.02.36:898][333]LogModuleManager: Shutting down and abandoning module SlateRHIRenderer (22)
[2022.07.17-18.02.36:898][333]LogModuleManager: Shutting down and abandoning module AnimGraphRuntime (20)
[2022.07.17-18.02.36:898][333]LogModuleManager: Shutting down and abandoning module Renderer (18)
[2022.07.17-18.02.36:898][333]LogModuleManager: Shutting down and abandoning module Engine (16)
[2022.07.17-18.02.36:898][333]LogModuleManager: Shutting down and abandoning module CoreUObject (14)
[2022.07.17-18.02.36:898][333]LogModuleManager: Shutting down and abandoning module NetworkFile (12)
[2022.07.17-18.02.36:898][333]LogModuleManager: Shutting down and abandoning module CookedIterativeFile (10)
[2022.07.17-18.02.36:898][333]LogModuleManager: Shutting down and abandoning module StreamingFile (8)
[2022.07.17-18.02.36:898][333]LogModuleManager: Shutting down and abandoning module SandboxFile (6)
[2022.07.17-18.02.36:898][333]LogModuleManager: Shutting down and abandoning module PakFile (4)
[2022.07.17-18.02.36:898][333]LogModuleManager: Shutting down and abandoning module RSA (3)
[2022.07.17-18.02.36:898][333]LogContentStreaming: Display: There are 1 unreleased StreamingManagers
[2022.07.17-18.02.36:901][333]LogD3D11RHI: Shutdown
[2022.07.17-18.02.36:901][333]LogD3D11RHI: CleanupD3DDevice
[2022.07.17-18.02.36:902][333]LogExit: Exiting.
[2022.07.17-18.02.36:914][333]Log file closed, 07/17/22 20:02:36
