"C:/Users/matej/Documents/GitHub/Game-Jam-2022/Content/GameObjects/Components/HUD/Nasty-Clean.uasset" 0
"C:/Users/matej/Documents/GitHub/Game-Jam-2022/Content/GameObjects/Components/HUD/Nasty-Clean.uexp" 1
"C:/Users/matej/Documents/GitHub/Game-Jam-2022/Content/GameObjects/Components/HUD/HudIcons/Pub.uasset" 2
"C:/Users/matej/Documents/GitHub/Game-Jam-2022/Content/GameObjects/Components/HUD/HudIcons/Pub.uexp" 3
"C:/Users/matej/Documents/GitHub/Game-Jam-2022/Content/GameObjects/Components/Music/sounds.uasset" 4
"C:/Users/matej/Documents/GitHub/Game-Jam-2022/Content/GameObjects/Components/Music/sounds.uexp" 5
"C:/Users/matej/Documents/GitHub/Game-Jam-2022/Content/GameObjects/Materials/BaseMaterial.uasset" 6
"C:/Users/matej/Documents/GitHub/Game-Jam-2022/Content/GameObjects/Materials/BaseMaterial.uexp" 7
"C:/Users/matej/Documents/GitHub/Game-Jam-2022/Content/GameObjects/Materials/OrangeMaterial.uasset" 8
"C:/Users/matej/Documents/GitHub/Game-Jam-2022/Content/GameObjects/Materials/OrangeMaterial.uexp" 9
"C:/Users/matej/Documents/GitHub/Game-Jam-2022/Content/GameObjects/Materials/pole_material.uasset" 10
"C:/Users/matej/Documents/GitHub/Game-Jam-2022/Content/GameObjects/Materials/pole_material.uexp" 11
"C:/Users/matej/Documents/GitHub/Game-Jam-2022/Content/GameObjects/Materials/pustatina_material.uasset" 12
"C:/Users/matej/Documents/GitHub/Game-Jam-2022/Content/GameObjects/Materials/pustatina_material.uexp" 13
"C:/Users/matej/Documents/GitHub/Game-Jam-2022/Content/GameObjects/Materials/stohy_material.uasset" 14
"C:/Users/matej/Documents/GitHub/Game-Jam-2022/Content/GameObjects/Materials/stohy_material.uexp" 15
"C:/Users/matej/Documents/GitHub/Game-Jam-2022/Content/GameObjects/Materials/Blocks/ker_material.uasset" 16
"C:/Users/matej/Documents/GitHub/Game-Jam-2022/Content/GameObjects/Materials/Blocks/ker_material.uexp" 17
"C:/Users/matej/Documents/GitHub/Game-Jam-2022/Content/GameObjects/Materials/Blocks/posedenie_material.uasset" 18
"C:/Users/matej/Documents/GitHub/Game-Jam-2022/Content/GameObjects/Materials/Blocks/posedenie_material.uexp" 19
"C:/Users/matej/Documents/GitHub/Game-Jam-2022/Content/GameObjects/Textures/rieka1_texture.uasset" 20
"C:/Users/matej/Documents/GitHub/Game-Jam-2022/Content/GameObjects/Textures/rieka1_texture.uexp" 21
"C:/Users/matej/Documents/GitHub/Game-Jam-2022/Content/GameObjects/Textures/rieka1_texture.ubulk" 22
"C:/Users/matej/Documents/GitHub/Game-Jam-2022/Content/GameObjects/Textures/rieka2_texture.uasset" 23
"C:/Users/matej/Documents/GitHub/Game-Jam-2022/Content/GameObjects/Textures/rieka2_texture.uexp" 24
"C:/Users/matej/Documents/GitHub/Game-Jam-2022/Content/GameObjects/Textures/rieka2_texture.ubulk" 25
"C:/Users/matej/Documents/GitHub/Game-Jam-2022/Content/GameObjects/Textures/rieka3_texture.uasset" 26
"C:/Users/matej/Documents/GitHub/Game-Jam-2022/Content/GameObjects/Textures/rieka3_texture.uexp" 27
"C:/Users/matej/Documents/GitHub/Game-Jam-2022/Content/GameObjects/Textures/rieka3_texture.ubulk" 28
"../../../Engine/Content/EngineMaterials/T_Default_Material_Grid_N.uasset" 29
"../../../Engine/Content/EngineMaterials/T_Default_Material_Grid_N.uexp" 30
"../../../Engine/Content/EngineMaterials/T_Default_Material_Grid_N.ubulk" 31
"../../../Engine/Content/EngineMaterials/T_Default_Material_Grid_M.uasset" 32
"../../../Engine/Content/EngineMaterials/T_Default_Material_Grid_M.uexp" 33
"../../../Engine/Content/EngineMaterials/T_Default_Material_Grid_M.ubulk" 34
"../../../Engine/Content/Functions/Engine_MaterialFunctions01/Opacity/CameraDepthFade.uasset" 35
"../../../Engine/Content/Functions/Engine_MaterialFunctions01/Opacity/CameraDepthFade.uexp" 36
"../../../Engine/Content/EngineMaterials/WorldGridMaterial.uasset" 37
"../../../Engine/Content/EngineMaterials/WorldGridMaterial.uexp" 38
"../../../Engine/Content/ArtTools/RenderToTexture/Meshes/S_1_Unit_Plane.uasset" 39
"../../../Engine/Content/ArtTools/RenderToTexture/Meshes/S_1_Unit_Plane.uexp" 40
"../../../Engine/Content/EngineMaterials/DefaultMaterial.uasset" 41
"../../../Engine/Content/EngineMaterials/DefaultMaterial.uexp" 42
"../../../Engine/Content/BasicShapes/Cone.uasset" 43
"../../../Engine/Content/BasicShapes/Cone.uexp" 44
"../../../Engine/Content/BasicShapes/Plane.uasset" 45
"../../../Engine/Content/BasicShapes/Plane.uexp" 46
"../../../Engine/Content/BasicShapes/Sphere.uasset" 47
"../../../Engine/Content/BasicShapes/Sphere.uexp" 48
"../../../Engine/Content/EditorLandscapeResources/DataLayer.uasset" 49
"../../../Engine/Content/EditorLandscapeResources/DataLayer.uexp" 50
"../../../Engine/Content/EditorLandscapeResources/DefaultAlphaTexture.uasset" 51
"../../../Engine/Content/EditorLandscapeResources/DefaultAlphaTexture.uexp" 52
"../../../Engine/Content/EditorMaterials/MAT_Groups_Toggle.uasset" 53
"../../../Engine/Content/EditorMaterials/MAT_Groups_Toggle.uexp" 54
"../../../Engine/Content/EditorMaterials/MAT_Groups_Visibility.uasset" 55
"../../../Engine/Content/EditorMaterials/MAT_Groups_Visibility.uexp" 56
"../../../Engine/Content/EditorMaterials/PreviewShadowIndicator.uasset" 57
"../../../Engine/Content/EditorMaterials/PreviewShadowIndicator.uexp" 58
"../../../Engine/Content/EditorMaterials/PreviewShadowIndicator.ubulk" 59
"../../../Engine/Content/EditorMaterials/PreviewShadowIndicatorMaterial.uasset" 60
"../../../Engine/Content/EditorMaterials/PreviewShadowIndicatorMaterial.uexp" 61
"../../../Engine/Content/EditorMaterials/MatineeGroups/MAT_ColorTrack.uasset" 62
"../../../Engine/Content/EditorMaterials/MatineeGroups/MAT_ColorTrack.uexp" 63
"../../../Engine/Content/EditorMaterials/MatineeGroups/MAT_Groups_Anim.uasset" 64
"../../../Engine/Content/EditorMaterials/MatineeGroups/MAT_Groups_Anim.uexp" 65
"../../../Engine/Content/EditorMaterials/MatineeGroups/MAT_Groups_AudioMaster.uasset" 66
"../../../Engine/Content/EditorMaterials/MatineeGroups/MAT_Groups_AudioMaster.uexp" 67
"../../../Engine/Content/EditorMaterials/MatineeGroups/MAT_Groups_Director.uasset" 68
"../../../Engine/Content/EditorMaterials/MatineeGroups/MAT_Groups_Director.uexp" 69
"../../../Engine/Content/EditorMaterials/MatineeGroups/MAT_Groups_Event.uasset" 70
"../../../Engine/Content/EditorMaterials/MatineeGroups/MAT_Groups_Event.uexp" 71
"../../../Engine/Content/EditorMaterials/MatineeGroups/MAT_Groups_Fade.uasset" 72
"../../../Engine/Content/EditorMaterials/MatineeGroups/MAT_Groups_Fade.uexp" 73
"../../../Engine/Content/EditorMaterials/MatineeGroups/MAT_Groups_Float.uasset" 74
"../../../Engine/Content/EditorMaterials/MatineeGroups/MAT_Groups_Float.uexp" 75
"../../../Engine/Content/EditorMaterials/MatineeGroups/MAT_Groups_Move.uasset" 76
"../../../Engine/Content/EditorMaterials/MatineeGroups/MAT_Groups_Move.uexp" 77
"../../../Engine/Content/EditorMaterials/MatineeGroups/MAT_Groups_Slomo.uasset" 78
"../../../Engine/Content/EditorMaterials/MatineeGroups/MAT_Groups_Slomo.uexp" 79
"../../../Engine/Content/EditorMaterials/MatineeGroups/MAT_Groups_Sound.uasset" 80
"../../../Engine/Content/EditorMaterials/MatineeGroups/MAT_Groups_Sound.uexp" 81
"../../../Engine/Content/EditorMaterials/MatineeGroups/MAT_Groups_Vector.uasset" 82
"../../../Engine/Content/EditorMaterials/MatineeGroups/MAT_Groups_Vector.uexp" 83
"../../../Engine/Content/EditorMaterials/ParticleSystems/PSysThumbnail_NoImage.uasset" 84
"../../../Engine/Content/EditorMaterials/ParticleSystems/PSysThumbnail_NoImage.uexp" 85
"../../../Engine/Content/EditorMaterials/ParticleSystems/PSysThumbnail_NoImage.ubulk" 86
"../../../Engine/Content/EditorMaterials/ParticleSystems/PSysThumbnail_OOD.uasset" 87
"../../../Engine/Content/EditorMaterials/ParticleSystems/PSysThumbnail_OOD.uexp" 88
"../../../Engine/Content/EditorMaterials/ParticleSystems/PSysThumbnail_OOD.ubulk" 89
"../../../Engine/Content/EditorMaterials/Camera/CineMat.uasset" 90
"../../../Engine/Content/EditorMaterials/Camera/CineMat.uexp" 91
"../../../Engine/Content/EditorMaterials/Camera/MI_CineMat_Rig.uasset" 92
"../../../Engine/Content/EditorMaterials/Camera/MI_CineMat_Rig.uexp" 93
"../../../Engine/Content/EditorMeshes/Camera/SM_CraneRig_Arm.uasset" 94
"../../../Engine/Content/EditorMeshes/Camera/SM_CraneRig_Arm.uexp" 95
"../../../Engine/Content/EditorMeshes/Camera/SM_CraneRig_Base.uasset" 96
"../../../Engine/Content/EditorMeshes/Camera/SM_CraneRig_Base.uexp" 97
"../../../Engine/Content/EditorMeshes/Camera/SM_CraneRig_Body.uasset" 98
"../../../Engine/Content/EditorMeshes/Camera/SM_CraneRig_Body.uexp" 99
"../../../Engine/Content/EditorMeshes/Camera/SM_CraneRig_Mount.uasset" 100
"../../../Engine/Content/EditorMeshes/Camera/SM_CraneRig_Mount.uexp" 101
"../../../Engine/Content/EditorMeshes/Camera/SM_RailRig_Mount.uasset" 102
"../../../Engine/Content/EditorMeshes/Camera/SM_RailRig_Mount.uexp" 103
"../../../Engine/Content/EditorMeshes/Camera/SM_RailRig_Track.uasset" 104
"../../../Engine/Content/EditorMeshes/Camera/SM_RailRig_Track.uexp" 105
"../../../Engine/Content/EditorResources/BSPVertex.uasset" 106
"../../../Engine/Content/EditorResources/BSPVertex.uexp" 107
"../../../Engine/Content/EditorResources/EmptyActor.uasset" 108
"../../../Engine/Content/EditorResources/EmptyActor.uexp" 109
"../../../Engine/Content/EditorResources/S_Actor.uasset" 110
"../../../Engine/Content/EditorResources/S_Actor.uexp" 111
"../../../Engine/Content/EditorResources/S_Actor.ubulk" 112
"../../../Engine/Content/EditorResources/S_Note.uasset" 113
"../../../Engine/Content/EditorResources/S_Note.uexp" 114
"../../../Engine/Content/EditorResources/S_Note.ubulk" 115
"../../../Engine/Content/EditorResources/S_Solver.uasset" 116
"../../../Engine/Content/EditorResources/S_Solver.uexp" 117
"../../../Engine/Content/EditorResources/S_Solver.ubulk" 118
"../../../Engine/Content/EditorResources/S_Terrain.uasset" 119
"../../../Engine/Content/EditorResources/S_Terrain.uexp" 120
"../../../Engine/Content/EditorResources/S_Terrain.ubulk" 121
"../../../Engine/Content/EditorResources/S_Trigger.uasset" 122
"../../../Engine/Content/EditorResources/S_Trigger.uexp" 123
"../../../Engine/Content/EditorResources/S_Trigger.ubulk" 124
"../../../Engine/Content/EditorResources/SequenceRecorder/Countdown.uasset" 125
"../../../Engine/Content/EditorResources/SequenceRecorder/Countdown.uexp" 126
"../../../Engine/Content/EditorResources/SequenceRecorder/RecordingIndicator.uasset" 127
"../../../Engine/Content/EditorResources/SequenceRecorder/RecordingIndicator.uexp" 128
"../../../Engine/Content/EngineDamageTypes/DmgTypeBP_Environmental.uasset" 129
"../../../Engine/Content/EngineDamageTypes/DmgTypeBP_Environmental.uexp" 130
"../../../Engine/Content/EngineDebugMaterials/DebugEditorMaterial.uasset" 131
"../../../Engine/Content/EngineDebugMaterials/DebugEditorMaterial.uexp" 132
"../../../Engine/Content/EngineDebugMaterials/DebugMeshMaterial.uasset" 133
"../../../Engine/Content/EngineDebugMaterials/DebugMeshMaterial.uexp" 134
"../../../Engine/Content/EngineDebugMaterials/M_SimpleUnlitTranslucent.uasset" 135
"../../../Engine/Content/EngineDebugMaterials/M_SimpleUnlitTranslucent.uexp" 136
"../../../Engine/Content/EngineDebugMaterials/VolumeToRender.uasset" 137
"../../../Engine/Content/EngineDebugMaterials/VolumeToRender.uexp" 138
"../../../Engine/Content/Functions/Engine_MaterialFunctions02/Utility/CameraDirectionVector.uasset" 139
"../../../Engine/Content/Functions/Engine_MaterialFunctions02/Utility/CameraDirectionVector.uexp" 140
"../../../Engine/Content/EngineDebugMaterials/M_VolumeRenderSphereTracePP.uasset" 141
"../../../Engine/Content/EngineDebugMaterials/M_VolumeRenderSphereTracePP.uexp" 142
"../../../Engine/Content/Functions/Engine_MaterialFunctions01/Shading/ConvertFromDiffSpec.uasset" 143
"../../../Engine/Content/Functions/Engine_MaterialFunctions01/Shading/ConvertFromDiffSpec.uexp" 144
"../../../Engine/Content/EngineDebugMaterials/VertexColorMaterial.uasset" 145
"../../../Engine/Content/EngineDebugMaterials/VertexColorMaterial.uexp" 146
"../../../Engine/Content/EngineDebugMaterials/WireframeMaterial.uasset" 147
"../../../Engine/Content/EngineDebugMaterials/WireframeMaterial.uexp" 148
"../../../Engine/Content/EngineFonts/Faces/RobotoRegular.uasset" 149
"../../../Engine/Content/EngineFonts/Faces/RobotoRegular.uexp" 150
"../../../Engine/Content/EngineFonts/Faces/RobotoRegular.ufont" 151
"../../../Engine/Content/EngineFonts/Faces/RobotoLight.uasset" 152
"../../../Engine/Content/EngineFonts/Faces/RobotoLight.uexp" 153
"../../../Engine/Content/EngineFonts/Faces/RobotoLight.ufont" 154
"../../../Engine/Content/EngineFonts/Faces/RobotoItalic.uasset" 155
"../../../Engine/Content/EngineFonts/Faces/RobotoItalic.uexp" 156
"../../../Engine/Content/EngineFonts/Faces/RobotoItalic.ufont" 157
"../../../Engine/Content/EngineFonts/Faces/RobotoBoldItalic.uasset" 158
"../../../Engine/Content/EngineFonts/Faces/RobotoBoldItalic.uexp" 159
"../../../Engine/Content/EngineFonts/Faces/RobotoBoldItalic.ufont" 160
"../../../Engine/Content/EngineFonts/Faces/RobotoBold.uasset" 161
"../../../Engine/Content/EngineFonts/Faces/RobotoBold.uexp" 162
"../../../Engine/Content/EngineFonts/Faces/RobotoBold.ufont" 163
"../../../Engine/Content/EngineFonts/Faces/DroidSansFallback.uasset" 164
"../../../Engine/Content/EngineFonts/Faces/DroidSansFallback.uexp" 165
"../../../Engine/Content/EngineFonts/Faces/DroidSansFallback.ufont" 166
"../../../Engine/Content/EngineFonts/Roboto.uasset" 167
"../../../Engine/Content/EngineFonts/Roboto.uexp" 168
"../../../Engine/Content/EngineMaterials/BaseFlattenNormalMap.uasset" 169
"../../../Engine/Content/EngineMaterials/BaseFlattenNormalMap.uexp" 170
"../../../Engine/Content/EngineMaterials/BaseFlattenGrayscaleMap.uasset" 171
"../../../Engine/Content/EngineMaterials/BaseFlattenGrayscaleMap.uexp" 172
"../../../Engine/Content/EngineMaterials/BaseFlattenEmissiveMap.uasset" 173
"../../../Engine/Content/EngineMaterials/BaseFlattenEmissiveMap.uexp" 174
"../../../Engine/Content/EngineMaterials/BaseFlattenDiffuseMap.uasset" 175
"../../../Engine/Content/EngineMaterials/BaseFlattenDiffuseMap.uexp" 176
"../../../Engine/Content/EngineMaterials/BaseFlattenMaterial.uasset" 177
"../../../Engine/Content/EngineMaterials/BaseFlattenMaterial.uexp" 178
"../../../Engine/Content/EngineMaterials/BlueNoise.uasset" 179
"../../../Engine/Content/EngineMaterials/BlueNoise.uexp" 180
"../../../Engine/Content/EngineMaterials/DefaultBloomKernel.uasset" 181
"../../../Engine/Content/EngineMaterials/DefaultBloomKernel.uexp" 182
"../../../Engine/Content/EngineMaterials/DefaultBokeh.uasset" 183
"../../../Engine/Content/EngineMaterials/DefaultBokeh.uexp" 184
"../../../Engine/Content/EngineMaterials/DefaultDiffuse.uasset" 185
"../../../Engine/Content/EngineMaterials/DefaultDiffuse.uexp" 186
"../../../Engine/Content/EngineMaterials/DefaultDiffuse.ubulk" 187
"../../../Engine/Content/EngineMaterials/DefaultDeferredDecalMaterial.uasset" 188
"../../../Engine/Content/EngineMaterials/DefaultDeferredDecalMaterial.uexp" 189
"../../../Engine/Content/EngineMaterials/DefaultLightFunctionMaterial.uasset" 190
"../../../Engine/Content/EngineMaterials/DefaultLightFunctionMaterial.uexp" 191
"../../../Engine/Content/EngineMaterials/DefaultPhysicalMaterial.uasset" 192
"../../../Engine/Content/EngineMaterials/DefaultPhysicalMaterial.uexp" 193
"../../../Engine/Content/Functions/Engine_MaterialFunctions02/Utility/BreakOutFloat2Components.uasset" 194
"../../../Engine/Content/Functions/Engine_MaterialFunctions02/Utility/BreakOutFloat2Components.uexp" 195
"../../../Engine/Content/EngineMaterials/DefaultPostProcessMaterial.uasset" 196
"../../../Engine/Content/EngineMaterials/DefaultPostProcessMaterial.uexp" 197
"../../../Engine/Content/EngineFonts/RobotoDistanceField.uasset" 198
"../../../Engine/Content/EngineFonts/RobotoDistanceField.uexp" 199
"../../../Engine/Content/EngineMaterials/DefaultTextMaterialOpaque.uasset" 200
"../../../Engine/Content/EngineMaterials/DefaultTextMaterialOpaque.uexp" 201
"../../../Engine/Content/EngineMaterials/DefaultWhiteGrid.uasset" 202
"../../../Engine/Content/EngineMaterials/DefaultWhiteGrid.uexp" 203
"../../../Engine/Content/EngineMaterials/DefaultWhiteGrid.ubulk" 204
"../../../Engine/Content/EngineMaterials/DefaultWhiteGrid_Low.uasset" 205
"../../../Engine/Content/EngineMaterials/DefaultWhiteGrid_Low.uexp" 206
"../../../Engine/Content/EngineMaterials/EmissiveMeshMaterial.uasset" 207
"../../../Engine/Content/EngineMaterials/EmissiveMeshMaterial.uexp" 208
"../../../Engine/Content/EngineMaterials/GizmoMaterial.uasset" 209
"../../../Engine/Content/EngineMaterials/GizmoMaterial.uexp" 210
"../../../Engine/Content/EngineMaterials/Good64x64TilingNoiseHighFreq.uasset" 211
"../../../Engine/Content/EngineMaterials/Good64x64TilingNoiseHighFreq.uexp" 212
"../../../Engine/Content/EngineMaterials/MiniFont.uasset" 213
"../../../Engine/Content/EngineMaterials/MiniFont.uexp" 214
"../../../Engine/Content/EngineMaterials/InvalidLightmapSettings.uasset" 215
"../../../Engine/Content/EngineMaterials/InvalidLightmapSettings.uexp" 216
"../../../Engine/Content/EngineMaterials/InvalidLightmapSettings.ubulk" 217
"../../../Engine/Content/EngineMaterials/M_InvalidLightmapSettings.uasset" 218
"../../../Engine/Content/EngineMaterials/M_InvalidLightmapSettings.uexp" 219
"../../../Engine/Content/Functions/Engine_MaterialFunctions02/WorldPositionOffset/CameraOffset.uasset" 220
"../../../Engine/Content/Functions/Engine_MaterialFunctions02/WorldPositionOffset/CameraOffset.uexp" 221
"../../../Engine/Content/EngineMaterials/PhAT_JointLimitMaterial.uasset" 222
"../../../Engine/Content/EngineMaterials/PhAT_JointLimitMaterial.uexp" 223
"../../../Engine/Content/EngineMaterials/DefaultCalibrationColor.uasset" 224
"../../../Engine/Content/EngineMaterials/DefaultCalibrationColor.uexp" 225
"../../../Engine/Content/EngineMaterials/PPM_DefaultCalibrationColor.uasset" 226
"../../../Engine/Content/EngineMaterials/PPM_DefaultCalibrationColor.uexp" 227
"../../../Engine/Content/EngineMaterials/DefaultCalibrationGrayscale.uasset" 228
"../../../Engine/Content/EngineMaterials/DefaultCalibrationGrayscale.uexp" 229
"../../../Engine/Content/EngineMaterials/PPM_DefaultCalibrationGrayscale.uasset" 230
"../../../Engine/Content/EngineMaterials/PPM_DefaultCalibrationGrayscale.uexp" 231
"../../../Engine/Content/EngineMaterials/PreintegratedSkinBRDF.uasset" 232
"../../../Engine/Content/EngineMaterials/PreintegratedSkinBRDF.uexp" 233
"../../../Engine/Content/EngineMaterials/RemoveSurfaceMaterial.uasset" 234
"../../../Engine/Content/EngineMaterials/RemoveSurfaceMaterial.uexp" 235
"../../../Engine/Content/EngineMaterials/WeightMapPlaceholderTexture.uasset" 236
"../../../Engine/Content/EngineMaterials/WeightMapPlaceholderTexture.uexp" 237
"../../../Engine/Content/EngineResources/WhiteSquareTexture.uasset" 238
"../../../Engine/Content/EngineResources/WhiteSquareTexture.uexp" 239
"../../../Engine/Content/EngineMaterials/Widget3DPassThrough.uasset" 240
"../../../Engine/Content/EngineMaterials/Widget3DPassThrough.uexp" 241
"../../../Engine/Content/EngineMaterials/Widget3DPassThrough_Masked.uasset" 242
"../../../Engine/Content/EngineMaterials/Widget3DPassThrough_Masked.uexp" 243
"../../../Engine/Content/EngineMaterials/Widget3DPassThrough_Opaque.uasset" 244
"../../../Engine/Content/EngineMaterials/Widget3DPassThrough_Opaque.uexp" 245
"../../../Engine/Content/EngineMaterials/Widget3DPassThrough_Masked_OneSided.uasset" 246
"../../../Engine/Content/EngineMaterials/Widget3DPassThrough_Masked_OneSided.uexp" 247
"../../../Engine/Content/EngineMaterials/Widget3DPassThrough_Opaque_OneSided.uasset" 248
"../../../Engine/Content/EngineMaterials/Widget3DPassThrough_Opaque_OneSided.uexp" 249
"../../../Engine/Content/EngineMaterials/Widget3DPassThrough_Translucent.uasset" 250
"../../../Engine/Content/EngineMaterials/Widget3DPassThrough_Translucent.uexp" 251
"../../../Engine/Content/EngineMaterials/Widget3DPassThrough_Translucent_OneSided.uasset" 252
"../../../Engine/Content/EngineMaterials/Widget3DPassThrough_Translucent_OneSided.uexp" 253
"../../../Engine/Content/EngineMeshes/Cylinder.uasset" 254
"../../../Engine/Content/EngineMeshes/Cylinder.uexp" 255
"../../../Engine/Content/EngineMeshes/Sphere.uasset" 256
"../../../Engine/Content/EngineMeshes/Sphere.uexp" 257
"../../../Engine/Content/EngineResources/Black.uasset" 258
"../../../Engine/Content/EngineResources/Black.uexp" 259
"../../../Engine/Content/EngineResources/DefaultTexture.uasset" 260
"../../../Engine/Content/EngineResources/DefaultTexture.uexp" 261
"../../../Engine/Content/EngineResources/DefaultTexture.ubulk" 262
"../../../Engine/Content/EngineResources/DefaultTextureCube.uasset" 263
"../../../Engine/Content/EngineResources/DefaultTextureCube.uexp" 264
"../../../Engine/Content/EngineResources/DefaultVolumeTexture2D.uasset" 265
"../../../Engine/Content/EngineResources/DefaultVolumeTexture2D.uexp" 266
"../../../Engine/Content/EngineResources/DefaultVolumeTexture.uasset" 267
"../../../Engine/Content/EngineResources/DefaultVolumeTexture.uexp" 268
"../../../Engine/Content/EngineResources/GradientTexture0.uasset" 269
"../../../Engine/Content/EngineResources/GradientTexture0.uexp" 270
"../../../Engine/Content/EngineSky/VolumetricClouds/T_NoiseShape64.uasset" 271
"../../../Engine/Content/EngineSky/VolumetricClouds/T_NoiseShape64.uexp" 272
"../../../Engine/Content/EngineSky/VolumetricClouds/T_NoiseShape64.ubulk" 273
"../../../Engine/Content/EngineSky/VolumetricClouds/T_VolumeNoiseShape64.uasset" 274
"../../../Engine/Content/EngineSky/VolumetricClouds/T_VolumeNoiseShape64.uexp" 275
"../../../Engine/Content/EngineSky/VolumetricClouds/T_NoiseErosion.uasset" 276
"../../../Engine/Content/EngineSky/VolumetricClouds/T_NoiseErosion.uexp" 277
"../../../Engine/Content/EngineSky/VolumetricClouds/T_NoiseErosion.ubulk" 278
"../../../Engine/Content/EngineSky/VolumetricClouds/T_VolumeNoiseErosion32.uasset" 279
"../../../Engine/Content/EngineSky/VolumetricClouds/T_VolumeNoiseErosion32.uexp" 280
"../../../Engine/Content/EngineSky/VolumetricClouds/CloudWeatherTexture.uasset" 281
"../../../Engine/Content/EngineSky/VolumetricClouds/CloudWeatherTexture.uexp" 282
"../../../Engine/Content/EngineSky/VolumetricClouds/CloudGradientTexture.uasset" 283
"../../../Engine/Content/EngineSky/VolumetricClouds/CloudGradientTexture.uexp" 284
"../../../Engine/Content/Functions/Engine_MaterialFunctions02/Utility/MakeFloat2.uasset" 285
"../../../Engine/Content/Functions/Engine_MaterialFunctions02/Utility/MakeFloat2.uexp" 286
"../../../Engine/Content/EngineSky/VolumetricClouds/m_SimpleVolumetricCloud.uasset" 287
"../../../Engine/Content/EngineSky/VolumetricClouds/m_SimpleVolumetricCloud.uexp" 288
"../../../Engine/Content/EngineSky/VolumetricClouds/m_SimpleVolumetricCloud_Inst.uasset" 289
"../../../Engine/Content/EngineSky/VolumetricClouds/m_SimpleVolumetricCloud_Inst.uexp" 290
"../../../Engine/Content/EngineSounds/Master.uasset" 291
"../../../Engine/Content/EngineSounds/Master.uexp" 292
"../../../Engine/Content/Functions/Engine_MaterialFunctions01/Shading/PowerToRoughness.uasset" 293
"../../../Engine/Content/Functions/Engine_MaterialFunctions01/Shading/PowerToRoughness.uexp" 294
"../../../Engine/Content/Maps/Templates/Thumbnails/Default.uasset" 295
"../../../Engine/Content/Maps/Templates/Thumbnails/Default.uexp" 296
"../../../Engine/Content/Maps/Templates/Thumbnails/TimeOfDay.uasset" 297
"../../../Engine/Content/Maps/Templates/Thumbnails/TimeOfDay.uexp" 298
"../../../Engine/Content/Maps/Templates/Thumbnails/VR-Basic.uasset" 299
"../../../Engine/Content/Maps/Templates/Thumbnails/VR-Basic.uexp" 300
"../../../Engine/Content/MobileResources/T_MobileControls_texture.uasset" 301
"../../../Engine/Content/MobileResources/T_MobileControls_texture.uexp" 302
"../../../Engine/Content/MobileResources/T_MobileMenu2.uasset" 303
"../../../Engine/Content/MobileResources/T_MobileMenu2.uexp" 304
"../../../Engine/Content/MobileResources/HUD/AnalogHat.uasset" 305
"../../../Engine/Content/MobileResources/HUD/AnalogHat.uexp" 306
"../../../Engine/Content/MobileResources/HUD/VirtualJoystick_Thumb.uasset" 307
"../../../Engine/Content/MobileResources/HUD/VirtualJoystick_Thumb.uexp" 308
"../../../Engine/Content/MobileResources/HUD/VirtualJoystick_Background.uasset" 309
"../../../Engine/Content/MobileResources/HUD/VirtualJoystick_Background.uexp" 310
"../../../Engine/Content/MobileResources/HUD/DefaultVirtualJoysticks.uasset" 311
"../../../Engine/Content/MobileResources/HUD/DefaultVirtualJoysticks.uexp" 312
"../../../Engine/Content/MobileResources/HUD/LeftVirtualJoystickOnly.uasset" 313
"../../../Engine/Content/MobileResources/HUD/LeftVirtualJoystickOnly.uexp" 314
"../../../Engine/Content/MobileResources/HUD/MobileHUDButton1_off.uasset" 315
"../../../Engine/Content/MobileResources/HUD/MobileHUDButton1_off.uexp" 316
"../../../Engine/Content/MobileResources/HUD/MobileHUDButton1_on.uasset" 317
"../../../Engine/Content/MobileResources/HUD/MobileHUDButton1_on.uexp" 318
"../../../Engine/Content/MobileResources/HUD/MobileHUDButton2_off.uasset" 319
"../../../Engine/Content/MobileResources/HUD/MobileHUDButton2_off.uexp" 320
"../../../Engine/Content/MobileResources/HUD/MobileHUDButton2_on.uasset" 321
"../../../Engine/Content/MobileResources/HUD/MobileHUDButton2_on.uexp" 322
"../../../Engine/Content/MobileResources/HUD/MobileHUDButton3.uasset" 323
"../../../Engine/Content/MobileResources/HUD/MobileHUDButton3.uexp" 324
"../../../Engine/Content/MobileResources/HUD/MobileHUDButtonFire.uasset" 325
"../../../Engine/Content/MobileResources/HUD/MobileHUDButtonFire.uexp" 326
"../../../Engine/Content/MobileResources/HUD/MobileHUDDirectionPad.uasset" 327
"../../../Engine/Content/MobileResources/HUD/MobileHUDDirectionPad.uexp" 328
"../../../Engine/Content/MobileResources/HUD/MobileHUDDirectionPad2.uasset" 329
"../../../Engine/Content/MobileResources/HUD/MobileHUDDirectionPad2.uexp" 330
"../../../Engine/Content/MobileResources/HUD/MobileHUDDirectionPad3.uasset" 331
"../../../Engine/Content/MobileResources/HUD/MobileHUDDirectionPad3.uexp" 332
"../../../Engine/Content/MobileResources/HUD/MobileHUDDirectionStick.uasset" 333
"../../../Engine/Content/MobileResources/HUD/MobileHUDDirectionStick.uexp" 334
"../../../Engine/Content/MobileResources/HUD/T_Castle_ThumbstickInner.uasset" 335
"../../../Engine/Content/MobileResources/HUD/T_Castle_ThumbstickInner.uexp" 336
"../../../Engine/Content/MobileResources/HUD/T_Castle_ThumbstickOutter.uasset" 337
"../../../Engine/Content/MobileResources/HUD/T_Castle_ThumbstickOutter.uexp" 338
"../../../Engine/Content/Tutorial/ContentIntroCurve.uasset" 339
"../../../Engine/Content/Tutorial/ContentIntroCurve.uexp" 340
"../../../Engine/Content/VREditor/TransformGizmo/TranslucentTransformGizmoMaterial.uasset" 341
"../../../Engine/Content/VREditor/TransformGizmo/TranslucentTransformGizmoMaterial.uexp" 342
"../../../Engine/Content/VREditor/LaserPointer/VR_LaserPower_01.uasset" 343
"../../../Engine/Content/VREditor/LaserPointer/VR_LaserPower_01.uexp" 344
"../../../Engine/Content/VREditor/LaserPointer/VR_LaserPower_01.ubulk" 345
"../../../Engine/Content/VREditor/TransformGizmo/TransformGizmoMaterial.uasset" 346
"../../../Engine/Content/VREditor/TransformGizmo/TransformGizmoMaterial.uexp" 347
"../../../Engine/Content/VREditor/TransformGizmo/BoundingBoxCorner.uasset" 348
"../../../Engine/Content/VREditor/TransformGizmo/BoundingBoxCorner.uexp" 349
"../../../Engine/Content/VREditor/TransformGizmo/BoundingBoxEdge.uasset" 350
"../../../Engine/Content/VREditor/TransformGizmo/BoundingBoxEdge.uexp" 351
"../../../Engine/Content/VREditor/TransformGizmo/PlaneTranslationHandle.uasset" 352
"../../../Engine/Content/VREditor/TransformGizmo/PlaneTranslationHandle.uexp" 353
"../../../Engine/Content/VREditor/TransformGizmo/Xray.uasset" 354
"../../../Engine/Content/VREditor/TransformGizmo/Xray.uexp" 355
"../../../Engine/Content/VREditor/TransformGizmo/Main.uasset" 356
"../../../Engine/Content/VREditor/TransformGizmo/Main.uexp" 357
"../../../Engine/Content/VREditor/TransformGizmo/SM_Sequencer_Key.uasset" 358
"../../../Engine/Content/VREditor/TransformGizmo/SM_Sequencer_Key.uexp" 359
"../../../Engine/Content/VREditor/TransformGizmo/SM_Sequencer_Node.uasset" 360
"../../../Engine/Content/VREditor/TransformGizmo/SM_Sequencer_Node.uexp" 361
"../../../Engine/Plugins/2D/Paper2D/Content/PlaceholderTextures/DummySpriteTexture.uasset" 362
"../../../Engine/Plugins/2D/Paper2D/Content/PlaceholderTextures/DummySpriteTexture.uexp" 363
"../../../Engine/Plugins/2D/Paper2D/Content/PlaceholderTextures/DummySpriteTexture.ubulk" 364
"../../../Engine/Plugins/2D/Paper2D/Content/DummySprite.uasset" 365
"../../../Engine/Plugins/2D/Paper2D/Content/DummySprite.uexp" 366
"../../../Engine/Plugins/2D/Paper2D/Content/DefaultPaperTerrainMaterial.uasset" 367
"../../../Engine/Plugins/2D/Paper2D/Content/DefaultPaperTerrainMaterial.uexp" 368
"../../../Engine/Plugins/2D/Paper2D/Content/DefaultSpriteMaterial.uasset" 369
"../../../Engine/Plugins/2D/Paper2D/Content/DefaultSpriteMaterial.uexp" 370
"../../../Engine/Plugins/2D/Paper2D/Content/MaskedUnlitSpriteMaterial.uasset" 371
"../../../Engine/Plugins/2D/Paper2D/Content/MaskedUnlitSpriteMaterial.uexp" 372
"../../../Engine/Plugins/2D/Paper2D/Content/OpaqueUnlitSpriteMaterial.uasset" 373
"../../../Engine/Plugins/2D/Paper2D/Content/OpaqueUnlitSpriteMaterial.uexp" 374
"../../../Engine/Content/Functions/Engine_MaterialFunctions02/Utility/BreakOutFloat3Components.uasset" 375
"../../../Engine/Content/Functions/Engine_MaterialFunctions02/Utility/BreakOutFloat3Components.uexp" 376
"../../../Engine/Plugins/Editor/SpeedTreeImporter/Content/SpeedTree9/UnpackInteger3.uasset" 377
"../../../Engine/Plugins/Editor/SpeedTreeImporter/Content/SpeedTree9/UnpackInteger3.uexp" 378
"../../../Engine/Plugins/Editor/SpeedTreeImporter/Content/SpeedTree9/UnpackDirection.uasset" 379
"../../../Engine/Plugins/Editor/SpeedTreeImporter/Content/SpeedTree9/UnpackDirection.uexp" 380
"../../../Engine/Plugins/Editor/SpeedTreeImporter/Content/SpeedTree9/game_wind_noise.uasset" 381
"../../../Engine/Plugins/Editor/SpeedTreeImporter/Content/SpeedTree9/game_wind_noise.uexp" 382
"../../../Engine/Plugins/Editor/SpeedTreeImporter/Content/SpeedTree9/game_wind_noise.ubulk" 383
"../../../Engine/Content/Functions/Engine_MaterialFunctions02/SafeNormalize.uasset" 384
"../../../Engine/Content/Functions/Engine_MaterialFunctions02/SafeNormalize.uexp" 385
"../../../Engine/Plugins/Editor/SpeedTreeImporter/Content/SpeedTree9/SpeedTreeWindMotion.uasset" 386
"../../../Engine/Plugins/Editor/SpeedTreeImporter/Content/SpeedTree9/SpeedTreeWindMotion.uexp" 387
"../../../Engine/Plugins/Editor/SpeedTreeImporter/Content/SpeedTree9/SpeedTreeBranchMotion.uasset" 388
"../../../Engine/Plugins/Editor/SpeedTreeImporter/Content/SpeedTree9/SpeedTreeBranchMotion.uexp" 389
"../../../Engine/Content/Functions/Engine_MaterialFunctions02/ObjectLocalBounds.uasset" 390
"../../../Engine/Content/Functions/Engine_MaterialFunctions02/ObjectLocalBounds.uexp" 391
"../../../Engine/Content/Functions/Engine_MaterialFunctions02/UVs/BoundingBoxBased_0-1_UVW.uasset" 392
"../../../Engine/Content/Functions/Engine_MaterialFunctions02/UVs/BoundingBoxBased_0-1_UVW.uexp" 393
"../../../Engine/Content/Functions/Engine_MaterialFunctions02/Utility/VectorLength.uasset" 394
"../../../Engine/Content/Functions/Engine_MaterialFunctions02/Utility/VectorLength.uexp" 395
"../../../Engine/Content/Functions/Engine_MaterialFunctions02/WorldPositionOffset/ObjectScale.uasset" 396
"../../../Engine/Content/Functions/Engine_MaterialFunctions02/WorldPositionOffset/ObjectScale.uexp" 397
"../../../Engine/Plugins/Editor/SpeedTreeImporter/Content/SpeedTree9/SpeedTreeWind.uasset" 398
"../../../Engine/Plugins/Editor/SpeedTreeImporter/Content/SpeedTree9/SpeedTreeWind.uexp" 399
"../../../Engine/Plugins/Editor/SpeedTreeImporter/Content/SpeedTree9/SpeedTreeBillboard.uasset" 400
"../../../Engine/Plugins/Editor/SpeedTreeImporter/Content/SpeedTree9/SpeedTreeBillboard.uexp" 401
"../../../Engine/Plugins/Editor/SpeedTreeImporter/Content/SpeedTree9/EmptyNormal.uasset" 402
"../../../Engine/Plugins/Editor/SpeedTreeImporter/Content/SpeedTree9/EmptyNormal.uexp" 403
"../../../Engine/Plugins/Editor/SpeedTreeImporter/Content/SpeedTree9/Empty.uasset" 404
"../../../Engine/Plugins/Editor/SpeedTreeImporter/Content/SpeedTree9/Empty.uexp" 405
"../../../Engine/Plugins/Editor/SpeedTreeImporter/Content/SpeedTree9/SpeedTreeBillboardMaster.uasset" 406
"../../../Engine/Plugins/Editor/SpeedTreeImporter/Content/SpeedTree9/SpeedTreeBillboardMaster.uexp" 407
"../../../Engine/Plugins/Editor/SpeedTreeImporter/Content/SpeedTree9/SpeedTreeCameraFacing.uasset" 408
"../../../Engine/Plugins/Editor/SpeedTreeImporter/Content/SpeedTree9/SpeedTreeCameraFacing.uexp" 409
"../../../Engine/Plugins/Editor/SpeedTreeImporter/Content/SpeedTree9/SpeedTreeMaster.uasset" 410
"../../../Engine/Plugins/Editor/SpeedTreeImporter/Content/SpeedTree9/SpeedTreeMaster.uexp" 411
"../../../Engine/Content/ArtTools/RenderToTexture/Materials/Debug/M_Emissive_Color.uasset" 412
"../../../Engine/Content/ArtTools/RenderToTexture/Materials/Debug/M_Emissive_Color.uexp" 413
"../../../Engine/Content/BasicShapes/Cylinder.uasset" 414
"../../../Engine/Content/BasicShapes/Cylinder.uexp" 415
"../../../Engine/Plugins/Lumin/MagicLeapPassableWorld/Content/MagicLeapARPinInfoActor.uasset" 416
"../../../Engine/Plugins/Lumin/MagicLeapPassableWorld/Content/MagicLeapARPinInfoActor.uexp" 417
"C:/Users/matej/Documents/GitHub/Game-Jam-2022/Content/MenuStuff/Akira_Expanded_Demo.uasset" 418
"C:/Users/matej/Documents/GitHub/Game-Jam-2022/Content/MenuStuff/Akira_Expanded_Demo.uexp" 419
"C:/Users/matej/Documents/GitHub/Game-Jam-2022/Content/MenuStuff/Akira_Expanded_Demo.ufont" 420
"C:/Users/matej/Documents/GitHub/Game-Jam-2022/Content/MenuStuff/Akira_Expanded_Demo_Font.uasset" 421
"C:/Users/matej/Documents/GitHub/Game-Jam-2022/Content/MenuStuff/Akira_Expanded_Demo_Font.uexp" 422
"C:/Users/matej/Documents/GitHub/Game-Jam-2022/Content/Pause/Oleksakspeaking.uasset" 423
"C:/Users/matej/Documents/GitHub/Game-Jam-2022/Content/Pause/Oleksakspeaking.uexp" 424
"C:/Users/matej/Documents/GitHub/Game-Jam-2022/Content/MenuStuff/title.uasset" 425
"C:/Users/matej/Documents/GitHub/Game-Jam-2022/Content/MenuStuff/title.uexp" 426
"C:/Users/matej/Documents/GitHub/Game-Jam-2022/Content/MenuStuff/blocksville.uasset" 427
"C:/Users/matej/Documents/GitHub/Game-Jam-2022/Content/MenuStuff/blocksville.uexp" 428
"C:/Users/matej/Documents/GitHub/Game-Jam-2022/Content/MenuStuff/OptionsMenu.uasset" 429
"C:/Users/matej/Documents/GitHub/Game-Jam-2022/Content/MenuStuff/OptionsMenu.uexp" 430
"C:/Users/matej/Documents/GitHub/Game-Jam-2022/Content/MenuStuff/Credits.uasset" 431
"C:/Users/matej/Documents/GitHub/Game-Jam-2022/Content/MenuStuff/Credits.uexp" 432
"C:/Users/matej/Documents/GitHub/Game-Jam-2022/Content/GameObjects/Components/Music/Mastermix/SFX.uasset" 433
"C:/Users/matej/Documents/GitHub/Game-Jam-2022/Content/GameObjects/Components/Music/Mastermix/SFX.uexp" 434
"C:/Users/matej/Documents/GitHub/Game-Jam-2022/Content/GameObjects/Components/Music/Mastermix/MenuStarting.uasset" 435
"C:/Users/matej/Documents/GitHub/Game-Jam-2022/Content/GameObjects/Components/Music/Mastermix/MenuStarting.uexp" 436
"C:/Users/matej/Documents/GitHub/Game-Jam-2022/Content/GameObjects/Components/Music/Mastermix/Music.uasset" 437
"C:/Users/matej/Documents/GitHub/Game-Jam-2022/Content/GameObjects/Components/Music/Mastermix/Music.uexp" 438
"C:/Users/matej/Documents/GitHub/Game-Jam-2022/Content/GameObjects/Components/Music/Mastermix/MasterSoundsClass.uasset" 439
"C:/Users/matej/Documents/GitHub/Game-Jam-2022/Content/GameObjects/Components/Music/Mastermix/MasterSoundsClass.uexp" 440
"C:/Users/matej/Documents/GitHub/Game-Jam-2022/Content/GameObjects/Components/Music/SCM_Unmute.uasset" 441
"C:/Users/matej/Documents/GitHub/Game-Jam-2022/Content/GameObjects/Components/Music/SCM_Unmute.uexp" 442
"C:/Users/matej/Documents/GitHub/Game-Jam-2022/Content/GameObjects/Components/Music/SCM_MUTE.uasset" 443
"C:/Users/matej/Documents/GitHub/Game-Jam-2022/Content/GameObjects/Components/Music/SCM_MUTE.uexp" 444
"../../../Engine/Content/EditorBlueprintResources/StandardMacros.uasset" 445
"../../../Engine/Content/EditorBlueprintResources/StandardMacros.uexp" 446
"C:/Users/matej/Documents/GitHub/Game-Jam-2022/Content/MenuStuff/MainMenuWidget.uasset" 447
"C:/Users/matej/Documents/GitHub/Game-Jam-2022/Content/MenuStuff/MainMenuWidget.uexp" 448
"C:/Users/matej/Documents/GitHub/Game-Jam-2022/Content/GameObjects/Components/Music/menu.uasset" 449
"C:/Users/matej/Documents/GitHub/Game-Jam-2022/Content/GameObjects/Components/Music/menu.uexp" 450
"C:/Users/matej/Documents/GitHub/Game-Jam-2022/Content/GameObjects/Components/Music/menu_cue.uasset" 451
"C:/Users/matej/Documents/GitHub/Game-Jam-2022/Content/GameObjects/Components/Music/menu_cue.uexp" 452
"C:/Users/matej/Documents/GitHub/Game-Jam-2022/Content/Maps/MainMenu.uexp" 453
"C:/Users/matej/Documents/GitHub/Game-Jam-2022/Content/Maps/MainMenu.umap" 454
"C:/Users/matej/Documents/GitHub/Game-Jam-2022/Content/Pause/PauseMenu.uasset" 455
"C:/Users/matej/Documents/GitHub/Game-Jam-2022/Content/Pause/PauseMenu.uexp" 456
"C:/Users/matej/Documents/GitHub/Game-Jam-2022/Content/GameObjects/Components/Music/background.uasset" 457
"C:/Users/matej/Documents/GitHub/Game-Jam-2022/Content/GameObjects/Components/Music/background.uexp" 458
"C:/Users/matej/Documents/GitHub/Game-Jam-2022/Content/GameObjects/Components/Music/background_Cue.uasset" 459
"C:/Users/matej/Documents/GitHub/Game-Jam-2022/Content/GameObjects/Components/Music/background_Cue.uexp" 460
"../../../Engine/Content/EngineSky/T_Sky_Stars.uasset" 461
"../../../Engine/Content/EngineSky/T_Sky_Stars.uexp" 462
"../../../Engine/Content/EngineSky/T_Sky_Stars.ubulk" 463
"../../../Engine/Content/EngineSky/T_Sky_Clouds_M.uasset" 464
"../../../Engine/Content/EngineSky/T_Sky_Clouds_M.uexp" 465
"../../../Engine/Content/EngineSky/T_Sky_Clouds_M.ubulk" 466
"../../../Engine/Content/EngineSky/T_Sky_Blue.uasset" 467
"../../../Engine/Content/EngineSky/T_Sky_Blue.uexp" 468
"../../../Engine/Content/EngineSky/T_Sky_Blue.ubulk" 469
"../../../Engine/Content/BasicShapes/Cube.uasset" 470
"../../../Engine/Content/BasicShapes/Cube.uexp" 471
"C:/Users/matej/Documents/GitHub/Game-Jam-2022/Content/GameObjects/Materials/DiceBackground.uasset" 472
"C:/Users/matej/Documents/GitHub/Game-Jam-2022/Content/GameObjects/Materials/DiceBackground.uexp" 473
"../../../Engine/Content/EngineSky/M_Sky_Panning_Clouds2.uasset" 474
"../../../Engine/Content/EngineSky/M_Sky_Panning_Clouds2.uexp" 475
"C:/Users/matej/Documents/GitHub/Game-Jam-2022/Content/GameObjects/Models/kocka.uasset" 476
"C:/Users/matej/Documents/GitHub/Game-Jam-2022/Content/GameObjects/Models/kocka.uexp" 477
"C:/Users/matej/Documents/GitHub/Game-Jam-2022/Content/GameObjects/Materials/Dice/Dice_T.uasset" 478
"C:/Users/matej/Documents/GitHub/Game-Jam-2022/Content/GameObjects/Materials/Dice/Dice_T.uexp" 479
"C:/Users/matej/Documents/GitHub/Game-Jam-2022/Content/GameObjects/Models/Cube.uasset" 480
"C:/Users/matej/Documents/GitHub/Game-Jam-2022/Content/GameObjects/Models/Cube.uexp" 481
"C:/Users/matej/Documents/GitHub/Game-Jam-2022/Content/GameObjects/Textures/rieka4_texture.uasset" 482
"C:/Users/matej/Documents/GitHub/Game-Jam-2022/Content/GameObjects/Textures/rieka4_texture.uexp" 483
"C:/Users/matej/Documents/GitHub/Game-Jam-2022/Content/GameObjects/Textures/rieka4_texture.ubulk" 484
"C:/Users/matej/Documents/GitHub/Game-Jam-2022/Content/GameObjects/Materials/Blocks/rieka4_material.uasset" 485
"C:/Users/matej/Documents/GitHub/Game-Jam-2022/Content/GameObjects/Materials/Blocks/rieka4_material.uexp" 486
"C:/Users/matej/Documents/GitHub/Game-Jam-2022/Content/GameObjects/Models/bloky/voda.uasset" 487
"C:/Users/matej/Documents/GitHub/Game-Jam-2022/Content/GameObjects/Models/bloky/voda.uexp" 488
"C:/Users/matej/Documents/GitHub/Game-Jam-2022/Content/GameObjects/Materials/ker_material_001.uasset" 489
"C:/Users/matej/Documents/GitHub/Game-Jam-2022/Content/GameObjects/Materials/ker_material_001.uexp" 490
"C:/Users/matej/Documents/GitHub/Game-Jam-2022/Content/GameObjects/Textures/strom3_texture.uasset" 491
"C:/Users/matej/Documents/GitHub/Game-Jam-2022/Content/GameObjects/Textures/strom3_texture.uexp" 492
"C:/Users/matej/Documents/GitHub/Game-Jam-2022/Content/GameObjects/Textures/strom3_texture.ubulk" 493
"C:/Users/matej/Documents/GitHub/Game-Jam-2022/Content/GameObjects/Materials/Blocks/strom3_material.uasset" 494
"C:/Users/matej/Documents/GitHub/Game-Jam-2022/Content/GameObjects/Materials/Blocks/strom3_material.uexp" 495
"C:/Users/matej/Documents/GitHub/Game-Jam-2022/Content/GameObjects/Textures/strom2_texture.uasset" 496
"C:/Users/matej/Documents/GitHub/Game-Jam-2022/Content/GameObjects/Textures/strom2_texture.uexp" 497
"C:/Users/matej/Documents/GitHub/Game-Jam-2022/Content/GameObjects/Textures/strom2_texture.ubulk" 498
"C:/Users/matej/Documents/GitHub/Game-Jam-2022/Content/GameObjects/Materials/Blocks/strom2_material.uasset" 499
"C:/Users/matej/Documents/GitHub/Game-Jam-2022/Content/GameObjects/Materials/Blocks/strom2_material.uexp" 500
"C:/Users/matej/Documents/GitHub/Game-Jam-2022/Content/GameObjects/Textures/strom1_texture.uasset" 501
"C:/Users/matej/Documents/GitHub/Game-Jam-2022/Content/GameObjects/Textures/strom1_texture.uexp" 502
"C:/Users/matej/Documents/GitHub/Game-Jam-2022/Content/GameObjects/Textures/strom1_texture.ubulk" 503
"C:/Users/matej/Documents/GitHub/Game-Jam-2022/Content/GameObjects/Materials/Blocks/strom1_material.uasset" 504
"C:/Users/matej/Documents/GitHub/Game-Jam-2022/Content/GameObjects/Materials/Blocks/strom1_material.uexp" 505
"C:/Users/matej/Documents/GitHub/Game-Jam-2022/Content/GameObjects/Textures/les_texture.uasset" 506
"C:/Users/matej/Documents/GitHub/Game-Jam-2022/Content/GameObjects/Textures/les_texture.uexp" 507
"C:/Users/matej/Documents/GitHub/Game-Jam-2022/Content/GameObjects/Textures/les_texture.ubulk" 508
"C:/Users/matej/Documents/GitHub/Game-Jam-2022/Content/GameObjects/Materials/Blocks/les_material.uasset" 509
"C:/Users/matej/Documents/GitHub/Game-Jam-2022/Content/GameObjects/Materials/Blocks/les_material.uexp" 510
"C:/Users/matej/Documents/GitHub/Game-Jam-2022/Content/GameObjects/Models/bloky/Stromy.uasset" 511
"C:/Users/matej/Documents/GitHub/Game-Jam-2022/Content/GameObjects/Models/bloky/Stromy.uexp" 512
"C:/Users/matej/Documents/GitHub/Game-Jam-2022/Content/GameObjects/Textures/stohy_texture.uasset" 513
"C:/Users/matej/Documents/GitHub/Game-Jam-2022/Content/GameObjects/Textures/stohy_texture.uexp" 514
"C:/Users/matej/Documents/GitHub/Game-Jam-2022/Content/GameObjects/Textures/stohy_texture.ubulk" 515
"C:/Users/matej/Documents/GitHub/Game-Jam-2022/Content/GameObjects/Materials/Blocks/stohy_material.uasset" 516
"C:/Users/matej/Documents/GitHub/Game-Jam-2022/Content/GameObjects/Materials/Blocks/stohy_material.uexp" 517
"C:/Users/matej/Documents/GitHub/Game-Jam-2022/Content/GameObjects/Textures/pole_texture.uasset" 518
"C:/Users/matej/Documents/GitHub/Game-Jam-2022/Content/GameObjects/Textures/pole_texture.uexp" 519
"C:/Users/matej/Documents/GitHub/Game-Jam-2022/Content/GameObjects/Textures/pole_texture.ubulk" 520
"C:/Users/matej/Documents/GitHub/Game-Jam-2022/Content/GameObjects/Materials/Blocks/pole_material.uasset" 521
"C:/Users/matej/Documents/GitHub/Game-Jam-2022/Content/GameObjects/Materials/Blocks/pole_material.uexp" 522
"C:/Users/matej/Documents/GitHub/Game-Jam-2022/Content/GameObjects/Models/bloky/Pole.uasset" 523
"C:/Users/matej/Documents/GitHub/Game-Jam-2022/Content/GameObjects/Models/bloky/Pole.uexp" 524
"C:/Users/matej/Documents/GitHub/Game-Jam-2022/Content/GameObjects/Textures/krcma_texture.uasset" 525
"C:/Users/matej/Documents/GitHub/Game-Jam-2022/Content/GameObjects/Textures/krcma_texture.uexp" 526
"C:/Users/matej/Documents/GitHub/Game-Jam-2022/Content/GameObjects/Textures/krcma_texture.ubulk" 527
"C:/Users/matej/Documents/GitHub/Game-Jam-2022/Content/GameObjects/Materials/Blocks/krcma_material.uasset" 528
"C:/Users/matej/Documents/GitHub/Game-Jam-2022/Content/GameObjects/Materials/Blocks/krcma_material.uexp" 529
"C:/Users/matej/Documents/GitHub/Game-Jam-2022/Content/GameObjects/Textures/krcma_dom_texture.uasset" 530
"C:/Users/matej/Documents/GitHub/Game-Jam-2022/Content/GameObjects/Textures/krcma_dom_texture.uexp" 531
"C:/Users/matej/Documents/GitHub/Game-Jam-2022/Content/GameObjects/Textures/krcma_dom_texture.ubulk" 532
"C:/Users/matej/Documents/GitHub/Game-Jam-2022/Content/GameObjects/Materials/Blocks/krcma_dom_material.uasset" 533
"C:/Users/matej/Documents/GitHub/Game-Jam-2022/Content/GameObjects/Materials/Blocks/krcma_dom_material.uexp" 534
"C:/Users/matej/Documents/GitHub/Game-Jam-2022/Content/GameObjects/Models/bloky/krcma.uasset" 535
"C:/Users/matej/Documents/GitHub/Game-Jam-2022/Content/GameObjects/Models/bloky/krcma.uexp" 536
"C:/Users/matej/Documents/GitHub/Game-Jam-2022/Content/GameObjects/Components/Music/popP.uasset" 537
"C:/Users/matej/Documents/GitHub/Game-Jam-2022/Content/GameObjects/Components/Music/popP.uexp" 538
"C:/Users/matej/Documents/GitHub/Game-Jam-2022/Content/GameObjects/Components/HUD/Game_over.uasset" 539
"C:/Users/matej/Documents/GitHub/Game-Jam-2022/Content/GameObjects/Components/HUD/Game_over.uexp" 540
"C:/Users/matej/Documents/GitHub/Game-Jam-2022/Content/GameObjects/Materials/RedMaterial.uasset" 541
"C:/Users/matej/Documents/GitHub/Game-Jam-2022/Content/GameObjects/Materials/RedMaterial.uexp" 542
"C:/Users/matej/Documents/GitHub/Game-Jam-2022/Content/GameObjects/Materials/GreenMaterial.uasset" 543
"C:/Users/matej/Documents/GitHub/Game-Jam-2022/Content/GameObjects/Materials/GreenMaterial.uexp" 544
"C:/Users/matej/Documents/GitHub/Game-Jam-2022/Content/GameObjects/Textures/blok_dom_texture.uasset" 545
"C:/Users/matej/Documents/GitHub/Game-Jam-2022/Content/GameObjects/Textures/blok_dom_texture.uexp" 546
"C:/Users/matej/Documents/GitHub/Game-Jam-2022/Content/GameObjects/Textures/blok_dom_texture.ubulk" 547
"C:/Users/matej/Documents/GitHub/Game-Jam-2022/Content/GameObjects/Materials/Blocks/dom_material.uasset" 548
"C:/Users/matej/Documents/GitHub/Game-Jam-2022/Content/GameObjects/Materials/Blocks/dom_material.uexp" 549
"C:/Users/matej/Documents/GitHub/Game-Jam-2022/Content/GameObjects/Textures/dom_texture.uasset" 550
"C:/Users/matej/Documents/GitHub/Game-Jam-2022/Content/GameObjects/Textures/dom_texture.uexp" 551
"C:/Users/matej/Documents/GitHub/Game-Jam-2022/Content/GameObjects/Textures/dom_texture.ubulk" 552
"C:/Users/matej/Documents/GitHub/Game-Jam-2022/Content/GameObjects/Materials/Blocks/blok_dom_material.uasset" 553
"C:/Users/matej/Documents/GitHub/Game-Jam-2022/Content/GameObjects/Materials/Blocks/blok_dom_material.uexp" 554
"C:/Users/matej/Documents/GitHub/Game-Jam-2022/Content/GameObjects/Models/bloky/Dom.uasset" 555
"C:/Users/matej/Documents/GitHub/Game-Jam-2022/Content/GameObjects/Models/bloky/Dom.uexp" 556
"C:/Users/matej/Documents/GitHub/Game-Jam-2022/Content/GameObjects/Textures/pustatina_texture.uasset" 557
"C:/Users/matej/Documents/GitHub/Game-Jam-2022/Content/GameObjects/Textures/pustatina_texture.uexp" 558
"C:/Users/matej/Documents/GitHub/Game-Jam-2022/Content/GameObjects/Textures/pustatina_texture.ubulk" 559
"C:/Users/matej/Documents/GitHub/Game-Jam-2022/Content/GameObjects/Materials/Blocks/Pustatina.uasset" 560
"C:/Users/matej/Documents/GitHub/Game-Jam-2022/Content/GameObjects/Materials/Blocks/Pustatina.uexp" 561
"C:/Users/matej/Documents/GitHub/Game-Jam-2022/Content/GameObjects/Components/Enums/SidesEnums.uasset" 562
"C:/Users/matej/Documents/GitHub/Game-Jam-2022/Content/GameObjects/Components/Enums/SidesEnums.uexp" 563
"C:/Users/matej/Documents/GitHub/Game-Jam-2022/Content/GameObjects/Models/bloky/Pustatina.uasset" 564
"C:/Users/matej/Documents/GitHub/Game-Jam-2022/Content/GameObjects/Models/bloky/Pustatina.uexp" 565
"C:/Users/matej/Documents/GitHub/Game-Jam-2022/Content/GameObjects/Components/Enums/BlocksEnums.uasset" 566
"C:/Users/matej/Documents/GitHub/Game-Jam-2022/Content/GameObjects/Components/Enums/BlocksEnums.uexp" 567
"C:/Users/matej/Documents/GitHub/Game-Jam-2022/Content/GameObjects/Components/Blueprints/SideBlock.uasset" 568
"C:/Users/matej/Documents/GitHub/Game-Jam-2022/Content/GameObjects/Components/Blueprints/SideBlock.uexp" 569
"C:/Users/matej/Documents/GitHub/Game-Jam-2022/Content/GameObjects/Components/Data/PlacedBlocksStruct.uasset" 570
"C:/Users/matej/Documents/GitHub/Game-Jam-2022/Content/GameObjects/Components/Data/PlacedBlocksStruct.uexp" 571
"C:/Users/matej/Documents/GitHub/Game-Jam-2022/Content/GameObjects/Components/Data/GlovalVars.uasset" 572
"C:/Users/matej/Documents/GitHub/Game-Jam-2022/Content/GameObjects/Components/Data/GlovalVars.uexp" 573
"C:/Users/matej/Documents/GitHub/Game-Jam-2022/Content/GameObjects/Components/Enums/DiceNumber.uasset" 574
"C:/Users/matej/Documents/GitHub/Game-Jam-2022/Content/GameObjects/Components/Enums/DiceNumber.uexp" 575
"C:/Users/matej/Documents/GitHub/Game-Jam-2022/Content/GameObjects/Components/HUD/HudIcons/water.uasset" 576
"C:/Users/matej/Documents/GitHub/Game-Jam-2022/Content/GameObjects/Components/HUD/HudIcons/water.uexp" 577
"C:/Users/matej/Documents/GitHub/Game-Jam-2022/Content/GameObjects/Components/HUD/HudIcons/Wasteland.uasset" 578
"C:/Users/matej/Documents/GitHub/Game-Jam-2022/Content/GameObjects/Components/HUD/HudIcons/Wasteland.uexp" 579
"C:/Users/matej/Documents/GitHub/Game-Jam-2022/Content/GameObjects/Components/HUD/HudIcons/House.uasset" 580
"C:/Users/matej/Documents/GitHub/Game-Jam-2022/Content/GameObjects/Components/HUD/HudIcons/House.uexp" 581
"C:/Users/matej/Documents/GitHub/Game-Jam-2022/Content/GameObjects/Components/HUD/HudIcons/Happy.uasset" 582
"C:/Users/matej/Documents/GitHub/Game-Jam-2022/Content/GameObjects/Components/HUD/HudIcons/Happy.uexp" 583
"C:/Users/matej/Documents/GitHub/Game-Jam-2022/Content/GameObjects/Components/HUD/HudIcons/Forest.uasset" 584
"C:/Users/matej/Documents/GitHub/Game-Jam-2022/Content/GameObjects/Components/HUD/HudIcons/Forest.uexp" 585
"C:/Users/matej/Documents/GitHub/Game-Jam-2022/Content/GameObjects/Components/HUD/HudIcons/Food.uasset" 586
"C:/Users/matej/Documents/GitHub/Game-Jam-2022/Content/GameObjects/Components/HUD/HudIcons/Food.uexp" 587
"C:/Users/matej/Documents/GitHub/Game-Jam-2022/Content/GameObjects/Materials/Dice/Dice_T_Mat.uasset" 588
"C:/Users/matej/Documents/GitHub/Game-Jam-2022/Content/GameObjects/Materials/Dice/Dice_T_Mat.uexp" 589
"C:/Users/matej/Documents/GitHub/Game-Jam-2022/Content/GameObjects/Components/HUD/Dice_UI_widget.uasset" 590
"C:/Users/matej/Documents/GitHub/Game-Jam-2022/Content/GameObjects/Components/HUD/Dice_UI_widget.uexp" 591
"C:/Users/matej/Documents/GitHub/Game-Jam-2022/Content/GameObjects/Components/Blueprints/Dice.uasset" 592
"C:/Users/matej/Documents/GitHub/Game-Jam-2022/Content/GameObjects/Components/Blueprints/Dice.uexp" 593
"C:/Users/matej/Documents/GitHub/Game-Jam-2022/Content/GameObjects/Components/Blueprints/BaseBlock.uasset" 594
"C:/Users/matej/Documents/GitHub/Game-Jam-2022/Content/GameObjects/Components/Blueprints/BaseBlock.uexp" 595
"C:/Users/matej/Documents/GitHub/Game-Jam-2022/Content/Character/CB_CameraController.uasset" 596
"C:/Users/matej/Documents/GitHub/Game-Jam-2022/Content/Character/CB_CameraController.uexp" 597
"C:/Users/matej/Documents/GitHub/Game-Jam-2022/Content/Character/CB_PlayerController.uasset" 598
"C:/Users/matej/Documents/GitHub/Game-Jam-2022/Content/Character/CB_PlayerController.uexp" 599
"C:/Users/matej/Documents/GitHub/Game-Jam-2022/Content/GameModes/CB_GameModeBase.uasset" 600
"C:/Users/matej/Documents/GitHub/Game-Jam-2022/Content/GameModes/CB_GameModeBase.uexp" 601
"../../../Engine/Content/EngineSky/SM_SkySphere.uasset" 602
"../../../Engine/Content/EngineSky/SM_SkySphere.uexp" 603
"../../../Engine/Content/EngineSky/C_Sky_Zenith_Color.uasset" 604
"../../../Engine/Content/EngineSky/C_Sky_Zenith_Color.uexp" 605
"../../../Engine/Content/EngineSky/C_Sky_Horizon_Color.uasset" 606
"../../../Engine/Content/EngineSky/C_Sky_Horizon_Color.uexp" 607
"../../../Engine/Content/EngineSky/C_Sky_Cloud_Color.uasset" 608
"../../../Engine/Content/EngineSky/C_Sky_Cloud_Color.uexp" 609
"../../../Engine/Content/EngineSky/BP_Sky_Sphere.uasset" 610
"../../../Engine/Content/EngineSky/BP_Sky_Sphere.uexp" 611
"C:/Users/matej/Documents/GitHub/Game-Jam-2022/Content/Maps/TestingMap_BuiltData.uasset" 612
"C:/Users/matej/Documents/GitHub/Game-Jam-2022/Content/Maps/TestingMap_BuiltData.uexp" 613
"C:/Users/matej/Documents/GitHub/Game-Jam-2022/Content/Maps/TestingMap_BuiltData.ubulk" 614
"C:/Users/matej/Documents/GitHub/Game-Jam-2022/Content/Maps/TestingMap.uexp" 615
"C:/Users/matej/Documents/GitHub/Game-Jam-2022/Content/Maps/TestingMap.umap" 616
"../../../Engine/Content/Maps/Entry_BuiltData.uasset" 617
"../../../Engine/Content/Maps/Entry_BuiltData.uexp" 618
"../../../Engine/Content/Maps/Entry.uexp" 619
"../../../Engine/Content/Maps/Entry.umap" 620
