Log file open, 07/18/22 14:33:31
LogWindows: Failed to load 'aqProf.dll' (GetLastError=126)
LogWindows: File 'aqProf.dll' does not exist
LogWindows: Failed to load 'VtuneApi.dll' (GetLastError=126)
LogWindows: File 'VtuneApi.dll' does not exist
LogWindows: Failed to load 'VtuneApi32e.dll' (GetLastError=126)
LogWindows: File 'VtuneApi32e.dll' does not exist
LogConsoleResponse: Display: Failed to find resolution value strings in scalability ini. Falling back to default.
LogConsoleResponse: Display: Failed to find resolution value strings in scalability ini. Falling back to default.
LogInit: Display: Running engine for game: Builder
LogPlatformFile: Not using cached read wrapper
LogTaskGraph: Started task graph with 5 named threads and 35 total threads with 3 sets of task threads.
LogStats: Stats thread started at 0.182027
LogICUInternationalization: ICU TimeZone Detection - Raw Offset: +1:00, Platform Override: ''
LogInit: Display: Loading text-based GConfig....
LogPluginManager: Mounting plugin MeshPainting
LogPluginManager: Mounting plugin XGEController
LogPluginManager: Mounting plugin Paper2D
LogPluginManager: Mounting plugin AISupport
LogPluginManager: Mounting plugin EnvironmentQueryEditor
LogPluginManager: Mounting plugin LightPropagationVolume
LogPluginManager: Mounting plugin OodleData
LogPluginManager: Mounting plugin OodleNetwork
LogPluginManager: Mounting plugin AssetManagerEditor
LogPluginManager: Mounting plugin AnimationSharing
LogPluginManager: Mounting plugin CryptoKeys
LogPluginManager: Mounting plugin CurveEditorTools
LogPluginManager: Mounting plugin DataValidation
LogPluginManager: Mounting plugin FacialAnimation
LogPluginManager: Mounting plugin GameplayTagsEditor
LogPluginManager: Mounting plugin GeometryMode
LogPluginManager: Mounting plugin MacGraphicsSwitching
LogPluginManager: Mounting plugin MaterialAnalyzer
LogPluginManager: Mounting plugin PluginBrowser
LogPluginManager: Mounting plugin MobileLauncherProfileWizard
LogPluginManager: Mounting plugin CLionSourceCodeAccess
LogPluginManager: Mounting plugin SpeedTreeImporter
LogPluginManager: Mounting plugin Niagara
LogPluginManager: Mounting plugin CodeLiteSourceCodeAccess
LogPluginManager: Mounting plugin GitSourceControl
LogPluginManager: Mounting plugin KDevelopSourceCodeAccess
LogPluginManager: Mounting plugin NullSourceCodeAccess
LogPluginManager: Mounting plugin AlembicImporter
LogPluginManager: Mounting plugin PixWinPlugin
LogPluginManager: Mounting plugin PerforceSourceControl
LogPluginManager: Mounting plugin PlasticSourceControl
LogPluginManager: Mounting plugin AutomationUtils
LogPluginManager: Mounting plugin PluginUtils
LogPluginManager: Mounting plugin BackChannel
LogPluginManager: Mounting plugin PropertyAccessNode
LogPluginManager: Mounting plugin RiderSourceCodeAccess
LogPluginManager: Mounting plugin ChaosCloth
LogPluginManager: Mounting plugin SubversionSourceControl
LogPluginManager: Mounting plugin TextureFormatOodle
LogPluginManager: Mounting plugin ChaosNiagara
LogPluginManager: Mounting plugin UObjectPlugin
LogPluginManager: Mounting plugin VisualStudioCodeSourceCodeAccess
LogPluginManager: Mounting plugin ChaosEditor
LogPluginManager: Mounting plugin ChaosClothEditor
LogPluginManager: Mounting plugin CharacterAI
LogPluginManager: Mounting plugin VisualStudioSourceCodeAccess
LogPluginManager: Mounting plugin LuminPlatformFeatures
LogPluginManager: Mounting plugin ChaosSolverPlugin
LogPluginManager: Mounting plugin XCodeSourceCodeAccess
LogPluginManager: Mounting plugin MagicLeap
LogPluginManager: Mounting plugin AndroidMedia
LogPluginManager: Mounting plugin GeometryCache
LogPluginManager: Mounting plugin GeometryCollectionPlugin
LogPluginManager: Mounting plugin MagicLeapLightEstimation
LogPluginManager: Mounting plugin AvfMedia
LogPluginManager: Mounting plugin MagicLeapMedia
LogPluginManager: Mounting plugin MagicLeapPassableWorld
LogPluginManager: Mounting plugin ImgMedia
LogPluginManager: Mounting plugin MediaCompositing
LogPluginManager: Mounting plugin MediaPlayerEditor
LogPluginManager: Mounting plugin GeometryProcessing
LogPluginManager: Mounting plugin WebMMedia
LogPluginManager: Mounting plugin WmfMedia
LogPluginManager: Mounting plugin MLSDK
LogPluginManager: Mounting plugin MotoSynth
LogPluginManager: Mounting plugin PlanarCut
LogPluginManager: Mounting plugin OpenImageDenoise
LogPluginManager: Mounting plugin ProxyLODPlugin
LogPluginManager: Mounting plugin PlatformCrypto
LogPluginManager: Mounting plugin PythonScriptPlugin
LogPluginManager: Mounting plugin SkeletalReduction
LogPluginManager: Mounting plugin UdpMessaging
LogPluginManager: Mounting plugin TcpMessaging
LogPluginManager: Mounting plugin ActorSequence
LogPluginManager: Mounting plugin LevelSequenceEditor
LogPluginManager: Mounting plugin MatineeToLevelSequence
LogPluginManager: Mounting plugin TemplateSequence
LogPluginManager: Mounting plugin LauncherChunkInstaller
LogPluginManager: Mounting plugin OnlineSubsystem
LogPluginManager: Mounting plugin OnlineSubsystemNull
LogPluginManager: Mounting plugin OnlineSubsystemUtils
LogPluginManager: Mounting plugin ActorLayerUtilities
LogPluginManager: Mounting plugin AndroidDeviceProfileSelector
LogPluginManager: Mounting plugin AndroidMoviePlayer
LogPluginManager: Mounting plugin AndroidPermission
LogPluginManager: Mounting plugin AppleImageUtils
LogPluginManager: Mounting plugin AppleMoviePlayer
LogPluginManager: Mounting plugin AssetTags
LogPluginManager: Mounting plugin ArchVisCharacter
LogPluginManager: Mounting plugin AudioCapture
LogPluginManager: Mounting plugin CableComponent
LogPluginManager: Mounting plugin ChunkDownloader
LogPluginManager: Mounting plugin AudioSynesthesia
LogPluginManager: Mounting plugin CustomMeshComponent
LogPluginManager: Mounting plugin EditableMesh
LogPluginManager: Mounting plugin ExampleDeviceProfileSelector
LogPluginManager: Mounting plugin GoogleCloudMessaging
LogPluginManager: Mounting plugin GooglePAD
LogPluginManager: Mounting plugin LinuxDeviceProfileSelector
LogPluginManager: Mounting plugin IOSDeviceProfileSelector
LogPluginManager: Mounting plugin LocationServicesBPLibrary
LogPluginManager: Mounting plugin ScreenshotTools
LogPluginManager: Mounting plugin MobilePatchingUtils
LogPluginManager: Mounting plugin PhysXVehicles
LogPluginManager: Mounting plugin PostSplashScreen
LogPluginManager: Mounting plugin ProceduralMeshComponent
LogPluginManager: Mounting plugin PropertyAccessEditor
LogPluginManager: Mounting plugin RuntimePhysXCooking
LogPluginManager: Mounting plugin SignificanceManager
LogPluginManager: Mounting plugin SoundFields
LogPluginManager: Mounting plugin Synthesis
LogPluginManager: Mounting plugin WebMMoviePlayer
LogPluginManager: Mounting plugin WindowsMoviePlayer
LogPluginManager: Mounting plugin DatasmithContent
LogPluginManager: Mounting plugin VariantManagerContent
LogPluginManager: Mounting plugin CameraShakePreviewer
LogPluginManager: Mounting plugin GameplayCameras
LogPluginManager: Mounting plugin ContentBrowserClassDataSource
LogPluginManager: Mounting plugin ContentBrowserAssetDataSource
LogPluginManager: Mounting plugin ContentBrowserFileDataSource
LogPluginManager: Mounting plugin OnlineSubsystemIOS
LogPluginManager: Mounting plugin OnlineSubsystemGooglePlay
PixWinPlugin: PIX capture plugin failed to initialize! Check that the process is launched from PIX.
LogInit: Using libcurl 7.55.1-DEV
LogInit:  - built for x86_64-pc-win32
LogInit:  - supports SSL with OpenSSL/1.1.1
LogInit:  - supports HTTP deflate (compression) using libz 1.2.8
LogInit:  - other features:
LogInit:      CURL_VERSION_SSL
LogInit:      CURL_VERSION_LIBZ
LogInit:      CURL_VERSION_IPV6
LogInit:      CURL_VERSION_ASYNCHDNS
LogInit:      CURL_VERSION_LARGEFILE
LogInit:      CURL_VERSION_IDN
LogInit:  CurlRequestOptions (configurable via config and command line):
LogInit:  - bVerifyPeer = true  - Libcurl will verify peer certificate
LogInit:  - bUseHttpProxy = false  - Libcurl will NOT use HTTP proxy
LogInit:  - bDontReuseConnections = false  - Libcurl will reuse connections
LogInit:  - MaxHostConnections = 16  - Libcurl will limit the number of connections to a host
LogInit:  - LocalHostAddr = Default
LogInit:  - BufferSize = 65536
LogOnline: OSS: Creating online subsystem instance for: NULL
LogInit: WinSock: version 1.1 (2.2), MaxSocks=32767, MaxUdp=65467
LogOnline: OSS: TryLoadSubsystemAndSetDefault: Loaded subsystem for module [NULL]
LogInit: Build: ++UE4+Release-4.27-CL-18319896
LogInit: Engine Version: 4.27.2-18319896+++UE4+Release-4.27
LogInit: Compatible Engine Version: 4.27.0-17155196+++UE4+Release-4.27
LogInit: Net CL: 17155196
LogInit: OS: Windows 10 (Release 2009) (), CPU: AMD Ryzen 5 5600X 6-Core Processor             , GPU: Radeon RX 590 Series
LogInit: Compiled (64-bit): Nov 30 2021 07:12:08
LogInit: Compiled with Visual C++: 19.24.28315.00
LogInit: Build Configuration: Development
LogInit: Branch Name: ++UE4+Release-4.27
LogInit: Command Line:  /Game/Maps/TestingMap -game -PIEVIACONSOLE -Multiprocess GameUserSettingsINI=C:/Users/matej/Documents/GitHub/Game-Jam-2022/Saved/Config/Windows/PIEGameUserSettings0.ini -MultiprocessSaveConfig -forcepassthrough -messaging -SessionName="Play in Standalone Game" -windowed -WinX=315 -WinY=172 SAVEWINPOS=1 -ResX=1280 -ResY=719
LogInit: Base Directory: E:/UE4/UE_4.27/Engine/Binaries/Win64/
LogInit: Allocator: TBB
LogInit: Installed Engine Build: 1
LogDevObjectVersion: Number of dev versions registered: 29
LogDevObjectVersion:   Dev-Blueprints (B0D832E4-1F89-4F0D-ACCF-7EB736FD4AA2): 10
LogDevObjectVersion:   Dev-Build (E1C64328-A22C-4D53-A36C-8E866417BD8C): 0
LogDevObjectVersion:   Dev-Core (375EC13C-06E4-48FB-B500-84F0262A717E): 4
LogDevObjectVersion:   Dev-Editor (E4B068ED-F494-42E9-A231-DA0B2E46BB41): 40
LogDevObjectVersion:   Dev-Framework (CFFC743F-43B0-4480-9391-14DF171D2073): 37
LogDevObjectVersion:   Dev-Mobile (B02B49B5-BB20-44E9-A304-32B752E40360): 3
LogDevObjectVersion:   Dev-Networking (A4E4105C-59A1-49B5-A7C5-40C4547EDFEE): 0
LogDevObjectVersion:   Dev-Online (39C831C9-5AE6-47DC-9A44-9C173E1C8E7C): 0
LogDevObjectVersion:   Dev-Physics (78F01B33-EBEA-4F98-B9B4-84EACCB95AA2): 14
LogDevObjectVersion:   Dev-Platform (6631380F-2D4D-43E0-8009-CF276956A95A): 0
LogDevObjectVersion:   Dev-Rendering (12F88B9F-8875-4AFC-A67C-D90C383ABD29): 45
LogDevObjectVersion:   Dev-Sequencer (7B5AE74C-D270-4C10-A958-57980B212A5A): 13
LogDevObjectVersion:   Dev-VR (D7296918-1DD6-4BDD-9DE2-64A83CC13884): 3
LogDevObjectVersion:   Dev-LoadTimes (C2A15278-BFE7-4AFE-6C17-90FF531DF755): 1
LogDevObjectVersion:   Private-Geometry (6EACA3D4-40EC-4CC1-B786-8BED09428FC5): 3
LogDevObjectVersion:   Dev-AnimPhys (29E575DD-E0A3-4627-9D10-D276232CDCEA): 17
LogDevObjectVersion:   Dev-Anim (AF43A65D-7FD3-4947-9873-3E8ED9C1BB05): 15
LogDevObjectVersion:   Dev-ReflectionCapture (6B266CEC-1EC7-4B8F-A30B-E4D90942FC07): 1
LogDevObjectVersion:   Dev-Automation (0DF73D61-A23F-47EA-B727-89E90C41499A): 1
LogDevObjectVersion:   FortniteMain (601D1886-AC64-4F84-AA16-D3DE0DEAC7D6): 47
LogDevObjectVersion:   FortniteRelease (E7086368-6B23-4C58-8439-1B7016265E91): 1
LogDevObjectVersion:   Dev-Enterprise (9DFFBCD6-494F-0158-E221-12823C92A888): 10
LogDevObjectVersion:   Dev-Niagara (F2AED0AC-9AFE-416F-8664-AA7FFA26D6FC): 1
LogDevObjectVersion:   Dev-Destruction (174F1F0B-B4C6-45A5-B13F-2EE8D0FB917D): 10
LogDevObjectVersion:   Dev-Physics-Ext (35F94A83-E258-406C-A318-09F59610247C): 41
LogDevObjectVersion:   Dev-PhysicsMaterial-Chaos (B68FC16E-8B1B-42E2-B453-215C058844FE): 1
LogDevObjectVersion:   Dev-CineCamera (B2E18506-4273-CFC2-A54E-F4BB758BBA07): 1
LogDevObjectVersion:   Dev-VirtualProduction (64F58936-FD1B-42BA-BA96-7289D5D0FA4E): 1
LogDevObjectVersion:   Dev-MediaFramework (6F0ED827-A609-4895-9C91-998D90180EA4): 2
LogInit: Presizing for max 25165824 objects, including 0 objects not considered by GC, pre-allocating 0 bytes for permanent pool.
LogConfig: Applying CVar settings from Section [/Script/Engine.StreamingSettings] File [C:/Users/matej/Documents/GitHub/Game-Jam-2022/Saved/Config/Windows/Engine.ini]
LogConfig: Setting CVar [[s.MinBulkDataSizeForAsyncLoading:131072]]
LogConfig: Setting CVar [[s.AsyncLoadingThreadEnabled:0]]
LogConfig: Setting CVar [[s.EventDrivenLoaderEnabled:1]]
LogConfig: Setting CVar [[s.WarnIfTimeLimitExceeded:0]]
LogConfig: Setting CVar [[s.TimeLimitExceededMultiplier:1.5]]
LogConfig: Setting CVar [[s.TimeLimitExceededMinTime:0.005]]
LogConfig: Setting CVar [[s.UseBackgroundLevelStreaming:1]]
LogConfig: Setting CVar [[s.PriorityAsyncLoadingExtraTime:15.0]]
LogConfig: Setting CVar [[s.LevelStreamingActorsUpdateTimeLimit:5.0]]
LogConfig: Setting CVar [[s.PriorityLevelStreamingActorsUpdateExtraTime:5.0]]
LogConfig: Setting CVar [[s.LevelStreamingComponentsRegistrationGranularity:10]]
LogConfig: Setting CVar [[s.UnregisterComponentsTimeLimit:1.0]]
LogConfig: Setting CVar [[s.LevelStreamingComponentsUnregistrationGranularity:5]]
LogConfig: Setting CVar [[s.FlushStreamingOnExit:1]]
LogInit: Object subsystem initialized
LogConfig: Setting CVar [[con.DebugEarlyDefault:1]]
LogConfig: Setting CVar [[r.setres:1280x720]]
[2022.07.18-12.33.31:588][  0]LogConfig: Setting CVar [[con.DebugEarlyDefault:1]]
[2022.07.18-12.33.31:588][  0]LogConfig: Setting CVar [[r.setres:1280x720]]
[2022.07.18-12.33.31:588][  0]LogConfig: Applying CVar settings from Section [/Script/Engine.RendererSettings] File [C:/Users/matej/Documents/GitHub/Game-Jam-2022/Saved/Config/Windows/Engine.ini]
[2022.07.18-12.33.31:588][  0]LogConfig: Setting CVar [[r.GPUCrashDebugging:0]]
[2022.07.18-12.33.31:588][  0]LogConfig: Applying CVar settings from Section [/Script/Engine.RendererOverrideSettings] File [C:/Users/matej/Documents/GitHub/Game-Jam-2022/Saved/Config/Windows/Engine.ini]
[2022.07.18-12.33.31:588][  0]LogConfig: Applying CVar settings from Section [/Script/Engine.StreamingSettings] File [C:/Users/matej/Documents/GitHub/Game-Jam-2022/Saved/Config/Windows/Engine.ini]
[2022.07.18-12.33.31:588][  0]LogConfig: Setting CVar [[s.MinBulkDataSizeForAsyncLoading:131072]]
[2022.07.18-12.33.31:588][  0]LogConfig: Setting CVar [[s.AsyncLoadingThreadEnabled:0]]
[2022.07.18-12.33.31:588][  0]LogConfig: Setting CVar [[s.EventDrivenLoaderEnabled:1]]
[2022.07.18-12.33.31:588][  0]LogConfig: Setting CVar [[s.WarnIfTimeLimitExceeded:0]]
[2022.07.18-12.33.31:588][  0]LogConfig: Setting CVar [[s.TimeLimitExceededMultiplier:1.5]]
[2022.07.18-12.33.31:588][  0]LogConfig: Setting CVar [[s.TimeLimitExceededMinTime:0.005]]
[2022.07.18-12.33.31:588][  0]LogConfig: Setting CVar [[s.UseBackgroundLevelStreaming:1]]
[2022.07.18-12.33.31:588][  0]LogConfig: Setting CVar [[s.PriorityAsyncLoadingExtraTime:15.0]]
[2022.07.18-12.33.31:588][  0]LogConfig: Setting CVar [[s.LevelStreamingActorsUpdateTimeLimit:5.0]]
[2022.07.18-12.33.31:588][  0]LogConfig: Setting CVar [[s.PriorityLevelStreamingActorsUpdateExtraTime:5.0]]
[2022.07.18-12.33.31:588][  0]LogConfig: Setting CVar [[s.LevelStreamingComponentsRegistrationGranularity:10]]
[2022.07.18-12.33.31:588][  0]LogConfig: Setting CVar [[s.UnregisterComponentsTimeLimit:1.0]]
[2022.07.18-12.33.31:588][  0]LogConfig: Setting CVar [[s.LevelStreamingComponentsUnregistrationGranularity:5]]
[2022.07.18-12.33.31:588][  0]LogConfig: Setting CVar [[s.FlushStreamingOnExit:1]]
[2022.07.18-12.33.31:588][  0]LogConfig: Applying CVar settings from Section [/Script/Engine.GarbageCollectionSettings] File [C:/Users/matej/Documents/GitHub/Game-Jam-2022/Saved/Config/Windows/Engine.ini]
[2022.07.18-12.33.31:588][  0]LogConfig: Setting CVar [[gc.MaxObjectsNotConsideredByGC:1]]
[2022.07.18-12.33.31:588][  0]LogConfig: Setting CVar [[gc.SizeOfPermanentObjectPool:0]]
[2022.07.18-12.33.31:588][  0]LogConfig: Setting CVar [[gc.FlushStreamingOnGC:0]]
[2022.07.18-12.33.31:588][  0]LogConfig: Setting CVar [[gc.NumRetriesBeforeForcingGC:10]]
[2022.07.18-12.33.31:588][  0]LogConfig: Setting CVar [[gc.AllowParallelGC:1]]
[2022.07.18-12.33.31:588][  0]LogConfig: Setting CVar [[gc.TimeBetweenPurgingPendingKillObjects:61.1]]
[2022.07.18-12.33.31:588][  0]LogConfig: Setting CVar [[gc.MaxObjectsInEditor:25165824]]
[2022.07.18-12.33.31:588][  0]LogConfig: Setting CVar [[gc.IncrementalBeginDestroyEnabled:1]]
[2022.07.18-12.33.31:588][  0]LogConfig: Setting CVar [[gc.CreateGCClusters:1]]
[2022.07.18-12.33.31:588][  0]LogConfig: Setting CVar [[gc.MinGCClusterSize:5]]
[2022.07.18-12.33.31:588][  0]LogConfig: Setting CVar [[gc.ActorClusteringEnabled:0]]
[2022.07.18-12.33.31:588][  0]LogConfig: Setting CVar [[gc.BlueprintClusteringEnabled:0]]
[2022.07.18-12.33.31:588][  0]LogConfig: Setting CVar [[gc.UseDisregardForGCOnDedicatedServers:0]]
[2022.07.18-12.33.31:588][  0]LogConfig: Setting CVar [[gc.MultithreadedDestructionEnabled:1]]
[2022.07.18-12.33.31:588][  0]LogConfig: Applying CVar settings from Section [/Script/Engine.NetworkSettings] File [C:/Users/matej/Documents/GitHub/Game-Jam-2022/Saved/Config/Windows/Engine.ini]
[2022.07.18-12.33.31:588][  0]LogConfig: Applying CVar settings from Section [/Script/UnrealEd.CookerSettings] File [C:/Users/matej/Documents/GitHub/Game-Jam-2022/Saved/Config/Windows/Engine.ini]
[2022.07.18-12.33.31:611][  0]LogConfig: Applying CVar settings from Section [ViewDistanceQuality@3] File [C:/Users/matej/Documents/GitHub/Game-Jam-2022/Saved/Config/Windows/Scalability.ini]
[2022.07.18-12.33.31:611][  0]LogConfig: Setting CVar [[r.SkeletalMeshLODBias:0]]
[2022.07.18-12.33.31:611][  0]LogConfig: Setting CVar [[r.ViewDistanceScale:1.0]]
[2022.07.18-12.33.31:611][  0]LogConfig: Applying CVar settings from Section [AntiAliasingQuality@3] File [C:/Users/matej/Documents/GitHub/Game-Jam-2022/Saved/Config/Windows/Scalability.ini]
[2022.07.18-12.33.31:611][  0]LogConfig: Setting CVar [[r.PostProcessAAQuality:4]]
[2022.07.18-12.33.31:611][  0]LogConfig: Applying CVar settings from Section [ShadowQuality@3] File [C:/Users/matej/Documents/GitHub/Game-Jam-2022/Saved/Config/Windows/Scalability.ini]
[2022.07.18-12.33.31:611][  0]LogConfig: Setting CVar [[r.LightFunctionQuality:1]]
[2022.07.18-12.33.31:611][  0]LogConfig: Setting CVar [[r.ShadowQuality:5]]
[2022.07.18-12.33.31:611][  0]LogConfig: Setting CVar [[r.Shadow.CSM.MaxCascades:10]]
[2022.07.18-12.33.31:611][  0]LogConfig: Setting CVar [[r.Shadow.MaxResolution:2048]]
[2022.07.18-12.33.31:611][  0]LogConfig: Setting CVar [[r.Shadow.MaxCSMResolution:2048]]
[2022.07.18-12.33.31:611][  0]LogConfig: Setting CVar [[r.Shadow.RadiusThreshold:0.01]]
[2022.07.18-12.33.31:611][  0]LogConfig: Setting CVar [[r.Shadow.DistanceScale:1.0]]
[2022.07.18-12.33.31:611][  0]LogConfig: Setting CVar [[r.Shadow.CSM.TransitionScale:1.0]]
[2022.07.18-12.33.31:611][  0]LogConfig: Setting CVar [[r.Shadow.PreShadowResolutionFactor:1.0]]
[2022.07.18-12.33.31:611][  0]LogConfig: Setting CVar [[r.DistanceFieldShadowing:1]]
[2022.07.18-12.33.31:611][  0]LogConfig: Setting CVar [[r.DistanceFieldAO:1]]
[2022.07.18-12.33.31:611][  0]LogConfig: Setting CVar [[r.AOQuality:2]]
[2022.07.18-12.33.31:611][  0]LogConfig: Setting CVar [[r.VolumetricFog:1]]
[2022.07.18-12.33.31:611][  0]LogConfig: Setting CVar [[r.VolumetricFog.GridPixelSize:8]]
[2022.07.18-12.33.31:611][  0]LogConfig: Setting CVar [[r.VolumetricFog.GridSizeZ:128]]
[2022.07.18-12.33.31:611][  0]LogConfig: Setting CVar [[r.VolumetricFog.HistoryMissSupersampleCount:4]]
[2022.07.18-12.33.31:611][  0]LogConfig: Setting CVar [[r.LightMaxDrawDistanceScale:1]]
[2022.07.18-12.33.31:611][  0]LogConfig: Setting CVar [[r.CapsuleShadows:1]]
[2022.07.18-12.33.31:611][  0]LogConfig: Applying CVar settings from Section [PostProcessQuality@3] File [C:/Users/matej/Documents/GitHub/Game-Jam-2022/Saved/Config/Windows/Scalability.ini]
[2022.07.18-12.33.31:611][  0]LogConfig: Setting CVar [[r.MotionBlurQuality:4]]
[2022.07.18-12.33.31:611][  0]LogConfig: Setting CVar [[r.AmbientOcclusionMipLevelFactor:0.4]]
[2022.07.18-12.33.31:611][  0]LogConfig: Setting CVar [[r.AmbientOcclusionMaxQuality:100]]
[2022.07.18-12.33.31:611][  0]LogConfig: Setting CVar [[r.AmbientOcclusionLevels:-1]]
[2022.07.18-12.33.31:611][  0]LogConfig: Setting CVar [[r.AmbientOcclusionRadiusScale:1.0]]
[2022.07.18-12.33.31:611][  0]LogConfig: Setting CVar [[r.DepthOfFieldQuality:2]]
[2022.07.18-12.33.31:611][  0]LogConfig: Setting CVar [[r.RenderTargetPoolMin:400]]
[2022.07.18-12.33.31:611][  0]LogConfig: Setting CVar [[r.LensFlareQuality:2]]
[2022.07.18-12.33.31:611][  0]LogConfig: Setting CVar [[r.SceneColorFringeQuality:1]]
[2022.07.18-12.33.31:611][  0]LogConfig: Setting CVar [[r.EyeAdaptationQuality:2]]
[2022.07.18-12.33.31:612][  0]LogConfig: Setting CVar [[r.BloomQuality:5]]
[2022.07.18-12.33.31:612][  0]LogConfig: Setting CVar [[r.FastBlurThreshold:100]]
[2022.07.18-12.33.31:612][  0]LogConfig: Setting CVar [[r.Upscale.Quality:3]]
[2022.07.18-12.33.31:612][  0]LogConfig: Setting CVar [[r.Tonemapper.GrainQuantization:1]]
[2022.07.18-12.33.31:612][  0]LogConfig: Setting CVar [[r.LightShaftQuality:1]]
[2022.07.18-12.33.31:612][  0]LogConfig: Setting CVar [[r.Filter.SizeScale:1]]
[2022.07.18-12.33.31:612][  0]LogConfig: Setting CVar [[r.Tonemapper.Quality:5]]
[2022.07.18-12.33.31:612][  0]LogConfig: Setting CVar [[r.DOF.Gather.AccumulatorQuality:1        ; higher gathering accumulator quality]]
[2022.07.18-12.33.31:612][  0]LogConfig: Setting CVar [[r.DOF.Gather.PostfilterMethod:1          ; Median3x3 postfilering method]]
[2022.07.18-12.33.31:612][  0]LogConfig: Setting CVar [[r.DOF.Gather.EnableBokehSettings:0       ; no bokeh simulation when gathering]]
[2022.07.18-12.33.31:612][  0]LogConfig: Setting CVar [[r.DOF.Gather.RingCount:4                 ; medium number of samples when gathering]]
[2022.07.18-12.33.31:612][  0]LogConfig: Setting CVar [[r.DOF.Scatter.ForegroundCompositing:1    ; additive foreground scattering]]
[2022.07.18-12.33.31:612][  0]LogConfig: Setting CVar [[r.DOF.Scatter.BackgroundCompositing:2    ; additive background scattering]]
[2022.07.18-12.33.31:612][  0]LogConfig: Setting CVar [[r.DOF.Scatter.EnableBokehSettings:1      ; bokeh simulation when scattering]]
[2022.07.18-12.33.31:612][  0]LogConfig: Setting CVar [[r.DOF.Scatter.MaxSpriteRatio:0.1         ; only a maximum of 10% of scattered bokeh]]
[2022.07.18-12.33.31:612][  0]LogConfig: Setting CVar [[r.DOF.Recombine.Quality:1                ; cheap slight out of focus]]
[2022.07.18-12.33.31:612][  0]LogConfig: Setting CVar [[r.DOF.Recombine.EnableBokehSettings:0    ; no bokeh simulation on slight out of focus]]
[2022.07.18-12.33.31:612][  0]LogConfig: Setting CVar [[r.DOF.TemporalAAQuality:1                ; more stable temporal accumulation]]
[2022.07.18-12.33.31:612][  0]LogConfig: Setting CVar [[r.DOF.Kernel.MaxForegroundRadius:0.025]]
[2022.07.18-12.33.31:612][  0]LogConfig: Setting CVar [[r.DOF.Kernel.MaxBackgroundRadius:0.025]]
[2022.07.18-12.33.31:612][  0]LogConfig: Applying CVar settings from Section [TextureQuality@3] File [C:/Users/matej/Documents/GitHub/Game-Jam-2022/Saved/Config/Windows/Scalability.ini]
[2022.07.18-12.33.31:612][  0]LogConfig: Setting CVar [[r.Streaming.MipBias:0]]
[2022.07.18-12.33.31:612][  0]LogConfig: Setting CVar [[r.Streaming.AmortizeCPUToGPUCopy:0]]
[2022.07.18-12.33.31:612][  0]LogConfig: Setting CVar [[r.Streaming.MaxNumTexturesToStreamPerFrame:0]]
[2022.07.18-12.33.31:612][  0]LogConfig: Setting CVar [[r.Streaming.Boost:1]]
[2022.07.18-12.33.31:612][  0]LogConfig: Setting CVar [[r.MaxAnisotropy:8]]
[2022.07.18-12.33.31:612][  0]LogConfig: Setting CVar [[r.VT.MaxAnisotropy:8]]
[2022.07.18-12.33.31:612][  0]LogConfig: Setting CVar [[r.Streaming.LimitPoolSizeToVRAM:0]]
[2022.07.18-12.33.31:612][  0]LogConfig: Setting CVar [[r.Streaming.PoolSize:1000]]
[2022.07.18-12.33.31:612][  0]LogConfig: Setting CVar [[r.Streaming.MaxEffectiveScreenSize:0]]
[2022.07.18-12.33.31:612][  0]LogConfig: Applying CVar settings from Section [EffectsQuality@3] File [C:/Users/matej/Documents/GitHub/Game-Jam-2022/Saved/Config/Windows/Scalability.ini]
[2022.07.18-12.33.31:612][  0]LogConfig: Setting CVar [[r.TranslucencyLightingVolumeDim:64]]
[2022.07.18-12.33.31:612][  0]LogConfig: Setting CVar [[r.RefractionQuality:2]]
[2022.07.18-12.33.31:612][  0]LogConfig: Setting CVar [[r.SSR.Quality:3]]
[2022.07.18-12.33.31:612][  0]LogConfig: Setting CVar [[r.SSR.HalfResSceneColor:0]]
[2022.07.18-12.33.31:612][  0]LogConfig: Setting CVar [[r.SceneColorFormat:4]]
[2022.07.18-12.33.31:612][  0]LogConfig: Setting CVar [[r.DetailMode:2]]
[2022.07.18-12.33.31:612][  0]LogConfig: Setting CVar [[r.TranslucencyVolumeBlur:1]]
[2022.07.18-12.33.31:612][  0]LogConfig: Setting CVar [[r.MaterialQualityLevel:1 ; High quality]]
[2022.07.18-12.33.31:612][  0]LogConfig: Setting CVar [[r.AnisotropicMaterials:1]]
[2022.07.18-12.33.31:612][  0]LogConfig: Setting CVar [[r.SSS.Scale:1]]
[2022.07.18-12.33.31:612][  0]LogConfig: Setting CVar [[r.SSS.SampleSet:2]]
[2022.07.18-12.33.31:612][  0]LogConfig: Setting CVar [[r.SSS.Quality:1]]
[2022.07.18-12.33.31:612][  0]LogConfig: Setting CVar [[r.SSS.HalfRes:0]]
[2022.07.18-12.33.31:612][  0]LogConfig: Setting CVar [[r.SSGI.Quality:3]]
[2022.07.18-12.33.31:612][  0]LogConfig: Setting CVar [[r.EmitterSpawnRateScale:1.0]]
[2022.07.18-12.33.31:612][  0]LogConfig: Setting CVar [[r.ParticleLightQuality:2]]
[2022.07.18-12.33.31:612][  0]LogConfig: Setting CVar [[r.SkyAtmosphere.AerialPerspectiveLUT.FastApplyOnOpaque:1 ; Always have FastSkyLUT 1 in this case to avoid wrong sky]]
[2022.07.18-12.33.31:612][  0]LogConfig: Setting CVar [[r.SkyAtmosphere.AerialPerspectiveLUT.SampleCountMaxPerSlice:4]]
[2022.07.18-12.33.31:612][  0]LogConfig: Setting CVar [[r.SkyAtmosphere.AerialPerspectiveLUT.DepthResolution:16.0]]
[2022.07.18-12.33.31:612][  0]LogConfig: Setting CVar [[r.SkyAtmosphere.FastSkyLUT:1]]
[2022.07.18-12.33.31:612][  0]LogConfig: Setting CVar [[r.SkyAtmosphere.FastSkyLUT.SampleCountMin:4.0]]
[2022.07.18-12.33.31:612][  0]LogConfig: Setting CVar [[r.SkyAtmosphere.FastSkyLUT.SampleCountMax:128.0]]
[2022.07.18-12.33.31:612][  0]LogConfig: Setting CVar [[r.SkyAtmosphere.SampleCountMin:4.0]]
[2022.07.18-12.33.31:612][  0]LogConfig: Setting CVar [[r.SkyAtmosphere.SampleCountMax:128.0]]
[2022.07.18-12.33.31:612][  0]LogConfig: Setting CVar [[r.SkyAtmosphere.TransmittanceLUT.UseSmallFormat:0]]
[2022.07.18-12.33.31:612][  0]LogConfig: Setting CVar [[r.SkyAtmosphere.TransmittanceLUT.SampleCount:10.0]]
[2022.07.18-12.33.31:612][  0]LogConfig: Setting CVar [[r.SkyAtmosphere.MultiScatteringLUT.SampleCount:15.0]]
[2022.07.18-12.33.31:612][  0]LogConfig: Setting CVar [[r.SkyLight.RealTimeReflectionCapture:1]]
[2022.07.18-12.33.31:612][  0]LogConfig: Applying CVar settings from Section [FoliageQuality@3] File [C:/Users/matej/Documents/GitHub/Game-Jam-2022/Saved/Config/Windows/Scalability.ini]
[2022.07.18-12.33.31:612][  0]LogConfig: Setting CVar [[foliage.DensityScale:1.0]]
[2022.07.18-12.33.31:612][  0]LogConfig: Setting CVar [[grass.DensityScale:1.0]]
[2022.07.18-12.33.31:612][  0]LogConfig: Applying CVar settings from Section [ShadingQuality@3] File [C:/Users/matej/Documents/GitHub/Game-Jam-2022/Saved/Config/Windows/Scalability.ini]
[2022.07.18-12.33.31:612][  0]LogConfig: Setting CVar [[r.HairStrands.SkyLighting.IntegrationType:2]]
[2022.07.18-12.33.31:612][  0]LogConfig: Setting CVar [[r.HairStrands.SkyAO.SampleCount:4]]
[2022.07.18-12.33.31:612][  0]LogConfig: Setting CVar [[r.HairStrands.Visibility.MSAA.SamplePerPixel:4]]
[2022.07.18-12.33.31:612][  0]LogInit: Selected Device Profile: [Windows]
[2022.07.18-12.33.31:612][  0]LogInit: Applying CVar settings loaded from the selected device profile: [Windows]
[2022.07.18-12.33.31:612][  0]LogHAL: Display: Platform has ~ 32 GB [34266628096 / 34359738368 / 32], which maps to Largest [LargestMinGB=32, LargerMinGB=12, DefaultMinGB=8, SmallerMinGB=6, SmallestMinGB=0)
[2022.07.18-12.33.31:612][  0]LogInit: Going up to parent DeviceProfile []
[2022.07.18-12.33.31:612][  0]LogConfig: Applying CVar settings from Section [ViewDistanceQuality@3] File [C:/Users/matej/Documents/GitHub/Game-Jam-2022/Saved/Config/Windows/Scalability.ini]
[2022.07.18-12.33.31:612][  0]LogConfig: Setting CVar [[r.SkeletalMeshLODBias:0]]
[2022.07.18-12.33.31:612][  0]LogConfig: Setting CVar [[r.ViewDistanceScale:1.0]]
[2022.07.18-12.33.31:612][  0]LogConfig: Applying CVar settings from Section [AntiAliasingQuality@3] File [C:/Users/matej/Documents/GitHub/Game-Jam-2022/Saved/Config/Windows/Scalability.ini]
[2022.07.18-12.33.31:612][  0]LogConfig: Setting CVar [[r.PostProcessAAQuality:4]]
[2022.07.18-12.33.31:612][  0]LogConfig: Applying CVar settings from Section [ShadowQuality@3] File [C:/Users/matej/Documents/GitHub/Game-Jam-2022/Saved/Config/Windows/Scalability.ini]
[2022.07.18-12.33.31:612][  0]LogConfig: Setting CVar [[r.LightFunctionQuality:1]]
[2022.07.18-12.33.31:612][  0]LogConfig: Setting CVar [[r.ShadowQuality:5]]
[2022.07.18-12.33.31:612][  0]LogConfig: Setting CVar [[r.Shadow.CSM.MaxCascades:10]]
[2022.07.18-12.33.31:612][  0]LogConfig: Setting CVar [[r.Shadow.MaxResolution:2048]]
[2022.07.18-12.33.31:612][  0]LogConfig: Setting CVar [[r.Shadow.MaxCSMResolution:2048]]
[2022.07.18-12.33.31:612][  0]LogConfig: Setting CVar [[r.Shadow.RadiusThreshold:0.01]]
[2022.07.18-12.33.31:612][  0]LogConfig: Setting CVar [[r.Shadow.DistanceScale:1.0]]
[2022.07.18-12.33.31:612][  0]LogConfig: Setting CVar [[r.Shadow.CSM.TransitionScale:1.0]]
[2022.07.18-12.33.31:612][  0]LogConfig: Setting CVar [[r.Shadow.PreShadowResolutionFactor:1.0]]
[2022.07.18-12.33.31:612][  0]LogConfig: Setting CVar [[r.DistanceFieldShadowing:1]]
[2022.07.18-12.33.31:612][  0]LogConfig: Setting CVar [[r.DistanceFieldAO:1]]
[2022.07.18-12.33.31:612][  0]LogConfig: Setting CVar [[r.AOQuality:2]]
[2022.07.18-12.33.31:612][  0]LogConfig: Setting CVar [[r.VolumetricFog:1]]
[2022.07.18-12.33.31:612][  0]LogConfig: Setting CVar [[r.VolumetricFog.GridPixelSize:8]]
[2022.07.18-12.33.31:612][  0]LogConfig: Setting CVar [[r.VolumetricFog.GridSizeZ:128]]
[2022.07.18-12.33.31:612][  0]LogConfig: Setting CVar [[r.VolumetricFog.HistoryMissSupersampleCount:4]]
[2022.07.18-12.33.31:612][  0]LogConfig: Setting CVar [[r.LightMaxDrawDistanceScale:1]]
[2022.07.18-12.33.31:612][  0]LogConfig: Setting CVar [[r.CapsuleShadows:1]]
[2022.07.18-12.33.31:612][  0]LogConfig: Applying CVar settings from Section [PostProcessQuality@3] File [C:/Users/matej/Documents/GitHub/Game-Jam-2022/Saved/Config/Windows/Scalability.ini]
[2022.07.18-12.33.31:612][  0]LogConfig: Setting CVar [[r.MotionBlurQuality:4]]
[2022.07.18-12.33.31:612][  0]LogConfig: Setting CVar [[r.AmbientOcclusionMipLevelFactor:0.4]]
[2022.07.18-12.33.31:612][  0]LogConfig: Setting CVar [[r.AmbientOcclusionMaxQuality:100]]
[2022.07.18-12.33.31:612][  0]LogConfig: Setting CVar [[r.AmbientOcclusionLevels:-1]]
[2022.07.18-12.33.31:612][  0]LogConfig: Setting CVar [[r.AmbientOcclusionRadiusScale:1.0]]
[2022.07.18-12.33.31:612][  0]LogConfig: Setting CVar [[r.DepthOfFieldQuality:2]]
[2022.07.18-12.33.31:612][  0]LogConfig: Setting CVar [[r.RenderTargetPoolMin:400]]
[2022.07.18-12.33.31:612][  0]LogConfig: Setting CVar [[r.LensFlareQuality:2]]
[2022.07.18-12.33.31:612][  0]LogConfig: Setting CVar [[r.SceneColorFringeQuality:1]]
[2022.07.18-12.33.31:612][  0]LogConfig: Setting CVar [[r.EyeAdaptationQuality:2]]
[2022.07.18-12.33.31:612][  0]LogConfig: Setting CVar [[r.BloomQuality:5]]
[2022.07.18-12.33.31:612][  0]LogConfig: Setting CVar [[r.FastBlurThreshold:100]]
[2022.07.18-12.33.31:612][  0]LogConfig: Setting CVar [[r.Upscale.Quality:3]]
[2022.07.18-12.33.31:612][  0]LogConfig: Setting CVar [[r.Tonemapper.GrainQuantization:1]]
[2022.07.18-12.33.31:612][  0]LogConfig: Setting CVar [[r.LightShaftQuality:1]]
[2022.07.18-12.33.31:612][  0]LogConfig: Setting CVar [[r.Filter.SizeScale:1]]
[2022.07.18-12.33.31:612][  0]LogConfig: Setting CVar [[r.Tonemapper.Quality:5]]
[2022.07.18-12.33.31:613][  0]LogConfig: Setting CVar [[r.DOF.Gather.AccumulatorQuality:1        ; higher gathering accumulator quality]]
[2022.07.18-12.33.31:613][  0]LogConfig: Setting CVar [[r.DOF.Gather.PostfilterMethod:1          ; Median3x3 postfilering method]]
[2022.07.18-12.33.31:613][  0]LogConfig: Setting CVar [[r.DOF.Gather.EnableBokehSettings:0       ; no bokeh simulation when gathering]]
[2022.07.18-12.33.31:613][  0]LogConfig: Setting CVar [[r.DOF.Gather.RingCount:4                 ; medium number of samples when gathering]]
[2022.07.18-12.33.31:613][  0]LogConfig: Setting CVar [[r.DOF.Scatter.ForegroundCompositing:1    ; additive foreground scattering]]
[2022.07.18-12.33.31:613][  0]LogConfig: Setting CVar [[r.DOF.Scatter.BackgroundCompositing:2    ; additive background scattering]]
[2022.07.18-12.33.31:613][  0]LogConfig: Setting CVar [[r.DOF.Scatter.EnableBokehSettings:1      ; bokeh simulation when scattering]]
[2022.07.18-12.33.31:613][  0]LogConfig: Setting CVar [[r.DOF.Scatter.MaxSpriteRatio:0.1         ; only a maximum of 10% of scattered bokeh]]
[2022.07.18-12.33.31:613][  0]LogConfig: Setting CVar [[r.DOF.Recombine.Quality:1                ; cheap slight out of focus]]
[2022.07.18-12.33.31:613][  0]LogConfig: Setting CVar [[r.DOF.Recombine.EnableBokehSettings:0    ; no bokeh simulation on slight out of focus]]
[2022.07.18-12.33.31:613][  0]LogConfig: Setting CVar [[r.DOF.TemporalAAQuality:1                ; more stable temporal accumulation]]
[2022.07.18-12.33.31:613][  0]LogConfig: Setting CVar [[r.DOF.Kernel.MaxForegroundRadius:0.025]]
[2022.07.18-12.33.31:613][  0]LogConfig: Setting CVar [[r.DOF.Kernel.MaxBackgroundRadius:0.025]]
[2022.07.18-12.33.31:613][  0]LogConfig: Applying CVar settings from Section [TextureQuality@3] File [C:/Users/matej/Documents/GitHub/Game-Jam-2022/Saved/Config/Windows/Scalability.ini]
[2022.07.18-12.33.31:613][  0]LogConfig: Setting CVar [[r.Streaming.MipBias:0]]
[2022.07.18-12.33.31:613][  0]LogConfig: Setting CVar [[r.Streaming.AmortizeCPUToGPUCopy:0]]
[2022.07.18-12.33.31:613][  0]LogConfig: Setting CVar [[r.Streaming.MaxNumTexturesToStreamPerFrame:0]]
[2022.07.18-12.33.31:613][  0]LogConfig: Setting CVar [[r.Streaming.Boost:1]]
[2022.07.18-12.33.31:613][  0]LogConfig: Setting CVar [[r.MaxAnisotropy:8]]
[2022.07.18-12.33.31:613][  0]LogConfig: Setting CVar [[r.VT.MaxAnisotropy:8]]
[2022.07.18-12.33.31:613][  0]LogConfig: Setting CVar [[r.Streaming.LimitPoolSizeToVRAM:0]]
[2022.07.18-12.33.31:613][  0]LogConfig: Setting CVar [[r.Streaming.PoolSize:1000]]
[2022.07.18-12.33.31:613][  0]LogConfig: Setting CVar [[r.Streaming.MaxEffectiveScreenSize:0]]
[2022.07.18-12.33.31:613][  0]LogConfig: Applying CVar settings from Section [EffectsQuality@3] File [C:/Users/matej/Documents/GitHub/Game-Jam-2022/Saved/Config/Windows/Scalability.ini]
[2022.07.18-12.33.31:613][  0]LogConfig: Setting CVar [[r.TranslucencyLightingVolumeDim:64]]
[2022.07.18-12.33.31:613][  0]LogConfig: Setting CVar [[r.RefractionQuality:2]]
[2022.07.18-12.33.31:613][  0]LogConfig: Setting CVar [[r.SSR.Quality:3]]
[2022.07.18-12.33.31:613][  0]LogConfig: Setting CVar [[r.SSR.HalfResSceneColor:0]]
[2022.07.18-12.33.31:613][  0]LogConfig: Setting CVar [[r.SceneColorFormat:4]]
[2022.07.18-12.33.31:613][  0]LogConfig: Setting CVar [[r.DetailMode:2]]
[2022.07.18-12.33.31:613][  0]LogConfig: Setting CVar [[r.TranslucencyVolumeBlur:1]]
[2022.07.18-12.33.31:613][  0]LogConfig: Setting CVar [[r.MaterialQualityLevel:1 ; High quality]]
[2022.07.18-12.33.31:613][  0]LogConfig: Setting CVar [[r.AnisotropicMaterials:1]]
[2022.07.18-12.33.31:613][  0]LogConfig: Setting CVar [[r.SSS.Scale:1]]
[2022.07.18-12.33.31:613][  0]LogConfig: Setting CVar [[r.SSS.SampleSet:2]]
[2022.07.18-12.33.31:613][  0]LogConfig: Setting CVar [[r.SSS.Quality:1]]
[2022.07.18-12.33.31:613][  0]LogConfig: Setting CVar [[r.SSS.HalfRes:0]]
[2022.07.18-12.33.31:613][  0]LogConfig: Setting CVar [[r.SSGI.Quality:3]]
[2022.07.18-12.33.31:613][  0]LogConfig: Setting CVar [[r.EmitterSpawnRateScale:1.0]]
[2022.07.18-12.33.31:613][  0]LogConfig: Setting CVar [[r.ParticleLightQuality:2]]
[2022.07.18-12.33.31:613][  0]LogConfig: Setting CVar [[r.SkyAtmosphere.AerialPerspectiveLUT.FastApplyOnOpaque:1 ; Always have FastSkyLUT 1 in this case to avoid wrong sky]]
[2022.07.18-12.33.31:613][  0]LogConfig: Setting CVar [[r.SkyAtmosphere.AerialPerspectiveLUT.SampleCountMaxPerSlice:4]]
[2022.07.18-12.33.31:613][  0]LogConfig: Setting CVar [[r.SkyAtmosphere.AerialPerspectiveLUT.DepthResolution:16.0]]
[2022.07.18-12.33.31:613][  0]LogConfig: Setting CVar [[r.SkyAtmosphere.FastSkyLUT:1]]
[2022.07.18-12.33.31:613][  0]LogConfig: Setting CVar [[r.SkyAtmosphere.FastSkyLUT.SampleCountMin:4.0]]
[2022.07.18-12.33.31:613][  0]LogConfig: Setting CVar [[r.SkyAtmosphere.FastSkyLUT.SampleCountMax:128.0]]
[2022.07.18-12.33.31:613][  0]LogConfig: Setting CVar [[r.SkyAtmosphere.SampleCountMin:4.0]]
[2022.07.18-12.33.31:613][  0]LogConfig: Setting CVar [[r.SkyAtmosphere.SampleCountMax:128.0]]
[2022.07.18-12.33.31:613][  0]LogConfig: Setting CVar [[r.SkyAtmosphere.TransmittanceLUT.UseSmallFormat:0]]
[2022.07.18-12.33.31:613][  0]LogConfig: Setting CVar [[r.SkyAtmosphere.TransmittanceLUT.SampleCount:10.0]]
[2022.07.18-12.33.31:613][  0]LogConfig: Setting CVar [[r.SkyAtmosphere.MultiScatteringLUT.SampleCount:15.0]]
[2022.07.18-12.33.31:613][  0]LogConfig: Setting CVar [[r.SkyLight.RealTimeReflectionCapture:1]]
[2022.07.18-12.33.31:613][  0]LogConfig: Applying CVar settings from Section [FoliageQuality@3] File [C:/Users/matej/Documents/GitHub/Game-Jam-2022/Saved/Config/Windows/Scalability.ini]
[2022.07.18-12.33.31:613][  0]LogConfig: Setting CVar [[foliage.DensityScale:1.0]]
[2022.07.18-12.33.31:613][  0]LogConfig: Setting CVar [[grass.DensityScale:1.0]]
[2022.07.18-12.33.31:613][  0]LogConfig: Applying CVar settings from Section [ShadingQuality@3] File [C:/Users/matej/Documents/GitHub/Game-Jam-2022/Saved/Config/Windows/Scalability.ini]
[2022.07.18-12.33.31:613][  0]LogConfig: Setting CVar [[r.HairStrands.SkyLighting.IntegrationType:2]]
[2022.07.18-12.33.31:613][  0]LogConfig: Setting CVar [[r.HairStrands.SkyAO.SampleCount:4]]
[2022.07.18-12.33.31:613][  0]LogConfig: Setting CVar [[r.HairStrands.Visibility.MSAA.SamplePerPixel:4]]
[2022.07.18-12.33.31:613][  0]LogConfig: Applying CVar settings from Section [Startup] File [../../../Engine/Config/ConsoleVariables.ini]
[2022.07.18-12.33.31:613][  0]LogConfig: Setting CVar [[net.UseAdaptiveNetUpdateFrequency:0]]
[2022.07.18-12.33.31:613][  0]LogConfig: Setting CVar [[p.chaos.AllowCreatePhysxBodies:1]]
[2022.07.18-12.33.31:613][  0]LogConfig: Setting CVar [[fx.SkipVectorVMBackendOptimizations:1]]
[2022.07.18-12.33.31:613][  0]LogConfig: Applying CVar settings from Section [ConsoleVariables] File [C:/Users/matej/Documents/GitHub/Game-Jam-2022/Saved/Config/Windows/Engine.ini]
[2022.07.18-12.33.31:613][  0]LogConfig: Applying CVar settings from Section [ConsoleVariables] File [C:/Users/matej/Documents/GitHub/Game-Jam-2022/Saved/Config/Windows/Editor.ini]
[2022.07.18-12.33.31:613][  0]LogInit: Computer: DESKTOP-M1QV7NL
[2022.07.18-12.33.31:613][  0]LogInit: User: matej
[2022.07.18-12.33.31:613][  0]LogInit: CPU Page size=4096, Cores=6
[2022.07.18-12.33.31:613][  0]LogInit: High frequency timer resolution =10.000000 MHz
[2022.07.18-12.33.31:613][  0]LogMemory: Memory total: Physical=31.9GB (32GB approx)
[2022.07.18-12.33.31:613][  0]LogMemory: Platform Memory Stats for Windows
[2022.07.18-12.33.31:613][  0]LogMemory: Process Physical Memory: 146.59 MB used, 146.59 MB peak
[2022.07.18-12.33.31:613][  0]LogMemory: Process Virtual Memory: 124.86 MB used, 124.86 MB peak
[2022.07.18-12.33.31:613][  0]LogMemory: Physical Memory: 9712.24 MB used,  22966.96 MB free, 32679.20 MB total
[2022.07.18-12.33.31:613][  0]LogMemory: Virtual Memory: 134173088.00 MB used,  44639.31 MB free, 134217728.00 MB total
[2022.07.18-12.33.31:617][  0]LogWindows: WindowsPlatformFeatures enabled
[2022.07.18-12.33.31:632][  0]LogInit: Physics initialised using underlying interface: PhysX
[2022.07.18-12.33.31:632][  0]LogInit: Using OS detected language (en-US).
[2022.07.18-12.33.31:632][  0]LogInit: Using OS detected locale (en-US).
[2022.07.18-12.33.31:634][  0]LogTextLocalizationManager: No specific localization for 'en-US' exists, so the 'en' localization will be used.
[2022.07.18-12.33.31:765][  0]LogWindowsTextInputMethodSystem: Display: IME system deactivated.
[2022.07.18-12.33.31:802][  0]LogSlate: New Slate User Created.  User Index 0, Is Virtual User: 0
[2022.07.18-12.33.31:802][  0]LogSlate: Slate User Registered.  User Index 0, Is Virtual User: 0
[2022.07.18-12.33.31:833][  0]LogD3D11RHI: Loaded GFSDK_Aftermath_Lib.x64.dll
[2022.07.18-12.33.31:834][  0]LogD3D11RHI: D3D11 min allowed feature level: 11_0
[2022.07.18-12.33.31:834][  0]LogD3D11RHI: D3D11 max allowed feature level: 11_0
[2022.07.18-12.33.31:834][  0]LogD3D11RHI: D3D11 adapters:
[2022.07.18-12.33.31:875][  0]LogD3D11RHI:    0. 'Radeon RX 590 Series' (Feature Level 11_0)
[2022.07.18-12.33.31:875][  0]LogD3D11RHI:       8170/0/16339 MB DedicatedVideo/DedicatedSystem/SharedSystem, Outputs:2, VendorId:0x1002
[2022.07.18-12.33.31:876][  0]LogD3D11RHI:    1. 'Microsoft Basic Render Driver' (Feature Level 11_0)
[2022.07.18-12.33.31:876][  0]LogD3D11RHI:       0/0/16339 MB DedicatedVideo/DedicatedSystem/SharedSystem, Outputs:0, VendorId:0x1414
[2022.07.18-12.33.31:876][  0]LogD3D11RHI: Chosen D3D11 Adapter:
[2022.07.18-12.33.31:876][  0]LogD3D11RHI:     Description : Radeon RX 590 Series
[2022.07.18-12.33.31:876][  0]LogD3D11RHI:     VendorId    : 1002
[2022.07.18-12.33.31:876][  0]LogD3D11RHI:     DeviceId    : 67df
[2022.07.18-12.33.31:876][  0]LogD3D11RHI:     SubSysId    : 50321849
[2022.07.18-12.33.31:876][  0]LogD3D11RHI:     Revision    : 00e1
[2022.07.18-12.33.31:876][  0]LogD3D11RHI:     DedicatedVideoMemory : 8567906304 bytes
[2022.07.18-12.33.31:876][  0]LogD3D11RHI:     DedicatedSystemMemory : 0 bytes
[2022.07.18-12.33.31:876][  0]LogD3D11RHI:     SharedSystemMemory : 17133314048 bytes
[2022.07.18-12.33.31:876][  0]LogD3D11RHI:     AdapterLuid : 0 69485
[2022.07.18-12.33.31:881][  0]LogD3D11RHI: Creating new Direct3DDevice
[2022.07.18-12.33.31:881][  0]LogD3D11RHI:     GPU DeviceId: 0x67df (for the marketing name, search the web for "GPU Device Id")
[2022.07.18-12.33.31:881][  0]LogWindows: EnumDisplayDevices:
[2022.07.18-12.33.31:881][  0]LogWindows:    0. 'Radeon RX 590 Series' (P:0 D:1)
[2022.07.18-12.33.31:881][  0]LogWindows:    1. 'Radeon RX 590 Series' (P:1 D:1)
[2022.07.18-12.33.31:881][  0]LogWindows:    2. 'Radeon RX 590 Series' (P:0 D:0)
[2022.07.18-12.33.31:881][  0]LogWindows:    3. 'Radeon RX 590 Series' (P:0 D:0)
[2022.07.18-12.33.31:881][  0]LogWindows:    4. 'Radeon RX 590 Series' (P:0 D:0)
[2022.07.18-12.33.31:882][  0]LogWindows:    5. 'Radeon RX 590 Series' (P:0 D:0)
[2022.07.18-12.33.31:882][  0]LogWindows:    6. 'Radeon RX 590 Series' (P:0 D:0)
[2022.07.18-12.33.31:882][  0]LogWindows: DebugString: FoundDriverCount:7 
[2022.07.18-12.33.31:882][  0]LogD3D11RHI:     Adapter Name: Radeon RX 590 Series
[2022.07.18-12.33.31:882][  0]LogD3D11RHI:   Driver Version: AMD Software: Adrenalin Edition 22.5.2 (internal:30.0.21017.1000, unified:30.0.21017.1000)
[2022.07.18-12.33.31:882][  0]LogD3D11RHI:      Driver Date: 5-17-2022
[2022.07.18-12.33.31:882][  0]LogRHI: Texture pool is 5182 MB (70% of 7402 MB)
[2022.07.18-12.33.31:908][  0]LogD3D11RHI: Creating D3DDevice with AMD AGS, using adapter:
[2022.07.18-12.33.31:908][  0]LogD3D11RHI:     Description : Radeon RX 590 Series
[2022.07.18-12.33.31:908][  0]LogD3D11RHI:     VendorId    : 1002
[2022.07.18-12.33.31:908][  0]LogD3D11RHI:     DeviceId    : 67df
[2022.07.18-12.33.31:908][  0]LogD3D11RHI:     SubSysId    : 50321849
[2022.07.18-12.33.31:908][  0]LogD3D11RHI:     Revision    : 00e1
[2022.07.18-12.33.31:908][  0]LogD3D11RHI:     DedicatedVideoMemory : 8567906304 bytes
[2022.07.18-12.33.31:908][  0]LogD3D11RHI:     DedicatedSystemMemory : 0 bytes
[2022.07.18-12.33.31:908][  0]LogD3D11RHI:     SharedSystemMemory : 17133314048 bytes
[2022.07.18-12.33.31:908][  0]LogD3D11RHI:     AdapterLuid : 0 69485
[2022.07.18-12.33.31:936][  0]LogD3D11RHI: Created device via AGS, feature level 11_0, supported extensions 1fffffbf.
[2022.07.18-12.33.31:936][  0]LogD3D11RHI: RHI has support for 64 bit atomics
[2022.07.18-12.33.31:936][  0]LogD3D11RHI: Async texture creation enabled
[2022.07.18-12.33.31:936][  0]LogD3D11RHI: Array index from any shader is supported
[2022.07.18-12.33.31:937][  0]LogD3D11RHI: HDR output is supported on display 0 (AMD Device: 0x0, Display: 0x0).
[2022.07.18-12.33.31:947][  0]LogD3D11RHI: GPU Timing Frequency: 25.000000 (Debug: 2 1)
[2022.07.18-12.33.32:139][  0]LogTargetPlatformManager: Display: Loaded TargetPlatform 'WindowsNoEditor'
[2022.07.18-12.33.32:141][  0]LogTargetPlatformManager: Display: Loaded TargetPlatform 'Windows'
[2022.07.18-12.33.32:144][  0]LogTargetPlatformManager: Display: Loaded TargetPlatform 'WindowsClient'
[2022.07.18-12.33.32:147][  0]LogTargetPlatformManager: Display: Loaded TargetPlatform 'WindowsServer'
[2022.07.18-12.33.32:147][  0]LogTargetPlatformManager: Display: Building Assets For Windows
[2022.07.18-12.33.32:151][  0]LogAudioDebug: Display: Lib vorbis DLL was dynamically loaded.
[2022.07.18-12.33.32:168][  0]LogTextureFormatOodle: Display: Oodle Texture 2.9.0 init RDO Off
[2022.07.18-12.33.32:186][  0]LogRendererCore: Ray tracing is disabled. Reason: r.RayTracing=0.
[2022.07.18-12.33.32:186][  0]LogShaderCompilers: Guid format shader working directory is 0 characters bigger than the processId version (C:/Users/matej/Documents/GitHub/Game-Jam-2022/Intermediate/Shaders/WorkingDirectory/10004/).
[2022.07.18-12.33.32:187][  0]LogShaderCompilers: Cleaned the shader compiler working directory 'C:/Users/matej/AppData/Local/Temp/UnrealShaderWorkingDir/A5FE44E948194610F68198BB14F23400/'.
[2022.07.18-12.33.32:187][  0]LogXGEController: Cannot use XGE Controller as Incredibuild is not installed on this machine.
[2022.07.18-12.33.32:187][  0]LogShaderCompilers: Cannot use XGE Shader Compiler as Incredibuild is not installed on this machine.
[2022.07.18-12.33.32:187][  0]LogShaderCompilers: Display: Using Local Shader Compiler.
[2022.07.18-12.33.32:708][  0]LogDerivedDataCache: Display: Max Cache Size: 512 MB
[2022.07.18-12.33.32:742][  0]LogDerivedDataCache: Loaded boot cache 0.03s 94MB C:/Users/matej/AppData/Local/UnrealEngine/4.27/DerivedDataCache/Boot.ddc.
[2022.07.18-12.33.32:742][  0]LogDerivedDataCache: Display: Loaded Boot cache: C:/Users/matej/AppData/Local/UnrealEngine/4.27/DerivedDataCache/Boot.ddc
[2022.07.18-12.33.32:742][  0]LogDerivedDataCache: FDerivedDataBackendGraph:  Pak pak cache file C:/Users/matej/Documents/GitHub/Game-Jam-2022/DerivedDataCache/DDC.ddp not found, will not use a pak cache.
[2022.07.18-12.33.32:742][  0]LogDerivedDataCache: Unable to find inner node Pak for hierarchical cache Hierarchy.
[2022.07.18-12.33.32:742][  0]LogDerivedDataCache: FDerivedDataBackendGraph:  CompressedPak pak cache file C:/Users/matej/Documents/GitHub/Game-Jam-2022/DerivedDataCache/Compressed.ddp not found, will not use a pak cache.
[2022.07.18-12.33.32:742][  0]LogDerivedDataCache: Unable to find inner node CompressedPak for hierarchical cache Hierarchy.
[2022.07.18-12.33.32:756][  0]LogDerivedDataCache: Display: Pak cache opened for reading ../../../Engine/DerivedDataCache/Compressed.ddp.
[2022.07.18-12.33.32:756][  0]LogDerivedDataCache: FDerivedDataBackendGraph:  EnterprisePak pak cache file ../../../Enterprise/DerivedDataCache/Compressed.ddp not found, will not use a pak cache.
[2022.07.18-12.33.32:756][  0]LogDerivedDataCache: Unable to find inner node EnterprisePak for hierarchical cache Hierarchy.
[2022.07.18-12.33.32:762][  0]LogDerivedDataCache: Speed tests for C:/Users/matej/AppData/Local/UnrealEngine/Common/DerivedDataCache took 0.01 seconds
[2022.07.18-12.33.32:762][  0]LogDerivedDataCache: Display: Performance to C:/Users/matej/AppData/Local/UnrealEngine/Common/DerivedDataCache: Latency=0.03ms. RandomReadSpeed=1694.65MBs, RandomWriteSpeed=204.57MBs. Assigned SpeedClass 'Local'
[2022.07.18-12.33.32:762][  0]LogDerivedDataCache: Using Local data cache path C:/Users/matej/AppData/Local/UnrealEngine/Common/DerivedDataCache: Writable
[2022.07.18-12.33.32:762][  0]LogDerivedDataCache: Shared data cache path not found in *engine.ini, will not use an Shared cache.
[2022.07.18-12.33.32:762][  0]LogDerivedDataCache: Unable to find inner node Shared for hierarchical cache Hierarchy.
[2022.07.18-12.33.32:788][  0]LogSlate: Using FreeType 2.10.0
[2022.07.18-12.33.32:788][  0]LogSlate: SlateFontServices - WITH_FREETYPE: 1, WITH_HARFBUZZ: 1
[2022.07.18-12.33.32:837][  0]LogInit: Using OS detected language (en-US).
[2022.07.18-12.33.32:837][  0]LogInit: Using OS detected locale (en-US).
[2022.07.18-12.33.32:837][  0]LogTextLocalizationManager: No localization for 'en-US' exists, so 'en' will be used for the language.
[2022.07.18-12.33.32:837][  0]LogTextLocalizationManager: No localization for 'en-US' exists, so 'en' will be used for the locale.
[2022.07.18-12.33.32:838][  0]LogSlate: FontCache flush requested. Reason: Culture for localization was changed
[2022.07.18-12.33.32:838][  0]LogSlate: FontCache flush requested. Reason: Culture for localization was changed
[2022.07.18-12.33.32:840][  0]LogTextLocalizationManager: Compacting localization data took   0.00ms
[2022.07.18-12.33.32:840][  0]LogAssetRegistry: FAssetRegistry took 0.0013 seconds to start up
[2022.07.18-12.33.32:953][  0]LogPackageLocalizationCache: Processed 21 localized package path(s) for 1 prioritized culture(s) in 0.000596 seconds
[2022.07.18-12.33.32:997][  0]LogInit: Selected Device Profile: [Windows]
[2022.07.18-12.33.32:997][  0]LogInit: Active device profile: [000002E8C4F07600][000002E8BE434300 49] Windows
[2022.07.18-12.33.32:997][  0]LogInit: Profiles: [000002E8C4F07600][000002E8BE434300 49] Windows, [000002E8C4EC4C00][000002E8BE43C480 49] WindowsNoEditor, [000002E8C4F04C00][000002E8BAD52600 49] WindowsServer, [000002E8C4EC6C00][000002E8BAD56780 49] WindowsClient, [000002E8C4F06B00][000002E8BAD5A900 49] IOS, [000002E8C4EC5700][000002E8BAD5EA80 49] iPadAir, [000002E8C4F05500][000002E8BAD62C00 49] iPadAir2, [000002E8C4E6F900][000002E8BAD6AEC0 49] IPadPro, [000002E8C4E6FA00][000002E8BAD66F00 49] iPadAir3, [000002E8C4F06400][000002E8BAD6F080 49] iPadAir4, [000002E8C4E6D100][000002E8BAD73200 49] iPadMini2, [000002E8C4F07300][000002E8BAD77380 49] iPadMini3, [000002E8C4E6E600][000002E8BE4394C0 49] iPadMini4, [000002E8C4F06100][000002E8BAD7B600 49] iPadMini5, [000002E8C4EB3200][000002E8BAD83840 49] iPhone6, [000002E8C4EB3300][000002E8BAD7F880 49] iPodTouch6, [000002E8C4E6C400][000002E8BB7BFB40 49] iPhone7, [000002E8C4E6C200][000002E8BB7BBB80 49] iPodTouch7, [000002E8C4EB1000][000002E8BB7C2180 49] iPhone5S, [000002E8C4E6CD00][000002E8BB7C6300 49] iPhone6Plus, [000002E8C4EB2700][000002E8BB7CA480 49] iPhone6S, [000002E8C4E6F100][000002E8BB7CE600 49] iPhone6SPlus, [000002E8C4EB3D00][000002E8BB7D2780 49] iPhone7Plus, [000002E8C4E6F500][000002E8BB7D6900 49] iPhoneSE, [000002E8C4EB0500][000002E8BB7DAA80 49] iPhone8, [000002E8C4E6DA00][000002E8BB7DEC00 49] iPhone8Plus, [000002E8C4EB2500][000002E8BB7E2D80 49] iPhoneX, [000002E8C4E6D700][000002E8BB7E6F00 49] iPhoneXS, [000002E8C4EB1E00][000002E8BB7EB080 49] iPhoneXSMax, [000002E8C4E6CF00][000002E8BB7EF200 49] iPhoneXR, [000002E8C4EB3900][000002E8BB7F3380 49] iPhone11, [000002E8C4E6F800][000002E8BB7F7500 49] iPhone11Pro, [000002E8C4EB3500][000002E8BB7FB680 49] iPhone11ProMax, [000002E8C4E6EC00][000002E8BAD877C0 49] iPhoneSE2, [000002E8C4EB1C00][000002E8BB7FF900 49] iPhone12Mini, [000002E8C4E6F200][000002E8BB803A40 49] iPhone12, [000002E8C4EB2D00][000002E8BB575BC0 49] iPhone12Pro, [000002E8C4E6E300][000002E8BB5781C0 49] iPhone12ProMax, [000002E8C4EB0E00][000002E8BB57C340 49] iPadPro105, [000002E8C4E6E200][000002E8BB5804C0 49] iPadPro129, [000002E8C4EB3100][000002E8BB584640 49] iPadPro97, [000002E8C4E6C500][000002E8BB5887C0 49] iPadPro2_129, [000002E8C4EB2A00][000002E8BB58C940 49] iPad5, [000002E8C4E6D300][000002E8BB590AC0 49] iPad6, [000002E8C4EB3600][000002E8BB594C40 49] iPad7, [000002E8C4E6DC00][000002E8BB598DC0 49] iPad8, [000002E8C4EB0900][000002E8BB59CF40 49] iPadPro11, [000002E8C4E6FB00][000002E8BB5A10C0 49] iPadPro2_11, [000002E8C4EB1600][000002E8BB5A5240 49] iPadPro3_129, [000002E8C4E6CB00][000002E8BB5A93C0 49] iPadPro4_129, [000002E8C4EB3A00][000002E8BB5AD540 49] AppleTV, [000002E8C4E6EF00][000002E8BB5B16C0 49] AppleTV4K, [000002E8C4EB3400][000002E8BB5B5840 49] TVOS, [000002E8C4E6DF00][000002E8BB571980 49] Mac, [000002E8C4EC4600][000002E8BB5B9AC0 49] MacClient, [000002E8C4F6CD00][000002E8BB5BDC00 49] MacNoEditor, [000002E8C4EC6400][000002E8BB5C01C0 49] MacServer, [000002E8C4F6D200][000002E8BB5C8340 49] Linux, [000002E8C4EC7300][000002E8BB5CC4C0 49] LinuxAArch64, [000002E8C4F6D600][000002E8BB5D0640 49] LinuxNoEditor, [000002E8C4EC5A00][000002E8BB5D47C0 49] LinuxAArch64NoEditor, [000002E8C4F6DB00][000002E8BB5D8940 49] LinuxClient, [000002E8C4EC4300][000002E8BB5DCAC0 49] LinuxAArch64Client, [000002E8C4F6C900][000002E8BB5E0C40 49] LinuxServer, [000002E8C4EC4500][000002E8BB5E4DC0 49] LinuxAArch64Server, [000002E8C4F6D800][000002E8BB5E8F40 49] Android, [000002E8C4EC7500][000002E8BB5ED0C0 49] Android_Low, [000002E8C4F6C800][000002E8BB5F1240 49] Android_Mid, [000002E8C4EC5400][000002E8BB5F53C0 49] Android_High, [000002E8C4F6C500][000002E8BB5F9540 49] Android_Default, [000002E8C4EC7800][000002E8BB5FD6C0 49] Android_Adreno4xx, [000002E8C4F6E400][000002E8BB601840 49] Android_Adreno5xx_Low, [000002E8C4EC4900][000002E8BB6059C0 49] Android_Adreno5xx, [000002E8C4F6D500][000002E8BB5C5B00 49] Android_Adreno6xx, [000002E8C4EC4400][000002E8BB6080C0 49] Android_Adreno6xx_Vulkan, [000002E8C4F6E600][000002E8BB60C200 49] Android_Mali_T6xx, [000002E8C4EC6F00][000002E8BB610340 49] Android_Mali_T7xx, [000002E8C4F6E800][000002E8BB6184C0 49] Android_Mali_T8xx, [000002E8C4E6D900][000002E8BB61C640 49] Android_Mali_G71, [000002E8C4EB1800][000002E8BAFCE7C0 49] Android_Mali_G72, [000002E8C4E6D200][000002E8BAFD2940 49] Android_Mali_G72_Vulkan, [000002E8C4EB0F00][000002E8BAFD6AC0 49] Android_Mali_G76, [000002E8C4E6D500][000002E8BAFDAC40 49] Android_Mali_G76_Vulkan, [000002E8C4EB3000][000002E8BAFDEDC0 49] Android_Mali_G77, [000002E8C4E6C800][000002E8BAFE2F40 49] Android_Mali_G77_Vulkan, [000002E8C4F6D300][000002E8BAFE70C0 49] Android_Mali_G78, [000002E8C4E6FC00][000002E8BAFEB240 49] Android_Mali_G78_Vulkan, [000002E8C4F6C400][000002E8BAFEF3C0 49] Android_Mali_G710, [000002E8C4E6D400][000002E8BAFF3540 49] Android_Mali_G710_Vulkan, [000002E8C4F6DA00][000002E8BAFF76C0 49] Android_Vulkan_SM5, [000002E8C4E6EB00][000002E8BAFFB840 49] Android_PowerVR_G6xxx, [000002E8C4F6D000][000002E8BAFFF9C0 49] Android_PowerVR_GT7xxx, [000002E8C4E6FF00][000002E8BB003B40 49] Android_PowerVR_GE8xxx, [000002E8C4F6CE00][000002E8BB006140 49] Android_PowerVR_GM9xxx, [000002E8C4E6C600][000002E8BB614280 49] Android_PowerVR_GM9xxx_Vulkan, [000002E8C4F6E000][000002E8BB00A3C0 49] Android_TegraK1, [000002E8C4E6E100][000002E8BB00E500 49] Android_Unknown_Vulkan, [000002E8C4F6D700][000002E8BB016680 49] Lumin, [000002E8C4E6FE00][000002E8BB01A800 49] Lumin_Desktop, [000002E8C4F6EA00][000002E8BB01E980 49] HoloLens, 
[2022.07.18-12.33.33:021][  0]LogMeshReduction: Using QuadricMeshReduction for automatic static mesh reduction
[2022.07.18-12.33.33:021][  0]LogMeshReduction: Using SimplygonMeshReduction for automatic skeletal mesh reduction
[2022.07.18-12.33.33:021][  0]LogMeshReduction: Using ProxyLODMeshReduction for automatic mesh merging
[2022.07.18-12.33.33:021][  0]LogMeshReduction: No distributed automatic mesh merging module available
[2022.07.18-12.33.33:021][  0]LogMeshMerging: No distributed automatic mesh merging module available
[2022.07.18-12.33.33:098][  0]LogNetVersion: Builder 1.0.0, NetCL: 17155196, EngineNetVer: 17, GameNetVer: 0 (Checksum: 3939801358)
[2022.07.18-12.33.33:240][  0]LogTexture: Default maximum texture size for cubemaps generated from long-lat sources has been changed from 512 to unlimited. In order to preserve old behaiour for '/Engine/MapTemplates/Sky/DaylightAmbientCubemap.DaylightAmbientCubemap', its maximum texture size has been explicitly set to 512.
[2022.07.18-12.33.33:328][  0]LogMoviePlayer: Initializing movie player
[2022.07.18-12.33.33:399][  0]LogNiagaraDebuggerClient: Niagara Debugger Client Initialized | Session: 1EB48DCF4E5104BCF67F078318177445 | Instance: B267D9AB4C62CBE3C7A76D9C39759373 (DESKTOP-M1QV7NL-10004).
[2022.07.18-12.33.33:411][  0]LogCollectionManager: Loaded 0 collections in 0.000640 seconds
[2022.07.18-12.33.33:413][  0]LogFileCache: Scanning file cache for directory 'C:/Users/matej/Documents/GitHub/Game-Jam-2022/Saved/Collections/' took 0.00s
[2022.07.18-12.33.33:413][  0]LogFileCache: Scanning file cache for directory 'C:/Users/matej/Documents/GitHub/Game-Jam-2022/Content/Developers/matej/Collections/' took 0.00s
[2022.07.18-12.33.33:413][  0]LogCollectionManager: Fixed up redirectors for 0 collections in 0.000001 seconds (updated 0 objects)
[2022.07.18-12.33.33:477][  0]LogFileCache: Scanning file cache for directory 'C:/Users/matej/Documents/GitHub/Game-Jam-2022/Content/Collections/' took 0.00s
[2022.07.18-12.33.33:477][  0]LogPython: Using Python 3.7.7
[2022.07.18-12.33.33:764][  0]LogUdpMessaging: Initializing bridge on interface 0.0.0.0:0 to multicast group 230.0.0.1:6666.
[2022.07.18-12.33.33:768][  0]LogTcpMessaging: Initializing TcpMessaging bridge
[2022.07.18-12.33.33:803][  0]SourceControl: Source control is disabled
[2022.07.18-12.33.33:803][  0]SourceControl: Source control is disabled
[2022.07.18-12.33.33:808][  0]SourceControl: Source control is disabled
[2022.07.18-12.33.33:821][  0]LogUProjectInfo: Found projects:
[2022.07.18-12.33.33:870][  0]LogOpenImageDenoise: OIDN starting up
[2022.07.18-12.33.33:874][  0]LogAndroidPermission: UAndroidPermissionCallbackProxy::GetInstance
[2022.07.18-12.33.33:887][  0]LogAudioCaptureCore: Display: No Audio Capture implementations found. Audio input will be silent.
[2022.07.18-12.33.33:887][  0]LogAudioCaptureCore: Display: No Audio Capture implementations found. Audio input will be silent.
[2022.07.18-12.33.33:926][  0]LogUObjectArray: 21417 objects as part of root set at end of initial load.
[2022.07.18-12.33.33:926][  0]LogUObjectAllocator: 5754288 out of 0 bytes used by permanent object pool.
[2022.07.18-12.33.33:926][  0]LogUObjectArray: CloseDisregardForGC: 0/0 objects in disregard for GC pool
[2022.07.18-12.33.33:958][  0]LogEngine: Initializing Engine...
[2022.07.18-12.33.33:959][  0]LogMagicLeap: Warning: VR disabled because ZI is not enabled.  To enable, in the editor, Edit -> Project Settings -> Plugins -> Magic Leap Plugin -> Enable Zero Iteration
[2022.07.18-12.33.33:960][  0]LogStats: UGameplayTagsManager::InitializeManager -  0.000 s
[2022.07.18-12.33.34:018][  0]LogInit: Initializing FReadOnlyCVARCache
[2022.07.18-12.33.34:018][  0]LogAudio: Display: Initializing Audio Device Manager...
[2022.07.18-12.33.34:021][  0]LogAudio: Display: Loading Default Audio Settings Objects...
[2022.07.18-12.33.34:022][  0]LogAudio: Display: No default SoundConcurrencyObject specified (or failed to load).
[2022.07.18-12.33.34:022][  0]LogAudio: Display: Audio Device Manager Initialized
[2022.07.18-12.33.34:022][  0]LogAudio: Display: Creating Audio Device:                 Id: 1, Scope: Shared, Realtime: True
[2022.07.18-12.33.34:022][  0]LogAudioMixer: Display: Audio Mixer Platform Settings:
[2022.07.18-12.33.34:022][  0]LogAudioMixer: Display: 	Sample Rate:						  48000
[2022.07.18-12.33.34:022][  0]LogAudioMixer: Display: 	Callback Buffer Frame Size Requested: 1024
[2022.07.18-12.33.34:022][  0]LogAudioMixer: Display: 	Callback Buffer Frame Size To Use:	  1024
[2022.07.18-12.33.34:022][  0]LogAudioMixer: Display: 	Number of buffers to queue:			  2
[2022.07.18-12.33.34:022][  0]LogAudioMixer: Display: 	Max Channels (voices):				  32
[2022.07.18-12.33.34:022][  0]LogAudioMixer: Display: 	Number of Async Source Workers:		  0
[2022.07.18-12.33.34:022][  0]LogAudio: Display: AudioDevice MaxSources: 32
[2022.07.18-12.33.34:023][  0]LogAudio: Display: Audio Spatialization Plugin: None (built-in).
[2022.07.18-12.33.34:023][  0]LogAudio: Display: Audio Reverb Plugin: None (built-in).
[2022.07.18-12.33.34:023][  0]LogAudio: Display: Audio Occlusion Plugin: None (built-in).
[2022.07.18-12.33.34:023][  0]LogAudioMixer: Display: Initializing audio mixer.
[2022.07.18-12.33.34:033][  0]LogAudioMixer: Display: 0: FrontLeft
[2022.07.18-12.33.34:033][  0]LogAudioMixer: Display: 1: FrontRight
[2022.07.18-12.33.34:082][  0]LogAudioMixer: Display: Using Audio Device Speakers (Realtek(R) Audio)
[2022.07.18-12.33.34:084][  0]LogAudioMixer: Display: Initializing Sound Submixes...
[2022.07.18-12.33.34:085][  0]LogAudioMixer: Display: Creating Master Submix 'MasterSubmixDefault'
[2022.07.18-12.33.34:085][  0]LogAudioMixer: Display: Creating Master Submix 'MasterReverbSubmixDefault'
[2022.07.18-12.33.34:086][  0]LogAudioMixer: Display: Creating Master Submix 'MasterEQSubmixDefault'
[2022.07.18-12.33.34:086][  0]LogAudioMixer: FMixerPlatformXAudio2::StartAudioStream() called
[2022.07.18-12.33.34:086][  0]LogAudioMixer: Display: Output buffers initialized: Frames=1024, Channels=2, Samples=2048
[2022.07.18-12.33.34:086][  0]LogAudioMixer: Display: Starting AudioMixerPlatformInterface::RunInternal()
[2022.07.18-12.33.34:086][  0]LogAudioMixer: Display: FMixerPlatformXAudio2::SubmitBuffer() called for the first time
[2022.07.18-12.33.34:086][  0]LogInit: FAudioDevice initialized.
[2022.07.18-12.33.34:087][  0]LogNetVersion: Set ProjectVersion to 1.2. Version Checksum will be recalculated on next use.
[2022.07.18-12.33.34:087][  0]LogInit: Texture streaming: Enabled
[2022.07.18-12.33.34:191][  0]LogAudio: Display: Audio Device (ID: 1) registered with world 'Untitled'.
[2022.07.18-12.33.34:191][  0]LogInit: Error: Failed to load cursor 'C:/Users/matej/Documents/GitHub/Game-Jam-2022/Content//Game/GameObjects/Components/HUD/Nasty-Clean'
[2022.07.18-12.33.34:191][  0]LogSlate: Updating window title bar state: overlay mode, drag disabled, window buttons hidden, title bar hidden
[2022.07.18-12.33.34:192][  0]LogInit: Display: Game Engine Initialized.
[2022.07.18-12.33.34:192][  0]LogNiagaraEditor: GEditor isn't valid! Particle reset commands will not work for Niagara components!
[2022.07.18-12.33.34:209][  0]LogInit: Display: Starting Game.
[2022.07.18-12.33.34:209][  0]LogNet: Browse: /Game/Maps/TestingMap?Name=Player
[2022.07.18-12.33.34:209][  0]LogLoad: LoadMap: /Game/Maps/TestingMap?Name=Player
[2022.07.18-12.33.34:209][  0]LogWorld: BeginTearingDown for /Temp/Untitled_0
[2022.07.18-12.33.34:209][  0]LogWorld: UWorld::CleanupWorld for Untitled, bSessionEnded=true, bCleanupResources=true
[2022.07.18-12.33.34:209][  0]LogSlate: InvalidateAllWidgets triggered.  All widgets were invalidated
[2022.07.18-12.33.34:224][  0]LogAudio: Display: Audio Device unregistered from world 'None'.
[2022.07.18-12.33.34:226][  0]LogUObjectHash: Compacting FUObjectHashTables data took   0.58ms
[2022.07.18-12.33.34:245][  0]LogUObjectGlobals: Warning: [AssetLog] C:\Users\matej\Documents\GitHub\Game-Jam-2022\Content\MenuStuff\MainMenuWidget.uasset: Failed to load '/Game/MenuStuff/blocksville': Can't find file.
[2022.07.18-12.33.34:248][  0]LogUObjectGlobals: Warning: Failed to load '/Game/GameObjects/Components/Music/SCM_MUTE': Can't find file.
[2022.07.18-12.33.34:248][  0]LogUObjectGlobals: Warning: Failed to load '/Game/GameObjects/Components/Music/SCM_Unmute': Can't find file.
[2022.07.18-12.33.34:248][  0]LogUObjectGlobals: Warning: Failed to load '/Game/MenuStuff/blocksville': Can't find file.
[2022.07.18-12.33.34:249][  0]LogUObjectGlobals: Warning: [AssetLog] C:\Users\matej\Documents\GitHub\Game-Jam-2022\Content\MenuStuff\MainMenuWidget.uasset: Failed to load '/Game/MenuStuff/blocksville': Can't find file.
[2022.07.18-12.33.34:250][  0]LogUObjectGlobals: Warning: [AssetLog] C:\Users\matej\Documents\GitHub\Game-Jam-2022\Content\MenuStuff\MainMenuWidget.uasset: Failed to load '/Game/GameObjects/Components/Music/SCM_MUTE': Can't find file.
[2022.07.18-12.33.34:250][  0]LogUObjectGlobals: Warning: [AssetLog] C:\Users\matej\Documents\GitHub\Game-Jam-2022\Content\MenuStuff\MainMenuWidget.uasset: Failed to load '/Game/GameObjects/Components/Music/SCM_Unmute': Can't find file.
[2022.07.18-12.33.34:354][  0]LogAudio: Display: Audio Device (ID: 1) registered with world 'TestingMap'.
[2022.07.18-12.33.34:358][  0]LogAIModule: Creating AISystem for world TestingMap
[2022.07.18-12.33.34:359][  0]LogLoad: Game class is 'CB_GameModeBase_C'
[2022.07.18-12.33.34:361][  0]LogWorld: Bringing World /Game/Maps/TestingMap.TestingMap up for play (max tick rate 0) at 2022.07.18-14.33.34
[2022.07.18-12.33.34:361][  0]LogWorld: Bringing up level for play took: 0.001885
[2022.07.18-12.33.34:364][  0]LogLoad: Took 0.154322 seconds to LoadMap(/Game/Maps/TestingMap)
[2022.07.18-12.33.34:467][  0]LogSlate: Took 0.000115 seconds to synchronously load lazily loaded font '../../../Engine/Content/Slate/Fonts/Roboto-Regular.ttf' (155K)
[2022.07.18-12.33.34:517][  0]LogRenderer: Reallocating scene render targets to support 252x252 Format 10 NumSamples 1 (Frame:1).
[2022.07.18-12.33.34:517][  0]LogRenderer: Reallocating scene render targets to support 1280x720 Format 10 NumSamples 1 (Frame:1).
[2022.07.18-12.33.34:517][  0]LogInit: Display: Engine is initialized. Leaving FEngineLoop::Init()
[2022.07.18-12.33.34:517][  0]LogLoad: (Engine Initialization) Total time: 3.65 seconds
[2022.07.18-12.33.34:517][  0]LogLoad: (Engine Initialization) Total Blueprint compile time: 0.00 seconds
[2022.07.18-12.33.34:520][  0]LogContentStreaming: Texture pool size now 1000 MB
[2022.07.18-12.33.34:522][  0]LogAudio: Warning: Detected orphaned looping sound 'background_Cue'.
[2022.07.18-12.33.34:522][  0]LogSlate: InvalidateAllWidgets triggered.  All widgets were invalidated
[2022.07.18-12.33.34:550][  1]LogSlate: Took 0.000130 seconds to synchronously load lazily loaded font '../../../Engine/Content/Slate/Fonts/Roboto-Regular.ttf' (155K)
[2022.07.18-12.33.45:596][671]Closing by request
[2022.07.18-12.33.45:596][671]LogWindows: FPlatformMisc::RequestExit(0)
[2022.07.18-12.33.45:596][671]LogWindows: FPlatformMisc::RequestExitWithStatus(0, 0)
[2022.07.18-12.33.45:596][671]LogCore: Engine exit requested (reason: Win RequestExit)
[2022.07.18-12.33.45:598][672]LogCore: Engine exit requested (reason: EngineExit() was called; note: exit was already requested)
[2022.07.18-12.33.45:598][672]LogInit: Display: PreExit Game.
[2022.07.18-12.33.45:606][672]LogWorld: BeginTearingDown for /Game/Maps/TestingMap
[2022.07.18-12.33.45:606][672]LogWorld: UWorld::CleanupWorld for TestingMap, bSessionEnded=true, bCleanupResources=true
[2022.07.18-12.33.45:606][672]LogSlate: InvalidateAllWidgets triggered.  All widgets were invalidated
[2022.07.18-12.33.45:967][672]LogAudio: Display: Beginning Audio Device Manager Shutdown (Module: AudioMixerXAudio2)...
[2022.07.18-12.33.45:967][672]LogAudio: Display: Destroying 1 Remaining Audio Device(s)...
[2022.07.18-12.33.45:967][672]LogAudio: Display: Audio Device unregistered from world 'TestingMap'.
[2022.07.18-12.33.45:988][672]LogAudioMixer: FMixerPlatformXAudio2::StopAudioStream() called
[2022.07.18-12.33.45:988][672]LogAudioMixer: FMixerPlatformXAudio2::StopAudioStream() called
[2022.07.18-12.33.45:992][672]LogAudio: Display: Audio Device Manager Shutdown
[2022.07.18-12.33.45:995][672]LogSlate: Window 'BlocksVille (64-bit Development PCD3D_SM5) ' being destroyed
[2022.07.18-12.33.46:000][672]LogWindowsTextInputMethodSystem: Display: IME system deactivated.
[2022.07.18-12.33.46:003][672]LogWindowsTextInputMethodSystem: Display: IME system deactivated.
[2022.07.18-12.33.46:007][672]LogExit: Preparing to exit.
[2022.07.18-12.33.46:778][672]LogUObjectHash: Compacting FUObjectHashTables data took   0.67ms
[2022.07.18-12.33.46:803][672]LogMoviePlayer: Shutting down movie player
[2022.07.18-12.33.46:884][672]LogSlate: Updating window title bar state: overlay mode, drag disabled, window buttons hidden, title bar hidden
[2022.07.18-12.33.46:897][672]LogDemo: Cleaned up 0 splitscreen connections with owner deletion
[2022.07.18-12.33.46:900][672]LogExit: Game engine shut down
[2022.07.18-12.33.46:925][672]LogExit: Object subsystem successfully closed.
[2022.07.18-12.33.46:932][672]LogShaderCompilers: Display: === FShaderJobCache stats ===
[2022.07.18-12.33.46:932][672]LogShaderCompilers: Display: Total job queries 0, among them cache hits 0 (0.00%)
[2022.07.18-12.33.46:932][672]LogShaderCompilers: Display: Tracking 0 distinct input hashes that result in 0 distinct outputs (0.00%)
[2022.07.18-12.33.46:932][672]LogShaderCompilers: Display: RAM used: 0.00 MB (0.00 GB) of 1638.40 MB (1.60 GB) budget. Usage: 0.00%
[2022.07.18-12.33.46:932][672]LogShaderCompilers: Display: ================================================
[2022.07.18-12.33.46:943][672]LogShaderCompilers: Display: Shaders left to compile 0
[2022.07.18-12.33.46:948][672]LogModuleManager: Shutting down and abandoning module SequenceRecorderSections (512)
[2022.07.18-12.33.46:948][672]LogModuleManager: Shutting down and abandoning module SequenceRecorder (510)
[2022.07.18-12.33.46:948][672]LogModuleManager: Shutting down and abandoning module AutomationController (508)
[2022.07.18-12.33.46:948][672]LogModuleManager: Shutting down and abandoning module AutomationWorker (506)
[2022.07.18-12.33.46:948][672]LogModuleManager: Shutting down and abandoning module Voice (504)
[2022.07.18-12.33.46:948][672]LogModuleManager: Shutting down and abandoning module AIModule (502)
[2022.07.18-12.33.46:948][672]LogModuleManager: Shutting down and abandoning module GameplayDebugger (501)
[2022.07.18-12.33.46:948][672]LogModuleManager: Shutting down and abandoning module AITestSuite (499)
[2022.07.18-12.33.46:948][672]LogModuleManager: Shutting down and abandoning module NavigationSystem (497)
[2022.07.18-12.33.46:948][672]LogModuleManager: Shutting down and abandoning module PlanarCut (494)
[2022.07.18-12.33.46:948][672]LogModuleManager: Shutting down and abandoning module WmfMediaFactory (492)
[2022.07.18-12.33.46:948][672]LogModuleManager: Shutting down and abandoning module WebMMediaFactory (490)
[2022.07.18-12.33.46:948][672]LogModuleManager: Shutting down and abandoning module WebMMedia (488)
[2022.07.18-12.33.46:948][672]LogModuleManager: Shutting down and abandoning module OpenExrWrapper (486)
[2022.07.18-12.33.46:948][672]LogModuleManager: Shutting down and abandoning module ImgMediaFactory (484)
[2022.07.18-12.33.46:948][672]LogModuleManager: Shutting down and abandoning module MagicLeapMediaCodecFactory (482)
[2022.07.18-12.33.46:948][672]LogModuleManager: Shutting down and abandoning module MagicLeapMediaFactory (480)
[2022.07.18-12.33.46:948][672]LogModuleManager: Shutting down and abandoning module AvfMediaFactory (478)
[2022.07.18-12.33.46:948][672]LogModuleManager: Shutting down and abandoning module CharacterAI (476)
[2022.07.18-12.33.46:948][672]LogModuleManager: Shutting down and abandoning module SessionServices (474)
[2022.07.18-12.33.46:948][672]LogModuleManager: Shutting down and abandoning module MovieSceneCapture (472)
[2022.07.18-12.33.46:948][672]LogModuleManager: Shutting down and abandoning module LiveCoding (470)
[2022.07.18-12.33.46:948][672]LogModuleManager: Shutting down and abandoning module LevelSequence (468)
[2022.07.18-12.33.46:948][672]LogModuleManager: Shutting down and abandoning module MovieSceneTracks (466)
[2022.07.18-12.33.46:948][672]LogModuleManager: Shutting down and abandoning module MovieScene (464)
[2022.07.18-12.33.46:948][672]LogModuleManager: Shutting down and abandoning module StreamingPauseRendering (462)
[2022.07.18-12.33.46:948][672]LogModuleManager: Shutting down and abandoning module PortalServices (460)
[2022.07.18-12.33.46:948][672]LogModuleManager: Shutting down and abandoning module PortalRpc (458)
[2022.07.18-12.33.46:948][672]LogModuleManager: Shutting down and abandoning module MessagingRpc (456)
[2022.07.18-12.33.46:948][672]LogModuleManager: Shutting down and abandoning module AudioMixerXAudio2 (454)
[2022.07.18-12.33.46:948][672]LogModuleManager: Shutting down and abandoning module AudioMixerCore (453)
[2022.07.18-12.33.46:948][672]LogModuleManager: Shutting down and abandoning module ImageWriteQueue (450)
[2022.07.18-12.33.46:950][672]LogModuleManager: Shutting down and abandoning module ProfilerService (448)
[2022.07.18-12.33.46:953][672]LogModuleManager: Shutting down and abandoning module TaskGraph (446)
[2022.07.18-12.33.46:953][672]LogModuleManager: Shutting down and abandoning module Synthesis (444)
[2022.07.18-12.33.46:953][672]LogModuleManager: Shutting down and abandoning module ProceduralMeshComponent (442)
[2022.07.18-12.33.46:953][672]LogModuleManager: Shutting down and abandoning module MobilePatchingUtils (440)
[2022.07.18-12.33.46:953][672]LogModuleManager: Shutting down and abandoning module GooglePAD (438)
[2022.07.18-12.33.46:953][672]LogModuleManager: Shutting down and abandoning module EditableMesh (436)
[2022.07.18-12.33.46:953][672]LogModuleManager: Shutting down and abandoning module CustomMeshComponent (434)
[2022.07.18-12.33.46:953][672]LogModuleManager: Shutting down and abandoning module CableComponent (432)
[2022.07.18-12.33.46:953][672]LogModuleManager: Shutting down and abandoning module AudioCapture (430)
[2022.07.18-12.33.46:953][672]LogModuleManager: Shutting down and abandoning module AudioCaptureRtAudio (429)
[2022.07.18-12.33.46:953][672]LogModuleManager: Shutting down and abandoning module ArchVisCharacter (426)
[2022.07.18-12.33.46:953][672]LogModuleManager: Shutting down and abandoning module AssetTags (424)
[2022.07.18-12.33.46:953][672]LogModuleManager: Shutting down and abandoning module AppleImageUtilsBlueprintSupport (422)
[2022.07.18-12.33.46:953][672]LogModuleManager: Shutting down and abandoning module AppleImageUtils (420)
[2022.07.18-12.33.46:953][672]LogModuleManager: Shutting down and abandoning module AndroidPermission (418)
[2022.07.18-12.33.46:953][672]LogModuleManager: Shutting down and abandoning module ActorLayerUtilities (416)
[2022.07.18-12.33.46:953][672]LogModuleManager: Shutting down and abandoning module TemplateSequence (414)
[2022.07.18-12.33.46:953][672]LogModuleManager: Shutting down and abandoning module OpenImageDenoise (412)
[2022.07.18-12.33.46:953][672]LogOpenImageDenoise: OIDN shutting down
[2022.07.18-12.33.46:953][672]LogModuleManager: Shutting down and abandoning module MotoSynth (410)
[2022.07.18-12.33.46:953][672]LogModuleManager: Shutting down and abandoning module MeshConversion (408)
[2022.07.18-12.33.46:953][672]LogModuleManager: Shutting down and abandoning module DynamicMesh (406)
[2022.07.18-12.33.46:953][672]LogModuleManager: Shutting down and abandoning module GeometryAlgorithms (404)
[2022.07.18-12.33.46:953][672]LogModuleManager: Shutting down and abandoning module GeometricObjects (402)
[2022.07.18-12.33.46:953][672]LogModuleManager: Shutting down and abandoning module MediaCompositing (400)
[2022.07.18-12.33.46:953][672]LogModuleManager: Shutting down and abandoning module ImgMedia (398)
[2022.07.18-12.33.46:953][672]LogModuleManager: Shutting down and abandoning module MagicLeapSharedWorld (396)
[2022.07.18-12.33.46:953][672]LogModuleManager: Shutting down and abandoning module MagicLeapLightEstimation (394)
[2022.07.18-12.33.46:953][672]LogModuleManager: Shutting down and abandoning module GeometryCollectionTracks (392)
[2022.07.18-12.33.46:953][672]LogModuleManager: Shutting down and abandoning module GeometryCollectionSequencer (391)
[2022.07.18-12.33.46:953][672]LogModuleManager: Shutting down and abandoning module GeometryCacheTracks (388)
[2022.07.18-12.33.46:953][672]LogModuleManager: Shutting down and abandoning module GeometryCacheSequencer (387)
[2022.07.18-12.33.46:953][672]LogModuleManager: Shutting down and abandoning module GeometryCache (384)
[2022.07.18-12.33.46:953][672]LogModuleManager: Shutting down and abandoning module GeometryCacheEd (383)
[2022.07.18-12.33.46:953][672]LogModuleManager: Shutting down and abandoning module MagicLeapHelperVulkan (380)
[2022.07.18-12.33.46:953][672]LogModuleManager: Shutting down and abandoning module MagicLeapHelperOpenGL (378)
[2022.07.18-12.33.46:953][672]LogModuleManager: Shutting down and abandoning module MagicLeapAudio (376)
[2022.07.18-12.33.46:953][672]LogModuleManager: Shutting down and abandoning module VisualStudioSourceCodeAccess (374)
[2022.07.18-12.33.46:953][672]LogModuleManager: Shutting down and abandoning module HotReload (373)
[2022.07.18-12.33.46:953][672]LogModuleManager: Shutting down and abandoning module VisualStudioCodeSourceCodeAccess (370)
[2022.07.18-12.33.46:953][672]LogModuleManager: Shutting down and abandoning module UObjectPlugin (368)
[2022.07.18-12.33.46:953][672]LogModuleManager: Shutting down and abandoning module ChaosNiagara (366)
[2022.07.18-12.33.46:953][672]LogModuleManager: Shutting down and abandoning module FieldSystemEngine (365)
[2022.07.18-12.33.46:953][672]LogModuleManager: Shutting down and abandoning module SubversionSourceControl (362)
[2022.07.18-12.33.46:953][672]LogModuleManager: Shutting down and abandoning module BackChannel (360)
[2022.07.18-12.33.46:953][672]LogModuleManager: Shutting down and abandoning module AutomationUtils (358)
[2022.07.18-12.33.46:953][672]LogModuleManager: Shutting down and abandoning module PerforceSourceControl (356)
[2022.07.18-12.33.46:953][672]LogModuleManager: Shutting down and abandoning module SourceControl (355)
[2022.07.18-12.33.46:953][672]LogModuleManager: Shutting down and abandoning module CLionSourceCodeAccess (352)
[2022.07.18-12.33.46:953][672]LogModuleManager: Shutting down and abandoning module OodleNetworkHandlerComponent (350)
[2022.07.18-12.33.46:953][672]LogModuleManager: Shutting down and abandoning module GameplayCameras (348)
[2022.07.18-12.33.46:953][672]LogModuleManager: Shutting down and abandoning module SoundFields (346)
[2022.07.18-12.33.46:953][672]LogModuleManager: Shutting down and abandoning module SignificanceManager (344)
[2022.07.18-12.33.46:953][672]LogModuleManager: Shutting down and abandoning module RuntimePhysXCooking (342)
[2022.07.18-12.33.46:953][672]LogModuleManager: Shutting down and abandoning module PropertyAccessEditor (340)
[2022.07.18-12.33.46:953][672]LogModuleManager: Shutting down and abandoning module PhysXVehiclesEditor (338)
[2022.07.18-12.33.46:953][672]LogModuleManager: Shutting down and abandoning module LocationServicesBPLibrary (334)
[2022.07.18-12.33.46:953][672]LogModuleManager: Shutting down and abandoning module AudioSynesthesia (332)
[2022.07.18-12.33.46:953][672]LogModuleManager: Shutting down and abandoning module AudioSynesthesiaCore (330)
[2022.07.18-12.33.46:953][672]LogModuleManager: Shutting down and abandoning module ActorSequence (328)
[2022.07.18-12.33.46:953][672]LogModuleManager: Shutting down and abandoning module TcpMessaging (326)
[2022.07.18-12.33.47:776][672]LogModuleManager: Shutting down and abandoning module UdpMessaging (324)
[2022.07.18-12.33.47:877][672]LogModuleManager: Shutting down and abandoning module PythonScriptPlugin (322)
[2022.07.18-12.33.47:877][672]LogModuleManager: Shutting down and abandoning module ImgMediaEngine (320)
[2022.07.18-12.33.47:877][672]LogModuleManager: Shutting down and abandoning module MagicLeapARPin (318)
[2022.07.18-12.33.47:877][672]LogModuleManager: Shutting down and abandoning module MagicLeapHandMeshing (316)
[2022.07.18-12.33.47:877][672]LogModuleManager: Shutting down and abandoning module MagicLeapSecureStorage (314)
[2022.07.18-12.33.47:877][672]LogModuleManager: Shutting down and abandoning module MagicLeapPrivileges (312)
[2022.07.18-12.33.47:877][672]LogModuleManager: Shutting down and abandoning module MagicLeapPlanes (310)
[2022.07.18-12.33.47:877][672]LogMagicLeapPlanes: Planes tracker already destroyed.
[2022.07.18-12.33.47:877][672]LogModuleManager: Shutting down and abandoning module MagicLeapImageTracker (308)
[2022.07.18-12.33.47:877][672]LogModuleManager: Shutting down and abandoning module MagicLeapIdentity (306)
[2022.07.18-12.33.47:877][672]LogModuleManager: Shutting down and abandoning module MagicLeapHandTracking (304)
[2022.07.18-12.33.47:877][672]LogModuleManager: Shutting down and abandoning module MagicLeapEyeTracker (302)
[2022.07.18-12.33.47:877][672]LogModuleManager: Shutting down and abandoning module MagicLeapController (300)
[2022.07.18-12.33.47:877][672]LogSlate: Slate User Destroyed.  User Index 0, Is Virtual User: 0
[2022.07.18-12.33.47:877][672]LogModuleManager: Shutting down and abandoning module MagicLeapARPinImpl (298)
[2022.07.18-12.33.47:877][672]LogModuleManager: Shutting down and abandoning module MagicLeapAR (296)
[2022.07.18-12.33.47:877][672]LogModuleManager: Shutting down and abandoning module AugmentedReality (295)
[2022.07.18-12.33.47:877][672]LogModuleManager: Shutting down and abandoning module PropertyAccessNode (292)
[2022.07.18-12.33.47:877][672]LogModuleManager: Shutting down and abandoning module NiagaraAnimNotifies (290)
[2022.07.18-12.33.47:877][672]LogModuleManager: Shutting down and abandoning module Niagara (288)
[2022.07.18-12.33.47:877][672]LogModuleManager: Shutting down and abandoning module SignalProcessing (287)
[2022.07.18-12.33.47:877][672]LogModuleManager: Shutting down and abandoning module NiagaraEditor (285)
[2022.07.18-12.33.47:877][672]LogModuleManager: Shutting down and abandoning module ContentBrowser (284)
[2022.07.18-12.33.47:877][672]LogModuleManager: Shutting down and abandoning module CollectionManager (283)
[2022.07.18-12.33.47:877][672]LogModuleManager: Shutting down and abandoning module DirectoryWatcher (282)
[2022.07.18-12.33.47:877][672]LogModuleManager: Shutting down and abandoning module ContentBrowserData (279)
[2022.07.18-12.33.47:877][672]LogModuleManager: Shutting down and abandoning module NiagaraCore (274)
[2022.07.18-12.33.47:877][672]LogModuleManager: Shutting down and abandoning module GameplayTagsEditor (272)
[2022.07.18-12.33.47:877][672]LogModuleManager: Shutting down and abandoning module FacialAnimation (270)
[2022.07.18-12.33.47:877][672]LogModuleManager: Shutting down and abandoning module AnimationSharing (268)
[2022.07.18-12.33.47:877][672]LogModuleManager: Shutting down and abandoning module AssetManagerEditor (266)
[2022.07.18-12.33.47:877][672]LogModuleManager: Shutting down and abandoning module TreeMap (265)
[2022.07.18-12.33.47:877][672]LogModuleManager: Shutting down and abandoning module LightPropagationVolumeRuntime (262)
[2022.07.18-12.33.47:877][672]LogModuleManager: Shutting down and abandoning module EnvironmentQueryEditor (260)
[2022.07.18-12.33.47:877][672]LogModuleManager: Shutting down and abandoning module Paper2D (258)
[2022.07.18-12.33.47:877][672]LogModuleManager: Shutting down and abandoning module WindowsMoviePlayer (256)
[2022.07.18-12.33.47:878][672]LogModuleManager: Shutting down and abandoning module WebMMoviePlayer (254)
[2022.07.18-12.33.47:878][672]LogModuleManager: Shutting down and abandoning module NetworkReplayStreaming (252)
[2022.07.18-12.33.47:878][672]LogModuleManager: Shutting down and abandoning module PacketHandler (250)
[2022.07.18-12.33.47:878][672]LogModuleManager: Shutting down and abandoning module ClothingSystemEditor (248)
[2022.07.18-12.33.47:878][672]LogModuleManager: Shutting down and abandoning module ClothingSystemRuntimeNv (246)
[2022.07.18-12.33.47:878][672]LogModuleManager: Shutting down and abandoning module MediaAssets (244)
[2022.07.18-12.33.47:878][672]LogModuleManager: Shutting down and abandoning module Overlay (242)
[2022.07.18-12.33.47:878][672]LogModuleManager: Shutting down and abandoning module OverlayEditor (241)
[2022.07.18-12.33.47:878][672]LogModuleManager: Shutting down and abandoning module VREditor (238)
[2022.07.18-12.33.47:878][672]LogModuleManager: Shutting down and abandoning module StringTableEditor (236)
[2022.07.18-12.33.47:878][672]LogModuleManager: Shutting down and abandoning module GameplayTasksEditor (234)
[2022.07.18-12.33.47:878][672]LogModuleManager: Shutting down and abandoning module BehaviorTreeEditor (232)
[2022.07.18-12.33.47:878][672]LogModuleManager: Shutting down and abandoning module FunctionalTesting (230)
[2022.07.18-12.33.47:878][672]LogModuleManager: Shutting down and abandoning module CollisionAnalyzer (228)
[2022.07.18-12.33.47:878][672]LogModuleManager: Shutting down and abandoning module WorkspaceMenuStructure (227)
[2022.07.18-12.33.47:878][672]LogModuleManager: Shutting down and abandoning module UMG (224)
[2022.07.18-12.33.47:878][672]LogModuleManager: Shutting down and abandoning module UMGEditor (223)
[2022.07.18-12.33.47:878][672]LogModuleManager: Shutting down and abandoning module Sequencer (222)
[2022.07.18-12.33.47:878][672]LogModuleManager: Shutting down and abandoning module MessageLog (219)
[2022.07.18-12.33.47:878][672]LogModuleManager: Shutting down and abandoning module SlateReflector (214)
[2022.07.18-12.33.47:878][672]LogModuleManager: Shutting down and abandoning module Slate (212)
[2022.07.18-12.33.47:878][672]LogModuleManager: Shutting down and abandoning module SlateCore (210)
[2022.07.18-12.33.47:879][672]LogModuleManager: Shutting down and abandoning module LandscapeEditorUtilities (208)
[2022.07.18-12.33.47:879][672]LogModuleManager: Shutting down and abandoning module UnrealEd (206)
[2022.07.18-12.33.47:879][672]LogModuleManager: Shutting down and abandoning module MRMesh (204)
[2022.07.18-12.33.47:879][672]LogModuleManager: Shutting down and abandoning module Messaging (202)
[2022.07.18-12.33.47:879][672]LogModuleManager: Shutting down and abandoning module SourceCodeAccess (200)
[2022.07.18-12.33.47:879][672]LogModuleManager: Shutting down and abandoning module HeadMountedDisplay (198)
[2022.07.18-12.33.47:879][672]LogModuleManager: Shutting down and abandoning module XAudio2 (196)
[2022.07.18-12.33.47:879][672]LogModuleManager: Shutting down and abandoning module Networking (194)
[2022.07.18-12.33.47:879][672]LogModuleManager: Shutting down and abandoning module Core (192)
[2022.07.18-12.33.47:879][672]LogModuleManager: Shutting down and abandoning module MaterialEditor (190)
[2022.07.18-12.33.47:879][672]LogModuleManager: Shutting down and abandoning module MovieSceneTools (188)
[2022.07.18-12.33.47:879][672]LogModuleManager: Shutting down and abandoning module EditorStyle (187)
[2022.07.18-12.33.47:879][672]LogModuleManager: Shutting down and abandoning module KismetCompiler (184)
[2022.07.18-12.33.47:879][672]LogModuleManager: Shutting down and abandoning module MeshBuilder (182)
[2022.07.18-12.33.47:879][672]LogModuleManager: Shutting down and abandoning module MeshUtilities (180)
[2022.07.18-12.33.47:879][672]LogModuleManager: Shutting down and abandoning module MeshMergeUtilities (179)
[2022.07.18-12.33.47:879][672]LogModuleManager: Shutting down and abandoning module MeshReductionInterface (178)
[2022.07.18-12.33.47:879][672]LogModuleManager: Shutting down and abandoning module MeshBoneReduction (177)
[2022.07.18-12.33.47:879][672]LogModuleManager: Shutting down and abandoning module SkeletalMeshReduction (175)
[2022.07.18-12.33.47:879][672]LogModuleManager: Shutting down and abandoning module ProxyLODMeshReduction (173)
[2022.07.18-12.33.47:879][672]LogModuleManager: Shutting down and abandoning module QuadricMeshReduction (171)
[2022.07.18-12.33.47:879][672]LogModuleManager: Shutting down and abandoning module MaterialBaking (167)
[2022.07.18-12.33.47:879][672]LogModuleManager: Shutting down and abandoning module NullInstallBundleManager (162)
[2022.07.18-12.33.47:879][672]LogModuleManager: Shutting down and abandoning module PIEPreviewDeviceProfileSelector (160)
[2022.07.18-12.33.47:879][672]LogModuleManager: Shutting down and abandoning module DerivedDataCache (158)
[2022.07.18-12.33.47:879][672]LogModuleManager: Shutting down and abandoning module TargetPlatform (156)
[2022.07.18-12.33.47:879][672]LogModuleManager: Shutting down and abandoning module VulkanShaderFormat (155)
[2022.07.18-12.33.47:879][672]LogModuleManager: Shutting down and abandoning module ShaderFormatVectorVM (153)
[2022.07.18-12.33.47:879][672]LogModuleManager: Shutting down and abandoning module ShaderFormatOpenGL (151)
[2022.07.18-12.33.47:879][672]LogModuleManager: Shutting down and abandoning module ShaderFormatD3D (149)
[2022.07.18-12.33.47:879][672]LogModuleManager: Shutting down and abandoning module MetalShaderFormat (147)
[2022.07.18-12.33.47:879][672]LogModuleManager: Shutting down and abandoning module TextureFormatOodle (145)
[2022.07.18-12.33.47:880][672]LogModuleManager: Shutting down and abandoning module TextureFormatUncompressed (143)
[2022.07.18-12.33.47:880][672]LogModuleManager: Shutting down and abandoning module TextureFormatPVR (141)
[2022.07.18-12.33.47:880][672]LogModuleManager: Shutting down and abandoning module TextureFormatETC2 (139)
[2022.07.18-12.33.47:880][672]LogModuleManager: Shutting down and abandoning module TextureFormatDXT (137)
[2022.07.18-12.33.47:880][672]LogModuleManager: Shutting down and abandoning module TextureFormatIntelISPCTexComp (135)
[2022.07.18-12.33.47:880][672]LogModuleManager: Shutting down and abandoning module TextureFormatASTC (133)
[2022.07.18-12.33.47:880][672]LogModuleManager: Shutting down and abandoning module ImageWrapper (132)
[2022.07.18-12.33.47:880][672]LogModuleManager: Shutting down and abandoning module AudioFormatOpus (129)
[2022.07.18-12.33.47:880][672]LogModuleManager: Shutting down and abandoning module AudioFormatOgg (127)
[2022.07.18-12.33.47:880][672]LogModuleManager: Shutting down and abandoning module AudioFormatADPCM (125)
[2022.07.18-12.33.47:880][672]LogModuleManager: Shutting down and abandoning module WindowsServerTargetPlatform (123)
[2022.07.18-12.33.47:880][672]LogModuleManager: Shutting down and abandoning module WindowsClientTargetPlatform (121)
[2022.07.18-12.33.47:880][672]LogModuleManager: Shutting down and abandoning module WindowsTargetPlatform (119)
[2022.07.18-12.33.47:880][672]LogModuleManager: Shutting down and abandoning module WindowsNoEditorTargetPlatform (117)
[2022.07.18-12.33.47:880][672]LogModuleManager: Shutting down and abandoning module D3D11RHI (114)
[2022.07.18-12.33.47:880][672]LogModuleManager: Shutting down and abandoning module InputCore (112)
[2022.07.18-12.33.47:880][672]LogModuleManager: Shutting down and abandoning module Settings (110)
[2022.07.18-12.33.47:880][672]LogModuleManager: Shutting down and abandoning module PhysXCooking (108)
[2022.07.18-12.33.47:880][672]LogModuleManager: Shutting down and abandoning module Chaos (106)
[2022.07.18-12.33.47:880][672]LogModuleManager: Shutting down and abandoning module WindowsPlatformFeatures (104)
[2022.07.18-12.33.47:880][672]LogModuleManager: Shutting down and abandoning module GameplayMediaEncoder (103)
[2022.07.18-12.33.47:880][672]LogModuleManager: Shutting down and abandoning module AVEncoder (102)
[2022.07.18-12.33.47:880][672]LogModuleManager: Shutting down and abandoning module VariantManagerContent (98)
[2022.07.18-12.33.47:880][672]LogModuleManager: Shutting down and abandoning module DatasmithContent (96)
[2022.07.18-12.33.47:880][672]LogModuleManager: Shutting down and abandoning module ExampleDeviceProfileSelector (94)
[2022.07.18-12.33.47:880][672]LogModuleManager: Shutting down and abandoning module ChunkDownloader (92)
[2022.07.18-12.33.47:880][672]LogModuleManager: Shutting down and abandoning module OnlineBlueprintSupport (90)
[2022.07.18-12.33.47:880][672]LogModuleManager: Shutting down and abandoning module OnlineSubsystem (86)
[2022.07.18-12.33.47:881][672]LogModuleManager: Shutting down and abandoning module XMPP (81)
[2022.07.18-12.33.47:881][672]LogModuleManager: Shutting down and abandoning module WebSockets (80)
[2022.07.18-12.33.47:909][672]LogModuleManager: Shutting down and abandoning module HTTP (77)
[2022.07.18-12.33.47:909][672]LogHttp: Display: cleaning up 0 outstanding Http requests.
[2022.07.18-12.33.47:930][672]LogModuleManager: Shutting down and abandoning module SSL (76)
[2022.07.18-12.33.47:931][672]LogModuleManager: Shutting down and abandoning module LauncherChunkInstaller (72)
[2022.07.18-12.33.47:931][672]LogModuleManager: Shutting down and abandoning module MLSDK (70)
[2022.07.18-12.33.47:931][672]LogModuleManager: Shutting down and abandoning module WmfMedia (68)
[2022.07.18-12.33.47:931][672]LogModuleManager: Shutting down and abandoning module Media (67)
[2022.07.18-12.33.47:931][672]LogModuleManager: Shutting down and abandoning module MediaInfo (66)
[2022.07.18-12.33.47:931][672]LogModuleManager: Shutting down and abandoning module ExrReaderGpu (62)
[2022.07.18-12.33.47:931][672]LogModuleManager: Shutting down and abandoning module MagicLeap (60)
[2022.07.18-12.33.47:931][672]LogModuleManager: Shutting down and abandoning module ChaosCloth (58)
[2022.07.18-12.33.47:931][672]LogModuleManager: Shutting down and abandoning module PixWinPlugin (56)
[2022.07.18-12.33.47:932][672]LogModuleManager: Shutting down and abandoning module NiagaraVertexFactories (54)
[2022.07.18-12.33.47:932][672]LogModuleManager: Shutting down and abandoning module NiagaraShader (52)
[2022.07.18-12.33.47:932][672]LogModuleManager: Shutting down and abandoning module AISupportModule (50)
[2022.07.18-12.33.47:932][672]LogModuleManager: Shutting down and abandoning module DesktopPlatform (48)
[2022.07.18-12.33.47:932][672]LogModuleManager: Shutting down and abandoning module PythonScriptPluginPreload (46)
[2022.07.18-12.33.47:932][672]LogModuleManager: Shutting down and abandoning module PlatformCryptoOpenSSL (44)
[2022.07.18-12.33.47:932][672]LogModuleManager: Shutting down and abandoning module PlatformCryptoTypes (42)
[2022.07.18-12.33.47:932][672]LogModuleManager: Shutting down and abandoning module PlatformCrypto (40)
[2022.07.18-12.33.47:932][672]LogModuleManager: Shutting down and abandoning module OodleDataCompressionFormat (38)
[2022.07.18-12.33.47:932][672]LogModuleManager: Shutting down and abandoning module XGEController (36)
[2022.07.18-12.33.47:932][672]LogModuleManager: Shutting down and abandoning module AnimationModifiers (34)
[2022.07.18-12.33.47:932][672]LogModuleManager: Shutting down and abandoning module AudioEditor (32)
[2022.07.18-12.33.47:932][672]LogModuleManager: Shutting down and abandoning module PropertyEditor (31)
[2022.07.18-12.33.47:932][672]LogModuleManager: Shutting down and abandoning module TextureCompressor (28)
[2022.07.18-12.33.47:932][672]LogModuleManager: Shutting down and abandoning module RenderCore (26)
[2022.07.18-12.33.47:932][672]LogModuleManager: Shutting down and abandoning module Landscape (24)
[2022.07.18-12.33.47:932][672]LogModuleManager: Shutting down and abandoning module SlateRHIRenderer (22)
[2022.07.18-12.33.47:932][672]LogModuleManager: Shutting down and abandoning module AnimGraphRuntime (20)
[2022.07.18-12.33.47:932][672]LogModuleManager: Shutting down and abandoning module Renderer (18)
[2022.07.18-12.33.47:932][672]LogModuleManager: Shutting down and abandoning module Engine (16)
[2022.07.18-12.33.47:932][672]LogModuleManager: Shutting down and abandoning module CoreUObject (14)
[2022.07.18-12.33.47:932][672]LogModuleManager: Shutting down and abandoning module NetworkFile (12)
[2022.07.18-12.33.47:932][672]LogModuleManager: Shutting down and abandoning module CookedIterativeFile (10)
[2022.07.18-12.33.47:932][672]LogModuleManager: Shutting down and abandoning module StreamingFile (8)
[2022.07.18-12.33.47:932][672]LogModuleManager: Shutting down and abandoning module SandboxFile (6)
[2022.07.18-12.33.47:932][672]LogModuleManager: Shutting down and abandoning module PakFile (4)
[2022.07.18-12.33.47:932][672]LogModuleManager: Shutting down and abandoning module RSA (3)
[2022.07.18-12.33.48:015][672]LogContentStreaming: Display: There are 1 unreleased StreamingManagers
[2022.07.18-12.33.48:022][672]LogD3D11RHI: Shutdown
[2022.07.18-12.33.48:022][672]LogD3D11RHI: CleanupD3DDevice
[2022.07.18-12.33.48:023][672]LogExit: Exiting.
[2022.07.18-12.33.48:030][672]Log file closed, 07/18/22 14:33:48
