Log file open, 07/18/22 14:21:55
LogWindows: Failed to load 'aqProf.dll' (GetLastError=126)
LogWindows: File 'aqProf.dll' does not exist
LogWindows: Failed to load 'VtuneApi.dll' (GetLastError=126)
LogWindows: File 'VtuneApi.dll' does not exist
LogWindows: Failed to load 'VtuneApi32e.dll' (GetLastError=126)
LogWindows: File 'VtuneApi32e.dll' does not exist
LogConsoleResponse: Display: Failed to find resolution value strings in scalability ini. Falling back to default.
LogConsoleResponse: Display: Failed to find resolution value strings in scalability ini. Falling back to default.
LogInit: Display: Running engine for game: Builder
LogPlatformFile: Not using cached read wrapper
LogTaskGraph: Started task graph with 5 named threads and 35 total threads with 3 sets of task threads.
LogStats: Stats thread started at 0.187068
LogICUInternationalization: ICU TimeZone Detection - Raw Offset: +1:00, Platform Override: ''
LogInit: Display: Loading text-based GConfig....
LogPluginManager: Mounting plugin MeshPainting
LogPluginManager: Mounting plugin XGEController
LogPluginManager: Mounting plugin Paper2D
LogPluginManager: Mounting plugin AISupport
LogPluginManager: Mounting plugin EnvironmentQueryEditor
LogPluginManager: Mounting plugin CameraShakePreviewer
LogPluginManager: Mounting plugin GameplayCameras
LogPluginManager: Mounting plugin LightPropagationVolume
LogPluginManager: Mounting plugin CryptoKeys
LogPluginManager: Mounting plugin AssetManagerEditor
LogPluginManager: Mounting plugin FacialAnimation
LogPluginManager: Mounting plugin DataValidation
LogPluginManager: Mounting plugin CurveEditorTools
LogPluginManager: Mounting plugin GameplayTagsEditor
LogPluginManager: Mounting plugin GeometryMode
LogPluginManager: Mounting plugin MacGraphicsSwitching
LogPluginManager: Mounting plugin MaterialAnalyzer
LogPluginManager: Mounting plugin PluginBrowser
LogPluginManager: Mounting plugin CLionSourceCodeAccess
LogPluginManager: Mounting plugin OodleData
LogPluginManager: Mounting plugin OodleNetwork
LogPluginManager: Mounting plugin SpeedTreeImporter
LogPluginManager: Mounting plugin Niagara
LogPluginManager: Mounting plugin AnimationSharing
LogPluginManager: Mounting plugin CodeLiteSourceCodeAccess
LogPluginManager: Mounting plugin GitSourceControl
LogPluginManager: Mounting plugin KDevelopSourceCodeAccess
LogPluginManager: Mounting plugin PixWinPlugin
LogPluginManager: Mounting plugin NullSourceCodeAccess
LogPluginManager: Mounting plugin PerforceSourceControl
LogPluginManager: Mounting plugin PluginUtils
LogPluginManager: Mounting plugin PropertyAccessNode
LogPluginManager: Mounting plugin PlasticSourceControl
LogPluginManager: Mounting plugin RiderSourceCodeAccess
LogPluginManager: Mounting plugin SubversionSourceControl
LogPluginManager: Mounting plugin TextureFormatOodle
LogPluginManager: Mounting plugin VisualStudioCodeSourceCodeAccess
LogPluginManager: Mounting plugin XCodeSourceCodeAccess
LogPluginManager: Mounting plugin VisualStudioSourceCodeAccess
LogPluginManager: Mounting plugin UObjectPlugin
LogPluginManager: Mounting plugin AndroidMedia
LogPluginManager: Mounting plugin TcpMessaging
LogPluginManager: Mounting plugin ActorSequence
LogPluginManager: Mounting plugin UdpMessaging
LogPluginManager: Mounting plugin MatineeToLevelSequence
LogPluginManager: Mounting plugin LevelSequenceEditor
LogPluginManager: Mounting plugin MobileLauncherProfileWizard
LogPluginManager: Mounting plugin AvfMedia
LogPluginManager: Mounting plugin TemplateSequence
LogPluginManager: Mounting plugin ImgMedia
LogPluginManager: Mounting plugin MediaCompositing
LogPluginManager: Mounting plugin MediaPlayerEditor
LogPluginManager: Mounting plugin WebMMedia
LogPluginManager: Mounting plugin WmfMedia
LogPluginManager: Mounting plugin LauncherChunkInstaller
LogPluginManager: Mounting plugin ActorLayerUtilities
LogPluginManager: Mounting plugin AndroidDeviceProfileSelector
LogPluginManager: Mounting plugin AndroidMoviePlayer
LogPluginManager: Mounting plugin AndroidPermission
LogPluginManager: Mounting plugin AppleMoviePlayer
LogPluginManager: Mounting plugin AppleImageUtils
LogPluginManager: Mounting plugin ArchVisCharacter
LogPluginManager: Mounting plugin AssetTags
LogPluginManager: Mounting plugin AudioCapture
LogPluginManager: Mounting plugin AudioSynesthesia
LogPluginManager: Mounting plugin CustomMeshComponent
LogPluginManager: Mounting plugin ChunkDownloader
LogPluginManager: Mounting plugin CableComponent
LogPluginManager: Mounting plugin EditableMesh
LogPluginManager: Mounting plugin ExampleDeviceProfileSelector
LogPluginManager: Mounting plugin GoogleCloudMessaging
LogPluginManager: Mounting plugin GooglePAD
LogPluginManager: Mounting plugin OnlineSubsystem
LogPluginManager: Mounting plugin OnlineSubsystemNull
LogPluginManager: Mounting plugin OnlineSubsystemUtils
LogPluginManager: Mounting plugin IOSDeviceProfileSelector
LogPluginManager: Mounting plugin LinuxDeviceProfileSelector
LogPluginManager: Mounting plugin LocationServicesBPLibrary
LogPluginManager: Mounting plugin ScreenshotTools
LogPluginManager: Mounting plugin MobilePatchingUtils
LogPluginManager: Mounting plugin PhysXVehicles
LogPluginManager: Mounting plugin ProceduralMeshComponent
LogPluginManager: Mounting plugin PropertyAccessEditor
LogPluginManager: Mounting plugin SignificanceManager
LogPluginManager: Mounting plugin SoundFields
LogPluginManager: Mounting plugin Synthesis
LogPluginManager: Mounting plugin RuntimePhysXCooking
LogPluginManager: Mounting plugin PostSplashScreen
LogPluginManager: Mounting plugin WebMMoviePlayer
LogPluginManager: Mounting plugin WindowsMoviePlayer
LogPluginManager: Mounting plugin LuminPlatformFeatures
LogPluginManager: Mounting plugin MagicLeap
LogPluginManager: Mounting plugin MagicLeapLightEstimation
LogPluginManager: Mounting plugin MagicLeapMedia
LogPluginManager: Mounting plugin MagicLeapPassableWorld
LogPluginManager: Mounting plugin MLSDK
LogPluginManager: Mounting plugin DatasmithContent
LogPluginManager: Mounting plugin VariantManagerContent
LogPluginManager: Mounting plugin AlembicImporter
LogPluginManager: Mounting plugin AutomationUtils
LogPluginManager: Mounting plugin BackChannel
LogPluginManager: Mounting plugin ChaosCloth
LogPluginManager: Mounting plugin ChaosClothEditor
LogPluginManager: Mounting plugin ChaosEditor
LogPluginManager: Mounting plugin ChaosSolverPlugin
LogPluginManager: Mounting plugin CharacterAI
LogPluginManager: Mounting plugin GeometryCache
LogPluginManager: Mounting plugin GeometryCollectionPlugin
LogPluginManager: Mounting plugin GeometryProcessing
LogPluginManager: Mounting plugin ChaosNiagara
LogPluginManager: Mounting plugin MotoSynth
LogPluginManager: Mounting plugin OpenImageDenoise
LogPluginManager: Mounting plugin PlanarCut
LogPluginManager: Mounting plugin ProxyLODPlugin
LogPluginManager: Mounting plugin PlatformCrypto
LogPluginManager: Mounting plugin PythonScriptPlugin
LogPluginManager: Mounting plugin SkeletalReduction
LogPluginManager: Mounting plugin ContentBrowserClassDataSource
LogPluginManager: Mounting plugin ContentBrowserAssetDataSource
LogPluginManager: Mounting plugin ContentBrowserFileDataSource
LogPluginManager: Mounting plugin OnlineSubsystemGooglePlay
LogPluginManager: Mounting plugin OnlineSubsystemIOS
PixWinPlugin: PIX capture plugin failed to initialize! Check that the process is launched from PIX.
LogInit: Using libcurl 7.55.1-DEV
LogInit:  - built for x86_64-pc-win32
LogInit:  - supports SSL with OpenSSL/1.1.1
LogInit:  - supports HTTP deflate (compression) using libz 1.2.8
LogInit:  - other features:
LogInit:      CURL_VERSION_SSL
LogInit:      CURL_VERSION_LIBZ
LogInit:      CURL_VERSION_IPV6
LogInit:      CURL_VERSION_ASYNCHDNS
LogInit:      CURL_VERSION_LARGEFILE
LogInit:      CURL_VERSION_IDN
LogInit:  CurlRequestOptions (configurable via config and command line):
LogInit:  - bVerifyPeer = true  - Libcurl will verify peer certificate
LogInit:  - bUseHttpProxy = false  - Libcurl will NOT use HTTP proxy
LogInit:  - bDontReuseConnections = false  - Libcurl will reuse connections
LogInit:  - MaxHostConnections = 16  - Libcurl will limit the number of connections to a host
LogInit:  - LocalHostAddr = Default
LogInit:  - BufferSize = 65536
LogOnline: OSS: Creating online subsystem instance for: NULL
LogInit: WinSock: version 1.1 (2.2), MaxSocks=32767, MaxUdp=65467
LogOnline: OSS: TryLoadSubsystemAndSetDefault: Loaded subsystem for module [NULL]
LogInit: Build: ++UE4+Release-4.27-CL-18319896
LogInit: Engine Version: 4.27.2-18319896+++UE4+Release-4.27
LogInit: Compatible Engine Version: 4.27.0-17155196+++UE4+Release-4.27
LogInit: Net CL: 17155196
LogInit: OS: Windows 10 (Release 2009) (), CPU: AMD Ryzen 5 5600X 6-Core Processor             , GPU: Radeon RX 590 Series
LogInit: Compiled (64-bit): Nov 30 2021 07:12:08
LogInit: Compiled with Visual C++: 19.24.28315.00
LogInit: Build Configuration: Development
LogInit: Branch Name: ++UE4+Release-4.27
LogInit: Command Line:  /Game/Maps/TestingMap -game -PIEVIACONSOLE -Multiprocess GameUserSettingsINI=C:/Users/matej/Documents/GitHub/Game-Jam-2022/Saved/Config/Windows/PIEGameUserSettings0.ini -MultiprocessSaveConfig -forcepassthrough -messaging -SessionName="Play in Standalone Game" -windowed -WinX=315 -WinY=172 SAVEWINPOS=1 -ResX=1280 -ResY=719
LogInit: Base Directory: E:/UE4/UE_4.27/Engine/Binaries/Win64/
LogInit: Allocator: TBB
LogInit: Installed Engine Build: 1
LogDevObjectVersion: Number of dev versions registered: 29
LogDevObjectVersion:   Dev-Blueprints (B0D832E4-1F89-4F0D-ACCF-7EB736FD4AA2): 10
LogDevObjectVersion:   Dev-Build (E1C64328-A22C-4D53-A36C-8E866417BD8C): 0
LogDevObjectVersion:   Dev-Core (375EC13C-06E4-48FB-B500-84F0262A717E): 4
LogDevObjectVersion:   Dev-Editor (E4B068ED-F494-42E9-A231-DA0B2E46BB41): 40
LogDevObjectVersion:   Dev-Framework (CFFC743F-43B0-4480-9391-14DF171D2073): 37
LogDevObjectVersion:   Dev-Mobile (B02B49B5-BB20-44E9-A304-32B752E40360): 3
LogDevObjectVersion:   Dev-Networking (A4E4105C-59A1-49B5-A7C5-40C4547EDFEE): 0
LogDevObjectVersion:   Dev-Online (39C831C9-5AE6-47DC-9A44-9C173E1C8E7C): 0
LogDevObjectVersion:   Dev-Physics (78F01B33-EBEA-4F98-B9B4-84EACCB95AA2): 14
LogDevObjectVersion:   Dev-Platform (6631380F-2D4D-43E0-8009-CF276956A95A): 0
LogDevObjectVersion:   Dev-Rendering (12F88B9F-8875-4AFC-A67C-D90C383ABD29): 45
LogDevObjectVersion:   Dev-Sequencer (7B5AE74C-D270-4C10-A958-57980B212A5A): 13
LogDevObjectVersion:   Dev-VR (D7296918-1DD6-4BDD-9DE2-64A83CC13884): 3
LogDevObjectVersion:   Dev-LoadTimes (C2A15278-BFE7-4AFE-6C17-90FF531DF755): 1
LogDevObjectVersion:   Private-Geometry (6EACA3D4-40EC-4CC1-B786-8BED09428FC5): 3
LogDevObjectVersion:   Dev-AnimPhys (29E575DD-E0A3-4627-9D10-D276232CDCEA): 17
LogDevObjectVersion:   Dev-Anim (AF43A65D-7FD3-4947-9873-3E8ED9C1BB05): 15
LogDevObjectVersion:   Dev-ReflectionCapture (6B266CEC-1EC7-4B8F-A30B-E4D90942FC07): 1
LogDevObjectVersion:   Dev-Automation (0DF73D61-A23F-47EA-B727-89E90C41499A): 1
LogDevObjectVersion:   FortniteMain (601D1886-AC64-4F84-AA16-D3DE0DEAC7D6): 47
LogDevObjectVersion:   FortniteRelease (E7086368-6B23-4C58-8439-1B7016265E91): 1
LogDevObjectVersion:   Dev-Enterprise (9DFFBCD6-494F-0158-E221-12823C92A888): 10
LogDevObjectVersion:   Dev-Niagara (F2AED0AC-9AFE-416F-8664-AA7FFA26D6FC): 1
LogDevObjectVersion:   Dev-Destruction (174F1F0B-B4C6-45A5-B13F-2EE8D0FB917D): 10
LogDevObjectVersion:   Dev-Physics-Ext (35F94A83-E258-406C-A318-09F59610247C): 41
LogDevObjectVersion:   Dev-PhysicsMaterial-Chaos (B68FC16E-8B1B-42E2-B453-215C058844FE): 1
LogDevObjectVersion:   Dev-CineCamera (B2E18506-4273-CFC2-A54E-F4BB758BBA07): 1
LogDevObjectVersion:   Dev-VirtualProduction (64F58936-FD1B-42BA-BA96-7289D5D0FA4E): 1
LogDevObjectVersion:   Dev-MediaFramework (6F0ED827-A609-4895-9C91-998D90180EA4): 2
LogInit: Presizing for max 25165824 objects, including 0 objects not considered by GC, pre-allocating 0 bytes for permanent pool.
LogConfig: Applying CVar settings from Section [/Script/Engine.StreamingSettings] File [C:/Users/matej/Documents/GitHub/Game-Jam-2022/Saved/Config/Windows/Engine.ini]
LogConfig: Setting CVar [[s.MinBulkDataSizeForAsyncLoading:131072]]
LogConfig: Setting CVar [[s.AsyncLoadingThreadEnabled:0]]
LogConfig: Setting CVar [[s.EventDrivenLoaderEnabled:1]]
LogConfig: Setting CVar [[s.WarnIfTimeLimitExceeded:0]]
LogConfig: Setting CVar [[s.TimeLimitExceededMultiplier:1.5]]
LogConfig: Setting CVar [[s.TimeLimitExceededMinTime:0.005]]
LogConfig: Setting CVar [[s.UseBackgroundLevelStreaming:1]]
LogConfig: Setting CVar [[s.PriorityAsyncLoadingExtraTime:15.0]]
LogConfig: Setting CVar [[s.LevelStreamingActorsUpdateTimeLimit:5.0]]
LogConfig: Setting CVar [[s.PriorityLevelStreamingActorsUpdateExtraTime:5.0]]
LogConfig: Setting CVar [[s.LevelStreamingComponentsRegistrationGranularity:10]]
LogConfig: Setting CVar [[s.UnregisterComponentsTimeLimit:1.0]]
LogConfig: Setting CVar [[s.LevelStreamingComponentsUnregistrationGranularity:5]]
LogConfig: Setting CVar [[s.FlushStreamingOnExit:1]]
LogInit: Object subsystem initialized
LogConfig: Setting CVar [[con.DebugEarlyDefault:1]]
LogConfig: Setting CVar [[r.setres:1280x720]]
[2022.07.18-12.21.55:494][  0]LogConfig: Setting CVar [[con.DebugEarlyDefault:1]]
[2022.07.18-12.21.55:494][  0]LogConfig: Setting CVar [[r.setres:1280x720]]
[2022.07.18-12.21.55:494][  0]LogConfig: Applying CVar settings from Section [/Script/Engine.RendererSettings] File [C:/Users/matej/Documents/GitHub/Game-Jam-2022/Saved/Config/Windows/Engine.ini]
[2022.07.18-12.21.55:494][  0]LogConfig: Setting CVar [[r.GPUCrashDebugging:0]]
[2022.07.18-12.21.55:494][  0]LogConfig: Applying CVar settings from Section [/Script/Engine.RendererOverrideSettings] File [C:/Users/matej/Documents/GitHub/Game-Jam-2022/Saved/Config/Windows/Engine.ini]
[2022.07.18-12.21.55:494][  0]LogConfig: Applying CVar settings from Section [/Script/Engine.StreamingSettings] File [C:/Users/matej/Documents/GitHub/Game-Jam-2022/Saved/Config/Windows/Engine.ini]
[2022.07.18-12.21.55:494][  0]LogConfig: Setting CVar [[s.MinBulkDataSizeForAsyncLoading:131072]]
[2022.07.18-12.21.55:495][  0]LogConfig: Setting CVar [[s.AsyncLoadingThreadEnabled:0]]
[2022.07.18-12.21.55:495][  0]LogConfig: Setting CVar [[s.EventDrivenLoaderEnabled:1]]
[2022.07.18-12.21.55:495][  0]LogConfig: Setting CVar [[s.WarnIfTimeLimitExceeded:0]]
[2022.07.18-12.21.55:495][  0]LogConfig: Setting CVar [[s.TimeLimitExceededMultiplier:1.5]]
[2022.07.18-12.21.55:495][  0]LogConfig: Setting CVar [[s.TimeLimitExceededMinTime:0.005]]
[2022.07.18-12.21.55:495][  0]LogConfig: Setting CVar [[s.UseBackgroundLevelStreaming:1]]
[2022.07.18-12.21.55:495][  0]LogConfig: Setting CVar [[s.PriorityAsyncLoadingExtraTime:15.0]]
[2022.07.18-12.21.55:495][  0]LogConfig: Setting CVar [[s.LevelStreamingActorsUpdateTimeLimit:5.0]]
[2022.07.18-12.21.55:495][  0]LogConfig: Setting CVar [[s.PriorityLevelStreamingActorsUpdateExtraTime:5.0]]
[2022.07.18-12.21.55:495][  0]LogConfig: Setting CVar [[s.LevelStreamingComponentsRegistrationGranularity:10]]
[2022.07.18-12.21.55:495][  0]LogConfig: Setting CVar [[s.UnregisterComponentsTimeLimit:1.0]]
[2022.07.18-12.21.55:495][  0]LogConfig: Setting CVar [[s.LevelStreamingComponentsUnregistrationGranularity:5]]
[2022.07.18-12.21.55:495][  0]LogConfig: Setting CVar [[s.FlushStreamingOnExit:1]]
[2022.07.18-12.21.55:495][  0]LogConfig: Applying CVar settings from Section [/Script/Engine.GarbageCollectionSettings] File [C:/Users/matej/Documents/GitHub/Game-Jam-2022/Saved/Config/Windows/Engine.ini]
[2022.07.18-12.21.55:495][  0]LogConfig: Setting CVar [[gc.MaxObjectsNotConsideredByGC:1]]
[2022.07.18-12.21.55:495][  0]LogConfig: Setting CVar [[gc.SizeOfPermanentObjectPool:0]]
[2022.07.18-12.21.55:495][  0]LogConfig: Setting CVar [[gc.FlushStreamingOnGC:0]]
[2022.07.18-12.21.55:495][  0]LogConfig: Setting CVar [[gc.NumRetriesBeforeForcingGC:10]]
[2022.07.18-12.21.55:495][  0]LogConfig: Setting CVar [[gc.AllowParallelGC:1]]
[2022.07.18-12.21.55:495][  0]LogConfig: Setting CVar [[gc.TimeBetweenPurgingPendingKillObjects:61.1]]
[2022.07.18-12.21.55:495][  0]LogConfig: Setting CVar [[gc.MaxObjectsInEditor:25165824]]
[2022.07.18-12.21.55:495][  0]LogConfig: Setting CVar [[gc.IncrementalBeginDestroyEnabled:1]]
[2022.07.18-12.21.55:495][  0]LogConfig: Setting CVar [[gc.CreateGCClusters:1]]
[2022.07.18-12.21.55:495][  0]LogConfig: Setting CVar [[gc.MinGCClusterSize:5]]
[2022.07.18-12.21.55:495][  0]LogConfig: Setting CVar [[gc.ActorClusteringEnabled:0]]
[2022.07.18-12.21.55:495][  0]LogConfig: Setting CVar [[gc.BlueprintClusteringEnabled:0]]
[2022.07.18-12.21.55:495][  0]LogConfig: Setting CVar [[gc.UseDisregardForGCOnDedicatedServers:0]]
[2022.07.18-12.21.55:495][  0]LogConfig: Setting CVar [[gc.MultithreadedDestructionEnabled:1]]
[2022.07.18-12.21.55:495][  0]LogConfig: Applying CVar settings from Section [/Script/Engine.NetworkSettings] File [C:/Users/matej/Documents/GitHub/Game-Jam-2022/Saved/Config/Windows/Engine.ini]
[2022.07.18-12.21.55:495][  0]LogConfig: Applying CVar settings from Section [/Script/UnrealEd.CookerSettings] File [C:/Users/matej/Documents/GitHub/Game-Jam-2022/Saved/Config/Windows/Engine.ini]
[2022.07.18-12.21.55:511][  0]LogConfig: Applying CVar settings from Section [ViewDistanceQuality@3] File [C:/Users/matej/Documents/GitHub/Game-Jam-2022/Saved/Config/Windows/Scalability.ini]
[2022.07.18-12.21.55:511][  0]LogConfig: Setting CVar [[r.SkeletalMeshLODBias:0]]
[2022.07.18-12.21.55:511][  0]LogConfig: Setting CVar [[r.ViewDistanceScale:1.0]]
[2022.07.18-12.21.55:511][  0]LogConfig: Applying CVar settings from Section [AntiAliasingQuality@3] File [C:/Users/matej/Documents/GitHub/Game-Jam-2022/Saved/Config/Windows/Scalability.ini]
[2022.07.18-12.21.55:511][  0]LogConfig: Setting CVar [[r.PostProcessAAQuality:4]]
[2022.07.18-12.21.55:511][  0]LogConfig: Applying CVar settings from Section [ShadowQuality@3] File [C:/Users/matej/Documents/GitHub/Game-Jam-2022/Saved/Config/Windows/Scalability.ini]
[2022.07.18-12.21.55:511][  0]LogConfig: Setting CVar [[r.LightFunctionQuality:1]]
[2022.07.18-12.21.55:511][  0]LogConfig: Setting CVar [[r.ShadowQuality:5]]
[2022.07.18-12.21.55:511][  0]LogConfig: Setting CVar [[r.Shadow.CSM.MaxCascades:10]]
[2022.07.18-12.21.55:511][  0]LogConfig: Setting CVar [[r.Shadow.MaxResolution:2048]]
[2022.07.18-12.21.55:511][  0]LogConfig: Setting CVar [[r.Shadow.MaxCSMResolution:2048]]
[2022.07.18-12.21.55:511][  0]LogConfig: Setting CVar [[r.Shadow.RadiusThreshold:0.01]]
[2022.07.18-12.21.55:511][  0]LogConfig: Setting CVar [[r.Shadow.DistanceScale:1.0]]
[2022.07.18-12.21.55:511][  0]LogConfig: Setting CVar [[r.Shadow.CSM.TransitionScale:1.0]]
[2022.07.18-12.21.55:511][  0]LogConfig: Setting CVar [[r.Shadow.PreShadowResolutionFactor:1.0]]
[2022.07.18-12.21.55:511][  0]LogConfig: Setting CVar [[r.DistanceFieldShadowing:1]]
[2022.07.18-12.21.55:511][  0]LogConfig: Setting CVar [[r.DistanceFieldAO:1]]
[2022.07.18-12.21.55:511][  0]LogConfig: Setting CVar [[r.AOQuality:2]]
[2022.07.18-12.21.55:511][  0]LogConfig: Setting CVar [[r.VolumetricFog:1]]
[2022.07.18-12.21.55:511][  0]LogConfig: Setting CVar [[r.VolumetricFog.GridPixelSize:8]]
[2022.07.18-12.21.55:511][  0]LogConfig: Setting CVar [[r.VolumetricFog.GridSizeZ:128]]
[2022.07.18-12.21.55:511][  0]LogConfig: Setting CVar [[r.VolumetricFog.HistoryMissSupersampleCount:4]]
[2022.07.18-12.21.55:511][  0]LogConfig: Setting CVar [[r.LightMaxDrawDistanceScale:1]]
[2022.07.18-12.21.55:511][  0]LogConfig: Setting CVar [[r.CapsuleShadows:1]]
[2022.07.18-12.21.55:511][  0]LogConfig: Applying CVar settings from Section [PostProcessQuality@3] File [C:/Users/matej/Documents/GitHub/Game-Jam-2022/Saved/Config/Windows/Scalability.ini]
[2022.07.18-12.21.55:511][  0]LogConfig: Setting CVar [[r.MotionBlurQuality:4]]
[2022.07.18-12.21.55:511][  0]LogConfig: Setting CVar [[r.AmbientOcclusionMipLevelFactor:0.4]]
[2022.07.18-12.21.55:511][  0]LogConfig: Setting CVar [[r.AmbientOcclusionMaxQuality:100]]
[2022.07.18-12.21.55:511][  0]LogConfig: Setting CVar [[r.AmbientOcclusionLevels:-1]]
[2022.07.18-12.21.55:511][  0]LogConfig: Setting CVar [[r.AmbientOcclusionRadiusScale:1.0]]
[2022.07.18-12.21.55:511][  0]LogConfig: Setting CVar [[r.DepthOfFieldQuality:2]]
[2022.07.18-12.21.55:511][  0]LogConfig: Setting CVar [[r.RenderTargetPoolMin:400]]
[2022.07.18-12.21.55:511][  0]LogConfig: Setting CVar [[r.LensFlareQuality:2]]
[2022.07.18-12.21.55:511][  0]LogConfig: Setting CVar [[r.SceneColorFringeQuality:1]]
[2022.07.18-12.21.55:511][  0]LogConfig: Setting CVar [[r.EyeAdaptationQuality:2]]
[2022.07.18-12.21.55:511][  0]LogConfig: Setting CVar [[r.BloomQuality:5]]
[2022.07.18-12.21.55:511][  0]LogConfig: Setting CVar [[r.FastBlurThreshold:100]]
[2022.07.18-12.21.55:511][  0]LogConfig: Setting CVar [[r.Upscale.Quality:3]]
[2022.07.18-12.21.55:511][  0]LogConfig: Setting CVar [[r.Tonemapper.GrainQuantization:1]]
[2022.07.18-12.21.55:511][  0]LogConfig: Setting CVar [[r.LightShaftQuality:1]]
[2022.07.18-12.21.55:511][  0]LogConfig: Setting CVar [[r.Filter.SizeScale:1]]
[2022.07.18-12.21.55:511][  0]LogConfig: Setting CVar [[r.Tonemapper.Quality:5]]
[2022.07.18-12.21.55:511][  0]LogConfig: Setting CVar [[r.DOF.Gather.AccumulatorQuality:1        ; higher gathering accumulator quality]]
[2022.07.18-12.21.55:511][  0]LogConfig: Setting CVar [[r.DOF.Gather.PostfilterMethod:1          ; Median3x3 postfilering method]]
[2022.07.18-12.21.55:511][  0]LogConfig: Setting CVar [[r.DOF.Gather.EnableBokehSettings:0       ; no bokeh simulation when gathering]]
[2022.07.18-12.21.55:511][  0]LogConfig: Setting CVar [[r.DOF.Gather.RingCount:4                 ; medium number of samples when gathering]]
[2022.07.18-12.21.55:511][  0]LogConfig: Setting CVar [[r.DOF.Scatter.ForegroundCompositing:1    ; additive foreground scattering]]
[2022.07.18-12.21.55:511][  0]LogConfig: Setting CVar [[r.DOF.Scatter.BackgroundCompositing:2    ; additive background scattering]]
[2022.07.18-12.21.55:511][  0]LogConfig: Setting CVar [[r.DOF.Scatter.EnableBokehSettings:1      ; bokeh simulation when scattering]]
[2022.07.18-12.21.55:511][  0]LogConfig: Setting CVar [[r.DOF.Scatter.MaxSpriteRatio:0.1         ; only a maximum of 10% of scattered bokeh]]
[2022.07.18-12.21.55:511][  0]LogConfig: Setting CVar [[r.DOF.Recombine.Quality:1                ; cheap slight out of focus]]
[2022.07.18-12.21.55:511][  0]LogConfig: Setting CVar [[r.DOF.Recombine.EnableBokehSettings:0    ; no bokeh simulation on slight out of focus]]
[2022.07.18-12.21.55:511][  0]LogConfig: Setting CVar [[r.DOF.TemporalAAQuality:1                ; more stable temporal accumulation]]
[2022.07.18-12.21.55:511][  0]LogConfig: Setting CVar [[r.DOF.Kernel.MaxForegroundRadius:0.025]]
[2022.07.18-12.21.55:511][  0]LogConfig: Setting CVar [[r.DOF.Kernel.MaxBackgroundRadius:0.025]]
[2022.07.18-12.21.55:511][  0]LogConfig: Applying CVar settings from Section [TextureQuality@3] File [C:/Users/matej/Documents/GitHub/Game-Jam-2022/Saved/Config/Windows/Scalability.ini]
[2022.07.18-12.21.55:512][  0]LogConfig: Setting CVar [[r.Streaming.MipBias:0]]
[2022.07.18-12.21.55:512][  0]LogConfig: Setting CVar [[r.Streaming.AmortizeCPUToGPUCopy:0]]
[2022.07.18-12.21.55:512][  0]LogConfig: Setting CVar [[r.Streaming.MaxNumTexturesToStreamPerFrame:0]]
[2022.07.18-12.21.55:512][  0]LogConfig: Setting CVar [[r.Streaming.Boost:1]]
[2022.07.18-12.21.55:512][  0]LogConfig: Setting CVar [[r.MaxAnisotropy:8]]
[2022.07.18-12.21.55:512][  0]LogConfig: Setting CVar [[r.VT.MaxAnisotropy:8]]
[2022.07.18-12.21.55:512][  0]LogConfig: Setting CVar [[r.Streaming.LimitPoolSizeToVRAM:0]]
[2022.07.18-12.21.55:512][  0]LogConfig: Setting CVar [[r.Streaming.PoolSize:1000]]
[2022.07.18-12.21.55:512][  0]LogConfig: Setting CVar [[r.Streaming.MaxEffectiveScreenSize:0]]
[2022.07.18-12.21.55:512][  0]LogConfig: Applying CVar settings from Section [EffectsQuality@3] File [C:/Users/matej/Documents/GitHub/Game-Jam-2022/Saved/Config/Windows/Scalability.ini]
[2022.07.18-12.21.55:512][  0]LogConfig: Setting CVar [[r.TranslucencyLightingVolumeDim:64]]
[2022.07.18-12.21.55:512][  0]LogConfig: Setting CVar [[r.RefractionQuality:2]]
[2022.07.18-12.21.55:512][  0]LogConfig: Setting CVar [[r.SSR.Quality:3]]
[2022.07.18-12.21.55:512][  0]LogConfig: Setting CVar [[r.SSR.HalfResSceneColor:0]]
[2022.07.18-12.21.55:512][  0]LogConfig: Setting CVar [[r.SceneColorFormat:4]]
[2022.07.18-12.21.55:512][  0]LogConfig: Setting CVar [[r.DetailMode:2]]
[2022.07.18-12.21.55:512][  0]LogConfig: Setting CVar [[r.TranslucencyVolumeBlur:1]]
[2022.07.18-12.21.55:512][  0]LogConfig: Setting CVar [[r.MaterialQualityLevel:1 ; High quality]]
[2022.07.18-12.21.55:512][  0]LogConfig: Setting CVar [[r.AnisotropicMaterials:1]]
[2022.07.18-12.21.55:512][  0]LogConfig: Setting CVar [[r.SSS.Scale:1]]
[2022.07.18-12.21.55:512][  0]LogConfig: Setting CVar [[r.SSS.SampleSet:2]]
[2022.07.18-12.21.55:512][  0]LogConfig: Setting CVar [[r.SSS.Quality:1]]
[2022.07.18-12.21.55:512][  0]LogConfig: Setting CVar [[r.SSS.HalfRes:0]]
[2022.07.18-12.21.55:512][  0]LogConfig: Setting CVar [[r.SSGI.Quality:3]]
[2022.07.18-12.21.55:512][  0]LogConfig: Setting CVar [[r.EmitterSpawnRateScale:1.0]]
[2022.07.18-12.21.55:512][  0]LogConfig: Setting CVar [[r.ParticleLightQuality:2]]
[2022.07.18-12.21.55:512][  0]LogConfig: Setting CVar [[r.SkyAtmosphere.AerialPerspectiveLUT.FastApplyOnOpaque:1 ; Always have FastSkyLUT 1 in this case to avoid wrong sky]]
[2022.07.18-12.21.55:512][  0]LogConfig: Setting CVar [[r.SkyAtmosphere.AerialPerspectiveLUT.SampleCountMaxPerSlice:4]]
[2022.07.18-12.21.55:512][  0]LogConfig: Setting CVar [[r.SkyAtmosphere.AerialPerspectiveLUT.DepthResolution:16.0]]
[2022.07.18-12.21.55:512][  0]LogConfig: Setting CVar [[r.SkyAtmosphere.FastSkyLUT:1]]
[2022.07.18-12.21.55:512][  0]LogConfig: Setting CVar [[r.SkyAtmosphere.FastSkyLUT.SampleCountMin:4.0]]
[2022.07.18-12.21.55:512][  0]LogConfig: Setting CVar [[r.SkyAtmosphere.FastSkyLUT.SampleCountMax:128.0]]
[2022.07.18-12.21.55:512][  0]LogConfig: Setting CVar [[r.SkyAtmosphere.SampleCountMin:4.0]]
[2022.07.18-12.21.55:512][  0]LogConfig: Setting CVar [[r.SkyAtmosphere.SampleCountMax:128.0]]
[2022.07.18-12.21.55:512][  0]LogConfig: Setting CVar [[r.SkyAtmosphere.TransmittanceLUT.UseSmallFormat:0]]
[2022.07.18-12.21.55:512][  0]LogConfig: Setting CVar [[r.SkyAtmosphere.TransmittanceLUT.SampleCount:10.0]]
[2022.07.18-12.21.55:512][  0]LogConfig: Setting CVar [[r.SkyAtmosphere.MultiScatteringLUT.SampleCount:15.0]]
[2022.07.18-12.21.55:512][  0]LogConfig: Setting CVar [[r.SkyLight.RealTimeReflectionCapture:1]]
[2022.07.18-12.21.55:512][  0]LogConfig: Applying CVar settings from Section [FoliageQuality@3] File [C:/Users/matej/Documents/GitHub/Game-Jam-2022/Saved/Config/Windows/Scalability.ini]
[2022.07.18-12.21.55:512][  0]LogConfig: Setting CVar [[foliage.DensityScale:1.0]]
[2022.07.18-12.21.55:512][  0]LogConfig: Setting CVar [[grass.DensityScale:1.0]]
[2022.07.18-12.21.55:512][  0]LogConfig: Applying CVar settings from Section [ShadingQuality@3] File [C:/Users/matej/Documents/GitHub/Game-Jam-2022/Saved/Config/Windows/Scalability.ini]
[2022.07.18-12.21.55:512][  0]LogConfig: Setting CVar [[r.HairStrands.SkyLighting.IntegrationType:2]]
[2022.07.18-12.21.55:512][  0]LogConfig: Setting CVar [[r.HairStrands.SkyAO.SampleCount:4]]
[2022.07.18-12.21.55:512][  0]LogConfig: Setting CVar [[r.HairStrands.Visibility.MSAA.SamplePerPixel:4]]
[2022.07.18-12.21.55:512][  0]LogInit: Selected Device Profile: [Windows]
[2022.07.18-12.21.55:512][  0]LogInit: Applying CVar settings loaded from the selected device profile: [Windows]
[2022.07.18-12.21.55:512][  0]LogHAL: Display: Platform has ~ 32 GB [34266628096 / 34359738368 / 32], which maps to Largest [LargestMinGB=32, LargerMinGB=12, DefaultMinGB=8, SmallerMinGB=6, SmallestMinGB=0)
[2022.07.18-12.21.55:512][  0]LogInit: Going up to parent DeviceProfile []
[2022.07.18-12.21.55:512][  0]LogConfig: Applying CVar settings from Section [ViewDistanceQuality@3] File [C:/Users/matej/Documents/GitHub/Game-Jam-2022/Saved/Config/Windows/Scalability.ini]
[2022.07.18-12.21.55:512][  0]LogConfig: Setting CVar [[r.SkeletalMeshLODBias:0]]
[2022.07.18-12.21.55:512][  0]LogConfig: Setting CVar [[r.ViewDistanceScale:1.0]]
[2022.07.18-12.21.55:512][  0]LogConfig: Applying CVar settings from Section [AntiAliasingQuality@3] File [C:/Users/matej/Documents/GitHub/Game-Jam-2022/Saved/Config/Windows/Scalability.ini]
[2022.07.18-12.21.55:512][  0]LogConfig: Setting CVar [[r.PostProcessAAQuality:4]]
[2022.07.18-12.21.55:512][  0]LogConfig: Applying CVar settings from Section [ShadowQuality@3] File [C:/Users/matej/Documents/GitHub/Game-Jam-2022/Saved/Config/Windows/Scalability.ini]
[2022.07.18-12.21.55:512][  0]LogConfig: Setting CVar [[r.LightFunctionQuality:1]]
[2022.07.18-12.21.55:512][  0]LogConfig: Setting CVar [[r.ShadowQuality:5]]
[2022.07.18-12.21.55:512][  0]LogConfig: Setting CVar [[r.Shadow.CSM.MaxCascades:10]]
[2022.07.18-12.21.55:512][  0]LogConfig: Setting CVar [[r.Shadow.MaxResolution:2048]]
[2022.07.18-12.21.55:512][  0]LogConfig: Setting CVar [[r.Shadow.MaxCSMResolution:2048]]
[2022.07.18-12.21.55:512][  0]LogConfig: Setting CVar [[r.Shadow.RadiusThreshold:0.01]]
[2022.07.18-12.21.55:512][  0]LogConfig: Setting CVar [[r.Shadow.DistanceScale:1.0]]
[2022.07.18-12.21.55:512][  0]LogConfig: Setting CVar [[r.Shadow.CSM.TransitionScale:1.0]]
[2022.07.18-12.21.55:512][  0]LogConfig: Setting CVar [[r.Shadow.PreShadowResolutionFactor:1.0]]
[2022.07.18-12.21.55:512][  0]LogConfig: Setting CVar [[r.DistanceFieldShadowing:1]]
[2022.07.18-12.21.55:512][  0]LogConfig: Setting CVar [[r.DistanceFieldAO:1]]
[2022.07.18-12.21.55:512][  0]LogConfig: Setting CVar [[r.AOQuality:2]]
[2022.07.18-12.21.55:512][  0]LogConfig: Setting CVar [[r.VolumetricFog:1]]
[2022.07.18-12.21.55:512][  0]LogConfig: Setting CVar [[r.VolumetricFog.GridPixelSize:8]]
[2022.07.18-12.21.55:512][  0]LogConfig: Setting CVar [[r.VolumetricFog.GridSizeZ:128]]
[2022.07.18-12.21.55:512][  0]LogConfig: Setting CVar [[r.VolumetricFog.HistoryMissSupersampleCount:4]]
[2022.07.18-12.21.55:512][  0]LogConfig: Setting CVar [[r.LightMaxDrawDistanceScale:1]]
[2022.07.18-12.21.55:512][  0]LogConfig: Setting CVar [[r.CapsuleShadows:1]]
[2022.07.18-12.21.55:512][  0]LogConfig: Applying CVar settings from Section [PostProcessQuality@3] File [C:/Users/matej/Documents/GitHub/Game-Jam-2022/Saved/Config/Windows/Scalability.ini]
[2022.07.18-12.21.55:512][  0]LogConfig: Setting CVar [[r.MotionBlurQuality:4]]
[2022.07.18-12.21.55:512][  0]LogConfig: Setting CVar [[r.AmbientOcclusionMipLevelFactor:0.4]]
[2022.07.18-12.21.55:512][  0]LogConfig: Setting CVar [[r.AmbientOcclusionMaxQuality:100]]
[2022.07.18-12.21.55:512][  0]LogConfig: Setting CVar [[r.AmbientOcclusionLevels:-1]]
[2022.07.18-12.21.55:512][  0]LogConfig: Setting CVar [[r.AmbientOcclusionRadiusScale:1.0]]
[2022.07.18-12.21.55:512][  0]LogConfig: Setting CVar [[r.DepthOfFieldQuality:2]]
[2022.07.18-12.21.55:512][  0]LogConfig: Setting CVar [[r.RenderTargetPoolMin:400]]
[2022.07.18-12.21.55:512][  0]LogConfig: Setting CVar [[r.LensFlareQuality:2]]
[2022.07.18-12.21.55:512][  0]LogConfig: Setting CVar [[r.SceneColorFringeQuality:1]]
[2022.07.18-12.21.55:512][  0]LogConfig: Setting CVar [[r.EyeAdaptationQuality:2]]
[2022.07.18-12.21.55:512][  0]LogConfig: Setting CVar [[r.BloomQuality:5]]
[2022.07.18-12.21.55:512][  0]LogConfig: Setting CVar [[r.FastBlurThreshold:100]]
[2022.07.18-12.21.55:512][  0]LogConfig: Setting CVar [[r.Upscale.Quality:3]]
[2022.07.18-12.21.55:512][  0]LogConfig: Setting CVar [[r.Tonemapper.GrainQuantization:1]]
[2022.07.18-12.21.55:512][  0]LogConfig: Setting CVar [[r.LightShaftQuality:1]]
[2022.07.18-12.21.55:512][  0]LogConfig: Setting CVar [[r.Filter.SizeScale:1]]
[2022.07.18-12.21.55:512][  0]LogConfig: Setting CVar [[r.Tonemapper.Quality:5]]
[2022.07.18-12.21.55:512][  0]LogConfig: Setting CVar [[r.DOF.Gather.AccumulatorQuality:1        ; higher gathering accumulator quality]]
[2022.07.18-12.21.55:512][  0]LogConfig: Setting CVar [[r.DOF.Gather.PostfilterMethod:1          ; Median3x3 postfilering method]]
[2022.07.18-12.21.55:512][  0]LogConfig: Setting CVar [[r.DOF.Gather.EnableBokehSettings:0       ; no bokeh simulation when gathering]]
[2022.07.18-12.21.55:512][  0]LogConfig: Setting CVar [[r.DOF.Gather.RingCount:4                 ; medium number of samples when gathering]]
[2022.07.18-12.21.55:512][  0]LogConfig: Setting CVar [[r.DOF.Scatter.ForegroundCompositing:1    ; additive foreground scattering]]
[2022.07.18-12.21.55:512][  0]LogConfig: Setting CVar [[r.DOF.Scatter.BackgroundCompositing:2    ; additive background scattering]]
[2022.07.18-12.21.55:512][  0]LogConfig: Setting CVar [[r.DOF.Scatter.EnableBokehSettings:1      ; bokeh simulation when scattering]]
[2022.07.18-12.21.55:512][  0]LogConfig: Setting CVar [[r.DOF.Scatter.MaxSpriteRatio:0.1         ; only a maximum of 10% of scattered bokeh]]
[2022.07.18-12.21.55:512][  0]LogConfig: Setting CVar [[r.DOF.Recombine.Quality:1                ; cheap slight out of focus]]
[2022.07.18-12.21.55:512][  0]LogConfig: Setting CVar [[r.DOF.Recombine.EnableBokehSettings:0    ; no bokeh simulation on slight out of focus]]
[2022.07.18-12.21.55:512][  0]LogConfig: Setting CVar [[r.DOF.TemporalAAQuality:1                ; more stable temporal accumulation]]
[2022.07.18-12.21.55:512][  0]LogConfig: Setting CVar [[r.DOF.Kernel.MaxForegroundRadius:0.025]]
[2022.07.18-12.21.55:512][  0]LogConfig: Setting CVar [[r.DOF.Kernel.MaxBackgroundRadius:0.025]]
[2022.07.18-12.21.55:512][  0]LogConfig: Applying CVar settings from Section [TextureQuality@3] File [C:/Users/matej/Documents/GitHub/Game-Jam-2022/Saved/Config/Windows/Scalability.ini]
[2022.07.18-12.21.55:512][  0]LogConfig: Setting CVar [[r.Streaming.MipBias:0]]
[2022.07.18-12.21.55:512][  0]LogConfig: Setting CVar [[r.Streaming.AmortizeCPUToGPUCopy:0]]
[2022.07.18-12.21.55:512][  0]LogConfig: Setting CVar [[r.Streaming.MaxNumTexturesToStreamPerFrame:0]]
[2022.07.18-12.21.55:512][  0]LogConfig: Setting CVar [[r.Streaming.Boost:1]]
[2022.07.18-12.21.55:512][  0]LogConfig: Setting CVar [[r.MaxAnisotropy:8]]
[2022.07.18-12.21.55:512][  0]LogConfig: Setting CVar [[r.VT.MaxAnisotropy:8]]
[2022.07.18-12.21.55:512][  0]LogConfig: Setting CVar [[r.Streaming.LimitPoolSizeToVRAM:0]]
[2022.07.18-12.21.55:512][  0]LogConfig: Setting CVar [[r.Streaming.PoolSize:1000]]
[2022.07.18-12.21.55:512][  0]LogConfig: Setting CVar [[r.Streaming.MaxEffectiveScreenSize:0]]
[2022.07.18-12.21.55:512][  0]LogConfig: Applying CVar settings from Section [EffectsQuality@3] File [C:/Users/matej/Documents/GitHub/Game-Jam-2022/Saved/Config/Windows/Scalability.ini]
[2022.07.18-12.21.55:512][  0]LogConfig: Setting CVar [[r.TranslucencyLightingVolumeDim:64]]
[2022.07.18-12.21.55:512][  0]LogConfig: Setting CVar [[r.RefractionQuality:2]]
[2022.07.18-12.21.55:512][  0]LogConfig: Setting CVar [[r.SSR.Quality:3]]
[2022.07.18-12.21.55:512][  0]LogConfig: Setting CVar [[r.SSR.HalfResSceneColor:0]]
[2022.07.18-12.21.55:512][  0]LogConfig: Setting CVar [[r.SceneColorFormat:4]]
[2022.07.18-12.21.55:512][  0]LogConfig: Setting CVar [[r.DetailMode:2]]
[2022.07.18-12.21.55:512][  0]LogConfig: Setting CVar [[r.TranslucencyVolumeBlur:1]]
[2022.07.18-12.21.55:512][  0]LogConfig: Setting CVar [[r.MaterialQualityLevel:1 ; High quality]]
[2022.07.18-12.21.55:512][  0]LogConfig: Setting CVar [[r.AnisotropicMaterials:1]]
[2022.07.18-12.21.55:513][  0]LogConfig: Setting CVar [[r.SSS.Scale:1]]
[2022.07.18-12.21.55:513][  0]LogConfig: Setting CVar [[r.SSS.SampleSet:2]]
[2022.07.18-12.21.55:513][  0]LogConfig: Setting CVar [[r.SSS.Quality:1]]
[2022.07.18-12.21.55:513][  0]LogConfig: Setting CVar [[r.SSS.HalfRes:0]]
[2022.07.18-12.21.55:513][  0]LogConfig: Setting CVar [[r.SSGI.Quality:3]]
[2022.07.18-12.21.55:513][  0]LogConfig: Setting CVar [[r.EmitterSpawnRateScale:1.0]]
[2022.07.18-12.21.55:513][  0]LogConfig: Setting CVar [[r.ParticleLightQuality:2]]
[2022.07.18-12.21.55:513][  0]LogConfig: Setting CVar [[r.SkyAtmosphere.AerialPerspectiveLUT.FastApplyOnOpaque:1 ; Always have FastSkyLUT 1 in this case to avoid wrong sky]]
[2022.07.18-12.21.55:513][  0]LogConfig: Setting CVar [[r.SkyAtmosphere.AerialPerspectiveLUT.SampleCountMaxPerSlice:4]]
[2022.07.18-12.21.55:513][  0]LogConfig: Setting CVar [[r.SkyAtmosphere.AerialPerspectiveLUT.DepthResolution:16.0]]
[2022.07.18-12.21.55:513][  0]LogConfig: Setting CVar [[r.SkyAtmosphere.FastSkyLUT:1]]
[2022.07.18-12.21.55:513][  0]LogConfig: Setting CVar [[r.SkyAtmosphere.FastSkyLUT.SampleCountMin:4.0]]
[2022.07.18-12.21.55:513][  0]LogConfig: Setting CVar [[r.SkyAtmosphere.FastSkyLUT.SampleCountMax:128.0]]
[2022.07.18-12.21.55:513][  0]LogConfig: Setting CVar [[r.SkyAtmosphere.SampleCountMin:4.0]]
[2022.07.18-12.21.55:513][  0]LogConfig: Setting CVar [[r.SkyAtmosphere.SampleCountMax:128.0]]
[2022.07.18-12.21.55:513][  0]LogConfig: Setting CVar [[r.SkyAtmosphere.TransmittanceLUT.UseSmallFormat:0]]
[2022.07.18-12.21.55:513][  0]LogConfig: Setting CVar [[r.SkyAtmosphere.TransmittanceLUT.SampleCount:10.0]]
[2022.07.18-12.21.55:513][  0]LogConfig: Setting CVar [[r.SkyAtmosphere.MultiScatteringLUT.SampleCount:15.0]]
[2022.07.18-12.21.55:513][  0]LogConfig: Setting CVar [[r.SkyLight.RealTimeReflectionCapture:1]]
[2022.07.18-12.21.55:513][  0]LogConfig: Applying CVar settings from Section [FoliageQuality@3] File [C:/Users/matej/Documents/GitHub/Game-Jam-2022/Saved/Config/Windows/Scalability.ini]
[2022.07.18-12.21.55:513][  0]LogConfig: Setting CVar [[foliage.DensityScale:1.0]]
[2022.07.18-12.21.55:513][  0]LogConfig: Setting CVar [[grass.DensityScale:1.0]]
[2022.07.18-12.21.55:513][  0]LogConfig: Applying CVar settings from Section [ShadingQuality@3] File [C:/Users/matej/Documents/GitHub/Game-Jam-2022/Saved/Config/Windows/Scalability.ini]
[2022.07.18-12.21.55:513][  0]LogConfig: Setting CVar [[r.HairStrands.SkyLighting.IntegrationType:2]]
[2022.07.18-12.21.55:513][  0]LogConfig: Setting CVar [[r.HairStrands.SkyAO.SampleCount:4]]
[2022.07.18-12.21.55:513][  0]LogConfig: Setting CVar [[r.HairStrands.Visibility.MSAA.SamplePerPixel:4]]
[2022.07.18-12.21.55:513][  0]LogConfig: Applying CVar settings from Section [Startup] File [../../../Engine/Config/ConsoleVariables.ini]
[2022.07.18-12.21.55:513][  0]LogConfig: Setting CVar [[net.UseAdaptiveNetUpdateFrequency:0]]
[2022.07.18-12.21.55:513][  0]LogConfig: Setting CVar [[p.chaos.AllowCreatePhysxBodies:1]]
[2022.07.18-12.21.55:513][  0]LogConfig: Setting CVar [[fx.SkipVectorVMBackendOptimizations:1]]
[2022.07.18-12.21.55:513][  0]LogConfig: Applying CVar settings from Section [ConsoleVariables] File [C:/Users/matej/Documents/GitHub/Game-Jam-2022/Saved/Config/Windows/Engine.ini]
[2022.07.18-12.21.55:513][  0]LogConfig: Applying CVar settings from Section [ConsoleVariables] File [C:/Users/matej/Documents/GitHub/Game-Jam-2022/Saved/Config/Windows/Editor.ini]
[2022.07.18-12.21.55:513][  0]LogInit: Computer: DESKTOP-M1QV7NL
[2022.07.18-12.21.55:513][  0]LogInit: User: matej
[2022.07.18-12.21.55:513][  0]LogInit: CPU Page size=4096, Cores=6
[2022.07.18-12.21.55:513][  0]LogInit: High frequency timer resolution =10.000000 MHz
[2022.07.18-12.21.55:513][  0]LogMemory: Memory total: Physical=31.9GB (32GB approx)
[2022.07.18-12.21.55:513][  0]LogMemory: Platform Memory Stats for Windows
[2022.07.18-12.21.55:513][  0]LogMemory: Process Physical Memory: 144.95 MB used, 144.95 MB peak
[2022.07.18-12.21.55:513][  0]LogMemory: Process Virtual Memory: 130.84 MB used, 130.84 MB peak
[2022.07.18-12.21.55:513][  0]LogMemory: Physical Memory: 10420.89 MB used,  22258.31 MB free, 32679.20 MB total
[2022.07.18-12.21.55:513][  0]LogMemory: Virtual Memory: 134173992.00 MB used,  43734.21 MB free, 134217728.00 MB total
[2022.07.18-12.21.55:516][  0]LogWindows: WindowsPlatformFeatures enabled
[2022.07.18-12.21.55:532][  0]LogInit: Physics initialised using underlying interface: PhysX
[2022.07.18-12.21.55:532][  0]LogInit: Using OS detected language (en-US).
[2022.07.18-12.21.55:532][  0]LogInit: Using OS detected locale (en-US).
[2022.07.18-12.21.55:533][  0]LogTextLocalizationManager: No specific localization for 'en-US' exists, so the 'en' localization will be used.
[2022.07.18-12.21.55:666][  0]LogWindowsTextInputMethodSystem: Display: IME system deactivated.
[2022.07.18-12.21.55:697][  0]LogSlate: New Slate User Created.  User Index 0, Is Virtual User: 0
[2022.07.18-12.21.55:697][  0]LogSlate: Slate User Registered.  User Index 0, Is Virtual User: 0
[2022.07.18-12.21.55:721][  0]LogD3D11RHI: Loaded GFSDK_Aftermath_Lib.x64.dll
[2022.07.18-12.21.55:722][  0]LogD3D11RHI: D3D11 min allowed feature level: 11_0
[2022.07.18-12.21.55:722][  0]LogD3D11RHI: D3D11 max allowed feature level: 11_0
[2022.07.18-12.21.55:722][  0]LogD3D11RHI: D3D11 adapters:
[2022.07.18-12.21.55:758][  0]LogD3D11RHI:    0. 'Radeon RX 590 Series' (Feature Level 11_0)
[2022.07.18-12.21.55:758][  0]LogD3D11RHI:       8170/0/16339 MB DedicatedVideo/DedicatedSystem/SharedSystem, Outputs:2, VendorId:0x1002
[2022.07.18-12.21.55:759][  0]LogD3D11RHI:    1. 'Microsoft Basic Render Driver' (Feature Level 11_0)
[2022.07.18-12.21.55:759][  0]LogD3D11RHI:       0/0/16339 MB DedicatedVideo/DedicatedSystem/SharedSystem, Outputs:0, VendorId:0x1414
[2022.07.18-12.21.55:759][  0]LogD3D11RHI: Chosen D3D11 Adapter:
[2022.07.18-12.21.55:759][  0]LogD3D11RHI:     Description : Radeon RX 590 Series
[2022.07.18-12.21.55:759][  0]LogD3D11RHI:     VendorId    : 1002
[2022.07.18-12.21.55:759][  0]LogD3D11RHI:     DeviceId    : 67df
[2022.07.18-12.21.55:759][  0]LogD3D11RHI:     SubSysId    : 50321849
[2022.07.18-12.21.55:759][  0]LogD3D11RHI:     Revision    : 00e1
[2022.07.18-12.21.55:759][  0]LogD3D11RHI:     DedicatedVideoMemory : 8567906304 bytes
[2022.07.18-12.21.55:759][  0]LogD3D11RHI:     DedicatedSystemMemory : 0 bytes
[2022.07.18-12.21.55:759][  0]LogD3D11RHI:     SharedSystemMemory : 17133314048 bytes
[2022.07.18-12.21.55:759][  0]LogD3D11RHI:     AdapterLuid : 0 69485
[2022.07.18-12.21.55:764][  0]LogD3D11RHI: Creating new Direct3DDevice
[2022.07.18-12.21.55:764][  0]LogD3D11RHI:     GPU DeviceId: 0x67df (for the marketing name, search the web for "GPU Device Id")
[2022.07.18-12.21.55:764][  0]LogWindows: EnumDisplayDevices:
[2022.07.18-12.21.55:764][  0]LogWindows:    0. 'Radeon RX 590 Series' (P:0 D:1)
[2022.07.18-12.21.55:764][  0]LogWindows:    1. 'Radeon RX 590 Series' (P:1 D:1)
[2022.07.18-12.21.55:764][  0]LogWindows:    2. 'Radeon RX 590 Series' (P:0 D:0)
[2022.07.18-12.21.55:764][  0]LogWindows:    3. 'Radeon RX 590 Series' (P:0 D:0)
[2022.07.18-12.21.55:765][  0]LogWindows:    4. 'Radeon RX 590 Series' (P:0 D:0)
[2022.07.18-12.21.55:765][  0]LogWindows:    5. 'Radeon RX 590 Series' (P:0 D:0)
[2022.07.18-12.21.55:765][  0]LogWindows:    6. 'Radeon RX 590 Series' (P:0 D:0)
[2022.07.18-12.21.55:765][  0]LogWindows: DebugString: FoundDriverCount:7 
[2022.07.18-12.21.55:765][  0]LogD3D11RHI:     Adapter Name: Radeon RX 590 Series
[2022.07.18-12.21.55:765][  0]LogD3D11RHI:   Driver Version: AMD Software: Adrenalin Edition 22.5.2 (internal:30.0.21017.1000, unified:30.0.21017.1000)
[2022.07.18-12.21.55:765][  0]LogD3D11RHI:      Driver Date: 5-17-2022
[2022.07.18-12.21.55:765][  0]LogRHI: Texture pool is 5182 MB (70% of 7402 MB)
[2022.07.18-12.21.55:790][  0]LogD3D11RHI: Creating D3DDevice with AMD AGS, using adapter:
[2022.07.18-12.21.55:790][  0]LogD3D11RHI:     Description : Radeon RX 590 Series
[2022.07.18-12.21.55:790][  0]LogD3D11RHI:     VendorId    : 1002
[2022.07.18-12.21.55:790][  0]LogD3D11RHI:     DeviceId    : 67df
[2022.07.18-12.21.55:790][  0]LogD3D11RHI:     SubSysId    : 50321849
[2022.07.18-12.21.55:790][  0]LogD3D11RHI:     Revision    : 00e1
[2022.07.18-12.21.55:790][  0]LogD3D11RHI:     DedicatedVideoMemory : 8567906304 bytes
[2022.07.18-12.21.55:790][  0]LogD3D11RHI:     DedicatedSystemMemory : 0 bytes
[2022.07.18-12.21.55:790][  0]LogD3D11RHI:     SharedSystemMemory : 17133314048 bytes
[2022.07.18-12.21.55:790][  0]LogD3D11RHI:     AdapterLuid : 0 69485
[2022.07.18-12.21.55:816][  0]LogD3D11RHI: Created device via AGS, feature level 11_0, supported extensions 1fffffbf.
[2022.07.18-12.21.55:817][  0]LogD3D11RHI: RHI has support for 64 bit atomics
[2022.07.18-12.21.55:817][  0]LogD3D11RHI: Async texture creation enabled
[2022.07.18-12.21.55:817][  0]LogD3D11RHI: Array index from any shader is supported
[2022.07.18-12.21.55:817][  0]LogD3D11RHI: HDR output is supported on display 0 (AMD Device: 0x0, Display: 0x0).
[2022.07.18-12.21.55:827][  0]LogD3D11RHI: GPU Timing Frequency: 25.000000 (Debug: 2 1)
[2022.07.18-12.21.56:030][  0]LogTargetPlatformManager: Display: Loaded TargetPlatform 'WindowsNoEditor'
[2022.07.18-12.21.56:033][  0]LogTargetPlatformManager: Display: Loaded TargetPlatform 'Windows'
[2022.07.18-12.21.56:035][  0]LogTargetPlatformManager: Display: Loaded TargetPlatform 'WindowsClient'
[2022.07.18-12.21.56:038][  0]LogTargetPlatformManager: Display: Loaded TargetPlatform 'WindowsServer'
[2022.07.18-12.21.56:038][  0]LogTargetPlatformManager: Display: Building Assets For Windows
[2022.07.18-12.21.56:042][  0]LogAudioDebug: Display: Lib vorbis DLL was dynamically loaded.
[2022.07.18-12.21.56:059][  0]LogTextureFormatOodle: Display: Oodle Texture 2.9.0 init RDO Off
[2022.07.18-12.21.56:078][  0]LogRendererCore: Ray tracing is disabled. Reason: r.RayTracing=0.
[2022.07.18-12.21.56:078][  0]LogShaderCompilers: Guid format shader working directory is 0 characters bigger than the processId version (C:/Users/matej/Documents/GitHub/Game-Jam-2022/Intermediate/Shaders/WorkingDirectory/15044/).
[2022.07.18-12.21.56:078][  0]LogShaderCompilers: Cleaned the shader compiler working directory 'C:/Users/matej/AppData/Local/Temp/UnrealShaderWorkingDir/A7A623104B2D0C886DD7998BB34BED2F/'.
[2022.07.18-12.21.56:078][  0]LogXGEController: Cannot use XGE Controller as Incredibuild is not installed on this machine.
[2022.07.18-12.21.56:078][  0]LogShaderCompilers: Cannot use XGE Shader Compiler as Incredibuild is not installed on this machine.
[2022.07.18-12.21.56:078][  0]LogShaderCompilers: Display: Using Local Shader Compiler.
[2022.07.18-12.21.56:603][  0]LogDerivedDataCache: Display: Max Cache Size: 512 MB
[2022.07.18-12.21.56:635][  0]LogDerivedDataCache: Loaded boot cache 0.03s 94MB C:/Users/matej/AppData/Local/UnrealEngine/4.27/DerivedDataCache/Boot.ddc.
[2022.07.18-12.21.56:635][  0]LogDerivedDataCache: Display: Loaded Boot cache: C:/Users/matej/AppData/Local/UnrealEngine/4.27/DerivedDataCache/Boot.ddc
[2022.07.18-12.21.56:635][  0]LogDerivedDataCache: FDerivedDataBackendGraph:  Pak pak cache file C:/Users/matej/Documents/GitHub/Game-Jam-2022/DerivedDataCache/DDC.ddp not found, will not use a pak cache.
[2022.07.18-12.21.56:635][  0]LogDerivedDataCache: Unable to find inner node Pak for hierarchical cache Hierarchy.
[2022.07.18-12.21.56:635][  0]LogDerivedDataCache: FDerivedDataBackendGraph:  CompressedPak pak cache file C:/Users/matej/Documents/GitHub/Game-Jam-2022/DerivedDataCache/Compressed.ddp not found, will not use a pak cache.
[2022.07.18-12.21.56:635][  0]LogDerivedDataCache: Unable to find inner node CompressedPak for hierarchical cache Hierarchy.
[2022.07.18-12.21.56:649][  0]LogDerivedDataCache: Display: Pak cache opened for reading ../../../Engine/DerivedDataCache/Compressed.ddp.
[2022.07.18-12.21.56:649][  0]LogDerivedDataCache: FDerivedDataBackendGraph:  EnterprisePak pak cache file ../../../Enterprise/DerivedDataCache/Compressed.ddp not found, will not use a pak cache.
[2022.07.18-12.21.56:649][  0]LogDerivedDataCache: Unable to find inner node EnterprisePak for hierarchical cache Hierarchy.
[2022.07.18-12.21.56:654][  0]LogDerivedDataCache: Speed tests for C:/Users/matej/AppData/Local/UnrealEngine/Common/DerivedDataCache took 0.01 seconds
[2022.07.18-12.21.56:654][  0]LogDerivedDataCache: Display: Performance to C:/Users/matej/AppData/Local/UnrealEngine/Common/DerivedDataCache: Latency=0.02ms. RandomReadSpeed=1823.63MBs, RandomWriteSpeed=207.39MBs. Assigned SpeedClass 'Local'
[2022.07.18-12.21.56:655][  0]LogDerivedDataCache: Using Local data cache path C:/Users/matej/AppData/Local/UnrealEngine/Common/DerivedDataCache: Writable
[2022.07.18-12.21.56:655][  0]LogDerivedDataCache: Shared data cache path not found in *engine.ini, will not use an Shared cache.
[2022.07.18-12.21.56:655][  0]LogDerivedDataCache: Unable to find inner node Shared for hierarchical cache Hierarchy.
[2022.07.18-12.21.56:680][  0]LogSlate: Using FreeType 2.10.0
[2022.07.18-12.21.56:681][  0]LogSlate: SlateFontServices - WITH_FREETYPE: 1, WITH_HARFBUZZ: 1
[2022.07.18-12.21.56:729][  0]LogInit: Using OS detected language (en-US).
[2022.07.18-12.21.56:729][  0]LogInit: Using OS detected locale (en-US).
[2022.07.18-12.21.56:729][  0]LogTextLocalizationManager: No localization for 'en-US' exists, so 'en' will be used for the language.
[2022.07.18-12.21.56:729][  0]LogTextLocalizationManager: No localization for 'en-US' exists, so 'en' will be used for the locale.
[2022.07.18-12.21.56:729][  0]LogSlate: FontCache flush requested. Reason: Culture for localization was changed
[2022.07.18-12.21.56:729][  0]LogSlate: FontCache flush requested. Reason: Culture for localization was changed
[2022.07.18-12.21.56:731][  0]LogTextLocalizationManager: Compacting localization data took   0.00ms
[2022.07.18-12.21.56:731][  0]LogAssetRegistry: FAssetRegistry took 0.0012 seconds to start up
[2022.07.18-12.21.56:844][  0]LogPackageLocalizationCache: Processed 21 localized package path(s) for 1 prioritized culture(s) in 0.000568 seconds
[2022.07.18-12.21.56:887][  0]LogInit: Selected Device Profile: [Windows]
[2022.07.18-12.21.56:887][  0]LogInit: Active device profile: [00000172D8E67600][00000172CDE87440 49] Windows
[2022.07.18-12.21.56:887][  0]LogInit: Profiles: [00000172D8E67600][00000172CDE87440 49] Windows, [00000172D8E24C00][00000172CE555580 49] WindowsNoEditor, [00000172D8E64C00][00000172CE5596C0 49] WindowsServer, [00000172D8E26C00][00000172CE561840 49] WindowsClient, [00000172D8E66B00][00000172CE5659C0 49] IOS, [00000172D8E25700][00000172CE569B40 49] iPadAir, [00000172D8E65500][00000172CE56C140 49] iPadAir2, [00000172D8DE3900][00000172CE574400 49] IPadPro, [00000172D8DE3A00][00000172CE570440 49] iPadAir3, [00000172D8E66400][00000172CE5785C0 49] iPadAir4, [00000172D8DE1100][00000172CE57C740 49] iPadMini2, [00000172D8E67300][00000172CE5808C0 49] iPadMini3, [00000172D8DE2600][00000172CE584A40 49] iPadMini4, [00000172D8E66100][00000172CE588BC0 49] iPadMini5, [00000172D8DFB200][00000172CE948E80 49] iPhone6, [00000172D8DFB300][00000172CE944EC0 49] iPodTouch6, [00000172D8DE0400][00000172CE951180 49] iPhone7, [00000172D8DE0200][00000172CE94D1C0 49] iPodTouch7, [00000172D8DF9000][00000172CE955340 49] iPhone5S, [00000172D8DE0D00][00000172CE9594C0 49] iPhone6Plus, [00000172D8DFA700][00000172CE55D600 49] iPhone6S, [00000172D8DE3100][00000172CE95D740 49] iPhone6SPlus, [00000172D8DFBD00][00000172CE961880 49] iPhone7Plus, [00000172D8DE3500][00000172CE969A00 49] iPhoneSE, [00000172D8DF8500][00000172CE96DB80 49] iPhone8, [00000172D8DE1A00][00000172CE970180 49] iPhone8Plus, [00000172D8DFA500][00000172CE974300 49] iPhoneX, [00000172D8DE1700][00000172CE978480 49] iPhoneXS, [00000172D8DF9E00][00000172CE97C600 49] iPhoneXSMax, [00000172D8DE0F00][00000172CE980780 49] iPhoneXR, [00000172D8DFB900][00000172CE984900 49] iPhone11, [00000172D8DE3800][00000172CE988A80 49] iPhone11Pro, [00000172D8DFB500][00000172CE98CC00 49] iPhone11ProMax, [00000172D8DE2C00][00000172CF12CD80 49] iPhoneSE2, [00000172D8DF9C00][00000172CF130F00 49] iPhone12Mini, [00000172D8DE3200][00000172CF135080 49] iPhone12, [00000172D8DFAD00][00000172CF139200 49] iPhone12Pro, [00000172D8DE2300][00000172CF13D380 49] iPhone12ProMax, [00000172D8DF8E00][00000172CF141500 49] iPadPro105, [00000172D8DE2200][00000172CF145680 49] iPadPro129, [00000172D8DFB100][00000172CE9657C0 49] iPadPro97, [00000172D8DE0500][00000172CF149900 49] iPadPro2_129, [00000172D8DFAA00][00000172CF14DA40 49] iPad5, [00000172D8DE1300][00000172CF155BC0 49] iPad6, [00000172D8DFB600][00000172CF1581C0 49] iPad7, [00000172D8DE1C00][00000172CF15C340 49] iPad8, [00000172D8DF8900][00000172CF1604C0 49] iPadPro11, [00000172D8DE3B00][00000172CF164640 49] iPadPro2_11, [00000172D8DF9600][00000172CF1687C0 49] iPadPro3_129, [00000172D8DE0B00][00000172CF16C940 49] iPadPro4_129, [00000172D8DFBA00][00000172CF170AC0 49] AppleTV, [00000172D8DE2F00][00000172CF174C40 49] AppleTV4K, [00000172D8DFB400][00000172CF178DC0 49] TVOS, [00000172D8DE1F00][00000172CF17CF40 49] Mac, [00000172D8E24600][00000172CF1810C0 49] MacClient, [00000172D7EB8D00][00000172CF185240 49] MacNoEditor, [00000172D8E26400][00000172CF1893C0 49] MacServer, [00000172D7EB9200][00000172CF18D540 49] Linux, [00000172D8E27300][00000172CF1916C0 49] LinuxAArch64, [00000172D7EB9600][00000172CF195840 49] LinuxNoEditor, [00000172D8E25A00][00000172CF151980 49] LinuxAArch64NoEditor, [00000172D7EB9B00][00000172CF199AC0 49] LinuxClient, [00000172D8E24300][00000172CF19DC00 49] LinuxAArch64Client, [00000172D7EB8900][00000172CF1A01C0 49] LinuxServer, [00000172D8E24500][00000172CF1A8340 49] LinuxAArch64Server, [00000172D7EB9800][00000172CF1AC4C0 49] Android, [00000172D8E27500][00000172CF1B0640 49] Android_Low, [00000172D7EB8800][00000172CF1B47C0 49] Android_Mid, [00000172D8E25400][00000172CF1B8940 49] Android_High, [00000172D7EB8500][00000172CF1BCAC0 49] Android_Default, [00000172D8E27800][00000172CF1C0C40 49] Android_Adreno4xx, [00000172D7EBA400][00000172CF1C4DC0 49] Android_Adreno5xx_Low, [00000172D8E24900][00000172CF1C8F40 49] Android_Adreno5xx, [00000172D7EB9500][00000172CF1CD0C0 49] Android_Adreno6xx, [00000172D8E24400][00000172CF1D1240 49] Android_Adreno6xx_Vulkan, [00000172D7EBA600][00000172CF1D53C0 49] Android_Mali_T6xx, [00000172D8E26F00][00000172CF1D9540 49] Android_Mali_T7xx, [00000172D7EBA800][00000172CF1DD6C0 49] Android_Mali_T8xx, [00000172D8DE1900][00000172CF1E1840 49] Android_Mali_G71, [00000172D8DF9800][00000172CF1E59C0 49] Android_Mali_G72, [00000172D8DE1200][00000172CF1A5B00 49] Android_Mali_G72_Vulkan, [00000172D8DF8F00][00000172CF1E80C0 49] Android_Mali_G76, [00000172D8DE1500][00000172CF1EC200 49] Android_Mali_G76_Vulkan, [00000172D8DFB000][00000172CF1F0340 49] Android_Mali_G77, [00000172D8DE0800][00000172CF1F84C0 49] Android_Mali_G77_Vulkan, [00000172D7EB9300][00000172CF1FC640 49] Android_Mali_G78, [00000172D8DE3C00][00000172CF2007C0 49] Android_Mali_G78_Vulkan, [00000172D7EB8400][00000172CF204940 49] Android_Mali_G710, [00000172D8DE1400][00000172CF208AC0 49] Android_Mali_G710_Vulkan, [00000172D7EB9A00][00000172CF20CC40 49] Android_Vulkan_SM5, [00000172D8DE2B00][00000172CF210DC0 49] Android_PowerVR_G6xxx, [00000172D7EB9000][00000172CF214F40 49] Android_PowerVR_GT7xxx, [00000172D8DE3F00][00000172CF2190C0 49] Android_PowerVR_GE8xxx, [00000172D7EB8E00][00000172CF21D240 49] Android_PowerVR_GM9xxx, [00000172D8DE0600][00000172CF2213C0 49] Android_PowerVR_GM9xxx_Vulkan, [00000172D7EBA000][00000172CF225540 49] Android_TegraK1, [00000172D8DE2100][00000172CF2296C0 49] Android_Unknown_Vulkan, [00000172D7EB9700][00000172CF22D840 49] Lumin, [00000172D8DE3E00][00000172CF2319C0 49] Lumin_Desktop, [00000172D7EBAA00][00000172CF235B40 49] HoloLens, 
[2022.07.18-12.21.56:910][  0]LogMeshReduction: Using QuadricMeshReduction for automatic static mesh reduction
[2022.07.18-12.21.56:910][  0]LogMeshReduction: Using SimplygonMeshReduction for automatic skeletal mesh reduction
[2022.07.18-12.21.56:910][  0]LogMeshReduction: Using ProxyLODMeshReduction for automatic mesh merging
[2022.07.18-12.21.56:910][  0]LogMeshReduction: No distributed automatic mesh merging module available
[2022.07.18-12.21.56:910][  0]LogMeshMerging: No distributed automatic mesh merging module available
[2022.07.18-12.21.56:986][  0]LogNetVersion: Builder 1.0.0, NetCL: 17155196, EngineNetVer: 17, GameNetVer: 0 (Checksum: 3939801358)
[2022.07.18-12.21.57:131][  0]LogTexture: Default maximum texture size for cubemaps generated from long-lat sources has been changed from 512 to unlimited. In order to preserve old behaiour for '/Engine/MapTemplates/Sky/DaylightAmbientCubemap.DaylightAmbientCubemap', its maximum texture size has been explicitly set to 512.
[2022.07.18-12.21.57:219][  0]LogMoviePlayer: Initializing movie player
[2022.07.18-12.21.57:292][  0]LogNiagaraDebuggerClient: Niagara Debugger Client Initialized | Session: AC2A5B3C4B771DE566174FBE0C9FAFAD | Instance: 018804094C0624038D212499D2B68F86 (DESKTOP-M1QV7NL-15044).
[2022.07.18-12.21.57:304][  0]LogCollectionManager: Loaded 0 collections in 0.000626 seconds
[2022.07.18-12.21.57:306][  0]LogFileCache: Scanning file cache for directory 'C:/Users/matej/Documents/GitHub/Game-Jam-2022/Saved/Collections/' took 0.00s
[2022.07.18-12.21.57:306][  0]LogFileCache: Scanning file cache for directory 'C:/Users/matej/Documents/GitHub/Game-Jam-2022/Content/Developers/matej/Collections/' took 0.00s
[2022.07.18-12.21.57:306][  0]LogFileCache: Scanning file cache for directory 'C:/Users/matej/Documents/GitHub/Game-Jam-2022/Content/Collections/' took 0.00s
[2022.07.18-12.21.57:306][  0]LogCollectionManager: Fixed up redirectors for 0 collections in 0.000001 seconds (updated 0 objects)
[2022.07.18-12.21.57:323][  0]LogTcpMessaging: Initializing TcpMessaging bridge
[2022.07.18-12.21.57:326][  0]LogUdpMessaging: Initializing bridge on interface 0.0.0.0:0 to multicast group 230.0.0.1:6666.
[2022.07.18-12.21.57:405][  0]LogPython: Using Python 3.7.7
[2022.07.18-12.21.57:699][  0]SourceControl: Source control is disabled
[2022.07.18-12.21.57:699][  0]SourceControl: Source control is disabled
[2022.07.18-12.21.57:701][  0]SourceControl: Source control is disabled
[2022.07.18-12.21.57:702][  0]LogUProjectInfo: Found projects:
[2022.07.18-12.21.57:721][  0]LogAndroidPermission: UAndroidPermissionCallbackProxy::GetInstance
[2022.07.18-12.21.57:733][  0]LogAudioCaptureCore: Display: No Audio Capture implementations found. Audio input will be silent.
[2022.07.18-12.21.57:733][  0]LogAudioCaptureCore: Display: No Audio Capture implementations found. Audio input will be silent.
[2022.07.18-12.21.57:813][  0]LogOpenImageDenoise: OIDN starting up
[2022.07.18-12.21.57:818][  0]LogUObjectArray: 21417 objects as part of root set at end of initial load.
[2022.07.18-12.21.57:818][  0]LogUObjectAllocator: 5754288 out of 0 bytes used by permanent object pool.
[2022.07.18-12.21.57:818][  0]LogUObjectArray: CloseDisregardForGC: 0/0 objects in disregard for GC pool
[2022.07.18-12.21.57:850][  0]LogEngine: Initializing Engine...
[2022.07.18-12.21.57:851][  0]LogMagicLeap: Warning: VR disabled because ZI is not enabled.  To enable, in the editor, Edit -> Project Settings -> Plugins -> Magic Leap Plugin -> Enable Zero Iteration
[2022.07.18-12.21.57:852][  0]LogStats: UGameplayTagsManager::InitializeManager -  0.000 s
[2022.07.18-12.21.57:910][  0]LogInit: Initializing FReadOnlyCVARCache
[2022.07.18-12.21.57:910][  0]LogAudio: Display: Initializing Audio Device Manager...
[2022.07.18-12.21.57:914][  0]LogAudio: Display: Loading Default Audio Settings Objects...
[2022.07.18-12.21.57:914][  0]LogAudio: Display: No default SoundConcurrencyObject specified (or failed to load).
[2022.07.18-12.21.57:914][  0]LogAudio: Display: Audio Device Manager Initialized
[2022.07.18-12.21.57:914][  0]LogAudio: Display: Creating Audio Device:                 Id: 1, Scope: Shared, Realtime: True
[2022.07.18-12.21.57:914][  0]LogAudioMixer: Display: Audio Mixer Platform Settings:
[2022.07.18-12.21.57:914][  0]LogAudioMixer: Display: 	Sample Rate:						  48000
[2022.07.18-12.21.57:914][  0]LogAudioMixer: Display: 	Callback Buffer Frame Size Requested: 1024
[2022.07.18-12.21.57:914][  0]LogAudioMixer: Display: 	Callback Buffer Frame Size To Use:	  1024
[2022.07.18-12.21.57:915][  0]LogAudioMixer: Display: 	Number of buffers to queue:			  2
[2022.07.18-12.21.57:915][  0]LogAudioMixer: Display: 	Max Channels (voices):				  32
[2022.07.18-12.21.57:915][  0]LogAudioMixer: Display: 	Number of Async Source Workers:		  0
[2022.07.18-12.21.57:915][  0]LogAudio: Display: AudioDevice MaxSources: 32
[2022.07.18-12.21.57:915][  0]LogAudio: Display: Audio Spatialization Plugin: None (built-in).
[2022.07.18-12.21.57:915][  0]LogAudio: Display: Audio Reverb Plugin: None (built-in).
[2022.07.18-12.21.57:915][  0]LogAudio: Display: Audio Occlusion Plugin: None (built-in).
[2022.07.18-12.21.57:915][  0]LogAudioMixer: Display: Initializing audio mixer.
[2022.07.18-12.21.57:925][  0]LogAudioMixer: Display: 0: FrontLeft
[2022.07.18-12.21.57:925][  0]LogAudioMixer: Display: 1: FrontRight
[2022.07.18-12.21.57:975][  0]LogAudioMixer: Display: Using Audio Device Speakers (Realtek(R) Audio)
[2022.07.18-12.21.57:977][  0]LogAudioMixer: Display: Initializing Sound Submixes...
[2022.07.18-12.21.57:978][  0]LogAudioMixer: Display: Creating Master Submix 'MasterSubmixDefault'
[2022.07.18-12.21.57:978][  0]LogAudioMixer: Display: Creating Master Submix 'MasterReverbSubmixDefault'
[2022.07.18-12.21.57:978][  0]LogAudioMixer: Display: Creating Master Submix 'MasterEQSubmixDefault'
[2022.07.18-12.21.57:978][  0]LogAudioMixer: FMixerPlatformXAudio2::StartAudioStream() called
[2022.07.18-12.21.57:978][  0]LogAudioMixer: Display: Output buffers initialized: Frames=1024, Channels=2, Samples=2048
[2022.07.18-12.21.57:979][  0]LogAudioMixer: Display: Starting AudioMixerPlatformInterface::RunInternal()
[2022.07.18-12.21.57:979][  0]LogAudioMixer: Display: FMixerPlatformXAudio2::SubmitBuffer() called for the first time
[2022.07.18-12.21.57:979][  0]LogInit: FAudioDevice initialized.
[2022.07.18-12.21.57:980][  0]LogNetVersion: Set ProjectVersion to 1.2. Version Checksum will be recalculated on next use.
[2022.07.18-12.21.57:980][  0]LogInit: Texture streaming: Enabled
[2022.07.18-12.21.58:084][  0]LogAudio: Display: Audio Device (ID: 1) registered with world 'Untitled'.
[2022.07.18-12.21.58:084][  0]LogInit: Error: Failed to load cursor 'C:/Users/matej/Documents/GitHub/Game-Jam-2022/Content//Game/GameObjects/Components/HUD/Nasty-Clean'
[2022.07.18-12.21.58:085][  0]LogSlate: Updating window title bar state: overlay mode, drag disabled, window buttons hidden, title bar hidden
[2022.07.18-12.21.58:085][  0]LogInit: Display: Game Engine Initialized.
[2022.07.18-12.21.58:085][  0]LogNiagaraEditor: GEditor isn't valid! Particle reset commands will not work for Niagara components!
[2022.07.18-12.21.58:101][  0]LogInit: Display: Starting Game.
[2022.07.18-12.21.58:101][  0]LogNet: Browse: /Game/Maps/TestingMap?Name=Player
[2022.07.18-12.21.58:101][  0]LogLoad: LoadMap: /Game/Maps/TestingMap?Name=Player
[2022.07.18-12.21.58:102][  0]LogWorld: BeginTearingDown for /Temp/Untitled_0
[2022.07.18-12.21.58:102][  0]LogWorld: UWorld::CleanupWorld for Untitled, bSessionEnded=true, bCleanupResources=true
[2022.07.18-12.21.58:102][  0]LogSlate: InvalidateAllWidgets triggered.  All widgets were invalidated
[2022.07.18-12.21.58:105][  0]LogAudio: Display: Audio Device unregistered from world 'None'.
[2022.07.18-12.21.58:107][  0]LogUObjectHash: Compacting FUObjectHashTables data took   0.58ms
[2022.07.18-12.21.58:173][  0]LogBlueprint: Error: [AssetLog] C:\Users\matej\Documents\GitHub\Game-Jam-2022\Content\Maps\TestingMap.umap: [Compiler] This blueprint (self) is not a UserWidget, therefore ' Target ' must have a connection.
[2022.07.18-12.21.58:173][  0]LogBlueprint: Error: [AssetLog] C:\Users\matej\Documents\GitHub\Game-Jam-2022\Content\Maps\TestingMap.umap: [Compiler] This blueprint (self) is not a Widget, therefore ' Target ' must have a connection.
[2022.07.18-12.21.58:205][  0]LogAudio: Display: Audio Device (ID: 1) registered with world 'TestingMap'.
[2022.07.18-12.21.58:209][  0]LogAIModule: Creating AISystem for world TestingMap
[2022.07.18-12.21.58:209][  0]LogLoad: Game class is 'CB_GameModeBase_C'
[2022.07.18-12.21.58:212][  0]LogWorld: Bringing World /Game/Maps/TestingMap.TestingMap up for play (max tick rate 0) at 2022.07.18-14.21.58
[2022.07.18-12.21.58:212][  0]LogWorld: Bringing up level for play took: 0.002164
[2022.07.18-12.21.58:215][  0]LogLoad: Took 0.113755 seconds to LoadMap(/Game/Maps/TestingMap)
[2022.07.18-12.21.58:295][  0]LogSlate: Took 0.000098 seconds to synchronously load lazily loaded font '../../../Engine/Content/Slate/Fonts/Roboto-Regular.ttf' (155K)
[2022.07.18-12.21.58:334][  0]LogRenderer: Reallocating scene render targets to support 252x252 Format 10 NumSamples 1 (Frame:1).
[2022.07.18-12.21.58:334][  0]LogRenderer: Reallocating scene render targets to support 1280x720 Format 10 NumSamples 1 (Frame:1).
[2022.07.18-12.21.58:334][  0]LogInit: Display: Engine is initialized. Leaving FEngineLoop::Init()
[2022.07.18-12.21.58:334][  0]LogLoad: (Engine Initialization) Total time: 3.53 seconds
[2022.07.18-12.21.58:334][  0]LogLoad: (Engine Initialization) Total Blueprint compile time: 0.00 seconds
[2022.07.18-12.21.58:336][  0]LogContentStreaming: Texture pool size now 1000 MB
[2022.07.18-12.21.58:339][  0]LogSlate: InvalidateAllWidgets triggered.  All widgets were invalidated
[2022.07.18-12.21.58:371][  1]LogSlate: Took 0.000079 seconds to synchronously load lazily loaded font '../../../Engine/Content/Slate/Fonts/Roboto-Regular.ttf' (155K)
[2022.07.18-12.22.19:985][188]LogSlate: Window 'BlocksVille (64-bit Development PCD3D_SM5) ' being destroyed
[2022.07.18-12.22.19:994][188]LogWindowsTextInputMethodSystem: Display: IME system deactivated.
[2022.07.18-12.22.19:997][188]LogWindowsTextInputMethodSystem: Display: IME system deactivated.
[2022.07.18-12.22.19:998][188]LogSlate: Updating window title bar state: overlay mode, drag disabled, window buttons hidden, title bar hidden
[2022.07.18-12.22.19:998][188]LogEngine: All Windows Closed
[2022.07.18-12.22.19:998][188]LogWindows: FPlatformMisc::RequestExit(0)
[2022.07.18-12.22.19:998][188]LogWindows: FPlatformMisc::RequestExitWithStatus(0, 0)
[2022.07.18-12.22.19:998][188]LogCore: Engine exit requested (reason: Win RequestExit)
[2022.07.18-12.22.19:998][189]LogCore: Engine exit requested (reason: EngineExit() was called; note: exit was already requested)
[2022.07.18-12.22.19:998][189]LogInit: Display: PreExit Game.
[2022.07.18-12.22.20:009][189]LogWorld: BeginTearingDown for /Game/Maps/TestingMap
[2022.07.18-12.22.20:009][189]LogWorld: UWorld::CleanupWorld for TestingMap, bSessionEnded=true, bCleanupResources=true
[2022.07.18-12.22.20:009][189]LogSlate: InvalidateAllWidgets triggered.  All widgets were invalidated
[2022.07.18-12.22.20:861][189]LogAudio: Display: Beginning Audio Device Manager Shutdown (Module: AudioMixerXAudio2)...
[2022.07.18-12.22.20:861][189]LogAudio: Display: Destroying 1 Remaining Audio Device(s)...
[2022.07.18-12.22.20:861][189]LogAudio: Display: Audio Device unregistered from world 'TestingMap'.
[2022.07.18-12.22.20:862][189]LogAudioMixer: FMixerPlatformXAudio2::StopAudioStream() called
[2022.07.18-12.22.20:862][189]LogAudioMixer: FMixerPlatformXAudio2::StopAudioStream() called
[2022.07.18-12.22.20:865][189]LogAudio: Display: Audio Device Manager Shutdown
[2022.07.18-12.22.20:868][189]LogExit: Preparing to exit.
[2022.07.18-12.22.20:871][189]LogSlate: Updating window title bar state: overlay mode, drag disabled, window buttons hidden, title bar hidden
[2022.07.18-12.22.20:872][189]LogUObjectHash: Compacting FUObjectHashTables data took   0.61ms
[2022.07.18-12.22.21:341][189]LogMoviePlayer: Shutting down movie player
[2022.07.18-12.22.21:458][189]LogDemo: Cleaned up 0 splitscreen connections with owner deletion
[2022.07.18-12.22.21:460][189]LogExit: Game engine shut down
[2022.07.18-12.22.21:487][189]LogExit: Object subsystem successfully closed.
[2022.07.18-12.22.21:495][189]LogShaderCompilers: Display: === FShaderJobCache stats ===
[2022.07.18-12.22.21:495][189]LogShaderCompilers: Display: Total job queries 0, among them cache hits 0 (0.00%)
[2022.07.18-12.22.21:495][189]LogShaderCompilers: Display: Tracking 0 distinct input hashes that result in 0 distinct outputs (0.00%)
[2022.07.18-12.22.21:495][189]LogShaderCompilers: Display: RAM used: 0.00 MB (0.00 GB) of 1638.40 MB (1.60 GB) budget. Usage: 0.00%
[2022.07.18-12.22.21:495][189]LogShaderCompilers: Display: ================================================
[2022.07.18-12.22.21:498][189]LogShaderCompilers: Display: Shaders left to compile 0
[2022.07.18-12.22.21:503][189]LogModuleManager: Shutting down and abandoning module SequenceRecorderSections (512)
[2022.07.18-12.22.21:503][189]LogModuleManager: Shutting down and abandoning module SequenceRecorder (510)
[2022.07.18-12.22.21:503][189]LogModuleManager: Shutting down and abandoning module AutomationController (508)
[2022.07.18-12.22.21:503][189]LogModuleManager: Shutting down and abandoning module AutomationWorker (506)
[2022.07.18-12.22.21:503][189]LogModuleManager: Shutting down and abandoning module Voice (504)
[2022.07.18-12.22.21:503][189]LogModuleManager: Shutting down and abandoning module AIModule (502)
[2022.07.18-12.22.21:503][189]LogModuleManager: Shutting down and abandoning module GameplayDebugger (501)
[2022.07.18-12.22.21:503][189]LogModuleManager: Shutting down and abandoning module AITestSuite (499)
[2022.07.18-12.22.21:503][189]LogModuleManager: Shutting down and abandoning module NavigationSystem (497)
[2022.07.18-12.22.21:503][189]LogModuleManager: Shutting down and abandoning module PlanarCut (494)
[2022.07.18-12.22.21:503][189]LogModuleManager: Shutting down and abandoning module CharacterAI (492)
[2022.07.18-12.22.21:503][189]LogModuleManager: Shutting down and abandoning module MagicLeapMediaCodecFactory (490)
[2022.07.18-12.22.21:503][189]LogModuleManager: Shutting down and abandoning module MagicLeapMediaFactory (488)
[2022.07.18-12.22.21:503][189]LogModuleManager: Shutting down and abandoning module WmfMediaFactory (486)
[2022.07.18-12.22.21:503][189]LogModuleManager: Shutting down and abandoning module WebMMediaFactory (484)
[2022.07.18-12.22.21:503][189]LogModuleManager: Shutting down and abandoning module WebMMedia (482)
[2022.07.18-12.22.21:503][189]LogModuleManager: Shutting down and abandoning module OpenExrWrapper (480)
[2022.07.18-12.22.21:503][189]LogModuleManager: Shutting down and abandoning module ImgMediaFactory (478)
[2022.07.18-12.22.21:503][189]LogModuleManager: Shutting down and abandoning module AvfMediaFactory (476)
[2022.07.18-12.22.21:503][189]LogModuleManager: Shutting down and abandoning module SessionServices (474)
[2022.07.18-12.22.21:503][189]LogModuleManager: Shutting down and abandoning module MovieSceneCapture (472)
[2022.07.18-12.22.21:503][189]LogModuleManager: Shutting down and abandoning module LiveCoding (470)
[2022.07.18-12.22.21:503][189]LogModuleManager: Shutting down and abandoning module LevelSequence (468)
[2022.07.18-12.22.21:503][189]LogModuleManager: Shutting down and abandoning module MovieSceneTracks (466)
[2022.07.18-12.22.21:503][189]LogModuleManager: Shutting down and abandoning module MovieScene (464)
[2022.07.18-12.22.21:503][189]LogModuleManager: Shutting down and abandoning module StreamingPauseRendering (462)
[2022.07.18-12.22.21:503][189]LogModuleManager: Shutting down and abandoning module PortalServices (460)
[2022.07.18-12.22.21:504][189]LogModuleManager: Shutting down and abandoning module PortalRpc (458)
[2022.07.18-12.22.21:504][189]LogModuleManager: Shutting down and abandoning module MessagingRpc (456)
[2022.07.18-12.22.21:504][189]LogModuleManager: Shutting down and abandoning module AudioMixerXAudio2 (454)
[2022.07.18-12.22.21:504][189]LogModuleManager: Shutting down and abandoning module AudioMixerCore (453)
[2022.07.18-12.22.21:504][189]LogModuleManager: Shutting down and abandoning module ImageWriteQueue (450)
[2022.07.18-12.22.21:505][189]LogModuleManager: Shutting down and abandoning module ProfilerService (448)
[2022.07.18-12.22.21:609][189]LogModuleManager: Shutting down and abandoning module TaskGraph (446)
[2022.07.18-12.22.21:609][189]LogModuleManager: Shutting down and abandoning module OpenImageDenoise (444)
[2022.07.18-12.22.21:609][189]LogOpenImageDenoise: OIDN shutting down
[2022.07.18-12.22.21:609][189]LogModuleManager: Shutting down and abandoning module MotoSynth (442)
[2022.07.18-12.22.21:609][189]LogModuleManager: Shutting down and abandoning module ChaosNiagara (440)
[2022.07.18-12.22.21:609][189]LogModuleManager: Shutting down and abandoning module MeshConversion (438)
[2022.07.18-12.22.21:609][189]LogModuleManager: Shutting down and abandoning module DynamicMesh (436)
[2022.07.18-12.22.21:609][189]LogModuleManager: Shutting down and abandoning module GeometryAlgorithms (434)
[2022.07.18-12.22.21:609][189]LogModuleManager: Shutting down and abandoning module GeometricObjects (432)
[2022.07.18-12.22.21:609][189]LogModuleManager: Shutting down and abandoning module GeometryCollectionTracks (430)
[2022.07.18-12.22.21:609][189]LogModuleManager: Shutting down and abandoning module GeometryCollectionSequencer (429)
[2022.07.18-12.22.21:609][189]LogModuleManager: Shutting down and abandoning module GeometryCacheTracks (426)
[2022.07.18-12.22.21:609][189]LogModuleManager: Shutting down and abandoning module GeometryCacheSequencer (425)
[2022.07.18-12.22.21:609][189]LogModuleManager: Shutting down and abandoning module GeometryCache (422)
[2022.07.18-12.22.21:609][189]LogModuleManager: Shutting down and abandoning module GeometryCacheEd (421)
[2022.07.18-12.22.21:609][189]LogModuleManager: Shutting down and abandoning module BackChannel (418)
[2022.07.18-12.22.21:609][189]LogModuleManager: Shutting down and abandoning module AutomationUtils (416)
[2022.07.18-12.22.21:609][189]LogModuleManager: Shutting down and abandoning module MagicLeapSharedWorld (414)
[2022.07.18-12.22.21:609][189]LogModuleManager: Shutting down and abandoning module MagicLeapLightEstimation (412)
[2022.07.18-12.22.21:609][189]LogModuleManager: Shutting down and abandoning module MagicLeapHelperVulkan (410)
[2022.07.18-12.22.21:609][189]LogModuleManager: Shutting down and abandoning module MagicLeapHelperOpenGL (408)
[2022.07.18-12.22.21:609][189]LogModuleManager: Shutting down and abandoning module MagicLeapAudio (406)
[2022.07.18-12.22.21:609][189]LogModuleManager: Shutting down and abandoning module Synthesis (404)
[2022.07.18-12.22.21:609][189]LogModuleManager: Shutting down and abandoning module ProceduralMeshComponent (402)
[2022.07.18-12.22.21:609][189]LogModuleManager: Shutting down and abandoning module MobilePatchingUtils (400)
[2022.07.18-12.22.21:609][189]LogModuleManager: Shutting down and abandoning module GooglePAD (398)
[2022.07.18-12.22.21:609][189]LogModuleManager: Shutting down and abandoning module EditableMesh (396)
[2022.07.18-12.22.21:609][189]LogModuleManager: Shutting down and abandoning module FieldSystemEngine (395)
[2022.07.18-12.22.21:609][189]LogModuleManager: Shutting down and abandoning module CableComponent (392)
[2022.07.18-12.22.21:609][189]LogModuleManager: Shutting down and abandoning module CustomMeshComponent (390)
[2022.07.18-12.22.21:610][189]LogModuleManager: Shutting down and abandoning module AudioCapture (388)
[2022.07.18-12.22.21:610][189]LogModuleManager: Shutting down and abandoning module AudioCaptureRtAudio (387)
[2022.07.18-12.22.21:610][189]LogModuleManager: Shutting down and abandoning module AssetTags (384)
[2022.07.18-12.22.21:610][189]LogModuleManager: Shutting down and abandoning module ArchVisCharacter (382)
[2022.07.18-12.22.21:610][189]LogModuleManager: Shutting down and abandoning module AppleImageUtilsBlueprintSupport (380)
[2022.07.18-12.22.21:610][189]LogModuleManager: Shutting down and abandoning module AppleImageUtils (378)
[2022.07.18-12.22.21:610][189]LogModuleManager: Shutting down and abandoning module AndroidPermission (376)
[2022.07.18-12.22.21:610][189]LogModuleManager: Shutting down and abandoning module ActorLayerUtilities (374)
[2022.07.18-12.22.21:610][189]LogModuleManager: Shutting down and abandoning module MediaCompositing (372)
[2022.07.18-12.22.21:610][189]LogModuleManager: Shutting down and abandoning module ImgMedia (370)
[2022.07.18-12.22.21:610][189]LogModuleManager: Shutting down and abandoning module TemplateSequence (368)
[2022.07.18-12.22.21:610][189]LogModuleManager: Shutting down and abandoning module UObjectPlugin (366)
[2022.07.18-12.22.21:610][189]LogModuleManager: Shutting down and abandoning module VisualStudioSourceCodeAccess (364)
[2022.07.18-12.22.21:610][189]LogModuleManager: Shutting down and abandoning module HotReload (363)
[2022.07.18-12.22.21:610][189]LogModuleManager: Shutting down and abandoning module VisualStudioCodeSourceCodeAccess (360)
[2022.07.18-12.22.21:610][189]LogModuleManager: Shutting down and abandoning module SubversionSourceControl (358)
[2022.07.18-12.22.21:610][189]LogModuleManager: Shutting down and abandoning module PerforceSourceControl (356)
[2022.07.18-12.22.21:610][189]LogModuleManager: Shutting down and abandoning module SourceControl (355)
[2022.07.18-12.22.21:610][189]LogModuleManager: Shutting down and abandoning module OodleNetworkHandlerComponent (352)
[2022.07.18-12.22.21:610][189]LogModuleManager: Shutting down and abandoning module CLionSourceCodeAccess (350)
[2022.07.18-12.22.21:610][189]LogModuleManager: Shutting down and abandoning module PythonScriptPlugin (348)
[2022.07.18-12.22.21:610][189]LogModuleManager: Shutting down and abandoning module MagicLeapARPin (346)
[2022.07.18-12.22.21:610][189]LogModuleManager: Shutting down and abandoning module MagicLeapHandMeshing (344)
[2022.07.18-12.22.21:610][189]LogModuleManager: Shutting down and abandoning module MagicLeapSecureStorage (342)
[2022.07.18-12.22.21:610][189]LogModuleManager: Shutting down and abandoning module MagicLeapPrivileges (340)
[2022.07.18-12.22.21:610][189]LogModuleManager: Shutting down and abandoning module MagicLeapPlanes (338)
[2022.07.18-12.22.21:610][189]LogMagicLeapPlanes: Planes tracker already destroyed.
[2022.07.18-12.22.21:610][189]LogModuleManager: Shutting down and abandoning module MagicLeapImageTracker (336)
[2022.07.18-12.22.21:610][189]LogModuleManager: Shutting down and abandoning module MagicLeapIdentity (334)
[2022.07.18-12.22.21:610][189]LogModuleManager: Shutting down and abandoning module MagicLeapHandTracking (332)
[2022.07.18-12.22.21:610][189]LogModuleManager: Shutting down and abandoning module MagicLeapEyeTracker (330)
[2022.07.18-12.22.21:610][189]LogModuleManager: Shutting down and abandoning module MagicLeapController (328)
[2022.07.18-12.22.21:610][189]LogSlate: Slate User Destroyed.  User Index 0, Is Virtual User: 0
[2022.07.18-12.22.21:610][189]LogModuleManager: Shutting down and abandoning module MagicLeapARPinImpl (326)
[2022.07.18-12.22.21:610][189]LogModuleManager: Shutting down and abandoning module MagicLeapAR (324)
[2022.07.18-12.22.21:610][189]LogModuleManager: Shutting down and abandoning module AugmentedReality (323)
[2022.07.18-12.22.21:610][189]LogModuleManager: Shutting down and abandoning module RuntimePhysXCooking (320)
[2022.07.18-12.22.21:610][189]LogModuleManager: Shutting down and abandoning module SoundFields (318)
[2022.07.18-12.22.21:610][189]LogModuleManager: Shutting down and abandoning module SignificanceManager (316)
[2022.07.18-12.22.21:610][189]LogModuleManager: Shutting down and abandoning module PropertyAccessEditor (314)
[2022.07.18-12.22.21:610][189]LogModuleManager: Shutting down and abandoning module PhysXVehiclesEditor (312)
[2022.07.18-12.22.21:610][189]LogModuleManager: Shutting down and abandoning module LocationServicesBPLibrary (308)
[2022.07.18-12.22.21:610][189]LogModuleManager: Shutting down and abandoning module AudioSynesthesia (306)
[2022.07.18-12.22.21:610][189]LogModuleManager: Shutting down and abandoning module AudioSynesthesiaCore (304)
[2022.07.18-12.22.21:610][189]LogModuleManager: Shutting down and abandoning module ImgMediaEngine (302)
[2022.07.18-12.22.21:610][189]LogModuleManager: Shutting down and abandoning module UdpMessaging (300)
[2022.07.18-12.22.21:711][189]LogModuleManager: Shutting down and abandoning module ActorSequence (298)
[2022.07.18-12.22.21:711][189]LogModuleManager: Shutting down and abandoning module TcpMessaging (296)
[2022.07.18-12.22.22:337][189]LogModuleManager: Shutting down and abandoning module PropertyAccessNode (294)
[2022.07.18-12.22.22:337][189]LogModuleManager: Shutting down and abandoning module AnimationSharing (292)
[2022.07.18-12.22.22:337][189]LogModuleManager: Shutting down and abandoning module NiagaraAnimNotifies (290)
[2022.07.18-12.22.22:337][189]LogModuleManager: Shutting down and abandoning module Niagara (288)
[2022.07.18-12.22.22:337][189]LogModuleManager: Shutting down and abandoning module SignalProcessing (287)
[2022.07.18-12.22.22:337][189]LogModuleManager: Shutting down and abandoning module NiagaraEditor (285)
[2022.07.18-12.22.22:337][189]LogModuleManager: Shutting down and abandoning module ContentBrowser (284)
[2022.07.18-12.22.22:337][189]LogModuleManager: Shutting down and abandoning module CollectionManager (283)
[2022.07.18-12.22.22:338][189]LogModuleManager: Shutting down and abandoning module DirectoryWatcher (282)
[2022.07.18-12.22.22:338][189]LogModuleManager: Shutting down and abandoning module ContentBrowserData (279)
[2022.07.18-12.22.22:338][189]LogModuleManager: Shutting down and abandoning module NiagaraCore (274)
[2022.07.18-12.22.22:338][189]LogModuleManager: Shutting down and abandoning module GameplayTagsEditor (272)
[2022.07.18-12.22.22:338][189]LogModuleManager: Shutting down and abandoning module FacialAnimation (270)
[2022.07.18-12.22.22:338][189]LogModuleManager: Shutting down and abandoning module AssetManagerEditor (268)
[2022.07.18-12.22.22:338][189]LogModuleManager: Shutting down and abandoning module TreeMap (267)
[2022.07.18-12.22.22:338][189]LogModuleManager: Shutting down and abandoning module LightPropagationVolumeRuntime (264)
[2022.07.18-12.22.22:338][189]LogModuleManager: Shutting down and abandoning module GameplayCameras (262)
[2022.07.18-12.22.22:338][189]LogModuleManager: Shutting down and abandoning module EnvironmentQueryEditor (260)
[2022.07.18-12.22.22:338][189]LogModuleManager: Shutting down and abandoning module Paper2D (258)
[2022.07.18-12.22.22:338][189]LogModuleManager: Shutting down and abandoning module WindowsMoviePlayer (256)
[2022.07.18-12.22.22:338][189]LogModuleManager: Shutting down and abandoning module WebMMoviePlayer (254)
[2022.07.18-12.22.22:338][189]LogModuleManager: Shutting down and abandoning module NetworkReplayStreaming (252)
[2022.07.18-12.22.22:338][189]LogModuleManager: Shutting down and abandoning module PacketHandler (250)
[2022.07.18-12.22.22:338][189]LogModuleManager: Shutting down and abandoning module ClothingSystemEditor (248)
[2022.07.18-12.22.22:338][189]LogModuleManager: Shutting down and abandoning module ClothingSystemRuntimeNv (246)
[2022.07.18-12.22.22:338][189]LogModuleManager: Shutting down and abandoning module MediaAssets (244)
[2022.07.18-12.22.22:338][189]LogModuleManager: Shutting down and abandoning module Overlay (242)
[2022.07.18-12.22.22:338][189]LogModuleManager: Shutting down and abandoning module OverlayEditor (241)
[2022.07.18-12.22.22:338][189]LogModuleManager: Shutting down and abandoning module VREditor (238)
[2022.07.18-12.22.22:338][189]LogModuleManager: Shutting down and abandoning module StringTableEditor (236)
[2022.07.18-12.22.22:338][189]LogModuleManager: Shutting down and abandoning module GameplayTasksEditor (234)
[2022.07.18-12.22.22:338][189]LogModuleManager: Shutting down and abandoning module BehaviorTreeEditor (232)
[2022.07.18-12.22.22:338][189]LogModuleManager: Shutting down and abandoning module FunctionalTesting (230)
[2022.07.18-12.22.22:338][189]LogModuleManager: Shutting down and abandoning module CollisionAnalyzer (228)
[2022.07.18-12.22.22:338][189]LogModuleManager: Shutting down and abandoning module WorkspaceMenuStructure (227)
[2022.07.18-12.22.22:338][189]LogModuleManager: Shutting down and abandoning module UMG (224)
[2022.07.18-12.22.22:338][189]LogModuleManager: Shutting down and abandoning module UMGEditor (223)
[2022.07.18-12.22.22:338][189]LogModuleManager: Shutting down and abandoning module Sequencer (222)
[2022.07.18-12.22.22:338][189]LogModuleManager: Shutting down and abandoning module MessageLog (219)
[2022.07.18-12.22.22:339][189]LogModuleManager: Shutting down and abandoning module SlateReflector (214)
[2022.07.18-12.22.22:339][189]LogModuleManager: Shutting down and abandoning module Slate (212)
[2022.07.18-12.22.22:339][189]LogModuleManager: Shutting down and abandoning module SlateCore (210)
[2022.07.18-12.22.22:339][189]LogModuleManager: Shutting down and abandoning module LandscapeEditorUtilities (208)
[2022.07.18-12.22.22:339][189]LogModuleManager: Shutting down and abandoning module UnrealEd (206)
[2022.07.18-12.22.22:339][189]LogModuleManager: Shutting down and abandoning module MRMesh (204)
[2022.07.18-12.22.22:339][189]LogModuleManager: Shutting down and abandoning module Messaging (202)
[2022.07.18-12.22.22:339][189]LogModuleManager: Shutting down and abandoning module SourceCodeAccess (200)
[2022.07.18-12.22.22:339][189]LogModuleManager: Shutting down and abandoning module HeadMountedDisplay (198)
[2022.07.18-12.22.22:339][189]LogModuleManager: Shutting down and abandoning module XAudio2 (196)
[2022.07.18-12.22.22:339][189]LogModuleManager: Shutting down and abandoning module Networking (194)
[2022.07.18-12.22.22:339][189]LogModuleManager: Shutting down and abandoning module Core (192)
[2022.07.18-12.22.22:339][189]LogModuleManager: Shutting down and abandoning module MaterialEditor (190)
[2022.07.18-12.22.22:339][189]LogModuleManager: Shutting down and abandoning module MovieSceneTools (188)
[2022.07.18-12.22.22:339][189]LogModuleManager: Shutting down and abandoning module EditorStyle (187)
[2022.07.18-12.22.22:340][189]LogModuleManager: Shutting down and abandoning module KismetCompiler (184)
[2022.07.18-12.22.22:340][189]LogModuleManager: Shutting down and abandoning module MeshBuilder (182)
[2022.07.18-12.22.22:340][189]LogModuleManager: Shutting down and abandoning module MeshUtilities (180)
[2022.07.18-12.22.22:340][189]LogModuleManager: Shutting down and abandoning module MeshMergeUtilities (179)
[2022.07.18-12.22.22:340][189]LogModuleManager: Shutting down and abandoning module MeshReductionInterface (178)
[2022.07.18-12.22.22:340][189]LogModuleManager: Shutting down and abandoning module MeshBoneReduction (177)
[2022.07.18-12.22.22:340][189]LogModuleManager: Shutting down and abandoning module SkeletalMeshReduction (175)
[2022.07.18-12.22.22:340][189]LogModuleManager: Shutting down and abandoning module ProxyLODMeshReduction (173)
[2022.07.18-12.22.22:340][189]LogModuleManager: Shutting down and abandoning module QuadricMeshReduction (171)
[2022.07.18-12.22.22:340][189]LogModuleManager: Shutting down and abandoning module MaterialBaking (167)
[2022.07.18-12.22.22:340][189]LogModuleManager: Shutting down and abandoning module NullInstallBundleManager (162)
[2022.07.18-12.22.22:340][189]LogModuleManager: Shutting down and abandoning module PIEPreviewDeviceProfileSelector (160)
[2022.07.18-12.22.22:340][189]LogModuleManager: Shutting down and abandoning module DerivedDataCache (158)
[2022.07.18-12.22.22:340][189]LogModuleManager: Shutting down and abandoning module TargetPlatform (156)
[2022.07.18-12.22.22:340][189]LogModuleManager: Shutting down and abandoning module VulkanShaderFormat (155)
[2022.07.18-12.22.22:340][189]LogModuleManager: Shutting down and abandoning module ShaderFormatVectorVM (153)
[2022.07.18-12.22.22:340][189]LogModuleManager: Shutting down and abandoning module ShaderFormatOpenGL (151)
[2022.07.18-12.22.22:340][189]LogModuleManager: Shutting down and abandoning module ShaderFormatD3D (149)
[2022.07.18-12.22.22:340][189]LogModuleManager: Shutting down and abandoning module MetalShaderFormat (147)
[2022.07.18-12.22.22:340][189]LogModuleManager: Shutting down and abandoning module TextureFormatOodle (145)
[2022.07.18-12.22.22:340][189]LogModuleManager: Shutting down and abandoning module TextureFormatUncompressed (143)
[2022.07.18-12.22.22:340][189]LogModuleManager: Shutting down and abandoning module TextureFormatPVR (141)
[2022.07.18-12.22.22:340][189]LogModuleManager: Shutting down and abandoning module TextureFormatETC2 (139)
[2022.07.18-12.22.22:340][189]LogModuleManager: Shutting down and abandoning module TextureFormatDXT (137)
[2022.07.18-12.22.22:340][189]LogModuleManager: Shutting down and abandoning module TextureFormatIntelISPCTexComp (135)
[2022.07.18-12.22.22:340][189]LogModuleManager: Shutting down and abandoning module TextureFormatASTC (133)
[2022.07.18-12.22.22:340][189]LogModuleManager: Shutting down and abandoning module ImageWrapper (132)
[2022.07.18-12.22.22:340][189]LogModuleManager: Shutting down and abandoning module AudioFormatOpus (129)
[2022.07.18-12.22.22:340][189]LogModuleManager: Shutting down and abandoning module AudioFormatOgg (127)
[2022.07.18-12.22.22:340][189]LogModuleManager: Shutting down and abandoning module AudioFormatADPCM (125)
[2022.07.18-12.22.22:340][189]LogModuleManager: Shutting down and abandoning module WindowsServerTargetPlatform (123)
[2022.07.18-12.22.22:340][189]LogModuleManager: Shutting down and abandoning module WindowsClientTargetPlatform (121)
[2022.07.18-12.22.22:340][189]LogModuleManager: Shutting down and abandoning module WindowsTargetPlatform (119)
[2022.07.18-12.22.22:340][189]LogModuleManager: Shutting down and abandoning module WindowsNoEditorTargetPlatform (117)
[2022.07.18-12.22.22:340][189]LogModuleManager: Shutting down and abandoning module D3D11RHI (114)
[2022.07.18-12.22.22:340][189]LogModuleManager: Shutting down and abandoning module InputCore (112)
[2022.07.18-12.22.22:341][189]LogModuleManager: Shutting down and abandoning module Settings (110)
[2022.07.18-12.22.22:341][189]LogModuleManager: Shutting down and abandoning module PhysXCooking (108)
[2022.07.18-12.22.22:341][189]LogModuleManager: Shutting down and abandoning module Chaos (106)
[2022.07.18-12.22.22:341][189]LogModuleManager: Shutting down and abandoning module WindowsPlatformFeatures (104)
[2022.07.18-12.22.22:341][189]LogModuleManager: Shutting down and abandoning module GameplayMediaEncoder (103)
[2022.07.18-12.22.22:341][189]LogModuleManager: Shutting down and abandoning module AVEncoder (102)
[2022.07.18-12.22.22:341][189]LogModuleManager: Shutting down and abandoning module ChaosCloth (98)
[2022.07.18-12.22.22:341][189]LogModuleManager: Shutting down and abandoning module VariantManagerContent (96)
[2022.07.18-12.22.22:341][189]LogModuleManager: Shutting down and abandoning module DatasmithContent (94)
[2022.07.18-12.22.22:341][189]LogModuleManager: Shutting down and abandoning module MLSDK (92)
[2022.07.18-12.22.22:341][189]LogModuleManager: Shutting down and abandoning module MagicLeap (90)
[2022.07.18-12.22.22:341][189]LogModuleManager: Shutting down and abandoning module OnlineBlueprintSupport (88)
[2022.07.18-12.22.22:341][189]LogModuleManager: Shutting down and abandoning module OnlineSubsystem (84)
[2022.07.18-12.22.22:341][189]LogModuleManager: Shutting down and abandoning module XMPP (79)
[2022.07.18-12.22.22:342][189]LogModuleManager: Shutting down and abandoning module WebSockets (78)
[2022.07.18-12.22.22:348][189]LogModuleManager: Shutting down and abandoning module HTTP (75)
[2022.07.18-12.22.22:348][189]LogHttp: Display: cleaning up 0 outstanding Http requests.
[2022.07.18-12.22.22:376][189]LogModuleManager: Shutting down and abandoning module SSL (74)
[2022.07.18-12.22.22:377][189]LogModuleManager: Shutting down and abandoning module ExampleDeviceProfileSelector (70)
[2022.07.18-12.22.22:377][189]LogModuleManager: Shutting down and abandoning module ChunkDownloader (68)
[2022.07.18-12.22.22:377][189]LogModuleManager: Shutting down and abandoning module LauncherChunkInstaller (66)
[2022.07.18-12.22.22:377][189]LogModuleManager: Shutting down and abandoning module WmfMedia (64)
[2022.07.18-12.22.22:378][189]LogModuleManager: Shutting down and abandoning module Media (63)
[2022.07.18-12.22.22:378][189]LogModuleManager: Shutting down and abandoning module MediaInfo (62)
[2022.07.18-12.22.22:378][189]LogModuleManager: Shutting down and abandoning module ExrReaderGpu (58)
[2022.07.18-12.22.22:378][189]LogModuleManager: Shutting down and abandoning module PixWinPlugin (56)
[2022.07.18-12.22.22:378][189]LogModuleManager: Shutting down and abandoning module NiagaraVertexFactories (54)
[2022.07.18-12.22.22:378][189]LogModuleManager: Shutting down and abandoning module NiagaraShader (52)
[2022.07.18-12.22.22:378][189]LogModuleManager: Shutting down and abandoning module AISupportModule (50)
[2022.07.18-12.22.22:378][189]LogModuleManager: Shutting down and abandoning module DesktopPlatform (48)
[2022.07.18-12.22.22:378][189]LogModuleManager: Shutting down and abandoning module PythonScriptPluginPreload (46)
[2022.07.18-12.22.22:378][189]LogModuleManager: Shutting down and abandoning module PlatformCryptoOpenSSL (44)
[2022.07.18-12.22.22:378][189]LogModuleManager: Shutting down and abandoning module PlatformCryptoTypes (42)
[2022.07.18-12.22.22:378][189]LogModuleManager: Shutting down and abandoning module PlatformCrypto (40)
[2022.07.18-12.22.22:378][189]LogModuleManager: Shutting down and abandoning module OodleDataCompressionFormat (38)
[2022.07.18-12.22.22:378][189]LogModuleManager: Shutting down and abandoning module XGEController (36)
[2022.07.18-12.22.22:378][189]LogModuleManager: Shutting down and abandoning module AnimationModifiers (34)
[2022.07.18-12.22.22:378][189]LogModuleManager: Shutting down and abandoning module AudioEditor (32)
[2022.07.18-12.22.22:378][189]LogModuleManager: Shutting down and abandoning module PropertyEditor (31)
[2022.07.18-12.22.22:378][189]LogModuleManager: Shutting down and abandoning module TextureCompressor (28)
[2022.07.18-12.22.22:378][189]LogModuleManager: Shutting down and abandoning module RenderCore (26)
[2022.07.18-12.22.22:378][189]LogModuleManager: Shutting down and abandoning module Landscape (24)
[2022.07.18-12.22.22:378][189]LogModuleManager: Shutting down and abandoning module SlateRHIRenderer (22)
[2022.07.18-12.22.22:378][189]LogModuleManager: Shutting down and abandoning module AnimGraphRuntime (20)
[2022.07.18-12.22.22:378][189]LogModuleManager: Shutting down and abandoning module Renderer (18)
[2022.07.18-12.22.22:379][189]LogModuleManager: Shutting down and abandoning module Engine (16)
[2022.07.18-12.22.22:379][189]LogModuleManager: Shutting down and abandoning module CoreUObject (14)
[2022.07.18-12.22.22:379][189]LogModuleManager: Shutting down and abandoning module NetworkFile (12)
[2022.07.18-12.22.22:379][189]LogModuleManager: Shutting down and abandoning module CookedIterativeFile (10)
[2022.07.18-12.22.22:379][189]LogModuleManager: Shutting down and abandoning module StreamingFile (8)
[2022.07.18-12.22.22:379][189]LogModuleManager: Shutting down and abandoning module SandboxFile (6)
[2022.07.18-12.22.22:379][189]LogModuleManager: Shutting down and abandoning module PakFile (4)
[2022.07.18-12.22.22:379][189]LogModuleManager: Shutting down and abandoning module RSA (3)
[2022.07.18-12.22.22:417][189]LogContentStreaming: Display: There are 1 unreleased StreamingManagers
[2022.07.18-12.22.22:424][189]LogD3D11RHI: Shutdown
[2022.07.18-12.22.22:424][189]LogD3D11RHI: CleanupD3DDevice
[2022.07.18-12.22.22:426][189]LogExit: Exiting.
[2022.07.18-12.22.22:438][189]Log file closed, 07/18/22 14:22:22
