Log file open, 07/18/22 14:08:33
LogWindows: Failed to load 'aqProf.dll' (GetLastError=126)
LogWindows: File 'aqProf.dll' does not exist
LogWindows: Failed to load 'VtuneApi.dll' (GetLastError=126)
LogWindows: File 'VtuneApi.dll' does not exist
LogWindows: Failed to load 'VtuneApi32e.dll' (GetLastError=126)
LogWindows: File 'VtuneApi32e.dll' does not exist
LogConsoleResponse: Display: Failed to find resolution value strings in scalability ini. Falling back to default.
LogConsoleResponse: Display: Failed to find resolution value strings in scalability ini. Falling back to default.
LogInit: Display: Running engine for game: Builder
LogPlatformFile: Not using cached read wrapper
LogTaskGraph: Started task graph with 5 named threads and 35 total threads with 3 sets of task threads.
LogStats: Stats thread started at 0.191374
LogICUInternationalization: ICU TimeZone Detection - Raw Offset: +1:00, Platform Override: ''
LogInit: Display: Loading text-based GConfig....
LogPluginManager: Mounting plugin MeshPainting
LogPluginManager: Mounting plugin XGEController
LogPluginManager: Mounting plugin Paper2D
LogPluginManager: Mounting plugin AISupport
LogPluginManager: Mounting plugin EnvironmentQueryEditor
LogPluginManager: Mounting plugin OodleData
LogPluginManager: Mounting plugin OodleNetwork
LogPluginManager: Mounting plugin LightPropagationVolume
LogPluginManager: Mounting plugin CameraShakePreviewer
LogPluginManager: Mounting plugin GameplayCameras
LogPluginManager: Mounting plugin DatasmithContent
LogPluginManager: Mounting plugin VariantManagerContent
LogPluginManager: Mounting plugin Niagara
LogPluginManager: Mounting plugin AssetManagerEditor
LogPluginManager: Mounting plugin AndroidMedia
LogPluginManager: Mounting plugin AvfMedia
LogPluginManager: Mounting plugin ImgMedia
LogPluginManager: Mounting plugin CryptoKeys
LogPluginManager: Mounting plugin MediaCompositing
LogPluginManager: Mounting plugin CurveEditorTools
LogPluginManager: Mounting plugin DataValidation
LogPluginManager: Mounting plugin GameplayTagsEditor
LogPluginManager: Mounting plugin FacialAnimation
LogPluginManager: Mounting plugin MacGraphicsSwitching
LogPluginManager: Mounting plugin GeometryMode
LogPluginManager: Mounting plugin MobileLauncherProfileWizard
LogPluginManager: Mounting plugin PluginBrowser
LogPluginManager: Mounting plugin SpeedTreeImporter
LogPluginManager: Mounting plugin MediaPlayerEditor
LogPluginManager: Mounting plugin MaterialAnalyzer
LogPluginManager: Mounting plugin WebMMedia
LogPluginManager: Mounting plugin WmfMedia
LogPluginManager: Mounting plugin AlembicImporter
LogPluginManager: Mounting plugin AnimationSharing
LogPluginManager: Mounting plugin AutomationUtils
LogPluginManager: Mounting plugin BackChannel
LogPluginManager: Mounting plugin CLionSourceCodeAccess
LogPluginManager: Mounting plugin ChaosCloth
LogPluginManager: Mounting plugin ChaosClothEditor
LogPluginManager: Mounting plugin ChaosEditor
LogPluginManager: Mounting plugin ChaosNiagara
LogPluginManager: Mounting plugin CodeLiteSourceCodeAccess
LogPluginManager: Mounting plugin KDevelopSourceCodeAccess
LogPluginManager: Mounting plugin GitSourceControl
LogPluginManager: Mounting plugin NullSourceCodeAccess
LogPluginManager: Mounting plugin CharacterAI
LogPluginManager: Mounting plugin ChaosSolverPlugin
LogPluginManager: Mounting plugin PerforceSourceControl
LogPluginManager: Mounting plugin PlasticSourceControl
LogPluginManager: Mounting plugin PixWinPlugin
LogPluginManager: Mounting plugin PropertyAccessNode
LogPluginManager: Mounting plugin PluginUtils
LogPluginManager: Mounting plugin RiderSourceCodeAccess
LogPluginManager: Mounting plugin SubversionSourceControl
LogPluginManager: Mounting plugin TextureFormatOodle
LogPluginManager: Mounting plugin UObjectPlugin
LogPluginManager: Mounting plugin VisualStudioCodeSourceCodeAccess
LogPluginManager: Mounting plugin GeometryCache
LogPluginManager: Mounting plugin VisualStudioSourceCodeAccess
LogPluginManager: Mounting plugin XCodeSourceCodeAccess
LogPluginManager: Mounting plugin UdpMessaging
LogPluginManager: Mounting plugin GeometryProcessing
LogPluginManager: Mounting plugin GeometryCollectionPlugin
LogPluginManager: Mounting plugin TcpMessaging
LogPluginManager: Mounting plugin MotoSynth
LogPluginManager: Mounting plugin OpenImageDenoise
LogPluginManager: Mounting plugin ActorSequence
LogPluginManager: Mounting plugin ProxyLODPlugin
LogPluginManager: Mounting plugin PlatformCrypto
LogPluginManager: Mounting plugin PlanarCut
LogPluginManager: Mounting plugin PythonScriptPlugin
LogPluginManager: Mounting plugin LevelSequenceEditor
LogPluginManager: Mounting plugin MatineeToLevelSequence
LogPluginManager: Mounting plugin SkeletalReduction
LogPluginManager: Mounting plugin TemplateSequence
LogPluginManager: Mounting plugin LuminPlatformFeatures
LogPluginManager: Mounting plugin MagicLeap
LogPluginManager: Mounting plugin OnlineSubsystem
LogPluginManager: Mounting plugin OnlineSubsystemNull
LogPluginManager: Mounting plugin LauncherChunkInstaller
LogPluginManager: Mounting plugin OnlineSubsystemUtils
LogPluginManager: Mounting plugin MagicLeapLightEstimation
LogPluginManager: Mounting plugin MagicLeapMedia
LogPluginManager: Mounting plugin MagicLeapPassableWorld
LogPluginManager: Mounting plugin ActorLayerUtilities
LogPluginManager: Mounting plugin MLSDK
LogPluginManager: Mounting plugin AndroidPermission
LogPluginManager: Mounting plugin AndroidMoviePlayer
LogPluginManager: Mounting plugin AppleImageUtils
LogPluginManager: Mounting plugin AppleMoviePlayer
LogPluginManager: Mounting plugin AndroidDeviceProfileSelector
LogPluginManager: Mounting plugin ArchVisCharacter
LogPluginManager: Mounting plugin AssetTags
LogPluginManager: Mounting plugin AudioSynesthesia
LogPluginManager: Mounting plugin CableComponent
LogPluginManager: Mounting plugin AudioCapture
LogPluginManager: Mounting plugin ChunkDownloader
LogPluginManager: Mounting plugin EditableMesh
LogPluginManager: Mounting plugin GoogleCloudMessaging
LogPluginManager: Mounting plugin CustomMeshComponent
LogPluginManager: Mounting plugin ExampleDeviceProfileSelector
LogPluginManager: Mounting plugin GooglePAD
LogPluginManager: Mounting plugin IOSDeviceProfileSelector
LogPluginManager: Mounting plugin LinuxDeviceProfileSelector
LogPluginManager: Mounting plugin LocationServicesBPLibrary
LogPluginManager: Mounting plugin MobilePatchingUtils
LogPluginManager: Mounting plugin PhysXVehicles
LogPluginManager: Mounting plugin PostSplashScreen
LogPluginManager: Mounting plugin ProceduralMeshComponent
LogPluginManager: Mounting plugin PropertyAccessEditor
LogPluginManager: Mounting plugin SoundFields
LogPluginManager: Mounting plugin SignificanceManager
LogPluginManager: Mounting plugin RuntimePhysXCooking
LogPluginManager: Mounting plugin Synthesis
LogPluginManager: Mounting plugin WebMMoviePlayer
LogPluginManager: Mounting plugin WindowsMoviePlayer
LogPluginManager: Mounting plugin ScreenshotTools
LogPluginManager: Mounting plugin ContentBrowserClassDataSource
LogPluginManager: Mounting plugin ContentBrowserAssetDataSource
LogPluginManager: Mounting plugin ContentBrowserFileDataSource
LogPluginManager: Mounting plugin OnlineSubsystemGooglePlay
LogPluginManager: Mounting plugin OnlineSubsystemIOS
PixWinPlugin: PIX capture plugin failed to initialize! Check that the process is launched from PIX.
LogInit: Using libcurl 7.55.1-DEV
LogInit:  - built for x86_64-pc-win32
LogInit:  - supports SSL with OpenSSL/1.1.1
LogInit:  - supports HTTP deflate (compression) using libz 1.2.8
LogInit:  - other features:
LogInit:      CURL_VERSION_SSL
LogInit:      CURL_VERSION_LIBZ
LogInit:      CURL_VERSION_IPV6
LogInit:      CURL_VERSION_ASYNCHDNS
LogInit:      CURL_VERSION_LARGEFILE
LogInit:      CURL_VERSION_IDN
LogInit:  CurlRequestOptions (configurable via config and command line):
LogInit:  - bVerifyPeer = true  - Libcurl will verify peer certificate
LogInit:  - bUseHttpProxy = false  - Libcurl will NOT use HTTP proxy
LogInit:  - bDontReuseConnections = false  - Libcurl will reuse connections
LogInit:  - MaxHostConnections = 16  - Libcurl will limit the number of connections to a host
LogInit:  - LocalHostAddr = Default
LogInit:  - BufferSize = 65536
LogOnline: OSS: Creating online subsystem instance for: NULL
LogInit: WinSock: version 1.1 (2.2), MaxSocks=32767, MaxUdp=65467
LogOnline: OSS: TryLoadSubsystemAndSetDefault: Loaded subsystem for module [NULL]
LogInit: Build: ++UE4+Release-4.27-CL-18319896
LogInit: Engine Version: 4.27.2-18319896+++UE4+Release-4.27
LogInit: Compatible Engine Version: 4.27.0-17155196+++UE4+Release-4.27
LogInit: Net CL: 17155196
LogInit: OS: Windows 10 (Release 2009) (), CPU: AMD Ryzen 5 5600X 6-Core Processor             , GPU: Radeon RX 590 Series
LogInit: Compiled (64-bit): Nov 30 2021 07:12:08
LogInit: Compiled with Visual C++: 19.24.28315.00
LogInit: Build Configuration: Development
LogInit: Branch Name: ++UE4+Release-4.27
LogInit: Command Line:  /Game/Maps/MainMenu -game -PIEVIACONSOLE -Multiprocess GameUserSettingsINI=C:/Users/matej/Documents/GitHub/Game-Jam-2022/Saved/Config/Windows/PIEGameUserSettings0.ini -MultiprocessSaveConfig -forcepassthrough -messaging -SessionName="Play in Standalone Game" -windowed -WinX=315 -WinY=172 SAVEWINPOS=1 -ResX=1280 -ResY=719
LogInit: Base Directory: E:/UE4/UE_4.27/Engine/Binaries/Win64/
LogInit: Allocator: TBB
LogInit: Installed Engine Build: 1
LogDevObjectVersion: Number of dev versions registered: 29
LogDevObjectVersion:   Dev-Blueprints (B0D832E4-1F89-4F0D-ACCF-7EB736FD4AA2): 10
LogDevObjectVersion:   Dev-Build (E1C64328-A22C-4D53-A36C-8E866417BD8C): 0
LogDevObjectVersion:   Dev-Core (375EC13C-06E4-48FB-B500-84F0262A717E): 4
LogDevObjectVersion:   Dev-Editor (E4B068ED-F494-42E9-A231-DA0B2E46BB41): 40
LogDevObjectVersion:   Dev-Framework (CFFC743F-43B0-4480-9391-14DF171D2073): 37
LogDevObjectVersion:   Dev-Mobile (B02B49B5-BB20-44E9-A304-32B752E40360): 3
LogDevObjectVersion:   Dev-Networking (A4E4105C-59A1-49B5-A7C5-40C4547EDFEE): 0
LogDevObjectVersion:   Dev-Online (39C831C9-5AE6-47DC-9A44-9C173E1C8E7C): 0
LogDevObjectVersion:   Dev-Physics (78F01B33-EBEA-4F98-B9B4-84EACCB95AA2): 14
LogDevObjectVersion:   Dev-Platform (6631380F-2D4D-43E0-8009-CF276956A95A): 0
LogDevObjectVersion:   Dev-Rendering (12F88B9F-8875-4AFC-A67C-D90C383ABD29): 45
LogDevObjectVersion:   Dev-Sequencer (7B5AE74C-D270-4C10-A958-57980B212A5A): 13
LogDevObjectVersion:   Dev-VR (D7296918-1DD6-4BDD-9DE2-64A83CC13884): 3
LogDevObjectVersion:   Dev-LoadTimes (C2A15278-BFE7-4AFE-6C17-90FF531DF755): 1
LogDevObjectVersion:   Private-Geometry (6EACA3D4-40EC-4CC1-B786-8BED09428FC5): 3
LogDevObjectVersion:   Dev-AnimPhys (29E575DD-E0A3-4627-9D10-D276232CDCEA): 17
LogDevObjectVersion:   Dev-Anim (AF43A65D-7FD3-4947-9873-3E8ED9C1BB05): 15
LogDevObjectVersion:   Dev-ReflectionCapture (6B266CEC-1EC7-4B8F-A30B-E4D90942FC07): 1
LogDevObjectVersion:   Dev-Automation (0DF73D61-A23F-47EA-B727-89E90C41499A): 1
LogDevObjectVersion:   FortniteMain (601D1886-AC64-4F84-AA16-D3DE0DEAC7D6): 47
LogDevObjectVersion:   FortniteRelease (E7086368-6B23-4C58-8439-1B7016265E91): 1
LogDevObjectVersion:   Dev-Enterprise (9DFFBCD6-494F-0158-E221-12823C92A888): 10
LogDevObjectVersion:   Dev-Niagara (F2AED0AC-9AFE-416F-8664-AA7FFA26D6FC): 1
LogDevObjectVersion:   Dev-Destruction (174F1F0B-B4C6-45A5-B13F-2EE8D0FB917D): 10
LogDevObjectVersion:   Dev-Physics-Ext (35F94A83-E258-406C-A318-09F59610247C): 41
LogDevObjectVersion:   Dev-PhysicsMaterial-Chaos (B68FC16E-8B1B-42E2-B453-215C058844FE): 1
LogDevObjectVersion:   Dev-CineCamera (B2E18506-4273-CFC2-A54E-F4BB758BBA07): 1
LogDevObjectVersion:   Dev-VirtualProduction (64F58936-FD1B-42BA-BA96-7289D5D0FA4E): 1
LogDevObjectVersion:   Dev-MediaFramework (6F0ED827-A609-4895-9C91-998D90180EA4): 2
LogInit: Presizing for max 25165824 objects, including 0 objects not considered by GC, pre-allocating 0 bytes for permanent pool.
LogConfig: Applying CVar settings from Section [/Script/Engine.StreamingSettings] File [C:/Users/matej/Documents/GitHub/Game-Jam-2022/Saved/Config/Windows/Engine.ini]
LogConfig: Setting CVar [[s.MinBulkDataSizeForAsyncLoading:131072]]
LogConfig: Setting CVar [[s.AsyncLoadingThreadEnabled:0]]
LogConfig: Setting CVar [[s.EventDrivenLoaderEnabled:1]]
LogConfig: Setting CVar [[s.WarnIfTimeLimitExceeded:0]]
LogConfig: Setting CVar [[s.TimeLimitExceededMultiplier:1.5]]
LogConfig: Setting CVar [[s.TimeLimitExceededMinTime:0.005]]
LogConfig: Setting CVar [[s.UseBackgroundLevelStreaming:1]]
LogConfig: Setting CVar [[s.PriorityAsyncLoadingExtraTime:15.0]]
LogConfig: Setting CVar [[s.LevelStreamingActorsUpdateTimeLimit:5.0]]
LogConfig: Setting CVar [[s.PriorityLevelStreamingActorsUpdateExtraTime:5.0]]
LogConfig: Setting CVar [[s.LevelStreamingComponentsRegistrationGranularity:10]]
LogConfig: Setting CVar [[s.UnregisterComponentsTimeLimit:1.0]]
LogConfig: Setting CVar [[s.LevelStreamingComponentsUnregistrationGranularity:5]]
LogConfig: Setting CVar [[s.FlushStreamingOnExit:1]]
LogInit: Object subsystem initialized
LogConfig: Setting CVar [[con.DebugEarlyDefault:1]]
LogConfig: Setting CVar [[r.setres:1280x720]]
[2022.07.18-12.08.33:477][  0]LogConfig: Setting CVar [[con.DebugEarlyDefault:1]]
[2022.07.18-12.08.33:477][  0]LogConfig: Setting CVar [[r.setres:1280x720]]
[2022.07.18-12.08.33:477][  0]LogConfig: Applying CVar settings from Section [/Script/Engine.RendererSettings] File [C:/Users/matej/Documents/GitHub/Game-Jam-2022/Saved/Config/Windows/Engine.ini]
[2022.07.18-12.08.33:477][  0]LogConfig: Setting CVar [[r.GPUCrashDebugging:0]]
[2022.07.18-12.08.33:477][  0]LogConfig: Applying CVar settings from Section [/Script/Engine.RendererOverrideSettings] File [C:/Users/matej/Documents/GitHub/Game-Jam-2022/Saved/Config/Windows/Engine.ini]
[2022.07.18-12.08.33:477][  0]LogConfig: Applying CVar settings from Section [/Script/Engine.StreamingSettings] File [C:/Users/matej/Documents/GitHub/Game-Jam-2022/Saved/Config/Windows/Engine.ini]
[2022.07.18-12.08.33:477][  0]LogConfig: Setting CVar [[s.MinBulkDataSizeForAsyncLoading:131072]]
[2022.07.18-12.08.33:477][  0]LogConfig: Setting CVar [[s.AsyncLoadingThreadEnabled:0]]
[2022.07.18-12.08.33:477][  0]LogConfig: Setting CVar [[s.EventDrivenLoaderEnabled:1]]
[2022.07.18-12.08.33:477][  0]LogConfig: Setting CVar [[s.WarnIfTimeLimitExceeded:0]]
[2022.07.18-12.08.33:477][  0]LogConfig: Setting CVar [[s.TimeLimitExceededMultiplier:1.5]]
[2022.07.18-12.08.33:477][  0]LogConfig: Setting CVar [[s.TimeLimitExceededMinTime:0.005]]
[2022.07.18-12.08.33:477][  0]LogConfig: Setting CVar [[s.UseBackgroundLevelStreaming:1]]
[2022.07.18-12.08.33:477][  0]LogConfig: Setting CVar [[s.PriorityAsyncLoadingExtraTime:15.0]]
[2022.07.18-12.08.33:477][  0]LogConfig: Setting CVar [[s.LevelStreamingActorsUpdateTimeLimit:5.0]]
[2022.07.18-12.08.33:477][  0]LogConfig: Setting CVar [[s.PriorityLevelStreamingActorsUpdateExtraTime:5.0]]
[2022.07.18-12.08.33:477][  0]LogConfig: Setting CVar [[s.LevelStreamingComponentsRegistrationGranularity:10]]
[2022.07.18-12.08.33:477][  0]LogConfig: Setting CVar [[s.UnregisterComponentsTimeLimit:1.0]]
[2022.07.18-12.08.33:477][  0]LogConfig: Setting CVar [[s.LevelStreamingComponentsUnregistrationGranularity:5]]
[2022.07.18-12.08.33:477][  0]LogConfig: Setting CVar [[s.FlushStreamingOnExit:1]]
[2022.07.18-12.08.33:477][  0]LogConfig: Applying CVar settings from Section [/Script/Engine.GarbageCollectionSettings] File [C:/Users/matej/Documents/GitHub/Game-Jam-2022/Saved/Config/Windows/Engine.ini]
[2022.07.18-12.08.33:477][  0]LogConfig: Setting CVar [[gc.MaxObjectsNotConsideredByGC:1]]
[2022.07.18-12.08.33:477][  0]LogConfig: Setting CVar [[gc.SizeOfPermanentObjectPool:0]]
[2022.07.18-12.08.33:477][  0]LogConfig: Setting CVar [[gc.FlushStreamingOnGC:0]]
[2022.07.18-12.08.33:477][  0]LogConfig: Setting CVar [[gc.NumRetriesBeforeForcingGC:10]]
[2022.07.18-12.08.33:477][  0]LogConfig: Setting CVar [[gc.AllowParallelGC:1]]
[2022.07.18-12.08.33:477][  0]LogConfig: Setting CVar [[gc.TimeBetweenPurgingPendingKillObjects:61.1]]
[2022.07.18-12.08.33:477][  0]LogConfig: Setting CVar [[gc.MaxObjectsInEditor:25165824]]
[2022.07.18-12.08.33:477][  0]LogConfig: Setting CVar [[gc.IncrementalBeginDestroyEnabled:1]]
[2022.07.18-12.08.33:477][  0]LogConfig: Setting CVar [[gc.CreateGCClusters:1]]
[2022.07.18-12.08.33:477][  0]LogConfig: Setting CVar [[gc.MinGCClusterSize:5]]
[2022.07.18-12.08.33:477][  0]LogConfig: Setting CVar [[gc.ActorClusteringEnabled:0]]
[2022.07.18-12.08.33:477][  0]LogConfig: Setting CVar [[gc.BlueprintClusteringEnabled:0]]
[2022.07.18-12.08.33:477][  0]LogConfig: Setting CVar [[gc.UseDisregardForGCOnDedicatedServers:0]]
[2022.07.18-12.08.33:477][  0]LogConfig: Setting CVar [[gc.MultithreadedDestructionEnabled:1]]
[2022.07.18-12.08.33:477][  0]LogConfig: Applying CVar settings from Section [/Script/Engine.NetworkSettings] File [C:/Users/matej/Documents/GitHub/Game-Jam-2022/Saved/Config/Windows/Engine.ini]
[2022.07.18-12.08.33:477][  0]LogConfig: Applying CVar settings from Section [/Script/UnrealEd.CookerSettings] File [C:/Users/matej/Documents/GitHub/Game-Jam-2022/Saved/Config/Windows/Engine.ini]
[2022.07.18-12.08.33:495][  0]LogConfig: Applying CVar settings from Section [ViewDistanceQuality@3] File [C:/Users/matej/Documents/GitHub/Game-Jam-2022/Saved/Config/Windows/Scalability.ini]
[2022.07.18-12.08.33:495][  0]LogConfig: Setting CVar [[r.SkeletalMeshLODBias:0]]
[2022.07.18-12.08.33:495][  0]LogConfig: Setting CVar [[r.ViewDistanceScale:1.0]]
[2022.07.18-12.08.33:495][  0]LogConfig: Applying CVar settings from Section [AntiAliasingQuality@3] File [C:/Users/matej/Documents/GitHub/Game-Jam-2022/Saved/Config/Windows/Scalability.ini]
[2022.07.18-12.08.33:495][  0]LogConfig: Setting CVar [[r.PostProcessAAQuality:4]]
[2022.07.18-12.08.33:496][  0]LogConfig: Applying CVar settings from Section [ShadowQuality@3] File [C:/Users/matej/Documents/GitHub/Game-Jam-2022/Saved/Config/Windows/Scalability.ini]
[2022.07.18-12.08.33:496][  0]LogConfig: Setting CVar [[r.LightFunctionQuality:1]]
[2022.07.18-12.08.33:496][  0]LogConfig: Setting CVar [[r.ShadowQuality:5]]
[2022.07.18-12.08.33:496][  0]LogConfig: Setting CVar [[r.Shadow.CSM.MaxCascades:10]]
[2022.07.18-12.08.33:496][  0]LogConfig: Setting CVar [[r.Shadow.MaxResolution:2048]]
[2022.07.18-12.08.33:496][  0]LogConfig: Setting CVar [[r.Shadow.MaxCSMResolution:2048]]
[2022.07.18-12.08.33:496][  0]LogConfig: Setting CVar [[r.Shadow.RadiusThreshold:0.01]]
[2022.07.18-12.08.33:496][  0]LogConfig: Setting CVar [[r.Shadow.DistanceScale:1.0]]
[2022.07.18-12.08.33:496][  0]LogConfig: Setting CVar [[r.Shadow.CSM.TransitionScale:1.0]]
[2022.07.18-12.08.33:496][  0]LogConfig: Setting CVar [[r.Shadow.PreShadowResolutionFactor:1.0]]
[2022.07.18-12.08.33:496][  0]LogConfig: Setting CVar [[r.DistanceFieldShadowing:1]]
[2022.07.18-12.08.33:496][  0]LogConfig: Setting CVar [[r.DistanceFieldAO:1]]
[2022.07.18-12.08.33:496][  0]LogConfig: Setting CVar [[r.AOQuality:2]]
[2022.07.18-12.08.33:496][  0]LogConfig: Setting CVar [[r.VolumetricFog:1]]
[2022.07.18-12.08.33:496][  0]LogConfig: Setting CVar [[r.VolumetricFog.GridPixelSize:8]]
[2022.07.18-12.08.33:496][  0]LogConfig: Setting CVar [[r.VolumetricFog.GridSizeZ:128]]
[2022.07.18-12.08.33:496][  0]LogConfig: Setting CVar [[r.VolumetricFog.HistoryMissSupersampleCount:4]]
[2022.07.18-12.08.33:496][  0]LogConfig: Setting CVar [[r.LightMaxDrawDistanceScale:1]]
[2022.07.18-12.08.33:496][  0]LogConfig: Setting CVar [[r.CapsuleShadows:1]]
[2022.07.18-12.08.33:496][  0]LogConfig: Applying CVar settings from Section [PostProcessQuality@3] File [C:/Users/matej/Documents/GitHub/Game-Jam-2022/Saved/Config/Windows/Scalability.ini]
[2022.07.18-12.08.33:496][  0]LogConfig: Setting CVar [[r.MotionBlurQuality:4]]
[2022.07.18-12.08.33:496][  0]LogConfig: Setting CVar [[r.AmbientOcclusionMipLevelFactor:0.4]]
[2022.07.18-12.08.33:496][  0]LogConfig: Setting CVar [[r.AmbientOcclusionMaxQuality:100]]
[2022.07.18-12.08.33:496][  0]LogConfig: Setting CVar [[r.AmbientOcclusionLevels:-1]]
[2022.07.18-12.08.33:496][  0]LogConfig: Setting CVar [[r.AmbientOcclusionRadiusScale:1.0]]
[2022.07.18-12.08.33:496][  0]LogConfig: Setting CVar [[r.DepthOfFieldQuality:2]]
[2022.07.18-12.08.33:496][  0]LogConfig: Setting CVar [[r.RenderTargetPoolMin:400]]
[2022.07.18-12.08.33:496][  0]LogConfig: Setting CVar [[r.LensFlareQuality:2]]
[2022.07.18-12.08.33:496][  0]LogConfig: Setting CVar [[r.SceneColorFringeQuality:1]]
[2022.07.18-12.08.33:496][  0]LogConfig: Setting CVar [[r.EyeAdaptationQuality:2]]
[2022.07.18-12.08.33:496][  0]LogConfig: Setting CVar [[r.BloomQuality:5]]
[2022.07.18-12.08.33:496][  0]LogConfig: Setting CVar [[r.FastBlurThreshold:100]]
[2022.07.18-12.08.33:496][  0]LogConfig: Setting CVar [[r.Upscale.Quality:3]]
[2022.07.18-12.08.33:496][  0]LogConfig: Setting CVar [[r.Tonemapper.GrainQuantization:1]]
[2022.07.18-12.08.33:496][  0]LogConfig: Setting CVar [[r.LightShaftQuality:1]]
[2022.07.18-12.08.33:496][  0]LogConfig: Setting CVar [[r.Filter.SizeScale:1]]
[2022.07.18-12.08.33:496][  0]LogConfig: Setting CVar [[r.Tonemapper.Quality:5]]
[2022.07.18-12.08.33:496][  0]LogConfig: Setting CVar [[r.DOF.Gather.AccumulatorQuality:1        ; higher gathering accumulator quality]]
[2022.07.18-12.08.33:496][  0]LogConfig: Setting CVar [[r.DOF.Gather.PostfilterMethod:1          ; Median3x3 postfilering method]]
[2022.07.18-12.08.33:496][  0]LogConfig: Setting CVar [[r.DOF.Gather.EnableBokehSettings:0       ; no bokeh simulation when gathering]]
[2022.07.18-12.08.33:496][  0]LogConfig: Setting CVar [[r.DOF.Gather.RingCount:4                 ; medium number of samples when gathering]]
[2022.07.18-12.08.33:496][  0]LogConfig: Setting CVar [[r.DOF.Scatter.ForegroundCompositing:1    ; additive foreground scattering]]
[2022.07.18-12.08.33:496][  0]LogConfig: Setting CVar [[r.DOF.Scatter.BackgroundCompositing:2    ; additive background scattering]]
[2022.07.18-12.08.33:496][  0]LogConfig: Setting CVar [[r.DOF.Scatter.EnableBokehSettings:1      ; bokeh simulation when scattering]]
[2022.07.18-12.08.33:496][  0]LogConfig: Setting CVar [[r.DOF.Scatter.MaxSpriteRatio:0.1         ; only a maximum of 10% of scattered bokeh]]
[2022.07.18-12.08.33:496][  0]LogConfig: Setting CVar [[r.DOF.Recombine.Quality:1                ; cheap slight out of focus]]
[2022.07.18-12.08.33:496][  0]LogConfig: Setting CVar [[r.DOF.Recombine.EnableBokehSettings:0    ; no bokeh simulation on slight out of focus]]
[2022.07.18-12.08.33:496][  0]LogConfig: Setting CVar [[r.DOF.TemporalAAQuality:1                ; more stable temporal accumulation]]
[2022.07.18-12.08.33:496][  0]LogConfig: Setting CVar [[r.DOF.Kernel.MaxForegroundRadius:0.025]]
[2022.07.18-12.08.33:496][  0]LogConfig: Setting CVar [[r.DOF.Kernel.MaxBackgroundRadius:0.025]]
[2022.07.18-12.08.33:496][  0]LogConfig: Applying CVar settings from Section [TextureQuality@3] File [C:/Users/matej/Documents/GitHub/Game-Jam-2022/Saved/Config/Windows/Scalability.ini]
[2022.07.18-12.08.33:496][  0]LogConfig: Setting CVar [[r.Streaming.MipBias:0]]
[2022.07.18-12.08.33:496][  0]LogConfig: Setting CVar [[r.Streaming.AmortizeCPUToGPUCopy:0]]
[2022.07.18-12.08.33:496][  0]LogConfig: Setting CVar [[r.Streaming.MaxNumTexturesToStreamPerFrame:0]]
[2022.07.18-12.08.33:496][  0]LogConfig: Setting CVar [[r.Streaming.Boost:1]]
[2022.07.18-12.08.33:496][  0]LogConfig: Setting CVar [[r.MaxAnisotropy:8]]
[2022.07.18-12.08.33:496][  0]LogConfig: Setting CVar [[r.VT.MaxAnisotropy:8]]
[2022.07.18-12.08.33:496][  0]LogConfig: Setting CVar [[r.Streaming.LimitPoolSizeToVRAM:0]]
[2022.07.18-12.08.33:496][  0]LogConfig: Setting CVar [[r.Streaming.PoolSize:1000]]
[2022.07.18-12.08.33:496][  0]LogConfig: Setting CVar [[r.Streaming.MaxEffectiveScreenSize:0]]
[2022.07.18-12.08.33:496][  0]LogConfig: Applying CVar settings from Section [EffectsQuality@3] File [C:/Users/matej/Documents/GitHub/Game-Jam-2022/Saved/Config/Windows/Scalability.ini]
[2022.07.18-12.08.33:496][  0]LogConfig: Setting CVar [[r.TranslucencyLightingVolumeDim:64]]
[2022.07.18-12.08.33:496][  0]LogConfig: Setting CVar [[r.RefractionQuality:2]]
[2022.07.18-12.08.33:496][  0]LogConfig: Setting CVar [[r.SSR.Quality:3]]
[2022.07.18-12.08.33:496][  0]LogConfig: Setting CVar [[r.SSR.HalfResSceneColor:0]]
[2022.07.18-12.08.33:496][  0]LogConfig: Setting CVar [[r.SceneColorFormat:4]]
[2022.07.18-12.08.33:496][  0]LogConfig: Setting CVar [[r.DetailMode:2]]
[2022.07.18-12.08.33:496][  0]LogConfig: Setting CVar [[r.TranslucencyVolumeBlur:1]]
[2022.07.18-12.08.33:496][  0]LogConfig: Setting CVar [[r.MaterialQualityLevel:1 ; High quality]]
[2022.07.18-12.08.33:496][  0]LogConfig: Setting CVar [[r.AnisotropicMaterials:1]]
[2022.07.18-12.08.33:496][  0]LogConfig: Setting CVar [[r.SSS.Scale:1]]
[2022.07.18-12.08.33:496][  0]LogConfig: Setting CVar [[r.SSS.SampleSet:2]]
[2022.07.18-12.08.33:496][  0]LogConfig: Setting CVar [[r.SSS.Quality:1]]
[2022.07.18-12.08.33:496][  0]LogConfig: Setting CVar [[r.SSS.HalfRes:0]]
[2022.07.18-12.08.33:496][  0]LogConfig: Setting CVar [[r.SSGI.Quality:3]]
[2022.07.18-12.08.33:496][  0]LogConfig: Setting CVar [[r.EmitterSpawnRateScale:1.0]]
[2022.07.18-12.08.33:496][  0]LogConfig: Setting CVar [[r.ParticleLightQuality:2]]
[2022.07.18-12.08.33:496][  0]LogConfig: Setting CVar [[r.SkyAtmosphere.AerialPerspectiveLUT.FastApplyOnOpaque:1 ; Always have FastSkyLUT 1 in this case to avoid wrong sky]]
[2022.07.18-12.08.33:496][  0]LogConfig: Setting CVar [[r.SkyAtmosphere.AerialPerspectiveLUT.SampleCountMaxPerSlice:4]]
[2022.07.18-12.08.33:496][  0]LogConfig: Setting CVar [[r.SkyAtmosphere.AerialPerspectiveLUT.DepthResolution:16.0]]
[2022.07.18-12.08.33:496][  0]LogConfig: Setting CVar [[r.SkyAtmosphere.FastSkyLUT:1]]
[2022.07.18-12.08.33:496][  0]LogConfig: Setting CVar [[r.SkyAtmosphere.FastSkyLUT.SampleCountMin:4.0]]
[2022.07.18-12.08.33:496][  0]LogConfig: Setting CVar [[r.SkyAtmosphere.FastSkyLUT.SampleCountMax:128.0]]
[2022.07.18-12.08.33:496][  0]LogConfig: Setting CVar [[r.SkyAtmosphere.SampleCountMin:4.0]]
[2022.07.18-12.08.33:496][  0]LogConfig: Setting CVar [[r.SkyAtmosphere.SampleCountMax:128.0]]
[2022.07.18-12.08.33:496][  0]LogConfig: Setting CVar [[r.SkyAtmosphere.TransmittanceLUT.UseSmallFormat:0]]
[2022.07.18-12.08.33:496][  0]LogConfig: Setting CVar [[r.SkyAtmosphere.TransmittanceLUT.SampleCount:10.0]]
[2022.07.18-12.08.33:496][  0]LogConfig: Setting CVar [[r.SkyAtmosphere.MultiScatteringLUT.SampleCount:15.0]]
[2022.07.18-12.08.33:496][  0]LogConfig: Setting CVar [[r.SkyLight.RealTimeReflectionCapture:1]]
[2022.07.18-12.08.33:496][  0]LogConfig: Applying CVar settings from Section [FoliageQuality@3] File [C:/Users/matej/Documents/GitHub/Game-Jam-2022/Saved/Config/Windows/Scalability.ini]
[2022.07.18-12.08.33:496][  0]LogConfig: Setting CVar [[foliage.DensityScale:1.0]]
[2022.07.18-12.08.33:496][  0]LogConfig: Setting CVar [[grass.DensityScale:1.0]]
[2022.07.18-12.08.33:496][  0]LogConfig: Applying CVar settings from Section [ShadingQuality@3] File [C:/Users/matej/Documents/GitHub/Game-Jam-2022/Saved/Config/Windows/Scalability.ini]
[2022.07.18-12.08.33:496][  0]LogConfig: Setting CVar [[r.HairStrands.SkyLighting.IntegrationType:2]]
[2022.07.18-12.08.33:496][  0]LogConfig: Setting CVar [[r.HairStrands.SkyAO.SampleCount:4]]
[2022.07.18-12.08.33:496][  0]LogConfig: Setting CVar [[r.HairStrands.Visibility.MSAA.SamplePerPixel:4]]
[2022.07.18-12.08.33:496][  0]LogInit: Selected Device Profile: [Windows]
[2022.07.18-12.08.33:496][  0]LogInit: Applying CVar settings loaded from the selected device profile: [Windows]
[2022.07.18-12.08.33:496][  0]LogHAL: Display: Platform has ~ 32 GB [34266628096 / 34359738368 / 32], which maps to Largest [LargestMinGB=32, LargerMinGB=12, DefaultMinGB=8, SmallerMinGB=6, SmallestMinGB=0)
[2022.07.18-12.08.33:496][  0]LogInit: Going up to parent DeviceProfile []
[2022.07.18-12.08.33:496][  0]LogConfig: Applying CVar settings from Section [ViewDistanceQuality@3] File [C:/Users/matej/Documents/GitHub/Game-Jam-2022/Saved/Config/Windows/Scalability.ini]
[2022.07.18-12.08.33:496][  0]LogConfig: Setting CVar [[r.SkeletalMeshLODBias:0]]
[2022.07.18-12.08.33:496][  0]LogConfig: Setting CVar [[r.ViewDistanceScale:1.0]]
[2022.07.18-12.08.33:496][  0]LogConfig: Applying CVar settings from Section [AntiAliasingQuality@3] File [C:/Users/matej/Documents/GitHub/Game-Jam-2022/Saved/Config/Windows/Scalability.ini]
[2022.07.18-12.08.33:496][  0]LogConfig: Setting CVar [[r.PostProcessAAQuality:4]]
[2022.07.18-12.08.33:496][  0]LogConfig: Applying CVar settings from Section [ShadowQuality@3] File [C:/Users/matej/Documents/GitHub/Game-Jam-2022/Saved/Config/Windows/Scalability.ini]
[2022.07.18-12.08.33:496][  0]LogConfig: Setting CVar [[r.LightFunctionQuality:1]]
[2022.07.18-12.08.33:496][  0]LogConfig: Setting CVar [[r.ShadowQuality:5]]
[2022.07.18-12.08.33:496][  0]LogConfig: Setting CVar [[r.Shadow.CSM.MaxCascades:10]]
[2022.07.18-12.08.33:496][  0]LogConfig: Setting CVar [[r.Shadow.MaxResolution:2048]]
[2022.07.18-12.08.33:496][  0]LogConfig: Setting CVar [[r.Shadow.MaxCSMResolution:2048]]
[2022.07.18-12.08.33:496][  0]LogConfig: Setting CVar [[r.Shadow.RadiusThreshold:0.01]]
[2022.07.18-12.08.33:496][  0]LogConfig: Setting CVar [[r.Shadow.DistanceScale:1.0]]
[2022.07.18-12.08.33:496][  0]LogConfig: Setting CVar [[r.Shadow.CSM.TransitionScale:1.0]]
[2022.07.18-12.08.33:496][  0]LogConfig: Setting CVar [[r.Shadow.PreShadowResolutionFactor:1.0]]
[2022.07.18-12.08.33:496][  0]LogConfig: Setting CVar [[r.DistanceFieldShadowing:1]]
[2022.07.18-12.08.33:496][  0]LogConfig: Setting CVar [[r.DistanceFieldAO:1]]
[2022.07.18-12.08.33:496][  0]LogConfig: Setting CVar [[r.AOQuality:2]]
[2022.07.18-12.08.33:496][  0]LogConfig: Setting CVar [[r.VolumetricFog:1]]
[2022.07.18-12.08.33:496][  0]LogConfig: Setting CVar [[r.VolumetricFog.GridPixelSize:8]]
[2022.07.18-12.08.33:497][  0]LogConfig: Setting CVar [[r.VolumetricFog.GridSizeZ:128]]
[2022.07.18-12.08.33:497][  0]LogConfig: Setting CVar [[r.VolumetricFog.HistoryMissSupersampleCount:4]]
[2022.07.18-12.08.33:497][  0]LogConfig: Setting CVar [[r.LightMaxDrawDistanceScale:1]]
[2022.07.18-12.08.33:497][  0]LogConfig: Setting CVar [[r.CapsuleShadows:1]]
[2022.07.18-12.08.33:497][  0]LogConfig: Applying CVar settings from Section [PostProcessQuality@3] File [C:/Users/matej/Documents/GitHub/Game-Jam-2022/Saved/Config/Windows/Scalability.ini]
[2022.07.18-12.08.33:497][  0]LogConfig: Setting CVar [[r.MotionBlurQuality:4]]
[2022.07.18-12.08.33:497][  0]LogConfig: Setting CVar [[r.AmbientOcclusionMipLevelFactor:0.4]]
[2022.07.18-12.08.33:497][  0]LogConfig: Setting CVar [[r.AmbientOcclusionMaxQuality:100]]
[2022.07.18-12.08.33:497][  0]LogConfig: Setting CVar [[r.AmbientOcclusionLevels:-1]]
[2022.07.18-12.08.33:497][  0]LogConfig: Setting CVar [[r.AmbientOcclusionRadiusScale:1.0]]
[2022.07.18-12.08.33:497][  0]LogConfig: Setting CVar [[r.DepthOfFieldQuality:2]]
[2022.07.18-12.08.33:497][  0]LogConfig: Setting CVar [[r.RenderTargetPoolMin:400]]
[2022.07.18-12.08.33:497][  0]LogConfig: Setting CVar [[r.LensFlareQuality:2]]
[2022.07.18-12.08.33:497][  0]LogConfig: Setting CVar [[r.SceneColorFringeQuality:1]]
[2022.07.18-12.08.33:497][  0]LogConfig: Setting CVar [[r.EyeAdaptationQuality:2]]
[2022.07.18-12.08.33:497][  0]LogConfig: Setting CVar [[r.BloomQuality:5]]
[2022.07.18-12.08.33:497][  0]LogConfig: Setting CVar [[r.FastBlurThreshold:100]]
[2022.07.18-12.08.33:497][  0]LogConfig: Setting CVar [[r.Upscale.Quality:3]]
[2022.07.18-12.08.33:497][  0]LogConfig: Setting CVar [[r.Tonemapper.GrainQuantization:1]]
[2022.07.18-12.08.33:497][  0]LogConfig: Setting CVar [[r.LightShaftQuality:1]]
[2022.07.18-12.08.33:497][  0]LogConfig: Setting CVar [[r.Filter.SizeScale:1]]
[2022.07.18-12.08.33:497][  0]LogConfig: Setting CVar [[r.Tonemapper.Quality:5]]
[2022.07.18-12.08.33:497][  0]LogConfig: Setting CVar [[r.DOF.Gather.AccumulatorQuality:1        ; higher gathering accumulator quality]]
[2022.07.18-12.08.33:497][  0]LogConfig: Setting CVar [[r.DOF.Gather.PostfilterMethod:1          ; Median3x3 postfilering method]]
[2022.07.18-12.08.33:497][  0]LogConfig: Setting CVar [[r.DOF.Gather.EnableBokehSettings:0       ; no bokeh simulation when gathering]]
[2022.07.18-12.08.33:497][  0]LogConfig: Setting CVar [[r.DOF.Gather.RingCount:4                 ; medium number of samples when gathering]]
[2022.07.18-12.08.33:497][  0]LogConfig: Setting CVar [[r.DOF.Scatter.ForegroundCompositing:1    ; additive foreground scattering]]
[2022.07.18-12.08.33:497][  0]LogConfig: Setting CVar [[r.DOF.Scatter.BackgroundCompositing:2    ; additive background scattering]]
[2022.07.18-12.08.33:497][  0]LogConfig: Setting CVar [[r.DOF.Scatter.EnableBokehSettings:1      ; bokeh simulation when scattering]]
[2022.07.18-12.08.33:497][  0]LogConfig: Setting CVar [[r.DOF.Scatter.MaxSpriteRatio:0.1         ; only a maximum of 10% of scattered bokeh]]
[2022.07.18-12.08.33:497][  0]LogConfig: Setting CVar [[r.DOF.Recombine.Quality:1                ; cheap slight out of focus]]
[2022.07.18-12.08.33:497][  0]LogConfig: Setting CVar [[r.DOF.Recombine.EnableBokehSettings:0    ; no bokeh simulation on slight out of focus]]
[2022.07.18-12.08.33:497][  0]LogConfig: Setting CVar [[r.DOF.TemporalAAQuality:1                ; more stable temporal accumulation]]
[2022.07.18-12.08.33:497][  0]LogConfig: Setting CVar [[r.DOF.Kernel.MaxForegroundRadius:0.025]]
[2022.07.18-12.08.33:497][  0]LogConfig: Setting CVar [[r.DOF.Kernel.MaxBackgroundRadius:0.025]]
[2022.07.18-12.08.33:497][  0]LogConfig: Applying CVar settings from Section [TextureQuality@3] File [C:/Users/matej/Documents/GitHub/Game-Jam-2022/Saved/Config/Windows/Scalability.ini]
[2022.07.18-12.08.33:497][  0]LogConfig: Setting CVar [[r.Streaming.MipBias:0]]
[2022.07.18-12.08.33:497][  0]LogConfig: Setting CVar [[r.Streaming.AmortizeCPUToGPUCopy:0]]
[2022.07.18-12.08.33:497][  0]LogConfig: Setting CVar [[r.Streaming.MaxNumTexturesToStreamPerFrame:0]]
[2022.07.18-12.08.33:497][  0]LogConfig: Setting CVar [[r.Streaming.Boost:1]]
[2022.07.18-12.08.33:497][  0]LogConfig: Setting CVar [[r.MaxAnisotropy:8]]
[2022.07.18-12.08.33:497][  0]LogConfig: Setting CVar [[r.VT.MaxAnisotropy:8]]
[2022.07.18-12.08.33:497][  0]LogConfig: Setting CVar [[r.Streaming.LimitPoolSizeToVRAM:0]]
[2022.07.18-12.08.33:497][  0]LogConfig: Setting CVar [[r.Streaming.PoolSize:1000]]
[2022.07.18-12.08.33:497][  0]LogConfig: Setting CVar [[r.Streaming.MaxEffectiveScreenSize:0]]
[2022.07.18-12.08.33:497][  0]LogConfig: Applying CVar settings from Section [EffectsQuality@3] File [C:/Users/matej/Documents/GitHub/Game-Jam-2022/Saved/Config/Windows/Scalability.ini]
[2022.07.18-12.08.33:497][  0]LogConfig: Setting CVar [[r.TranslucencyLightingVolumeDim:64]]
[2022.07.18-12.08.33:497][  0]LogConfig: Setting CVar [[r.RefractionQuality:2]]
[2022.07.18-12.08.33:497][  0]LogConfig: Setting CVar [[r.SSR.Quality:3]]
[2022.07.18-12.08.33:497][  0]LogConfig: Setting CVar [[r.SSR.HalfResSceneColor:0]]
[2022.07.18-12.08.33:497][  0]LogConfig: Setting CVar [[r.SceneColorFormat:4]]
[2022.07.18-12.08.33:497][  0]LogConfig: Setting CVar [[r.DetailMode:2]]
[2022.07.18-12.08.33:497][  0]LogConfig: Setting CVar [[r.TranslucencyVolumeBlur:1]]
[2022.07.18-12.08.33:497][  0]LogConfig: Setting CVar [[r.MaterialQualityLevel:1 ; High quality]]
[2022.07.18-12.08.33:497][  0]LogConfig: Setting CVar [[r.AnisotropicMaterials:1]]
[2022.07.18-12.08.33:497][  0]LogConfig: Setting CVar [[r.SSS.Scale:1]]
[2022.07.18-12.08.33:497][  0]LogConfig: Setting CVar [[r.SSS.SampleSet:2]]
[2022.07.18-12.08.33:497][  0]LogConfig: Setting CVar [[r.SSS.Quality:1]]
[2022.07.18-12.08.33:497][  0]LogConfig: Setting CVar [[r.SSS.HalfRes:0]]
[2022.07.18-12.08.33:497][  0]LogConfig: Setting CVar [[r.SSGI.Quality:3]]
[2022.07.18-12.08.33:497][  0]LogConfig: Setting CVar [[r.EmitterSpawnRateScale:1.0]]
[2022.07.18-12.08.33:497][  0]LogConfig: Setting CVar [[r.ParticleLightQuality:2]]
[2022.07.18-12.08.33:497][  0]LogConfig: Setting CVar [[r.SkyAtmosphere.AerialPerspectiveLUT.FastApplyOnOpaque:1 ; Always have FastSkyLUT 1 in this case to avoid wrong sky]]
[2022.07.18-12.08.33:497][  0]LogConfig: Setting CVar [[r.SkyAtmosphere.AerialPerspectiveLUT.SampleCountMaxPerSlice:4]]
[2022.07.18-12.08.33:497][  0]LogConfig: Setting CVar [[r.SkyAtmosphere.AerialPerspectiveLUT.DepthResolution:16.0]]
[2022.07.18-12.08.33:497][  0]LogConfig: Setting CVar [[r.SkyAtmosphere.FastSkyLUT:1]]
[2022.07.18-12.08.33:497][  0]LogConfig: Setting CVar [[r.SkyAtmosphere.FastSkyLUT.SampleCountMin:4.0]]
[2022.07.18-12.08.33:497][  0]LogConfig: Setting CVar [[r.SkyAtmosphere.FastSkyLUT.SampleCountMax:128.0]]
[2022.07.18-12.08.33:497][  0]LogConfig: Setting CVar [[r.SkyAtmosphere.SampleCountMin:4.0]]
[2022.07.18-12.08.33:497][  0]LogConfig: Setting CVar [[r.SkyAtmosphere.SampleCountMax:128.0]]
[2022.07.18-12.08.33:497][  0]LogConfig: Setting CVar [[r.SkyAtmosphere.TransmittanceLUT.UseSmallFormat:0]]
[2022.07.18-12.08.33:497][  0]LogConfig: Setting CVar [[r.SkyAtmosphere.TransmittanceLUT.SampleCount:10.0]]
[2022.07.18-12.08.33:497][  0]LogConfig: Setting CVar [[r.SkyAtmosphere.MultiScatteringLUT.SampleCount:15.0]]
[2022.07.18-12.08.33:497][  0]LogConfig: Setting CVar [[r.SkyLight.RealTimeReflectionCapture:1]]
[2022.07.18-12.08.33:497][  0]LogConfig: Applying CVar settings from Section [FoliageQuality@3] File [C:/Users/matej/Documents/GitHub/Game-Jam-2022/Saved/Config/Windows/Scalability.ini]
[2022.07.18-12.08.33:497][  0]LogConfig: Setting CVar [[foliage.DensityScale:1.0]]
[2022.07.18-12.08.33:497][  0]LogConfig: Setting CVar [[grass.DensityScale:1.0]]
[2022.07.18-12.08.33:497][  0]LogConfig: Applying CVar settings from Section [ShadingQuality@3] File [C:/Users/matej/Documents/GitHub/Game-Jam-2022/Saved/Config/Windows/Scalability.ini]
[2022.07.18-12.08.33:497][  0]LogConfig: Setting CVar [[r.HairStrands.SkyLighting.IntegrationType:2]]
[2022.07.18-12.08.33:497][  0]LogConfig: Setting CVar [[r.HairStrands.SkyAO.SampleCount:4]]
[2022.07.18-12.08.33:497][  0]LogConfig: Setting CVar [[r.HairStrands.Visibility.MSAA.SamplePerPixel:4]]
[2022.07.18-12.08.33:497][  0]LogConfig: Applying CVar settings from Section [Startup] File [../../../Engine/Config/ConsoleVariables.ini]
[2022.07.18-12.08.33:497][  0]LogConfig: Setting CVar [[net.UseAdaptiveNetUpdateFrequency:0]]
[2022.07.18-12.08.33:497][  0]LogConfig: Setting CVar [[p.chaos.AllowCreatePhysxBodies:1]]
[2022.07.18-12.08.33:497][  0]LogConfig: Setting CVar [[fx.SkipVectorVMBackendOptimizations:1]]
[2022.07.18-12.08.33:497][  0]LogConfig: Applying CVar settings from Section [ConsoleVariables] File [C:/Users/matej/Documents/GitHub/Game-Jam-2022/Saved/Config/Windows/Engine.ini]
[2022.07.18-12.08.33:497][  0]LogConfig: Applying CVar settings from Section [ConsoleVariables] File [C:/Users/matej/Documents/GitHub/Game-Jam-2022/Saved/Config/Windows/Editor.ini]
[2022.07.18-12.08.33:497][  0]LogInit: Computer: DESKTOP-M1QV7NL
[2022.07.18-12.08.33:497][  0]LogInit: User: matej
[2022.07.18-12.08.33:497][  0]LogInit: CPU Page size=4096, Cores=6
[2022.07.18-12.08.33:497][  0]LogInit: High frequency timer resolution =10.000000 MHz
[2022.07.18-12.08.33:497][  0]LogMemory: Memory total: Physical=31.9GB (32GB approx)
[2022.07.18-12.08.33:497][  0]LogMemory: Platform Memory Stats for Windows
[2022.07.18-12.08.33:497][  0]LogMemory: Process Physical Memory: 143.04 MB used, 143.04 MB peak
[2022.07.18-12.08.33:497][  0]LogMemory: Process Virtual Memory: 120.86 MB used, 120.86 MB peak
[2022.07.18-12.08.33:497][  0]LogMemory: Physical Memory: 9671.23 MB used,  23007.98 MB free, 32679.20 MB total
[2022.07.18-12.08.33:497][  0]LogMemory: Virtual Memory: 134172496.00 MB used,  45232.46 MB free, 134217728.00 MB total
[2022.07.18-12.08.33:502][  0]LogWindows: WindowsPlatformFeatures enabled
[2022.07.18-12.08.33:515][  0]LogInit: Physics initialised using underlying interface: PhysX
[2022.07.18-12.08.33:515][  0]LogInit: Using OS detected language (en-US).
[2022.07.18-12.08.33:515][  0]LogInit: Using OS detected locale (en-US).
[2022.07.18-12.08.33:517][  0]LogTextLocalizationManager: No specific localization for 'en-US' exists, so the 'en' localization will be used.
[2022.07.18-12.08.33:666][  0]LogWindowsTextInputMethodSystem: Display: IME system deactivated.
[2022.07.18-12.08.33:691][  0]LogSlate: New Slate User Created.  User Index 0, Is Virtual User: 0
[2022.07.18-12.08.33:691][  0]LogSlate: Slate User Registered.  User Index 0, Is Virtual User: 0
[2022.07.18-12.08.33:715][  0]LogD3D11RHI: Loaded GFSDK_Aftermath_Lib.x64.dll
[2022.07.18-12.08.33:716][  0]LogD3D11RHI: D3D11 min allowed feature level: 11_0
[2022.07.18-12.08.33:716][  0]LogD3D11RHI: D3D11 max allowed feature level: 11_0
[2022.07.18-12.08.33:716][  0]LogD3D11RHI: D3D11 adapters:
[2022.07.18-12.08.33:759][  0]LogD3D11RHI:    0. 'Radeon RX 590 Series' (Feature Level 11_0)
[2022.07.18-12.08.33:759][  0]LogD3D11RHI:       8170/0/16339 MB DedicatedVideo/DedicatedSystem/SharedSystem, Outputs:2, VendorId:0x1002
[2022.07.18-12.08.33:760][  0]LogD3D11RHI:    1. 'Microsoft Basic Render Driver' (Feature Level 11_0)
[2022.07.18-12.08.33:760][  0]LogD3D11RHI:       0/0/16339 MB DedicatedVideo/DedicatedSystem/SharedSystem, Outputs:0, VendorId:0x1414
[2022.07.18-12.08.33:760][  0]LogD3D11RHI: Chosen D3D11 Adapter:
[2022.07.18-12.08.33:760][  0]LogD3D11RHI:     Description : Radeon RX 590 Series
[2022.07.18-12.08.33:760][  0]LogD3D11RHI:     VendorId    : 1002
[2022.07.18-12.08.33:760][  0]LogD3D11RHI:     DeviceId    : 67df
[2022.07.18-12.08.33:760][  0]LogD3D11RHI:     SubSysId    : 50321849
[2022.07.18-12.08.33:760][  0]LogD3D11RHI:     Revision    : 00e1
[2022.07.18-12.08.33:760][  0]LogD3D11RHI:     DedicatedVideoMemory : 8567906304 bytes
[2022.07.18-12.08.33:760][  0]LogD3D11RHI:     DedicatedSystemMemory : 0 bytes
[2022.07.18-12.08.33:760][  0]LogD3D11RHI:     SharedSystemMemory : 17133314048 bytes
[2022.07.18-12.08.33:760][  0]LogD3D11RHI:     AdapterLuid : 0 69485
[2022.07.18-12.08.33:765][  0]LogD3D11RHI: Creating new Direct3DDevice
[2022.07.18-12.08.33:765][  0]LogD3D11RHI:     GPU DeviceId: 0x67df (for the marketing name, search the web for "GPU Device Id")
[2022.07.18-12.08.33:765][  0]LogWindows: EnumDisplayDevices:
[2022.07.18-12.08.33:765][  0]LogWindows:    0. 'Radeon RX 590 Series' (P:0 D:1)
[2022.07.18-12.08.33:765][  0]LogWindows:    1. 'Radeon RX 590 Series' (P:1 D:1)
[2022.07.18-12.08.33:766][  0]LogWindows:    2. 'Radeon RX 590 Series' (P:0 D:0)
[2022.07.18-12.08.33:766][  0]LogWindows:    3. 'Radeon RX 590 Series' (P:0 D:0)
[2022.07.18-12.08.33:766][  0]LogWindows:    4. 'Radeon RX 590 Series' (P:0 D:0)
[2022.07.18-12.08.33:766][  0]LogWindows:    5. 'Radeon RX 590 Series' (P:0 D:0)
[2022.07.18-12.08.33:766][  0]LogWindows:    6. 'Radeon RX 590 Series' (P:0 D:0)
[2022.07.18-12.08.33:767][  0]LogWindows: DebugString: FoundDriverCount:7 
[2022.07.18-12.08.33:767][  0]LogD3D11RHI:     Adapter Name: Radeon RX 590 Series
[2022.07.18-12.08.33:767][  0]LogD3D11RHI:   Driver Version: AMD Software: Adrenalin Edition 22.5.2 (internal:30.0.21017.1000, unified:30.0.21017.1000)
[2022.07.18-12.08.33:767][  0]LogD3D11RHI:      Driver Date: 5-17-2022
[2022.07.18-12.08.33:767][  0]LogRHI: Texture pool is 5182 MB (70% of 7402 MB)
[2022.07.18-12.08.33:792][  0]LogD3D11RHI: Creating D3DDevice with AMD AGS, using adapter:
[2022.07.18-12.08.33:792][  0]LogD3D11RHI:     Description : Radeon RX 590 Series
[2022.07.18-12.08.33:792][  0]LogD3D11RHI:     VendorId    : 1002
[2022.07.18-12.08.33:792][  0]LogD3D11RHI:     DeviceId    : 67df
[2022.07.18-12.08.33:792][  0]LogD3D11RHI:     SubSysId    : 50321849
[2022.07.18-12.08.33:792][  0]LogD3D11RHI:     Revision    : 00e1
[2022.07.18-12.08.33:792][  0]LogD3D11RHI:     DedicatedVideoMemory : 8567906304 bytes
[2022.07.18-12.08.33:792][  0]LogD3D11RHI:     DedicatedSystemMemory : 0 bytes
[2022.07.18-12.08.33:792][  0]LogD3D11RHI:     SharedSystemMemory : 17133314048 bytes
[2022.07.18-12.08.33:792][  0]LogD3D11RHI:     AdapterLuid : 0 69485
[2022.07.18-12.08.33:819][  0]LogD3D11RHI: Created device via AGS, feature level 11_0, supported extensions 1fffffbf.
[2022.07.18-12.08.33:819][  0]LogD3D11RHI: RHI has support for 64 bit atomics
[2022.07.18-12.08.33:819][  0]LogD3D11RHI: Async texture creation enabled
[2022.07.18-12.08.33:819][  0]LogD3D11RHI: Array index from any shader is supported
[2022.07.18-12.08.33:819][  0]LogD3D11RHI: HDR output is supported on display 0 (AMD Device: 0x0, Display: 0x0).
[2022.07.18-12.08.33:829][  0]LogD3D11RHI: GPU Timing Frequency: 25.000000 (Debug: 2 1)
[2022.07.18-12.08.34:040][  0]LogTargetPlatformManager: Display: Loaded TargetPlatform 'WindowsNoEditor'
[2022.07.18-12.08.34:043][  0]LogTargetPlatformManager: Display: Loaded TargetPlatform 'Windows'
[2022.07.18-12.08.34:046][  0]LogTargetPlatformManager: Display: Loaded TargetPlatform 'WindowsClient'
[2022.07.18-12.08.34:048][  0]LogTargetPlatformManager: Display: Loaded TargetPlatform 'WindowsServer'
[2022.07.18-12.08.34:048][  0]LogTargetPlatformManager: Display: Building Assets For Windows
[2022.07.18-12.08.34:053][  0]LogAudioDebug: Display: Lib vorbis DLL was dynamically loaded.
[2022.07.18-12.08.34:070][  0]LogTextureFormatOodle: Display: Oodle Texture 2.9.0 init RDO Off
[2022.07.18-12.08.34:089][  0]LogRendererCore: Ray tracing is disabled. Reason: r.RayTracing=0.
[2022.07.18-12.08.34:089][  0]LogShaderCompilers: Guid format shader working directory is 0 characters bigger than the processId version (C:/Users/matej/Documents/GitHub/Game-Jam-2022/Intermediate/Shaders/WorkingDirectory/14984/).
[2022.07.18-12.08.34:089][  0]LogShaderCompilers: Cleaned the shader compiler working directory 'C:/Users/matej/AppData/Local/Temp/UnrealShaderWorkingDir/B6AF108B4C19EC358629579B99E81469/'.
[2022.07.18-12.08.34:089][  0]LogXGEController: Cannot use XGE Controller as Incredibuild is not installed on this machine.
[2022.07.18-12.08.34:090][  0]LogShaderCompilers: Cannot use XGE Shader Compiler as Incredibuild is not installed on this machine.
[2022.07.18-12.08.34:090][  0]LogShaderCompilers: Display: Using Local Shader Compiler.
[2022.07.18-12.08.34:620][  0]LogDerivedDataCache: Display: Max Cache Size: 512 MB
[2022.07.18-12.08.34:656][  0]LogDerivedDataCache: Loaded boot cache 0.04s 94MB C:/Users/matej/AppData/Local/UnrealEngine/4.27/DerivedDataCache/Boot.ddc.
[2022.07.18-12.08.34:656][  0]LogDerivedDataCache: Display: Loaded Boot cache: C:/Users/matej/AppData/Local/UnrealEngine/4.27/DerivedDataCache/Boot.ddc
[2022.07.18-12.08.34:656][  0]LogDerivedDataCache: FDerivedDataBackendGraph:  Pak pak cache file C:/Users/matej/Documents/GitHub/Game-Jam-2022/DerivedDataCache/DDC.ddp not found, will not use a pak cache.
[2022.07.18-12.08.34:656][  0]LogDerivedDataCache: Unable to find inner node Pak for hierarchical cache Hierarchy.
[2022.07.18-12.08.34:656][  0]LogDerivedDataCache: FDerivedDataBackendGraph:  CompressedPak pak cache file C:/Users/matej/Documents/GitHub/Game-Jam-2022/DerivedDataCache/Compressed.ddp not found, will not use a pak cache.
[2022.07.18-12.08.34:656][  0]LogDerivedDataCache: Unable to find inner node CompressedPak for hierarchical cache Hierarchy.
[2022.07.18-12.08.34:670][  0]LogDerivedDataCache: Display: Pak cache opened for reading ../../../Engine/DerivedDataCache/Compressed.ddp.
[2022.07.18-12.08.34:670][  0]LogDerivedDataCache: FDerivedDataBackendGraph:  EnterprisePak pak cache file ../../../Enterprise/DerivedDataCache/Compressed.ddp not found, will not use a pak cache.
[2022.07.18-12.08.34:670][  0]LogDerivedDataCache: Unable to find inner node EnterprisePak for hierarchical cache Hierarchy.
[2022.07.18-12.08.34:676][  0]LogDerivedDataCache: Speed tests for C:/Users/matej/AppData/Local/UnrealEngine/Common/DerivedDataCache took 0.01 seconds
[2022.07.18-12.08.34:676][  0]LogDerivedDataCache: Display: Performance to C:/Users/matej/AppData/Local/UnrealEngine/Common/DerivedDataCache: Latency=0.03ms. RandomReadSpeed=1782.03MBs, RandomWriteSpeed=195.82MBs. Assigned SpeedClass 'Local'
[2022.07.18-12.08.34:677][  0]LogDerivedDataCache: Using Local data cache path C:/Users/matej/AppData/Local/UnrealEngine/Common/DerivedDataCache: Writable
[2022.07.18-12.08.34:677][  0]LogDerivedDataCache: Shared data cache path not found in *engine.ini, will not use an Shared cache.
[2022.07.18-12.08.34:677][  0]LogDerivedDataCache: Unable to find inner node Shared for hierarchical cache Hierarchy.
[2022.07.18-12.08.34:702][  0]LogSlate: Using FreeType 2.10.0
[2022.07.18-12.08.34:703][  0]LogSlate: SlateFontServices - WITH_FREETYPE: 1, WITH_HARFBUZZ: 1
[2022.07.18-12.08.34:770][  0]LogInit: Using OS detected language (en-US).
[2022.07.18-12.08.34:770][  0]LogInit: Using OS detected locale (en-US).
[2022.07.18-12.08.34:770][  0]LogTextLocalizationManager: No localization for 'en-US' exists, so 'en' will be used for the language.
[2022.07.18-12.08.34:770][  0]LogTextLocalizationManager: No localization for 'en-US' exists, so 'en' will be used for the locale.
[2022.07.18-12.08.34:770][  0]LogSlate: FontCache flush requested. Reason: Culture for localization was changed
[2022.07.18-12.08.34:770][  0]LogSlate: FontCache flush requested. Reason: Culture for localization was changed
[2022.07.18-12.08.34:772][  0]LogTextLocalizationManager: Compacting localization data took   0.00ms
[2022.07.18-12.08.34:772][  0]LogAssetRegistry: FAssetRegistry took 0.0012 seconds to start up
[2022.07.18-12.08.34:889][  0]LogPackageLocalizationCache: Processed 21 localized package path(s) for 1 prioritized culture(s) in 0.000574 seconds
[2022.07.18-12.08.34:932][  0]LogInit: Selected Device Profile: [Windows]
[2022.07.18-12.08.34:932][  0]LogInit: Active device profile: [000002B8E250B700][000002B8DC8B6240 49] Windows
[2022.07.18-12.08.34:932][  0]LogInit: Profiles: [000002B8E250B700][000002B8DC8B6240 49] Windows, [000002B8E24C0B00][000002B8DC9423C0 49] WindowsNoEditor, [000002B8E2508B00][000002B8DC946540 49] WindowsServer, [000002B8E24C2D00][000002B8DC94A6C0 49] WindowsClient, [000002B8E250AC00][000002B8DC94E840 49] IOS, [000002B8E24C1600][000002B8DC9529C0 49] iPadAir, [000002B8E2509400][000002B8DC7B8B40 49] iPadAir2, [000002B8E247BA00][000002B8DC7C0E00 49] IPadPro, [000002B8E247BB00][000002B8DC7BCE40 49] iPadAir3, [000002B8E250A500][000002B8DC7C4FC0 49] iPadAir4, [000002B8E2479000][000002B8DC7C9140 49] iPadMini2, [000002B8E250B400][000002B8DC7CD2C0 49] iPadMini3, [000002B8E247A700][000002B8DC7D1440 49] iPadMini4, [000002B8E250A100][000002B8DC93F580 49] iPadMini5, [000002B8E24AF300][000002B8DC7D97C0 49] iPhone6, [000002B8E24AF400][000002B8DC7D5800 49] iPodTouch6, [000002B8E2478200][000002B8DC7E5A80 49] iPhone7, [000002B8E2478100][000002B8DC7DDAC0 49] iPodTouch7, [000002B8E24ACF00][000002B8DC7E80C0 49] iPhone5S, [000002B8E247BE00][000002B8DC7EC240 49] iPhone6Plus, [000002B8E24AE800][000002B8DC7F03C0 49] iPhone6S, [000002B8E247B900][000002B8DC7F4540 49] iPhone6SPlus, [000002B8E24AFD00][000002B8DC7F86C0 49] iPhone7Plus, [000002B8E247B600][000002B8DC7FC840 49] iPhoneSE, [000002B8E24AC500][000002B8DC8009C0 49] iPhone8, [000002B8E247A600][000002B8DE52CB40 49] iPhone8Plus, [000002B8E24AD900][000002B8DE530CC0 49] iPhoneX, [000002B8E2479700][000002B8DE534E40 49] iPhoneXS, [000002B8E24AFE00][000002B8DE538FC0 49] iPhoneXSMax, [000002B8E2478C00][000002B8DE53D140 49] iPhoneXR, [000002B8E24AF600][000002B8DE5412C0 49] iPhone11, [000002B8E247B800][000002B8DE545440 49] iPhone11Pro, [000002B8E24ACA00][000002B8DE5495C0 49] iPhone11ProMax, [000002B8E247B100][000002B8DC7E1700 49] iPhoneSE2, [000002B8E24AE700][000002B8DE54D840 49] iPhone12Mini, [000002B8E2479100][000002B8DE551980 49] iPhone12, [000002B8E24AED00][000002B8DE555AC0 49] iPhone12Pro, [000002B8E2478400][000002B8DE55C0C0 49] iPhone12ProMax, [000002B8E24AC900][000002B8DE560240 49] iPadPro105, [000002B8E247AB00][000002B8DE5643C0 49] iPadPro129, [000002B8E24AC200][000002B8DE568540 49] iPadPro97, [000002B8E2478700][000002B8DE56C6C0 49] iPadPro2_129, [000002B8E24AC800][000002B8DE570840 49] iPad5, [000002B8E247BF00][000002B8DE5749C0 49] iPad6, [000002B8E24ACC00][000002B8DE578B40 49] iPad7, [000002B8E247B200][000002B8DE57CCC0 49] iPad8, [000002B8E24AC400][000002B8DE580E40 49] iPadPro11, [000002B8E247A400][000002B8DE584FC0 49] iPadPro2_11, [000002B8E24AF500][000002B8DE589140 49] iPadPro3_129, [000002B8E2479D00][000002B8DE58D2C0 49] iPadPro4_129, [000002B8E24ACD00][000002B8DE591440 49] AppleTV, [000002B8E2478800][000002B8DE5955C0 49] AppleTV4K, [000002B8E24ADC00][000002B8DE599740 49] TVOS, [000002B8E2478500][000002B8DE59D8C0 49] Mac, [000002B8E24AD600][000002B8DE559A00 49] MacClient, [000002B8E2478900][000002B8DE5A1B40 49] MacNoEditor, [000002B8E24C2300][000002B8DE5A4100 49] MacServer, [000002B8E2548F00][000002B8DE5AC280 49] Linux, [000002B8E24C2500][000002B8DB930400 49] LinuxAArch64, [000002B8E2549300][000002B8DB934580 49] LinuxNoEditor, [000002B8E24C1900][000002B8DB938700 49] LinuxAArch64NoEditor, [000002B8E2549200][000002B8DB93C880 49] LinuxClient, [000002B8E24C1D00][000002B8DB940A00 49] LinuxAArch64Client, [000002B8E2548B00][000002B8DB944B80 49] LinuxServer, [000002B8E24C0300][000002B8DB948D00 49] LinuxAArch64Server, [000002B8E2549800][000002B8DB94CE80 49] Android, [000002B8E24C1F00][000002B8DB951000 49] Android_Low, [000002B8E2549C00][000002B8DB955180 49] Android_Mid, [000002B8E24C1C00][000002B8DB959300 49] Android_High, [000002B8E2549D00][000002B8DB95D480 49] Android_Default, [000002B8E24C0900][000002B8DB961600 49] Android_Adreno4xx, [000002B8E254A900][000002B8DB965780 49] Android_Adreno5xx_Low, [000002B8E24C0E00][000002B8DB969900 49] Android_Adreno5xx, [000002B8E2548900][000002B8DB96DA80 49] Android_Adreno6xx, [000002B8E24C1300][000002B8DE5A9BC0 49] Android_Adreno6xx_Vulkan, [000002B8E2549700][000002B8DB970180 49] Android_Mali_T6xx, [000002B8E24C3900][000002B8DB9742C0 49] Android_Mali_T7xx, [000002B8E2549000][000002B8DB97C440 49] Android_Mali_T8xx, [000002B8E24C3000][000002B8DB9805C0 49] Android_Mali_G71, [000002B8E2549B00][000002B8DB984740 49] Android_Mali_G72, [000002B8E2479800][000002B8DB9888C0 49] Android_Mali_G72_Vulkan, [000002B8E24AFB00][000002B8DB98CA40 49] Android_Mali_G76, [000002B8E247AD00][000002B8DB990BC0 49] Android_Mali_G76_Vulkan, [000002B8E24AD000][000002B8DB994D40 49] Android_Mali_G77, [000002B8E2479B00][000002B8DB998EC0 49] Android_Mali_G77_Vulkan, [000002B8E2548400][000002B8DB99D040 49] Android_Mali_G78, [000002B8E2478E00][000002B8DB9A11C0 49] Android_Mali_G78_Vulkan, [000002B8E254AC00][000002B8DB9A5340 49] Android_Mali_G710, [000002B8E2479200][000002B8DB9A94C0 49] Android_Mali_G710_Vulkan, [000002B8E254A600][000002B8DB9AD640 49] Android_Vulkan_SM5, [000002B8E2479E00][000002B8DB9B17C0 49] Android_PowerVR_G6xxx, [000002B8E254A500][000002B8DB9B5940 49] Android_PowerVR_GT7xxx, [000002B8E2478F00][000002B8DB9B9AC0 49] Android_PowerVR_GE8xxx, [000002B8E254A700][000002B8DB9BC0C0 49] Android_PowerVR_GM9xxx, [000002B8E2479400][000002B8DB978200 49] Android_PowerVR_GM9xxx_Vulkan, [000002B8E2549E00][000002B8DB9C0340 49] Android_TegraK1, [000002B8E247BC00][000002B8DB9C4480 49] Android_Unknown_Vulkan, [000002B8E2549A00][000002B8DB9C85C0 49] Lumin, [000002B8E247A900][000002B8DB9D0740 49] Lumin_Desktop, [000002B8E2548500][000002B8DB9D48C0 49] HoloLens, 
[2022.07.18-12.08.34:956][  0]LogMeshReduction: Using QuadricMeshReduction for automatic static mesh reduction
[2022.07.18-12.08.34:956][  0]LogMeshReduction: Using SimplygonMeshReduction for automatic skeletal mesh reduction
[2022.07.18-12.08.34:956][  0]LogMeshReduction: Using ProxyLODMeshReduction for automatic mesh merging
[2022.07.18-12.08.34:956][  0]LogMeshReduction: No distributed automatic mesh merging module available
[2022.07.18-12.08.34:956][  0]LogMeshMerging: No distributed automatic mesh merging module available
[2022.07.18-12.08.35:036][  0]LogNetVersion: Builder 1.0.0, NetCL: 17155196, EngineNetVer: 17, GameNetVer: 0 (Checksum: 3939801358)
[2022.07.18-12.08.35:180][  0]LogTexture: Default maximum texture size for cubemaps generated from long-lat sources has been changed from 512 to unlimited. In order to preserve old behaiour for '/Engine/MapTemplates/Sky/DaylightAmbientCubemap.DaylightAmbientCubemap', its maximum texture size has been explicitly set to 512.
[2022.07.18-12.08.35:270][  0]LogMoviePlayer: Initializing movie player
[2022.07.18-12.08.35:337][  0]LogNiagaraDebuggerClient: Niagara Debugger Client Initialized | Session: DB2AA06741CDE2691849C8A104CC16BE | Instance: DE0D480040A093B7C66AECA8F50AD636 (DESKTOP-M1QV7NL-14984).
[2022.07.18-12.08.35:348][  0]LogCollectionManager: Loaded 0 collections in 0.000647 seconds
[2022.07.18-12.08.35:349][  0]LogFileCache: Scanning file cache for directory 'C:/Users/matej/Documents/GitHub/Game-Jam-2022/Saved/Collections/' took 0.00s
[2022.07.18-12.08.35:349][  0]LogFileCache: Scanning file cache for directory 'C:/Users/matej/Documents/GitHub/Game-Jam-2022/Content/Developers/matej/Collections/' took 0.00s
[2022.07.18-12.08.35:349][  0]LogFileCache: Scanning file cache for directory 'C:/Users/matej/Documents/GitHub/Game-Jam-2022/Content/Collections/' took 0.00s
[2022.07.18-12.08.35:349][  0]LogCollectionManager: Fixed up redirectors for 0 collections in 0.000001 seconds (updated 0 objects)
[2022.07.18-12.08.35:376][  0]LogUdpMessaging: Initializing bridge on interface 0.0.0.0:0 to multicast group 230.0.0.1:6666.
[2022.07.18-12.08.35:379][  0]LogTcpMessaging: Initializing TcpMessaging bridge
[2022.07.18-12.08.35:386][  0]LogPython: Using Python 3.7.7
[2022.07.18-12.08.35:790][  0]SourceControl: Source control is disabled
[2022.07.18-12.08.35:790][  0]SourceControl: Source control is disabled
[2022.07.18-12.08.35:792][  0]SourceControl: Source control is disabled
[2022.07.18-12.08.35:795][  0]LogUProjectInfo: Found projects:
[2022.07.18-12.08.35:832][  0]LogOpenImageDenoise: OIDN starting up
[2022.07.18-12.08.35:843][  0]LogAndroidPermission: UAndroidPermissionCallbackProxy::GetInstance
[2022.07.18-12.08.35:858][  0]LogAudioCaptureCore: Display: No Audio Capture implementations found. Audio input will be silent.
[2022.07.18-12.08.35:858][  0]LogAudioCaptureCore: Display: No Audio Capture implementations found. Audio input will be silent.
[2022.07.18-12.08.35:898][  0]LogUObjectArray: 21417 objects as part of root set at end of initial load.
[2022.07.18-12.08.35:898][  0]LogUObjectAllocator: 5754288 out of 0 bytes used by permanent object pool.
[2022.07.18-12.08.35:898][  0]LogUObjectArray: CloseDisregardForGC: 0/0 objects in disregard for GC pool
[2022.07.18-12.08.35:934][  0]LogEngine: Initializing Engine...
[2022.07.18-12.08.35:935][  0]LogMagicLeap: Warning: VR disabled because ZI is not enabled.  To enable, in the editor, Edit -> Project Settings -> Plugins -> Magic Leap Plugin -> Enable Zero Iteration
[2022.07.18-12.08.35:936][  0]LogStats: UGameplayTagsManager::InitializeManager -  0.000 s
[2022.07.18-12.08.35:996][  0]LogInit: Initializing FReadOnlyCVARCache
[2022.07.18-12.08.35:996][  0]LogAudio: Display: Initializing Audio Device Manager...
[2022.07.18-12.08.36:000][  0]LogAudio: Display: Loading Default Audio Settings Objects...
[2022.07.18-12.08.36:000][  0]LogAudio: Display: No default SoundConcurrencyObject specified (or failed to load).
[2022.07.18-12.08.36:000][  0]LogAudio: Display: Audio Device Manager Initialized
[2022.07.18-12.08.36:000][  0]LogAudio: Display: Creating Audio Device:                 Id: 1, Scope: Shared, Realtime: True
[2022.07.18-12.08.36:000][  0]LogAudioMixer: Display: Audio Mixer Platform Settings:
[2022.07.18-12.08.36:000][  0]LogAudioMixer: Display: 	Sample Rate:						  48000
[2022.07.18-12.08.36:000][  0]LogAudioMixer: Display: 	Callback Buffer Frame Size Requested: 1024
[2022.07.18-12.08.36:000][  0]LogAudioMixer: Display: 	Callback Buffer Frame Size To Use:	  1024
[2022.07.18-12.08.36:000][  0]LogAudioMixer: Display: 	Number of buffers to queue:			  2
[2022.07.18-12.08.36:001][  0]LogAudioMixer: Display: 	Max Channels (voices):				  32
[2022.07.18-12.08.36:001][  0]LogAudioMixer: Display: 	Number of Async Source Workers:		  0
[2022.07.18-12.08.36:001][  0]LogAudio: Display: AudioDevice MaxSources: 32
[2022.07.18-12.08.36:001][  0]LogAudio: Display: Audio Spatialization Plugin: None (built-in).
[2022.07.18-12.08.36:001][  0]LogAudio: Display: Audio Reverb Plugin: None (built-in).
[2022.07.18-12.08.36:001][  0]LogAudio: Display: Audio Occlusion Plugin: None (built-in).
[2022.07.18-12.08.36:001][  0]LogAudioMixer: Display: Initializing audio mixer.
[2022.07.18-12.08.36:011][  0]LogAudioMixer: Display: 0: FrontLeft
[2022.07.18-12.08.36:012][  0]LogAudioMixer: Display: 1: FrontRight
[2022.07.18-12.08.36:065][  0]LogAudioMixer: Display: Using Audio Device Speakers (Realtek(R) Audio)
[2022.07.18-12.08.36:066][  0]LogAudioMixer: Display: Initializing Sound Submixes...
[2022.07.18-12.08.36:067][  0]LogAudioMixer: Display: Creating Master Submix 'MasterSubmixDefault'
[2022.07.18-12.08.36:067][  0]LogAudioMixer: Display: Creating Master Submix 'MasterReverbSubmixDefault'
[2022.07.18-12.08.36:068][  0]LogAudioMixer: Display: Creating Master Submix 'MasterEQSubmixDefault'
[2022.07.18-12.08.36:068][  0]LogAudioMixer: FMixerPlatformXAudio2::StartAudioStream() called
[2022.07.18-12.08.36:068][  0]LogAudioMixer: Display: Output buffers initialized: Frames=1024, Channels=2, Samples=2048
[2022.07.18-12.08.36:068][  0]LogAudioMixer: Display: Starting AudioMixerPlatformInterface::RunInternal()
[2022.07.18-12.08.36:068][  0]LogAudioMixer: Display: FMixerPlatformXAudio2::SubmitBuffer() called for the first time
[2022.07.18-12.08.36:068][  0]LogInit: FAudioDevice initialized.
[2022.07.18-12.08.36:069][  0]LogNetVersion: Set ProjectVersion to 1.2. Version Checksum will be recalculated on next use.
[2022.07.18-12.08.36:070][  0]LogInit: Texture streaming: Enabled
[2022.07.18-12.08.36:543][  0]LogAudio: Display: Audio Device (ID: 1) registered with world 'Untitled'.
[2022.07.18-12.08.36:543][  0]LogInit: Error: Failed to load cursor 'C:/Users/matej/Documents/GitHub/Game-Jam-2022/Content//Game/GameObjects/Components/HUD/Nasty-Clean'
[2022.07.18-12.08.36:543][  0]LogSlate: Updating window title bar state: overlay mode, drag disabled, window buttons hidden, title bar hidden
[2022.07.18-12.08.36:544][  0]LogInit: Display: Game Engine Initialized.
[2022.07.18-12.08.36:549][  0]LogNiagaraEditor: GEditor isn't valid! Particle reset commands will not work for Niagara components!
[2022.07.18-12.08.36:566][  0]LogInit: Display: Starting Game.
[2022.07.18-12.08.36:566][  0]LogNet: Browse: /Game/Maps/MainMenu?Name=Player
[2022.07.18-12.08.36:566][  0]LogLoad: LoadMap: /Game/Maps/MainMenu?Name=Player
[2022.07.18-12.08.36:566][  0]LogWorld: BeginTearingDown for /Temp/Untitled_0
[2022.07.18-12.08.36:586][  0]LogWorld: UWorld::CleanupWorld for Untitled, bSessionEnded=true, bCleanupResources=true
[2022.07.18-12.08.36:586][  0]LogSlate: InvalidateAllWidgets triggered.  All widgets were invalidated
[2022.07.18-12.08.36:589][  0]LogAudio: Display: Audio Device unregistered from world 'None'.
[2022.07.18-12.08.36:590][  0]LogUObjectHash: Compacting FUObjectHashTables data took   0.58ms
[2022.07.18-12.08.36:593][  0]LogUObjectGlobals: Warning: [AssetLog] C:\Users\matej\Documents\GitHub\Game-Jam-2022\Content\MenuStuff\MainMenuWidget.uasset: Failed to load '/Game/MenuStuff/blocksville': Can't find file.
[2022.07.18-12.08.36:599][  0]LogUObjectGlobals: Warning: Failed to load '/Game/GameObjects/Components/Music/SCM_MUTE': Can't find file.
[2022.07.18-12.08.36:599][  0]LogUObjectGlobals: Warning: Failed to load '/Game/GameObjects/Components/Music/SCM_Unmute': Can't find file.
[2022.07.18-12.08.36:599][  0]LogUObjectGlobals: Warning: Failed to load '/Game/MenuStuff/blocksville': Can't find file.
[2022.07.18-12.08.36:600][  0]LogUObjectGlobals: Warning: [AssetLog] C:\Users\matej\Documents\GitHub\Game-Jam-2022\Content\MenuStuff\MainMenuWidget.uasset: Failed to load '/Game/MenuStuff/blocksville': Can't find file.
[2022.07.18-12.08.36:601][  0]LogUObjectGlobals: Warning: [AssetLog] C:\Users\matej\Documents\GitHub\Game-Jam-2022\Content\MenuStuff\MainMenuWidget.uasset: Failed to load '/Game/GameObjects/Components/Music/SCM_MUTE': Can't find file.
[2022.07.18-12.08.36:601][  0]LogUObjectGlobals: Warning: [AssetLog] C:\Users\matej\Documents\GitHub\Game-Jam-2022\Content\MenuStuff\MainMenuWidget.uasset: Failed to load '/Game/GameObjects/Components/Music/SCM_Unmute': Can't find file.
[2022.07.18-12.08.36:616][  0]LogAudio: Display: Audio Device (ID: 1) registered with world 'MainMenu'.
[2022.07.18-12.08.36:621][  0]LogAIModule: Creating AISystem for world MainMenu
[2022.07.18-12.08.36:660][  0]LogLoad: Game class is 'CB_GameModeBase_C'
[2022.07.18-12.08.36:669][  0]LogWorld: Bringing World /Game/Maps/MainMenu.MainMenu up for play (max tick rate 0) at 2022.07.18-14.08.36
[2022.07.18-12.08.36:669][  0]LogWorld: Bringing up level for play took: 0.000350
[2022.07.18-12.08.36:669][  0]LogGameMode: FindPlayerStart: PATHS NOT DEFINED or NO PLAYERSTART with positive rating
[2022.07.18-12.08.36:713][  0]LogLoad: Took 0.147530 seconds to LoadMap(/Game/Maps/MainMenu)
[2022.07.18-12.08.36:818][  0]LogSlate: Took 0.000151 seconds to synchronously load lazily loaded font '../../../Engine/Content/Slate/Fonts/Roboto-Regular.ttf' (155K)
[2022.07.18-12.08.36:873][  0]LogRenderer: Reallocating scene render targets to support 1280x720 Format 10 NumSamples 1 (Frame:1).
[2022.07.18-12.08.36:873][  0]LogInit: Display: Engine is initialized. Leaving FEngineLoop::Init()
[2022.07.18-12.08.36:873][  0]LogLoad: (Engine Initialization) Total time: 4.13 seconds
[2022.07.18-12.08.36:873][  0]LogLoad: (Engine Initialization) Total Blueprint compile time: 0.00 seconds
[2022.07.18-12.08.36:882][  0]LogContentStreaming: Texture pool size now 1000 MB
[2022.07.18-12.08.36:885][  0]LogSlate: InvalidateAllWidgets triggered.  All widgets were invalidated
[2022.07.18-12.08.36:896][  1]LogSlate: Took 0.000082 seconds to synchronously load lazily loaded font '../../../Engine/Content/Slate/Fonts/Roboto-Regular.ttf' (155K)
[2022.07.18-12.08.41:086][343]LogPackageName: SearchForPackageOnDisk took   0.042s to resolve TestingMap.umap.
[2022.07.18-12.08.41:127][343]LogPackageName: SearchForPackageOnDisk took   0.040s to resolve TestingMap.umap.
[2022.07.18-12.08.41:127][343]LogNet: Browse: /Game/Maps/TestingMap
[2022.07.18-12.08.41:127][343]LogLoad: LoadMap: /Game/Maps/TestingMap
[2022.07.18-12.08.41:127][343]LogWorld: BeginTearingDown for /Game/Maps/MainMenu
[2022.07.18-12.08.41:127][343]LogWorld: UWorld::CleanupWorld for MainMenu, bSessionEnded=true, bCleanupResources=true
[2022.07.18-12.08.41:127][343]LogSlate: InvalidateAllWidgets triggered.  All widgets were invalidated
[2022.07.18-12.08.41:166][343]LogAudio: Display: Waited 39.042500 ms for audio thread.
[2022.07.18-12.08.41:173][343]LogAudio: Display: Audio Device unregistered from world 'None'.
[2022.07.18-12.08.41:175][343]LogUObjectHash: Compacting FUObjectHashTables data took   0.57ms
[2022.07.18-12.08.41:192][343]LogUObjectGlobals: Warning: Failed to load '/Game/Pause/PauseMenu': Can't find file.
[2022.07.18-12.08.41:248][343]LogUObjectGlobals: Warning: Failed to load '/Game/Pause/PauseMenu': Can't find file.
[2022.07.18-12.08.41:281][343]LogUObjectGlobals: Warning: [AssetLog] C:\Users\matej\Documents\GitHub\Game-Jam-2022\Content\Maps\TestingMap.umap: Failed to load '/Game/Pause/PauseMenu': Can't find file.
[2022.07.18-12.08.41:282][343]LogUObjectGlobals: Warning: [AssetLog] C:\Users\matej\Documents\GitHub\Game-Jam-2022\Content\Maps\TestingMap.umap: Failed to load '/Game/Pause/PauseMenu': Can't find file.
[2022.07.18-12.08.41:282][343]LogUObjectGlobals: Warning: [AssetLog] C:\Users\matej\Documents\GitHub\Game-Jam-2022\Content\Maps\TestingMap.umap: Failed to load '/Game/Pause/PauseMenu': Can't find file.
[2022.07.18-12.08.41:282][343]LogUObjectGlobals: Warning: [AssetLog] C:\Users\matej\Documents\GitHub\Game-Jam-2022\Content\Maps\TestingMap.umap: Failed to load '/Game/Pause/PauseMenu': Can't find file.
[2022.07.18-12.08.41:282][343]LogUObjectGlobals: Warning: [AssetLog] C:\Users\matej\Documents\GitHub\Game-Jam-2022\Content\Maps\TestingMap.umap: Failed to load '/Game/Pause/PauseMenu': Can't find file.
[2022.07.18-12.08.41:283][343]LogUObjectGlobals: Warning: [AssetLog] C:\Users\matej\Documents\GitHub\Game-Jam-2022\Content\Maps\TestingMap.umap: Failed to load '/Game/Pause/PauseMenu': Can't find file.
[2022.07.18-12.08.41:284][343]LogBlueprint: Error: [AssetLog] C:\Users\matej\Documents\GitHub\Game-Jam-2022\Content\Maps\TestingMap.umap: [Compiler] Spawn node  Create Widget  must have a class specified.
[2022.07.18-12.08.41:284][343]LogBlueprint: Error: [AssetLog] C:\Users\matej\Documents\GitHub\Game-Jam-2022\Content\Maps\TestingMap.umap: [Compiler] In use pin  NewVar_1  no longer exists on node  Get . Please refresh node or break links to remove pin.
[2022.07.18-12.08.41:284][343]LogBlueprint: Error: [AssetLog] C:\Users\matej\Documents\GitHub\Game-Jam-2022\Content\Maps\TestingMap.umap: [Compiler] In use pin  NewVar_1  no longer exists on node  Set . Please refresh node or break links to remove pin.
[2022.07.18-12.08.41:284][343]LogBlueprint: Warning: [AssetLog] C:\Users\matej\Documents\GitHub\Game-Jam-2022\Content\Maps\TestingMap.umap: [Compiler] InputAction Event references unknown Action 'Pause Game' for  InputAction Pause Game
[2022.07.18-12.08.41:389][343]LogAudio: Display: Audio Device (ID: 1) registered with world 'TestingMap'.
[2022.07.18-12.08.41:390][343]LogAIModule: Creating AISystem for world TestingMap
[2022.07.18-12.08.41:390][343]LogLoad: Game class is 'CB_GameModeBase_C'
[2022.07.18-12.08.41:428][343]LogWorld: Bringing World /Game/Maps/TestingMap.TestingMap up for play (max tick rate 0) at 2022.07.18-14.08.41
[2022.07.18-12.08.41:428][343]LogWorld: Bringing up level for play took: 0.037826
[2022.07.18-12.08.41:439][343]LogLoad: Took 0.311900 seconds to LoadMap(/Game/Maps/TestingMap)
[2022.07.18-12.08.41:443][343]LogSlate: InvalidateAllWidgets triggered.  All widgets were invalidated
[2022.07.18-12.08.41:444][344]LogSlate: Took 0.000098 seconds to synchronously load lazily loaded font '../../../Engine/Content/Slate/Fonts/Roboto-Regular.ttf' (155K)
[2022.07.18-12.08.46:481][175]LogPackageName: SearchForPackageOnDisk took   0.040s to resolve MainMenu.umap.
[2022.07.18-12.08.46:521][175]LogPackageName: SearchForPackageOnDisk took   0.040s to resolve MainMenu.umap.
[2022.07.18-12.08.46:521][175]LogNet: Browse: /Game/Maps/MainMenu
[2022.07.18-12.08.46:521][175]LogLoad: LoadMap: /Game/Maps/MainMenu
[2022.07.18-12.08.46:521][175]LogWorld: BeginTearingDown for /Game/Maps/TestingMap
[2022.07.18-12.08.46:522][175]LogWorld: UWorld::CleanupWorld for TestingMap, bSessionEnded=true, bCleanupResources=true
[2022.07.18-12.08.46:522][175]LogSlate: InvalidateAllWidgets triggered.  All widgets were invalidated
[2022.07.18-12.08.46:550][175]LogAudio: Display: Audio Device unregistered from world 'None'.
[2022.07.18-12.08.46:553][175]LogUObjectHash: Compacting FUObjectHashTables data took   0.52ms
[2022.07.18-12.08.46:555][175]LogUObjectGlobals: Warning: [AssetLog] C:\Users\matej\Documents\GitHub\Game-Jam-2022\Content\MenuStuff\MainMenuWidget.uasset: Failed to load '/Game/MenuStuff/blocksville': Can't find file.
[2022.07.18-12.08.46:561][175]LogUObjectGlobals: Warning: Failed to load '/Game/GameObjects/Components/Music/SCM_MUTE': Can't find file.
[2022.07.18-12.08.46:561][175]LogUObjectGlobals: Warning: Failed to load '/Game/GameObjects/Components/Music/SCM_Unmute': Can't find file.
[2022.07.18-12.08.46:561][175]LogUObjectGlobals: Warning: Failed to load '/Game/MenuStuff/blocksville': Can't find file.
[2022.07.18-12.08.46:562][175]LogUObjectGlobals: Warning: [AssetLog] C:\Users\matej\Documents\GitHub\Game-Jam-2022\Content\MenuStuff\MainMenuWidget.uasset: Failed to load '/Game/MenuStuff/blocksville': Can't find file.
[2022.07.18-12.08.46:563][175]LogUObjectGlobals: Warning: [AssetLog] C:\Users\matej\Documents\GitHub\Game-Jam-2022\Content\MenuStuff\MainMenuWidget.uasset: Failed to load '/Game/GameObjects/Components/Music/SCM_MUTE': Can't find file.
[2022.07.18-12.08.46:563][175]LogUObjectGlobals: Warning: [AssetLog] C:\Users\matej\Documents\GitHub\Game-Jam-2022\Content\MenuStuff\MainMenuWidget.uasset: Failed to load '/Game/GameObjects/Components/Music/SCM_Unmute': Can't find file.
[2022.07.18-12.08.46:579][175]LogAudio: Display: Audio Device (ID: 1) registered with world 'MainMenu'.
[2022.07.18-12.08.46:579][175]LogAIModule: Creating AISystem for world MainMenu
[2022.07.18-12.08.46:595][175]LogLoad: Game class is 'CB_GameModeBase_C'
[2022.07.18-12.08.46:596][175]LogWorld: Bringing World /Game/Maps/MainMenu.MainMenu up for play (max tick rate 0) at 2022.07.18-14.08.46
[2022.07.18-12.08.46:596][175]LogWorld: Bringing up level for play took: 0.000249
[2022.07.18-12.08.46:596][175]LogGameMode: FindPlayerStart: PATHS NOT DEFINED or NO PLAYERSTART with positive rating
[2022.07.18-12.08.46:597][175]LogLoad: Took 0.075356 seconds to LoadMap(/Game/Maps/MainMenu)
