Log file open, 07/17/22 15:22:58
LogWindows: Failed to load 'aqProf.dll' (GetLastError=126)
LogWindows: File 'aqProf.dll' does not exist
LogWindows: Failed to load 'VtuneApi.dll' (GetLastError=126)
LogWindows: File 'VtuneApi.dll' does not exist
LogWindows: Failed to load 'VtuneApi32e.dll' (GetLastError=126)
LogWindows: File 'VtuneApi32e.dll' does not exist
LogConsoleResponse: Display: Failed to find resolution value strings in scalability ini. Falling back to default.
LogConsoleResponse: Display: Failed to find resolution value strings in scalability ini. Falling back to default.
LogInit: Display: Running engine for game: Builder
LogPlatformFile: Not using cached read wrapper
LogTaskGraph: Started task graph with 5 named threads and 14 total threads with 3 sets of task threads.
LogStats: Stats thread started at 0.388632
LogICUInternationalization: ICU TimeZone Detection - Raw Offset: +1:00, Platform Override: ''
LogInit: Display: Loading text-based GConfig....
LogPluginManager: Mounting plugin MeshPainting
LogPluginManager: Mounting plugin XGEController
LogPluginManager: Mounting plugin Paper2D
LogPluginManager: Mounting plugin AISupport
LogPluginManager: Mounting plugin EnvironmentQueryEditor
LogPluginManager: Mounting plugin LightPropagationVolume
LogPluginManager: Mounting plugin CameraShakePreviewer
LogPluginManager: Mounting plugin GameplayCameras
LogPluginManager: Mounting plugin OodleData
LogPluginManager: Mounting plugin OodleNetwork
LogPluginManager: Mounting plugin AnimationSharing
LogPluginManager: Mounting plugin CodeLiteSourceCodeAccess
LogPluginManager: Mounting plugin GitSourceControl
LogPluginManager: Mounting plugin KDevelopSourceCodeAccess
LogPluginManager: Mounting plugin NullSourceCodeAccess
LogPluginManager: Mounting plugin PerforceSourceControl
LogPluginManager: Mounting plugin PixWinPlugin
LogPluginManager: Mounting plugin PlasticSourceControl
LogPluginManager: Mounting plugin PluginUtils
LogPluginManager: Mounting plugin PropertyAccessNode
LogPluginManager: Mounting plugin RiderSourceCodeAccess
LogPluginManager: Mounting plugin SubversionSourceControl
LogPluginManager: Mounting plugin TextureFormatOodle
LogPluginManager: Mounting plugin UObjectPlugin
LogPluginManager: Mounting plugin VisualStudioCodeSourceCodeAccess
LogPluginManager: Mounting plugin VisualStudioSourceCodeAccess
LogPluginManager: Mounting plugin XCodeSourceCodeAccess
LogPluginManager: Mounting plugin AssetManagerEditor
LogPluginManager: Mounting plugin CryptoKeys
LogPluginManager: Mounting plugin CurveEditorTools
LogPluginManager: Mounting plugin DataValidation
LogPluginManager: Mounting plugin FacialAnimation
LogPluginManager: Mounting plugin GameplayTagsEditor
LogPluginManager: Mounting plugin GeometryMode
LogPluginManager: Mounting plugin MacGraphicsSwitching
LogPluginManager: Mounting plugin MaterialAnalyzer
LogPluginManager: Mounting plugin MobileLauncherProfileWizard
LogPluginManager: Mounting plugin PluginBrowser
LogPluginManager: Mounting plugin SpeedTreeImporter
LogPluginManager: Mounting plugin DatasmithContent
LogPluginManager: Mounting plugin VariantManagerContent
LogPluginManager: Mounting plugin AlembicImporter
LogPluginManager: Mounting plugin AutomationUtils
LogPluginManager: Mounting plugin BackChannel
LogPluginManager: Mounting plugin ChaosCloth
LogPluginManager: Mounting plugin ChaosClothEditor
LogPluginManager: Mounting plugin ChaosEditor
LogPluginManager: Mounting plugin ChaosNiagara
LogPluginManager: Mounting plugin ChaosSolverPlugin
LogPluginManager: Mounting plugin CharacterAI
LogPluginManager: Mounting plugin GeometryCache
LogPluginManager: Mounting plugin GeometryCollectionPlugin
LogPluginManager: Mounting plugin Niagara
LogPluginManager: Mounting plugin GeometryProcessing
LogPluginManager: Mounting plugin MotoSynth
LogPluginManager: Mounting plugin OpenImageDenoise
LogPluginManager: Mounting plugin PlanarCut
LogPluginManager: Mounting plugin PlatformCrypto
LogPluginManager: Mounting plugin ProxyLODPlugin
LogPluginManager: Mounting plugin PythonScriptPlugin
LogPluginManager: Mounting plugin SkeletalReduction
LogPluginManager: Mounting plugin LuminPlatformFeatures
LogPluginManager: Mounting plugin MagicLeap
LogPluginManager: Mounting plugin MagicLeapLightEstimation
LogPluginManager: Mounting plugin MagicLeapMedia
LogPluginManager: Mounting plugin MLSDK
LogPluginManager: Mounting plugin AndroidMedia
LogPluginManager: Mounting plugin MagicLeapPassableWorld
LogPluginManager: Mounting plugin AvfMedia
LogPluginManager: Mounting plugin ImgMedia
LogPluginManager: Mounting plugin MediaCompositing
LogPluginManager: Mounting plugin MediaPlayerEditor
LogPluginManager: Mounting plugin WebMMedia
LogPluginManager: Mounting plugin WmfMedia
LogPluginManager: Mounting plugin TcpMessaging
LogPluginManager: Mounting plugin UdpMessaging
LogPluginManager: Mounting plugin ActorSequence
LogPluginManager: Mounting plugin LevelSequenceEditor
LogPluginManager: Mounting plugin MatineeToLevelSequence
LogPluginManager: Mounting plugin TemplateSequence
LogPluginManager: Mounting plugin CLionSourceCodeAccess
LogPluginManager: Mounting plugin OnlineSubsystem
LogPluginManager: Mounting plugin OnlineSubsystemNull
LogPluginManager: Mounting plugin LauncherChunkInstaller
LogPluginManager: Mounting plugin OnlineSubsystemUtils
LogPluginManager: Mounting plugin ActorLayerUtilities
LogPluginManager: Mounting plugin AndroidMoviePlayer
LogPluginManager: Mounting plugin AndroidDeviceProfileSelector
LogPluginManager: Mounting plugin AndroidPermission
LogPluginManager: Mounting plugin AppleImageUtils
LogPluginManager: Mounting plugin AppleMoviePlayer
LogPluginManager: Mounting plugin ArchVisCharacter
LogPluginManager: Mounting plugin AssetTags
LogPluginManager: Mounting plugin AudioCapture
LogPluginManager: Mounting plugin AudioSynesthesia
LogPluginManager: Mounting plugin CableComponent
LogPluginManager: Mounting plugin ChunkDownloader
LogPluginManager: Mounting plugin CustomMeshComponent
LogPluginManager: Mounting plugin EditableMesh
LogPluginManager: Mounting plugin ExampleDeviceProfileSelector
LogPluginManager: Mounting plugin GooglePAD
LogPluginManager: Mounting plugin GoogleCloudMessaging
LogPluginManager: Mounting plugin IOSDeviceProfileSelector
LogPluginManager: Mounting plugin LinuxDeviceProfileSelector
LogPluginManager: Mounting plugin LocationServicesBPLibrary
LogPluginManager: Mounting plugin MobilePatchingUtils
LogPluginManager: Mounting plugin PhysXVehicles
LogPluginManager: Mounting plugin PostSplashScreen
LogPluginManager: Mounting plugin ProceduralMeshComponent
LogPluginManager: Mounting plugin PropertyAccessEditor
LogPluginManager: Mounting plugin RuntimePhysXCooking
LogPluginManager: Mounting plugin SignificanceManager
LogPluginManager: Mounting plugin SoundFields
LogPluginManager: Mounting plugin Synthesis
LogPluginManager: Mounting plugin WebMMoviePlayer
LogPluginManager: Mounting plugin WindowsMoviePlayer
LogPluginManager: Mounting plugin ScreenshotTools
LogPluginManager: Mounting plugin ContentBrowserAssetDataSource
LogPluginManager: Mounting plugin ContentBrowserClassDataSource
LogPluginManager: Mounting plugin ContentBrowserFileDataSource
LogPluginManager: Mounting plugin OnlineSubsystemIOS
LogPluginManager: Mounting plugin OnlineSubsystemGooglePlay
PixWinPlugin: PIX capture plugin failed to initialize! Check that the process is launched from PIX.
LogInit: Using libcurl 7.55.1-DEV
LogInit:  - built for x86_64-pc-win32
LogInit:  - supports SSL with OpenSSL/1.1.1
LogInit:  - supports HTTP deflate (compression) using libz 1.2.8
LogInit:  - other features:
LogInit:      CURL_VERSION_SSL
LogInit:      CURL_VERSION_LIBZ
LogInit:      CURL_VERSION_IPV6
LogInit:      CURL_VERSION_ASYNCHDNS
LogInit:      CURL_VERSION_LARGEFILE
LogInit:      CURL_VERSION_IDN
LogInit:  CurlRequestOptions (configurable via config and command line):
LogInit:  - bVerifyPeer = true  - Libcurl will verify peer certificate
LogInit:  - bUseHttpProxy = false  - Libcurl will NOT use HTTP proxy
LogInit:  - bDontReuseConnections = false  - Libcurl will reuse connections
LogInit:  - MaxHostConnections = 16  - Libcurl will limit the number of connections to a host
LogInit:  - LocalHostAddr = Default
LogInit:  - BufferSize = 65536
LogOnline: OSS: Creating online subsystem instance for: NULL
LogInit: WinSock: version 1.1 (2.2), MaxSocks=32767, MaxUdp=65467
LogOnline: OSS: TryLoadSubsystemAndSetDefault: Loaded subsystem for module [NULL]
LogInit: Build: ++UE4+Release-4.27-CL-18319896
LogInit: Engine Version: 4.27.2-18319896+++UE4+Release-4.27
LogInit: Compatible Engine Version: 4.27.0-17155196+++UE4+Release-4.27
LogInit: Net CL: 17155196
LogInit: OS: Windows 10 (Release 2009) (), CPU: Intel(R) Core(TM) i5-7400 CPU @ 3.00GHz, GPU: NVIDIA GeForce GTX 970
LogInit: Compiled (64-bit): Nov 30 2021 07:12:08
LogInit: Compiled with Visual C++: 19.24.28315.00
LogInit: Build Configuration: Development
LogInit: Branch Name: ++UE4+Release-4.27
LogInit: Command Line:  /Game/Maps/Why -game -PIEVIACONSOLE -Multiprocess GameUserSettingsINI=E:/Users/Ondrej/Projects/UE4/Builder/Saved/Config/Windows/PIEGameUserSettings0.ini -MultiprocessSaveConfig -forcepassthrough -messaging -SessionName="Play in Standalone Game" -windowed -WinX=-1575 -WinY=179 SAVEWINPOS=1 -ResX=1280 -ResY=719
LogInit: Base Directory: E:/Apps/Epic Games/UE_4.27/Engine/Binaries/Win64/
LogInit: Allocator: TBB
LogInit: Installed Engine Build: 1
LogDevObjectVersion: Number of dev versions registered: 29
LogDevObjectVersion:   Dev-Blueprints (B0D832E4-1F89-4F0D-ACCF-7EB736FD4AA2): 10
LogDevObjectVersion:   Dev-Build (E1C64328-A22C-4D53-A36C-8E866417BD8C): 0
LogDevObjectVersion:   Dev-Core (375EC13C-06E4-48FB-B500-84F0262A717E): 4
LogDevObjectVersion:   Dev-Editor (E4B068ED-F494-42E9-A231-DA0B2E46BB41): 40
LogDevObjectVersion:   Dev-Framework (CFFC743F-43B0-4480-9391-14DF171D2073): 37
LogDevObjectVersion:   Dev-Mobile (B02B49B5-BB20-44E9-A304-32B752E40360): 3
LogDevObjectVersion:   Dev-Networking (A4E4105C-59A1-49B5-A7C5-40C4547EDFEE): 0
LogDevObjectVersion:   Dev-Online (39C831C9-5AE6-47DC-9A44-9C173E1C8E7C): 0
LogDevObjectVersion:   Dev-Physics (78F01B33-EBEA-4F98-B9B4-84EACCB95AA2): 14
LogDevObjectVersion:   Dev-Platform (6631380F-2D4D-43E0-8009-CF276956A95A): 0
LogDevObjectVersion:   Dev-Rendering (12F88B9F-8875-4AFC-A67C-D90C383ABD29): 45
LogDevObjectVersion:   Dev-Sequencer (7B5AE74C-D270-4C10-A958-57980B212A5A): 13
LogDevObjectVersion:   Dev-VR (D7296918-1DD6-4BDD-9DE2-64A83CC13884): 3
LogDevObjectVersion:   Dev-LoadTimes (C2A15278-BFE7-4AFE-6C17-90FF531DF755): 1
LogDevObjectVersion:   Private-Geometry (6EACA3D4-40EC-4CC1-B786-8BED09428FC5): 3
LogDevObjectVersion:   Dev-AnimPhys (29E575DD-E0A3-4627-9D10-D276232CDCEA): 17
LogDevObjectVersion:   Dev-Anim (AF43A65D-7FD3-4947-9873-3E8ED9C1BB05): 15
LogDevObjectVersion:   Dev-ReflectionCapture (6B266CEC-1EC7-4B8F-A30B-E4D90942FC07): 1
LogDevObjectVersion:   Dev-Automation (0DF73D61-A23F-47EA-B727-89E90C41499A): 1
LogDevObjectVersion:   FortniteMain (601D1886-AC64-4F84-AA16-D3DE0DEAC7D6): 47
LogDevObjectVersion:   FortniteRelease (E7086368-6B23-4C58-8439-1B7016265E91): 1
LogDevObjectVersion:   Dev-Enterprise (9DFFBCD6-494F-0158-E221-12823C92A888): 10
LogDevObjectVersion:   Dev-Niagara (F2AED0AC-9AFE-416F-8664-AA7FFA26D6FC): 1
LogDevObjectVersion:   Dev-Destruction (174F1F0B-B4C6-45A5-B13F-2EE8D0FB917D): 10
LogDevObjectVersion:   Dev-Physics-Ext (35F94A83-E258-406C-A318-09F59610247C): 41
LogDevObjectVersion:   Dev-PhysicsMaterial-Chaos (B68FC16E-8B1B-42E2-B453-215C058844FE): 1
LogDevObjectVersion:   Dev-CineCamera (B2E18506-4273-CFC2-A54E-F4BB758BBA07): 1
LogDevObjectVersion:   Dev-VirtualProduction (64F58936-FD1B-42BA-BA96-7289D5D0FA4E): 1
LogDevObjectVersion:   Dev-MediaFramework (6F0ED827-A609-4895-9C91-998D90180EA4): 2
LogInit: Presizing for max 25165824 objects, including 0 objects not considered by GC, pre-allocating 0 bytes for permanent pool.
LogConfig: Applying CVar settings from Section [/Script/Engine.StreamingSettings] File [E:/Users/Ondrej/Projects/UE4/Builder/Saved/Config/Windows/Engine.ini]
LogConfig: Setting CVar [[s.MinBulkDataSizeForAsyncLoading:131072]]
LogConfig: Setting CVar [[s.AsyncLoadingThreadEnabled:0]]
LogConfig: Setting CVar [[s.EventDrivenLoaderEnabled:1]]
LogConfig: Setting CVar [[s.WarnIfTimeLimitExceeded:0]]
LogConfig: Setting CVar [[s.TimeLimitExceededMultiplier:1.5]]
LogConfig: Setting CVar [[s.TimeLimitExceededMinTime:0.005]]
LogConfig: Setting CVar [[s.UseBackgroundLevelStreaming:1]]
LogConfig: Setting CVar [[s.PriorityAsyncLoadingExtraTime:15.0]]
LogConfig: Setting CVar [[s.LevelStreamingActorsUpdateTimeLimit:5.0]]
LogConfig: Setting CVar [[s.PriorityLevelStreamingActorsUpdateExtraTime:5.0]]
LogConfig: Setting CVar [[s.LevelStreamingComponentsRegistrationGranularity:10]]
LogConfig: Setting CVar [[s.UnregisterComponentsTimeLimit:1.0]]
LogConfig: Setting CVar [[s.LevelStreamingComponentsUnregistrationGranularity:5]]
LogConfig: Setting CVar [[s.FlushStreamingOnExit:1]]
LogInit: Object subsystem initialized
LogConfig: Setting CVar [[con.DebugEarlyDefault:1]]
LogConfig: Setting CVar [[r.setres:1280x720]]
[2022.07.17-13.22.58:605][  0]LogConfig: Setting CVar [[con.DebugEarlyDefault:1]]
[2022.07.17-13.22.58:605][  0]LogConfig: Setting CVar [[r.setres:1280x720]]
[2022.07.17-13.22.58:605][  0]LogConfig: Applying CVar settings from Section [/Script/Engine.RendererSettings] File [E:/Users/Ondrej/Projects/UE4/Builder/Saved/Config/Windows/Engine.ini]
[2022.07.17-13.22.58:605][  0]LogConfig: Setting CVar [[r.GPUCrashDebugging:0]]
[2022.07.17-13.22.58:605][  0]LogConfig: Applying CVar settings from Section [/Script/Engine.RendererOverrideSettings] File [E:/Users/Ondrej/Projects/UE4/Builder/Saved/Config/Windows/Engine.ini]
[2022.07.17-13.22.58:605][  0]LogConfig: Applying CVar settings from Section [/Script/Engine.StreamingSettings] File [E:/Users/Ondrej/Projects/UE4/Builder/Saved/Config/Windows/Engine.ini]
[2022.07.17-13.22.58:605][  0]LogConfig: Setting CVar [[s.MinBulkDataSizeForAsyncLoading:131072]]
[2022.07.17-13.22.58:605][  0]LogConfig: Setting CVar [[s.AsyncLoadingThreadEnabled:0]]
[2022.07.17-13.22.58:605][  0]LogConfig: Setting CVar [[s.EventDrivenLoaderEnabled:1]]
[2022.07.17-13.22.58:605][  0]LogConfig: Setting CVar [[s.WarnIfTimeLimitExceeded:0]]
[2022.07.17-13.22.58:605][  0]LogConfig: Setting CVar [[s.TimeLimitExceededMultiplier:1.5]]
[2022.07.17-13.22.58:605][  0]LogConfig: Setting CVar [[s.TimeLimitExceededMinTime:0.005]]
[2022.07.17-13.22.58:605][  0]LogConfig: Setting CVar [[s.UseBackgroundLevelStreaming:1]]
[2022.07.17-13.22.58:605][  0]LogConfig: Setting CVar [[s.PriorityAsyncLoadingExtraTime:15.0]]
[2022.07.17-13.22.58:605][  0]LogConfig: Setting CVar [[s.LevelStreamingActorsUpdateTimeLimit:5.0]]
[2022.07.17-13.22.58:605][  0]LogConfig: Setting CVar [[s.PriorityLevelStreamingActorsUpdateExtraTime:5.0]]
[2022.07.17-13.22.58:605][  0]LogConfig: Setting CVar [[s.LevelStreamingComponentsRegistrationGranularity:10]]
[2022.07.17-13.22.58:605][  0]LogConfig: Setting CVar [[s.UnregisterComponentsTimeLimit:1.0]]
[2022.07.17-13.22.58:605][  0]LogConfig: Setting CVar [[s.LevelStreamingComponentsUnregistrationGranularity:5]]
[2022.07.17-13.22.58:605][  0]LogConfig: Setting CVar [[s.FlushStreamingOnExit:1]]
[2022.07.17-13.22.58:605][  0]LogConfig: Applying CVar settings from Section [/Script/Engine.GarbageCollectionSettings] File [E:/Users/Ondrej/Projects/UE4/Builder/Saved/Config/Windows/Engine.ini]
[2022.07.17-13.22.58:605][  0]LogConfig: Setting CVar [[gc.MaxObjectsNotConsideredByGC:1]]
[2022.07.17-13.22.58:605][  0]LogConfig: Setting CVar [[gc.SizeOfPermanentObjectPool:0]]
[2022.07.17-13.22.58:605][  0]LogConfig: Setting CVar [[gc.FlushStreamingOnGC:0]]
[2022.07.17-13.22.58:605][  0]LogConfig: Setting CVar [[gc.NumRetriesBeforeForcingGC:10]]
[2022.07.17-13.22.58:605][  0]LogConfig: Setting CVar [[gc.AllowParallelGC:1]]
[2022.07.17-13.22.58:605][  0]LogConfig: Setting CVar [[gc.TimeBetweenPurgingPendingKillObjects:61.1]]
[2022.07.17-13.22.58:605][  0]LogConfig: Setting CVar [[gc.MaxObjectsInEditor:25165824]]
[2022.07.17-13.22.58:605][  0]LogConfig: Setting CVar [[gc.IncrementalBeginDestroyEnabled:1]]
[2022.07.17-13.22.58:605][  0]LogConfig: Setting CVar [[gc.CreateGCClusters:1]]
[2022.07.17-13.22.58:605][  0]LogConfig: Setting CVar [[gc.MinGCClusterSize:5]]
[2022.07.17-13.22.58:605][  0]LogConfig: Setting CVar [[gc.ActorClusteringEnabled:0]]
[2022.07.17-13.22.58:605][  0]LogConfig: Setting CVar [[gc.BlueprintClusteringEnabled:0]]
[2022.07.17-13.22.58:605][  0]LogConfig: Setting CVar [[gc.UseDisregardForGCOnDedicatedServers:0]]
[2022.07.17-13.22.58:605][  0]LogConfig: Setting CVar [[gc.MultithreadedDestructionEnabled:1]]
[2022.07.17-13.22.58:605][  0]LogConfig: Applying CVar settings from Section [/Script/Engine.NetworkSettings] File [E:/Users/Ondrej/Projects/UE4/Builder/Saved/Config/Windows/Engine.ini]
[2022.07.17-13.22.58:606][  0]LogConfig: Applying CVar settings from Section [/Script/UnrealEd.CookerSettings] File [E:/Users/Ondrej/Projects/UE4/Builder/Saved/Config/Windows/Engine.ini]
[2022.07.17-13.22.58:624][  0]LogConfig: Applying CVar settings from Section [ViewDistanceQuality@3] File [E:/Users/Ondrej/Projects/UE4/Builder/Saved/Config/Windows/Scalability.ini]
[2022.07.17-13.22.58:624][  0]LogConfig: Setting CVar [[r.SkeletalMeshLODBias:0]]
[2022.07.17-13.22.58:624][  0]LogConfig: Setting CVar [[r.ViewDistanceScale:1.0]]
[2022.07.17-13.22.58:624][  0]LogConfig: Applying CVar settings from Section [AntiAliasingQuality@3] File [E:/Users/Ondrej/Projects/UE4/Builder/Saved/Config/Windows/Scalability.ini]
[2022.07.17-13.22.58:624][  0]LogConfig: Setting CVar [[r.PostProcessAAQuality:4]]
[2022.07.17-13.22.58:624][  0]LogConfig: Applying CVar settings from Section [ShadowQuality@3] File [E:/Users/Ondrej/Projects/UE4/Builder/Saved/Config/Windows/Scalability.ini]
[2022.07.17-13.22.58:624][  0]LogConfig: Setting CVar [[r.LightFunctionQuality:1]]
[2022.07.17-13.22.58:624][  0]LogConfig: Setting CVar [[r.ShadowQuality:5]]
[2022.07.17-13.22.58:624][  0]LogConfig: Setting CVar [[r.Shadow.CSM.MaxCascades:10]]
[2022.07.17-13.22.58:624][  0]LogConfig: Setting CVar [[r.Shadow.MaxResolution:2048]]
[2022.07.17-13.22.58:624][  0]LogConfig: Setting CVar [[r.Shadow.MaxCSMResolution:2048]]
[2022.07.17-13.22.58:624][  0]LogConfig: Setting CVar [[r.Shadow.RadiusThreshold:0.01]]
[2022.07.17-13.22.58:624][  0]LogConfig: Setting CVar [[r.Shadow.DistanceScale:1.0]]
[2022.07.17-13.22.58:624][  0]LogConfig: Setting CVar [[r.Shadow.CSM.TransitionScale:1.0]]
[2022.07.17-13.22.58:624][  0]LogConfig: Setting CVar [[r.Shadow.PreShadowResolutionFactor:1.0]]
[2022.07.17-13.22.58:624][  0]LogConfig: Setting CVar [[r.DistanceFieldShadowing:1]]
[2022.07.17-13.22.58:624][  0]LogConfig: Setting CVar [[r.DistanceFieldAO:1]]
[2022.07.17-13.22.58:624][  0]LogConfig: Setting CVar [[r.AOQuality:2]]
[2022.07.17-13.22.58:624][  0]LogConfig: Setting CVar [[r.VolumetricFog:1]]
[2022.07.17-13.22.58:624][  0]LogConfig: Setting CVar [[r.VolumetricFog.GridPixelSize:8]]
[2022.07.17-13.22.58:624][  0]LogConfig: Setting CVar [[r.VolumetricFog.GridSizeZ:128]]
[2022.07.17-13.22.58:624][  0]LogConfig: Setting CVar [[r.VolumetricFog.HistoryMissSupersampleCount:4]]
[2022.07.17-13.22.58:624][  0]LogConfig: Setting CVar [[r.LightMaxDrawDistanceScale:1]]
[2022.07.17-13.22.58:624][  0]LogConfig: Setting CVar [[r.CapsuleShadows:1]]
[2022.07.17-13.22.58:624][  0]LogConfig: Applying CVar settings from Section [PostProcessQuality@3] File [E:/Users/Ondrej/Projects/UE4/Builder/Saved/Config/Windows/Scalability.ini]
[2022.07.17-13.22.58:624][  0]LogConfig: Setting CVar [[r.MotionBlurQuality:4]]
[2022.07.17-13.22.58:624][  0]LogConfig: Setting CVar [[r.AmbientOcclusionMipLevelFactor:0.4]]
[2022.07.17-13.22.58:624][  0]LogConfig: Setting CVar [[r.AmbientOcclusionMaxQuality:100]]
[2022.07.17-13.22.58:624][  0]LogConfig: Setting CVar [[r.AmbientOcclusionLevels:-1]]
[2022.07.17-13.22.58:624][  0]LogConfig: Setting CVar [[r.AmbientOcclusionRadiusScale:1.0]]
[2022.07.17-13.22.58:624][  0]LogConfig: Setting CVar [[r.DepthOfFieldQuality:2]]
[2022.07.17-13.22.58:624][  0]LogConfig: Setting CVar [[r.RenderTargetPoolMin:400]]
[2022.07.17-13.22.58:624][  0]LogConfig: Setting CVar [[r.LensFlareQuality:2]]
[2022.07.17-13.22.58:624][  0]LogConfig: Setting CVar [[r.SceneColorFringeQuality:1]]
[2022.07.17-13.22.58:624][  0]LogConfig: Setting CVar [[r.EyeAdaptationQuality:2]]
[2022.07.17-13.22.58:624][  0]LogConfig: Setting CVar [[r.BloomQuality:5]]
[2022.07.17-13.22.58:625][  0]LogConfig: Setting CVar [[r.FastBlurThreshold:100]]
[2022.07.17-13.22.58:625][  0]LogConfig: Setting CVar [[r.Upscale.Quality:3]]
[2022.07.17-13.22.58:625][  0]LogConfig: Setting CVar [[r.Tonemapper.GrainQuantization:1]]
[2022.07.17-13.22.58:625][  0]LogConfig: Setting CVar [[r.LightShaftQuality:1]]
[2022.07.17-13.22.58:625][  0]LogConfig: Setting CVar [[r.Filter.SizeScale:1]]
[2022.07.17-13.22.58:625][  0]LogConfig: Setting CVar [[r.Tonemapper.Quality:5]]
[2022.07.17-13.22.58:625][  0]LogConfig: Setting CVar [[r.DOF.Gather.AccumulatorQuality:1        ; higher gathering accumulator quality]]
[2022.07.17-13.22.58:625][  0]LogConfig: Setting CVar [[r.DOF.Gather.PostfilterMethod:1          ; Median3x3 postfilering method]]
[2022.07.17-13.22.58:625][  0]LogConfig: Setting CVar [[r.DOF.Gather.EnableBokehSettings:0       ; no bokeh simulation when gathering]]
[2022.07.17-13.22.58:625][  0]LogConfig: Setting CVar [[r.DOF.Gather.RingCount:4                 ; medium number of samples when gathering]]
[2022.07.17-13.22.58:625][  0]LogConfig: Setting CVar [[r.DOF.Scatter.ForegroundCompositing:1    ; additive foreground scattering]]
[2022.07.17-13.22.58:625][  0]LogConfig: Setting CVar [[r.DOF.Scatter.BackgroundCompositing:2    ; additive background scattering]]
[2022.07.17-13.22.58:625][  0]LogConfig: Setting CVar [[r.DOF.Scatter.EnableBokehSettings:1      ; bokeh simulation when scattering]]
[2022.07.17-13.22.58:625][  0]LogConfig: Setting CVar [[r.DOF.Scatter.MaxSpriteRatio:0.1         ; only a maximum of 10% of scattered bokeh]]
[2022.07.17-13.22.58:625][  0]LogConfig: Setting CVar [[r.DOF.Recombine.Quality:1                ; cheap slight out of focus]]
[2022.07.17-13.22.58:625][  0]LogConfig: Setting CVar [[r.DOF.Recombine.EnableBokehSettings:0    ; no bokeh simulation on slight out of focus]]
[2022.07.17-13.22.58:625][  0]LogConfig: Setting CVar [[r.DOF.TemporalAAQuality:1                ; more stable temporal accumulation]]
[2022.07.17-13.22.58:625][  0]LogConfig: Setting CVar [[r.DOF.Kernel.MaxForegroundRadius:0.025]]
[2022.07.17-13.22.58:625][  0]LogConfig: Setting CVar [[r.DOF.Kernel.MaxBackgroundRadius:0.025]]
[2022.07.17-13.22.58:625][  0]LogConfig: Applying CVar settings from Section [TextureQuality@3] File [E:/Users/Ondrej/Projects/UE4/Builder/Saved/Config/Windows/Scalability.ini]
[2022.07.17-13.22.58:625][  0]LogConfig: Setting CVar [[r.Streaming.MipBias:0]]
[2022.07.17-13.22.58:625][  0]LogConfig: Setting CVar [[r.Streaming.AmortizeCPUToGPUCopy:0]]
[2022.07.17-13.22.58:625][  0]LogConfig: Setting CVar [[r.Streaming.MaxNumTexturesToStreamPerFrame:0]]
[2022.07.17-13.22.58:625][  0]LogConfig: Setting CVar [[r.Streaming.Boost:1]]
[2022.07.17-13.22.58:625][  0]LogConfig: Setting CVar [[r.MaxAnisotropy:8]]
[2022.07.17-13.22.58:625][  0]LogConfig: Setting CVar [[r.VT.MaxAnisotropy:8]]
[2022.07.17-13.22.58:625][  0]LogConfig: Setting CVar [[r.Streaming.LimitPoolSizeToVRAM:0]]
[2022.07.17-13.22.58:625][  0]LogConfig: Setting CVar [[r.Streaming.PoolSize:1000]]
[2022.07.17-13.22.58:625][  0]LogConfig: Setting CVar [[r.Streaming.MaxEffectiveScreenSize:0]]
[2022.07.17-13.22.58:625][  0]LogConfig: Applying CVar settings from Section [EffectsQuality@3] File [E:/Users/Ondrej/Projects/UE4/Builder/Saved/Config/Windows/Scalability.ini]
[2022.07.17-13.22.58:625][  0]LogConfig: Setting CVar [[r.TranslucencyLightingVolumeDim:64]]
[2022.07.17-13.22.58:625][  0]LogConfig: Setting CVar [[r.RefractionQuality:2]]
[2022.07.17-13.22.58:625][  0]LogConfig: Setting CVar [[r.SSR.Quality:3]]
[2022.07.17-13.22.58:625][  0]LogConfig: Setting CVar [[r.SSR.HalfResSceneColor:0]]
[2022.07.17-13.22.58:625][  0]LogConfig: Setting CVar [[r.SceneColorFormat:4]]
[2022.07.17-13.22.58:625][  0]LogConfig: Setting CVar [[r.DetailMode:2]]
[2022.07.17-13.22.58:625][  0]LogConfig: Setting CVar [[r.TranslucencyVolumeBlur:1]]
[2022.07.17-13.22.58:625][  0]LogConfig: Setting CVar [[r.MaterialQualityLevel:1 ; High quality]]
[2022.07.17-13.22.58:625][  0]LogConfig: Setting CVar [[r.AnisotropicMaterials:1]]
[2022.07.17-13.22.58:625][  0]LogConfig: Setting CVar [[r.SSS.Scale:1]]
[2022.07.17-13.22.58:625][  0]LogConfig: Setting CVar [[r.SSS.SampleSet:2]]
[2022.07.17-13.22.58:625][  0]LogConfig: Setting CVar [[r.SSS.Quality:1]]
[2022.07.17-13.22.58:625][  0]LogConfig: Setting CVar [[r.SSS.HalfRes:0]]
[2022.07.17-13.22.58:625][  0]LogConfig: Setting CVar [[r.SSGI.Quality:3]]
[2022.07.17-13.22.58:625][  0]LogConfig: Setting CVar [[r.EmitterSpawnRateScale:1.0]]
[2022.07.17-13.22.58:625][  0]LogConfig: Setting CVar [[r.ParticleLightQuality:2]]
[2022.07.17-13.22.58:625][  0]LogConfig: Setting CVar [[r.SkyAtmosphere.AerialPerspectiveLUT.FastApplyOnOpaque:1 ; Always have FastSkyLUT 1 in this case to avoid wrong sky]]
[2022.07.17-13.22.58:625][  0]LogConfig: Setting CVar [[r.SkyAtmosphere.AerialPerspectiveLUT.SampleCountMaxPerSlice:4]]
[2022.07.17-13.22.58:625][  0]LogConfig: Setting CVar [[r.SkyAtmosphere.AerialPerspectiveLUT.DepthResolution:16.0]]
[2022.07.17-13.22.58:625][  0]LogConfig: Setting CVar [[r.SkyAtmosphere.FastSkyLUT:1]]
[2022.07.17-13.22.58:625][  0]LogConfig: Setting CVar [[r.SkyAtmosphere.FastSkyLUT.SampleCountMin:4.0]]
[2022.07.17-13.22.58:625][  0]LogConfig: Setting CVar [[r.SkyAtmosphere.FastSkyLUT.SampleCountMax:128.0]]
[2022.07.17-13.22.58:625][  0]LogConfig: Setting CVar [[r.SkyAtmosphere.SampleCountMin:4.0]]
[2022.07.17-13.22.58:625][  0]LogConfig: Setting CVar [[r.SkyAtmosphere.SampleCountMax:128.0]]
[2022.07.17-13.22.58:625][  0]LogConfig: Setting CVar [[r.SkyAtmosphere.TransmittanceLUT.UseSmallFormat:0]]
[2022.07.17-13.22.58:625][  0]LogConfig: Setting CVar [[r.SkyAtmosphere.TransmittanceLUT.SampleCount:10.0]]
[2022.07.17-13.22.58:625][  0]LogConfig: Setting CVar [[r.SkyAtmosphere.MultiScatteringLUT.SampleCount:15.0]]
[2022.07.17-13.22.58:625][  0]LogConfig: Setting CVar [[r.SkyLight.RealTimeReflectionCapture:1]]
[2022.07.17-13.22.58:625][  0]LogConfig: Applying CVar settings from Section [FoliageQuality@3] File [E:/Users/Ondrej/Projects/UE4/Builder/Saved/Config/Windows/Scalability.ini]
[2022.07.17-13.22.58:626][  0]LogConfig: Setting CVar [[foliage.DensityScale:1.0]]
[2022.07.17-13.22.58:626][  0]LogConfig: Setting CVar [[grass.DensityScale:1.0]]
[2022.07.17-13.22.58:626][  0]LogConfig: Applying CVar settings from Section [ShadingQuality@3] File [E:/Users/Ondrej/Projects/UE4/Builder/Saved/Config/Windows/Scalability.ini]
[2022.07.17-13.22.58:626][  0]LogConfig: Setting CVar [[r.HairStrands.SkyLighting.IntegrationType:2]]
[2022.07.17-13.22.58:626][  0]LogConfig: Setting CVar [[r.HairStrands.SkyAO.SampleCount:4]]
[2022.07.17-13.22.58:626][  0]LogConfig: Setting CVar [[r.HairStrands.Visibility.MSAA.SamplePerPixel:4]]
[2022.07.17-13.22.58:626][  0]LogInit: Selected Device Profile: [Windows]
[2022.07.17-13.22.58:626][  0]LogInit: Applying CVar settings loaded from the selected device profile: [Windows]
[2022.07.17-13.22.58:626][  0]LogHAL: Display: Platform has ~ 8 GB [8520376320 / 8589934592 / 8], which maps to Default [LargestMinGB=32, LargerMinGB=12, DefaultMinGB=8, SmallerMinGB=6, SmallestMinGB=0)
[2022.07.17-13.22.58:626][  0]LogInit: Going up to parent DeviceProfile []
[2022.07.17-13.22.58:626][  0]LogConfig: Applying CVar settings from Section [ViewDistanceQuality@3] File [E:/Users/Ondrej/Projects/UE4/Builder/Saved/Config/Windows/Scalability.ini]
[2022.07.17-13.22.58:626][  0]LogConfig: Setting CVar [[r.SkeletalMeshLODBias:0]]
[2022.07.17-13.22.58:626][  0]LogConfig: Setting CVar [[r.ViewDistanceScale:1.0]]
[2022.07.17-13.22.58:626][  0]LogConfig: Applying CVar settings from Section [AntiAliasingQuality@3] File [E:/Users/Ondrej/Projects/UE4/Builder/Saved/Config/Windows/Scalability.ini]
[2022.07.17-13.22.58:626][  0]LogConfig: Setting CVar [[r.PostProcessAAQuality:4]]
[2022.07.17-13.22.58:626][  0]LogConfig: Applying CVar settings from Section [ShadowQuality@3] File [E:/Users/Ondrej/Projects/UE4/Builder/Saved/Config/Windows/Scalability.ini]
[2022.07.17-13.22.58:626][  0]LogConfig: Setting CVar [[r.LightFunctionQuality:1]]
[2022.07.17-13.22.58:626][  0]LogConfig: Setting CVar [[r.ShadowQuality:5]]
[2022.07.17-13.22.58:626][  0]LogConfig: Setting CVar [[r.Shadow.CSM.MaxCascades:10]]
[2022.07.17-13.22.58:626][  0]LogConfig: Setting CVar [[r.Shadow.MaxResolution:2048]]
[2022.07.17-13.22.58:626][  0]LogConfig: Setting CVar [[r.Shadow.MaxCSMResolution:2048]]
[2022.07.17-13.22.58:626][  0]LogConfig: Setting CVar [[r.Shadow.RadiusThreshold:0.01]]
[2022.07.17-13.22.58:626][  0]LogConfig: Setting CVar [[r.Shadow.DistanceScale:1.0]]
[2022.07.17-13.22.58:626][  0]LogConfig: Setting CVar [[r.Shadow.CSM.TransitionScale:1.0]]
[2022.07.17-13.22.58:626][  0]LogConfig: Setting CVar [[r.Shadow.PreShadowResolutionFactor:1.0]]
[2022.07.17-13.22.58:626][  0]LogConfig: Setting CVar [[r.DistanceFieldShadowing:1]]
[2022.07.17-13.22.58:626][  0]LogConfig: Setting CVar [[r.DistanceFieldAO:1]]
[2022.07.17-13.22.58:626][  0]LogConfig: Setting CVar [[r.AOQuality:2]]
[2022.07.17-13.22.58:626][  0]LogConfig: Setting CVar [[r.VolumetricFog:1]]
[2022.07.17-13.22.58:626][  0]LogConfig: Setting CVar [[r.VolumetricFog.GridPixelSize:8]]
[2022.07.17-13.22.58:626][  0]LogConfig: Setting CVar [[r.VolumetricFog.GridSizeZ:128]]
[2022.07.17-13.22.58:626][  0]LogConfig: Setting CVar [[r.VolumetricFog.HistoryMissSupersampleCount:4]]
[2022.07.17-13.22.58:626][  0]LogConfig: Setting CVar [[r.LightMaxDrawDistanceScale:1]]
[2022.07.17-13.22.58:626][  0]LogConfig: Setting CVar [[r.CapsuleShadows:1]]
[2022.07.17-13.22.58:626][  0]LogConfig: Applying CVar settings from Section [PostProcessQuality@3] File [E:/Users/Ondrej/Projects/UE4/Builder/Saved/Config/Windows/Scalability.ini]
[2022.07.17-13.22.58:626][  0]LogConfig: Setting CVar [[r.MotionBlurQuality:4]]
[2022.07.17-13.22.58:626][  0]LogConfig: Setting CVar [[r.AmbientOcclusionMipLevelFactor:0.4]]
[2022.07.17-13.22.58:626][  0]LogConfig: Setting CVar [[r.AmbientOcclusionMaxQuality:100]]
[2022.07.17-13.22.58:626][  0]LogConfig: Setting CVar [[r.AmbientOcclusionLevels:-1]]
[2022.07.17-13.22.58:626][  0]LogConfig: Setting CVar [[r.AmbientOcclusionRadiusScale:1.0]]
[2022.07.17-13.22.58:626][  0]LogConfig: Setting CVar [[r.DepthOfFieldQuality:2]]
[2022.07.17-13.22.58:626][  0]LogConfig: Setting CVar [[r.RenderTargetPoolMin:400]]
[2022.07.17-13.22.58:626][  0]LogConfig: Setting CVar [[r.LensFlareQuality:2]]
[2022.07.17-13.22.58:626][  0]LogConfig: Setting CVar [[r.SceneColorFringeQuality:1]]
[2022.07.17-13.22.58:627][  0]LogConfig: Setting CVar [[r.EyeAdaptationQuality:2]]
[2022.07.17-13.22.58:627][  0]LogConfig: Setting CVar [[r.BloomQuality:5]]
[2022.07.17-13.22.58:627][  0]LogConfig: Setting CVar [[r.FastBlurThreshold:100]]
[2022.07.17-13.22.58:627][  0]LogConfig: Setting CVar [[r.Upscale.Quality:3]]
[2022.07.17-13.22.58:627][  0]LogConfig: Setting CVar [[r.Tonemapper.GrainQuantization:1]]
[2022.07.17-13.22.58:627][  0]LogConfig: Setting CVar [[r.LightShaftQuality:1]]
[2022.07.17-13.22.58:627][  0]LogConfig: Setting CVar [[r.Filter.SizeScale:1]]
[2022.07.17-13.22.58:627][  0]LogConfig: Setting CVar [[r.Tonemapper.Quality:5]]
[2022.07.17-13.22.58:627][  0]LogConfig: Setting CVar [[r.DOF.Gather.AccumulatorQuality:1        ; higher gathering accumulator quality]]
[2022.07.17-13.22.58:627][  0]LogConfig: Setting CVar [[r.DOF.Gather.PostfilterMethod:1          ; Median3x3 postfilering method]]
[2022.07.17-13.22.58:627][  0]LogConfig: Setting CVar [[r.DOF.Gather.EnableBokehSettings:0       ; no bokeh simulation when gathering]]
[2022.07.17-13.22.58:627][  0]LogConfig: Setting CVar [[r.DOF.Gather.RingCount:4                 ; medium number of samples when gathering]]
[2022.07.17-13.22.58:627][  0]LogConfig: Setting CVar [[r.DOF.Scatter.ForegroundCompositing:1    ; additive foreground scattering]]
[2022.07.17-13.22.58:627][  0]LogConfig: Setting CVar [[r.DOF.Scatter.BackgroundCompositing:2    ; additive background scattering]]
[2022.07.17-13.22.58:627][  0]LogConfig: Setting CVar [[r.DOF.Scatter.EnableBokehSettings:1      ; bokeh simulation when scattering]]
[2022.07.17-13.22.58:627][  0]LogConfig: Setting CVar [[r.DOF.Scatter.MaxSpriteRatio:0.1         ; only a maximum of 10% of scattered bokeh]]
[2022.07.17-13.22.58:627][  0]LogConfig: Setting CVar [[r.DOF.Recombine.Quality:1                ; cheap slight out of focus]]
[2022.07.17-13.22.58:627][  0]LogConfig: Setting CVar [[r.DOF.Recombine.EnableBokehSettings:0    ; no bokeh simulation on slight out of focus]]
[2022.07.17-13.22.58:627][  0]LogConfig: Setting CVar [[r.DOF.TemporalAAQuality:1                ; more stable temporal accumulation]]
[2022.07.17-13.22.58:627][  0]LogConfig: Setting CVar [[r.DOF.Kernel.MaxForegroundRadius:0.025]]
[2022.07.17-13.22.58:627][  0]LogConfig: Setting CVar [[r.DOF.Kernel.MaxBackgroundRadius:0.025]]
[2022.07.17-13.22.58:627][  0]LogConfig: Applying CVar settings from Section [TextureQuality@3] File [E:/Users/Ondrej/Projects/UE4/Builder/Saved/Config/Windows/Scalability.ini]
[2022.07.17-13.22.58:627][  0]LogConfig: Setting CVar [[r.Streaming.MipBias:0]]
[2022.07.17-13.22.58:627][  0]LogConfig: Setting CVar [[r.Streaming.AmortizeCPUToGPUCopy:0]]
[2022.07.17-13.22.58:627][  0]LogConfig: Setting CVar [[r.Streaming.MaxNumTexturesToStreamPerFrame:0]]
[2022.07.17-13.22.58:627][  0]LogConfig: Setting CVar [[r.Streaming.Boost:1]]
[2022.07.17-13.22.58:627][  0]LogConfig: Setting CVar [[r.MaxAnisotropy:8]]
[2022.07.17-13.22.58:627][  0]LogConfig: Setting CVar [[r.VT.MaxAnisotropy:8]]
[2022.07.17-13.22.58:627][  0]LogConfig: Setting CVar [[r.Streaming.LimitPoolSizeToVRAM:0]]
[2022.07.17-13.22.58:627][  0]LogConfig: Setting CVar [[r.Streaming.PoolSize:1000]]
[2022.07.17-13.22.58:627][  0]LogConfig: Setting CVar [[r.Streaming.MaxEffectiveScreenSize:0]]
[2022.07.17-13.22.58:627][  0]LogConfig: Applying CVar settings from Section [EffectsQuality@3] File [E:/Users/Ondrej/Projects/UE4/Builder/Saved/Config/Windows/Scalability.ini]
[2022.07.17-13.22.58:627][  0]LogConfig: Setting CVar [[r.TranslucencyLightingVolumeDim:64]]
[2022.07.17-13.22.58:627][  0]LogConfig: Setting CVar [[r.RefractionQuality:2]]
[2022.07.17-13.22.58:627][  0]LogConfig: Setting CVar [[r.SSR.Quality:3]]
[2022.07.17-13.22.58:627][  0]LogConfig: Setting CVar [[r.SSR.HalfResSceneColor:0]]
[2022.07.17-13.22.58:627][  0]LogConfig: Setting CVar [[r.SceneColorFormat:4]]
[2022.07.17-13.22.58:627][  0]LogConfig: Setting CVar [[r.DetailMode:2]]
[2022.07.17-13.22.58:627][  0]LogConfig: Setting CVar [[r.TranslucencyVolumeBlur:1]]
[2022.07.17-13.22.58:627][  0]LogConfig: Setting CVar [[r.MaterialQualityLevel:1 ; High quality]]
[2022.07.17-13.22.58:627][  0]LogConfig: Setting CVar [[r.AnisotropicMaterials:1]]
[2022.07.17-13.22.58:627][  0]LogConfig: Setting CVar [[r.SSS.Scale:1]]
[2022.07.17-13.22.58:627][  0]LogConfig: Setting CVar [[r.SSS.SampleSet:2]]
[2022.07.17-13.22.58:627][  0]LogConfig: Setting CVar [[r.SSS.Quality:1]]
[2022.07.17-13.22.58:627][  0]LogConfig: Setting CVar [[r.SSS.HalfRes:0]]
[2022.07.17-13.22.58:627][  0]LogConfig: Setting CVar [[r.SSGI.Quality:3]]
[2022.07.17-13.22.58:627][  0]LogConfig: Setting CVar [[r.EmitterSpawnRateScale:1.0]]
[2022.07.17-13.22.58:627][  0]LogConfig: Setting CVar [[r.ParticleLightQuality:2]]
[2022.07.17-13.22.58:627][  0]LogConfig: Setting CVar [[r.SkyAtmosphere.AerialPerspectiveLUT.FastApplyOnOpaque:1 ; Always have FastSkyLUT 1 in this case to avoid wrong sky]]
[2022.07.17-13.22.58:627][  0]LogConfig: Setting CVar [[r.SkyAtmosphere.AerialPerspectiveLUT.SampleCountMaxPerSlice:4]]
[2022.07.17-13.22.58:627][  0]LogConfig: Setting CVar [[r.SkyAtmosphere.AerialPerspectiveLUT.DepthResolution:16.0]]
[2022.07.17-13.22.58:627][  0]LogConfig: Setting CVar [[r.SkyAtmosphere.FastSkyLUT:1]]
[2022.07.17-13.22.58:627][  0]LogConfig: Setting CVar [[r.SkyAtmosphere.FastSkyLUT.SampleCountMin:4.0]]
[2022.07.17-13.22.58:627][  0]LogConfig: Setting CVar [[r.SkyAtmosphere.FastSkyLUT.SampleCountMax:128.0]]
[2022.07.17-13.22.58:627][  0]LogConfig: Setting CVar [[r.SkyAtmosphere.SampleCountMin:4.0]]
[2022.07.17-13.22.58:627][  0]LogConfig: Setting CVar [[r.SkyAtmosphere.SampleCountMax:128.0]]
[2022.07.17-13.22.58:627][  0]LogConfig: Setting CVar [[r.SkyAtmosphere.TransmittanceLUT.UseSmallFormat:0]]
[2022.07.17-13.22.58:627][  0]LogConfig: Setting CVar [[r.SkyAtmosphere.TransmittanceLUT.SampleCount:10.0]]
[2022.07.17-13.22.58:627][  0]LogConfig: Setting CVar [[r.SkyAtmosphere.MultiScatteringLUT.SampleCount:15.0]]
[2022.07.17-13.22.58:627][  0]LogConfig: Setting CVar [[r.SkyLight.RealTimeReflectionCapture:1]]
[2022.07.17-13.22.58:627][  0]LogConfig: Applying CVar settings from Section [FoliageQuality@3] File [E:/Users/Ondrej/Projects/UE4/Builder/Saved/Config/Windows/Scalability.ini]
[2022.07.17-13.22.58:627][  0]LogConfig: Setting CVar [[foliage.DensityScale:1.0]]
[2022.07.17-13.22.58:627][  0]LogConfig: Setting CVar [[grass.DensityScale:1.0]]
[2022.07.17-13.22.58:627][  0]LogConfig: Applying CVar settings from Section [ShadingQuality@3] File [E:/Users/Ondrej/Projects/UE4/Builder/Saved/Config/Windows/Scalability.ini]
[2022.07.17-13.22.58:627][  0]LogConfig: Setting CVar [[r.HairStrands.SkyLighting.IntegrationType:2]]
[2022.07.17-13.22.58:627][  0]LogConfig: Setting CVar [[r.HairStrands.SkyAO.SampleCount:4]]
[2022.07.17-13.22.58:627][  0]LogConfig: Setting CVar [[r.HairStrands.Visibility.MSAA.SamplePerPixel:4]]
[2022.07.17-13.22.58:628][  0]LogConfig: Applying CVar settings from Section [Startup] File [../../../Engine/Config/ConsoleVariables.ini]
[2022.07.17-13.22.58:628][  0]LogConfig: Setting CVar [[net.UseAdaptiveNetUpdateFrequency:0]]
[2022.07.17-13.22.58:628][  0]LogConfig: Setting CVar [[p.chaos.AllowCreatePhysxBodies:1]]
[2022.07.17-13.22.58:628][  0]LogConfig: Setting CVar [[fx.SkipVectorVMBackendOptimizations:1]]
[2022.07.17-13.22.58:628][  0]LogConfig: Applying CVar settings from Section [ConsoleVariables] File [E:/Users/Ondrej/Projects/UE4/Builder/Saved/Config/Windows/Engine.ini]
[2022.07.17-13.22.58:628][  0]LogConfig: Applying CVar settings from Section [ConsoleVariables] File [E:/Users/Ondrej/Projects/UE4/Builder/Saved/Config/Windows/Editor.ini]
[2022.07.17-13.22.58:628][  0]LogInit: Computer: DESKTOP-2DJGVV8
[2022.07.17-13.22.58:628][  0]LogInit: User: varga
[2022.07.17-13.22.58:628][  0]LogInit: CPU Page size=4096, Cores=4
[2022.07.17-13.22.58:628][  0]LogInit: High frequency timer resolution =10.000000 MHz
[2022.07.17-13.22.58:628][  0]LogMemory: Memory total: Physical=7.9GB (8GB approx)
[2022.07.17-13.22.58:628][  0]LogMemory: Platform Memory Stats for Windows
[2022.07.17-13.22.58:628][  0]LogMemory: Process Physical Memory: 139.89 MB used, 139.89 MB peak
[2022.07.17-13.22.58:628][  0]LogMemory: Process Virtual Memory: 112.38 MB used, 112.38 MB peak
[2022.07.17-13.22.58:628][  0]LogMemory: Physical Memory: 6405.71 MB used,  1719.96 MB free, 8125.66 MB total
[2022.07.17-13.22.58:628][  0]LogMemory: Virtual Memory: 134206744.00 MB used,  10984.89 MB free, 134217728.00 MB total
[2022.07.17-13.22.58:634][  0]LogWindows: WindowsPlatformFeatures enabled
[2022.07.17-13.22.58:655][  0]LogInit: Physics initialised using underlying interface: PhysX
[2022.07.17-13.22.58:655][  0]LogInit: Using OS detected language (en-US).
[2022.07.17-13.22.58:655][  0]LogInit: Using OS detected locale (sk-SK).
[2022.07.17-13.22.58:658][  0]LogTextLocalizationManager: No specific localization for 'en-US' exists, so the 'en' localization will be used.
[2022.07.17-13.22.58:660][  0]LogTextLocalizationManager: No localization for 'sk-SK' exists, so 'en' will be used for the locale.
[2022.07.17-13.22.58:933][  0]LogWindowsTextInputMethodSystem: Display: IME system deactivated.
[2022.07.17-13.22.59:005][  0]LogSlate: New Slate User Created.  User Index 0, Is Virtual User: 0
[2022.07.17-13.22.59:005][  0]LogSlate: Slate User Registered.  User Index 0, Is Virtual User: 0
[2022.07.17-13.22.59:034][  0]LogD3D11RHI: Loaded GFSDK_Aftermath_Lib.x64.dll
[2022.07.17-13.22.59:036][  0]LogD3D11RHI: D3D11 min allowed feature level: 11_0
[2022.07.17-13.22.59:036][  0]LogD3D11RHI: D3D11 max allowed feature level: 11_0
[2022.07.17-13.22.59:036][  0]LogD3D11RHI: D3D11 adapters:
[2022.07.17-13.22.59:144][  0]LogD3D11RHI:    0. 'NVIDIA GeForce GTX 970' (Feature Level 11_0)
[2022.07.17-13.22.59:144][  0]LogD3D11RHI:       4043/0/4062 MB DedicatedVideo/DedicatedSystem/SharedSystem, Outputs:2, VendorId:0x10de
[2022.07.17-13.22.59:146][  0]LogD3D11RHI:    1. 'Microsoft Basic Render Driver' (Feature Level 11_0)
[2022.07.17-13.22.59:146][  0]LogD3D11RHI:       0/0/4062 MB DedicatedVideo/DedicatedSystem/SharedSystem, Outputs:0, VendorId:0x1414
[2022.07.17-13.22.59:146][  0]LogD3D11RHI: Chosen D3D11 Adapter:
[2022.07.17-13.22.59:146][  0]LogD3D11RHI:     Description : NVIDIA GeForce GTX 970
[2022.07.17-13.22.59:146][  0]LogD3D11RHI:     VendorId    : 10de
[2022.07.17-13.22.59:146][  0]LogD3D11RHI:     DeviceId    : 13c2
[2022.07.17-13.22.59:146][  0]LogD3D11RHI:     SubSysId    : 85081043
[2022.07.17-13.22.59:146][  0]LogD3D11RHI:     Revision    : 00a1
[2022.07.17-13.22.59:147][  0]LogD3D11RHI:     DedicatedVideoMemory : 4239654912 bytes
[2022.07.17-13.22.59:147][  0]LogD3D11RHI:     DedicatedSystemMemory : 0 bytes
[2022.07.17-13.22.59:147][  0]LogD3D11RHI:     SharedSystemMemory : 4260188160 bytes
[2022.07.17-13.22.59:147][  0]LogD3D11RHI:     AdapterLuid : 0 34769
[2022.07.17-13.22.59:153][  0]LogD3D11RHI: Creating new Direct3DDevice
[2022.07.17-13.22.59:153][  0]LogD3D11RHI:     GPU DeviceId: 0x13c2 (for the marketing name, search the web for "GPU Device Id")
[2022.07.17-13.22.59:153][  0]LogWindows: EnumDisplayDevices:
[2022.07.17-13.22.59:153][  0]LogWindows:    0. 'NVIDIA GeForce GTX 970' (P:1 D:1)
[2022.07.17-13.22.59:153][  0]LogWindows:    1. 'NVIDIA GeForce GTX 970' (P:0 D:1)
[2022.07.17-13.22.59:154][  0]LogWindows:    2. 'NVIDIA GeForce GTX 970' (P:0 D:0)
[2022.07.17-13.22.59:154][  0]LogWindows:    3. 'NVIDIA GeForce GTX 970' (P:0 D:0)
[2022.07.17-13.22.59:154][  0]LogWindows: DebugString: FoundDriverCount:4 
[2022.07.17-13.22.59:154][  0]LogD3D11RHI:     Adapter Name: NVIDIA GeForce GTX 970
[2022.07.17-13.22.59:154][  0]LogD3D11RHI:   Driver Version: 516.59 (internal:31.0.15.1659, unified:516.59)
[2022.07.17-13.22.59:154][  0]LogD3D11RHI:      Driver Date: 6-23-2022
[2022.07.17-13.22.59:154][  0]LogRHI: Texture pool is 2830 MB (70% of 4043 MB)
[2022.07.17-13.22.59:154][  0]LogD3D11RHI: Creating D3DDevice using adapter:
[2022.07.17-13.22.59:154][  0]LogD3D11RHI:     Description : NVIDIA GeForce GTX 970
[2022.07.17-13.22.59:154][  0]LogD3D11RHI:     VendorId    : 10de
[2022.07.17-13.22.59:154][  0]LogD3D11RHI:     DeviceId    : 13c2
[2022.07.17-13.22.59:154][  0]LogD3D11RHI:     SubSysId    : 85081043
[2022.07.17-13.22.59:154][  0]LogD3D11RHI:     Revision    : 00a1
[2022.07.17-13.22.59:154][  0]LogD3D11RHI:     DedicatedVideoMemory : 4239654912 bytes
[2022.07.17-13.22.59:154][  0]LogD3D11RHI:     DedicatedSystemMemory : 0 bytes
[2022.07.17-13.22.59:154][  0]LogD3D11RHI:     SharedSystemMemory : 4260188160 bytes
[2022.07.17-13.22.59:154][  0]LogD3D11RHI:     AdapterLuid : 0 34769
[2022.07.17-13.22.59:220][  0]LogD3D11RHI: RHI has support for 64 bit atomics
[2022.07.17-13.22.59:220][  0]LogD3D11RHI: Async texture creation enabled
[2022.07.17-13.22.59:220][  0]LogD3D11RHI: Array index from any shader is supported
[2022.07.17-13.22.59:240][  0]LogD3D11RHI: GPU Timing Frequency: 1000.000000 (Debug: 2 1)
[2022.07.17-13.22.59:282][  0]LogRHI: GeForceNow SDK initialized: 1
[2022.07.17-13.22.59:588][  0]LogTargetPlatformManager: Display: Loaded TargetPlatform 'WindowsNoEditor'
[2022.07.17-13.22.59:592][  0]LogTargetPlatformManager: Display: Loaded TargetPlatform 'Windows'
[2022.07.17-13.22.59:597][  0]LogTargetPlatformManager: Display: Loaded TargetPlatform 'WindowsClient'
[2022.07.17-13.22.59:600][  0]LogTargetPlatformManager: Display: Loaded TargetPlatform 'WindowsServer'
[2022.07.17-13.22.59:601][  0]LogTargetPlatformManager: Display: Building Assets For Windows
[2022.07.17-13.22.59:606][  0]LogAudioDebug: Display: Lib vorbis DLL was dynamically loaded.
[2022.07.17-13.22.59:632][  0]LogTextureFormatOodle: Display: Oodle Texture 2.9.0 init RDO Off
[2022.07.17-13.22.59:661][  0]LogRendererCore: Ray tracing is disabled. Reason: r.RayTracing=0.
[2022.07.17-13.22.59:661][  0]LogShaderCompilers: Guid format shader working directory is -6 characters bigger than the processId version (../../../../../../Users/Ondrej/Projects/UE4/Builder/Intermediate/Shaders/WorkingDirectory/12776/).
[2022.07.17-13.22.59:661][  0]LogShaderCompilers: Cleaned the shader compiler working directory 'C:/Users/varga/AppData/Local/Temp/UnrealShaderWorkingDir/8BFBF6A5413FE4CEBBB278B7BC160B99/'.
[2022.07.17-13.22.59:661][  0]LogXGEController: Cannot use XGE Controller as Incredibuild is not installed on this machine.
[2022.07.17-13.22.59:662][  0]LogShaderCompilers: Cannot use XGE Shader Compiler as Incredibuild is not installed on this machine.
[2022.07.17-13.22.59:662][  0]LogShaderCompilers: Display: Using Local Shader Compiler.
[2022.07.17-13.23.00:477][  0]LogDerivedDataCache: Display: Max Cache Size: 512 MB
[2022.07.17-13.23.00:547][  0]LogDerivedDataCache: Loaded boot cache 0.07s 94MB C:/Users/varga/AppData/Local/UnrealEngine/4.27/DerivedDataCache/Boot.ddc.
[2022.07.17-13.23.00:547][  0]LogDerivedDataCache: Display: Loaded Boot cache: C:/Users/varga/AppData/Local/UnrealEngine/4.27/DerivedDataCache/Boot.ddc
[2022.07.17-13.23.00:547][  0]LogDerivedDataCache: FDerivedDataBackendGraph:  Pak pak cache file ../../../../../../Users/Ondrej/Projects/UE4/Builder/DerivedDataCache/DDC.ddp not found, will not use a pak cache.
[2022.07.17-13.23.00:547][  0]LogDerivedDataCache: Unable to find inner node Pak for hierarchical cache Hierarchy.
[2022.07.17-13.23.00:547][  0]LogDerivedDataCache: FDerivedDataBackendGraph:  CompressedPak pak cache file ../../../../../../Users/Ondrej/Projects/UE4/Builder/DerivedDataCache/Compressed.ddp not found, will not use a pak cache.
[2022.07.17-13.23.00:547][  0]LogDerivedDataCache: Unable to find inner node CompressedPak for hierarchical cache Hierarchy.
[2022.07.17-13.23.00:566][  0]LogDerivedDataCache: Display: Pak cache opened for reading ../../../Engine/DerivedDataCache/Compressed.ddp.
[2022.07.17-13.23.00:566][  0]LogDerivedDataCache: FDerivedDataBackendGraph:  EnterprisePak pak cache file ../../../Enterprise/DerivedDataCache/Compressed.ddp not found, will not use a pak cache.
[2022.07.17-13.23.00:566][  0]LogDerivedDataCache: Unable to find inner node EnterprisePak for hierarchical cache Hierarchy.
[2022.07.17-13.23.00:572][  0]LogDerivedDataCache: Speed tests for C:/Users/varga/AppData/Local/UnrealEngine/Common/DerivedDataCache took 0.01 seconds
[2022.07.17-13.23.00:572][  0]LogDerivedDataCache: Display: Performance to C:/Users/varga/AppData/Local/UnrealEngine/Common/DerivedDataCache: Latency=0.02ms. RandomReadSpeed=1226.66MBs, RandomWriteSpeed=185.67MBs. Assigned SpeedClass 'Local'
[2022.07.17-13.23.00:573][  0]LogDerivedDataCache: Using Local data cache path C:/Users/varga/AppData/Local/UnrealEngine/Common/DerivedDataCache: Writable
[2022.07.17-13.23.00:573][  0]LogDerivedDataCache: Shared data cache path not found in *engine.ini, will not use an Shared cache.
[2022.07.17-13.23.00:573][  0]LogDerivedDataCache: Unable to find inner node Shared for hierarchical cache Hierarchy.
[2022.07.17-13.23.00:666][  0]LogSlate: Using FreeType 2.10.0
[2022.07.17-13.23.00:667][  0]LogSlate: SlateFontServices - WITH_FREETYPE: 1, WITH_HARFBUZZ: 1
[2022.07.17-13.23.00:767][  0]LogInit: Using OS detected language (en-US).
[2022.07.17-13.23.00:767][  0]LogInit: Using OS detected locale (sk-SK).
[2022.07.17-13.23.00:767][  0]LogTextLocalizationManager: No localization for 'en-US' exists, so 'en' will be used for the language.
[2022.07.17-13.23.00:767][  0]LogTextLocalizationManager: No localization for 'sk-SK' exists, so 'en' will be used for the locale.
[2022.07.17-13.23.00:774][  0]LogTextLocalizationManager: Compacting localization data took   0.01ms
[2022.07.17-13.23.00:774][  0]LogAssetRegistry: FAssetRegistry took 0.0017 seconds to start up
[2022.07.17-13.23.00:958][  0]LogPackageLocalizationCache: Processed 21 localized package path(s) for 1 prioritized culture(s) in 0.010963 seconds
[2022.07.17-13.23.01:023][  0]LogInit: Selected Device Profile: [Windows]
[2022.07.17-13.23.01:023][  0]LogInit: Active device profile: [0000018C1180CD00][0000018C0CD316C0 49] Windows
[2022.07.17-13.23.01:023][  0]LogInit: Profiles: [0000018C1180CD00][0000018C0CD316C0 49] Windows, [0000018C117EA300][0000018C0D44B800 49] WindowsNoEditor, [0000018C1180DC00][0000018C0CD35940 49] WindowsServer, [0000018C117EB100][0000018C0CD39A80 49] WindowsClient, [0000018C1180E900][0000018C0CD41C00 49] IOS, [0000018C117E9A00][0000018C0CD44200 49] iPadAir, [0000018C1180FE00][0000018C0D210380 49] iPadAir2, [0000018C11799100][0000018C0D218640 49] IPadPro, [0000018C11799200][0000018C0D214680 49] iPadAir3, [0000018C117E8C00][0000018C0D21C800 49] iPadAir4, [0000018C11799E00][0000018C0D220980 49] iPadMini2, [0000018C117EB300][0000018C0D224B00 49] iPadMini3, [0000018C1179B900][0000018C0D228C80 49] iPadMini4, [0000018C117E9000][0000018C0D22CE00 49] iPadMini5, [0000018C117C8900][0000018C0D2350C0 49] iPhone6, [0000018C117C8A00][0000018C0D231100 49] iPodTouch6, [0000018C1180EE00][0000018C0D23D3C0 49] iPhone7, [0000018C1180EF00][0000018C0D239400 49] iPodTouch7, [0000018C1179BE00][0000018C0D241580 49] iPhone5S, [0000018C1180D100][0000018C0D245700 49] iPhone6Plus, [0000018C117C8100][0000018C0D249880 49] iPhone6S, [0000018C11798300][0000018C0CD3D9C0 49] iPhone6SPlus, [0000018C117CA800][0000018C0D24DB00 49] iPhone7Plus, [0000018C1179A300][0000018C0D2500C0 49] iPhoneSE, [0000018C117CA600][0000018C0D258240 49] iPhone8, [0000018C11799000][0000018C125123C0 49] iPhone8Plus, [0000018C117CB100][0000018C12516540 49] iPhoneX, [0000018C1180D500][0000018C1251A6C0 49] iPhoneXS, [0000018C117CAB00][0000018C1251E840 49] iPhoneXSMax, [0000018C1180C700][0000018C125229C0 49] iPhoneXR, [0000018C117C8700][0000018C12526B40 49] iPhone11, [0000018C1180CE00][0000018C1252ACC0 49] iPhone11Pro, [0000018C117C9A00][0000018C1252EE40 49] iPhone11ProMax, [0000018C1180F800][0000018C12532FC0 49] iPhoneSE2, [0000018C117CB800][0000018C12537140 49] iPhone12Mini, [0000018C1180E300][0000018C1253B2C0 49] iPhone12, [0000018C117CA300][0000018C1253F440 49] iPhone12Pro, [0000018C1180C500][0000018C125435C0 49] iPhone12ProMax, [0000018C117C9500][0000018C12547740 49] iPadPro105, [0000018C1180CA00][0000018C1254B8C0 49] iPadPro129, [0000018C117CBD00][0000018C1254FA40 49] iPadPro97, [0000018C1180D200][0000018C0D255B80 49] iPadPro2_129, [0000018C117CAA00][0000018C12552140 49] iPad5, [0000018C1180DD00][0000018C12556280 49] iPad6, [0000018C117C9300][0000018C1255A3C0 49] iPad7, [0000018C1180FA00][0000018C12562540 49] iPad8, [0000018C117C8B00][0000018C125666C0 49] iPadPro11, [0000018C1180F900][0000018C1256A840 49] iPadPro2_11, [0000018C117C8800][0000018C1256E9C0 49] iPadPro3_129, [0000018C1180F300][0000018C12572B40 49] iPadPro4_129, [0000018C117C9600][0000018C12576CC0 49] AppleTV, [0000018C1180DB00][0000018C1257AE40 49] AppleTV4K, [0000018C117CB200][0000018C1257EFC0 49] TVOS, [0000018C1180C900][0000018C12583140 49] Mac, [0000018C117CB700][0000018C125872C0 49] MacClient, [0000018C1180E200][0000018C1258B440 49] MacNoEditor, [0000018C117CB000][0000018C1258F5C0 49] MacServer, [0000018C1180E600][0000018C12593740 49] Linux, [0000018C117C9D00][0000018C125978C0 49] LinuxAArch64, [0000018C1180DA00][0000018C1259BA40 49] LinuxNoEditor, [0000018C117CB900][0000018C1259FBC0 49] LinuxAArch64NoEditor, [0000018C1180D300][0000018C1255E180 49] LinuxClient, [0000018C117C8D00][0000018C125A22C0 49] LinuxAArch64Client, [0000018C1180C400][0000018C125A6400 49] LinuxServer, [0000018C117CBF00][0000018C125AA540 49] LinuxAArch64Server, [0000018C1180EB00][0000018C125B26C0 49] Android, [0000018C117C8500][0000018C125B6840 49] Android_Low, [0000018C1180D600][0000018C125BA9C0 49] Android_Mid, [0000018C117CBB00][0000018C125BEB40 49] Android_High, [0000018C1180CB00][0000018C125C2CC0 49] Android_Default, [0000018C117CB300][0000018C125C6E40 49] Android_Adreno4xx, [0000018C1180F500][0000018C125CAFC0 49] Android_Adreno5xx_Low, [0000018C117CB500][0000018C125CF140 49] Android_Adreno5xx, [0000018C1180F200][0000018C125D32C0 49] Android_Adreno6xx, [0000018C117E8500][0000018C125D7440 49] Android_Adreno6xx_Vulkan, [0000018C1179BA00][0000018C125DB5C0 49] Android_Mali_T6xx, [0000018C117EBB00][0000018C125DF740 49] Android_Mali_T7xx, [0000018C1179B300][0000018C125E38C0 49] Android_Mali_T8xx, [0000018C117EAE00][0000018C125E7A40 49] Android_Mali_G71, [0000018C1179A800][0000018C125EBBC0 49] Android_Mali_G72, [0000018C117E9400][0000018C125EE1C0 49] Android_Mali_G72_Vulkan, [0000018C11799500][0000018C125F2340 49] Android_Mali_G76, [0000018C117EBD00][0000018C125AE480 49] Android_Mali_G76_Vulkan, [0000018C1179AC00][0000018C125F65C0 49] Android_Mali_G77, [0000018C117EB600][0000018C125FA700 49] Android_Mali_G77_Vulkan, [0000018C11799700][0000018C12602880 49] Android_Mali_G78, [0000018C117EA200][0000018C12606A00 49] Android_Mali_G78_Vulkan, [0000018C11798B00][0000018C1260AB80 49] Android_Mali_G710, [0000018C117E8300][0000018C1260ED00 49] Android_Mali_G710_Vulkan, [0000018C11798200][0000018C12612E80 49] Android_Vulkan_SM5, [0000018C117E8800][0000018C12617000 49] Android_PowerVR_G6xxx, [0000018C1179A500][0000018C1261B180 49] Android_PowerVR_GT7xxx, [0000018C117E8E00][0000018C1261F300 49] Android_PowerVR_GE8xxx, [0000018C11799400][0000018C12623480 49] Android_PowerVR_GM9xxx, [0000018C117EB400][0000018C12627600 49] Android_PowerVR_GM9xxx_Vulkan, [0000018C11798400][0000018C1262B780 49] Android_TegraK1, [0000018C117E9E00][0000018C1262F900 49] Android_Unknown_Vulkan, [0000018C1179A100][0000018C12633A80 49] Lumin, [0000018C117E9100][0000018C12637C00 49] Lumin_Desktop, [0000018C1179B400][0000018C1263A200 49] HoloLens, 
[2022.07.17-13.23.01:058][  0]LogMeshReduction: Using QuadricMeshReduction for automatic static mesh reduction
[2022.07.17-13.23.01:058][  0]LogMeshReduction: Using SimplygonMeshReduction for automatic skeletal mesh reduction
[2022.07.17-13.23.01:058][  0]LogMeshReduction: Using ProxyLODMeshReduction for automatic mesh merging
[2022.07.17-13.23.01:058][  0]LogMeshReduction: No distributed automatic mesh merging module available
[2022.07.17-13.23.01:058][  0]LogMeshMerging: No distributed automatic mesh merging module available
[2022.07.17-13.23.01:180][  0]LogNetVersion: Builder 1.0.0, NetCL: 17155196, EngineNetVer: 17, GameNetVer: 0 (Checksum: 3939801358)
[2022.07.17-13.23.01:427][  0]LogTexture: Default maximum texture size for cubemaps generated from long-lat sources has been changed from 512 to unlimited. In order to preserve old behaiour for '/Engine/MapTemplates/Sky/DaylightAmbientCubemap.DaylightAmbientCubemap', its maximum texture size has been explicitly set to 512.
[2022.07.17-13.23.01:575][  0]LogMoviePlayer: Initializing movie player
[2022.07.17-13.23.01:695][  0]LogNiagaraDebuggerClient: Niagara Debugger Client Initialized | Session: FB194BE24B660AEA6A742FA01807D36D | Instance: 462EF87B4594D6D284C801B6C861D99D (DESKTOP-2DJGVV8-12776).
[2022.07.17-13.23.01:714][  0]LogCollectionManager: Loaded 0 collections in 0.001039 seconds
[2022.07.17-13.23.01:716][  0]LogFileCache: Scanning file cache for directory 'E:/Users/Ondrej/Projects/UE4/Builder/Saved/Collections/' took 0.00s
[2022.07.17-13.23.01:716][  0]LogFileCache: Scanning file cache for directory 'E:/Users/Ondrej/Projects/UE4/Builder/Content/Developers/varga/Collections/' took 0.00s
[2022.07.17-13.23.01:716][  0]LogFileCache: Scanning file cache for directory 'E:/Users/Ondrej/Projects/UE4/Builder/Content/Collections/' took 0.00s
[2022.07.17-13.23.01:716][  0]LogCollectionManager: Fixed up redirectors for 0 collections in 0.000002 seconds (updated 0 objects)
[2022.07.17-13.23.01:733][  0]LogPython: Using Python 3.7.7
[2022.07.17-13.23.02:272][  0]LogTcpMessaging: Initializing TcpMessaging bridge
[2022.07.17-13.23.02:276][  0]LogUdpMessaging: Initializing bridge on interface 0.0.0.0:0 to multicast group 230.0.0.1:6666.
[2022.07.17-13.23.02:316][  0]SourceControl: Source control is disabled
[2022.07.17-13.23.02:316][  0]SourceControl: Source control is disabled
[2022.07.17-13.23.02:318][  0]SourceControl: Source control is disabled
[2022.07.17-13.23.02:323][  0]LogUProjectInfo: Found projects:
[2022.07.17-13.23.02:331][  0]LogVSAccessor: Display: Unable to create Visual Studio setup instance: 80040154
[2022.07.17-13.23.02:331][  0]LogVSAccessor: Display: Unable to create Visual Studio setup instance: 80040154
[2022.07.17-13.23.02:332][  0]LogVSAccessor: Display: Unable to create Visual Studio setup instance: 80040154
[2022.07.17-13.23.02:392][  0]LogOpenImageDenoise: OIDN starting up
[2022.07.17-13.23.02:424][  0]LogAndroidPermission: UAndroidPermissionCallbackProxy::GetInstance
[2022.07.17-13.23.02:441][  0]LogAudioCaptureCore: Display: No Audio Capture implementations found. Audio input will be silent.
[2022.07.17-13.23.02:441][  0]LogAudioCaptureCore: Display: No Audio Capture implementations found. Audio input will be silent.
[2022.07.17-13.23.02:500][  0]LogUObjectArray: 21417 objects as part of root set at end of initial load.
[2022.07.17-13.23.02:500][  0]LogUObjectAllocator: 5754288 out of 0 bytes used by permanent object pool.
[2022.07.17-13.23.02:500][  0]LogUObjectArray: CloseDisregardForGC: 0/0 objects in disregard for GC pool
[2022.07.17-13.23.02:544][  0]LogEngine: Initializing Engine...
[2022.07.17-13.23.02:544][  0]LogMagicLeap: Warning: VR disabled because ZI is not enabled.  To enable, in the editor, Edit -> Project Settings -> Plugins -> Magic Leap Plugin -> Enable Zero Iteration
[2022.07.17-13.23.02:545][  0]LogStats: UGameplayTagsManager::InitializeManager -  0.000 s
[2022.07.17-13.23.02:655][  0]LogInit: Initializing FReadOnlyCVARCache
[2022.07.17-13.23.02:655][  0]LogAudio: Display: Initializing Audio Device Manager...
[2022.07.17-13.23.02:658][  0]LogAudio: Display: Loading Default Audio Settings Objects...
[2022.07.17-13.23.02:659][  0]LogAudio: Display: No default SoundConcurrencyObject specified (or failed to load).
[2022.07.17-13.23.02:659][  0]LogAudio: Display: Audio Device Manager Initialized
[2022.07.17-13.23.02:659][  0]LogAudio: Display: Creating Audio Device:                 Id: 1, Scope: Shared, Realtime: True
[2022.07.17-13.23.02:659][  0]LogAudioMixer: Display: Audio Mixer Platform Settings:
[2022.07.17-13.23.02:659][  0]LogAudioMixer: Display: 	Sample Rate:						  48000
[2022.07.17-13.23.02:659][  0]LogAudioMixer: Display: 	Callback Buffer Frame Size Requested: 1024
[2022.07.17-13.23.02:659][  0]LogAudioMixer: Display: 	Callback Buffer Frame Size To Use:	  1024
[2022.07.17-13.23.02:659][  0]LogAudioMixer: Display: 	Number of buffers to queue:			  2
[2022.07.17-13.23.02:659][  0]LogAudioMixer: Display: 	Max Channels (voices):				  32
[2022.07.17-13.23.02:659][  0]LogAudioMixer: Display: 	Number of Async Source Workers:		  0
[2022.07.17-13.23.02:659][  0]LogAudio: Display: AudioDevice MaxSources: 32
[2022.07.17-13.23.02:660][  0]LogAudio: Display: Audio Spatialization Plugin: None (built-in).
[2022.07.17-13.23.02:660][  0]LogAudio: Display: Audio Reverb Plugin: None (built-in).
[2022.07.17-13.23.02:660][  0]LogAudio: Display: Audio Occlusion Plugin: None (built-in).
[2022.07.17-13.23.02:660][  0]LogAudioMixer: Display: Initializing audio mixer.
[2022.07.17-13.23.02:670][  0]LogAudioMixer: Display: 0: FrontLeft
[2022.07.17-13.23.02:670][  0]LogAudioMixer: Display: 1: FrontRight
[2022.07.17-13.23.02:687][  0]LogAudioMixer: Display: Using Audio Device Speakers (High Definition Audio Device)
[2022.07.17-13.23.02:692][  0]LogAudioMixer: Display: Initializing Sound Submixes...
[2022.07.17-13.23.02:694][  0]LogAudioMixer: Display: Creating Master Submix 'MasterSubmixDefault'
[2022.07.17-13.23.02:694][  0]LogAudioMixer: Display: Creating Master Submix 'MasterReverbSubmixDefault'
[2022.07.17-13.23.02:695][  0]LogAudioMixer: Display: Creating Master Submix 'MasterEQSubmixDefault'
[2022.07.17-13.23.02:695][  0]LogAudioMixer: FMixerPlatformXAudio2::StartAudioStream() called
[2022.07.17-13.23.02:695][  0]LogAudioMixer: Display: Output buffers initialized: Frames=1024, Channels=2, Samples=2048
[2022.07.17-13.23.02:696][  0]LogAudioMixer: Display: Starting AudioMixerPlatformInterface::RunInternal()
[2022.07.17-13.23.02:696][  0]LogAudioMixer: Display: FMixerPlatformXAudio2::SubmitBuffer() called for the first time
[2022.07.17-13.23.02:696][  0]LogInit: FAudioDevice initialized.
[2022.07.17-13.23.02:712][  0]LogNetVersion: Set ProjectVersion to 1.0.0.0. Version Checksum will be recalculated on next use.
[2022.07.17-13.23.02:714][  0]LogInit: Texture streaming: Enabled
[2022.07.17-13.23.03:701][  0]LogAudio: Display: Audio Device (ID: 1) registered with world 'Untitled'.
[2022.07.17-13.23.03:725][  0]LogSlate: Updating window title bar state: overlay mode, drag disabled, window buttons hidden, title bar hidden
[2022.07.17-13.23.03:737][  0]LogInit: Display: Game Engine Initialized.
[2022.07.17-13.23.03:776][  0]LogNiagaraEditor: GEditor isn't valid! Particle reset commands will not work for Niagara components!
[2022.07.17-13.23.03:819][  0]LogInit: Display: Starting Game.
[2022.07.17-13.23.03:840][  0]LogNet: Browse: /Game/Maps/Why?Name=Player
[2022.07.17-13.23.03:861][  0]LogLoad: LoadMap: /Game/Maps/Why?Name=Player
[2022.07.17-13.23.03:862][  0]LogWorld: BeginTearingDown for /Temp/Untitled_0
[2022.07.17-13.23.04:037][  0]LogWorld: UWorld::CleanupWorld for Untitled, bSessionEnded=true, bCleanupResources=true
[2022.07.17-13.23.04:037][  0]LogSlate: InvalidateAllWidgets triggered.  All widgets were invalidated
[2022.07.17-13.23.04:100][  0]LogAudio: Display: Audio Device unregistered from world 'None'.
[2022.07.17-13.23.04:109][  0]LogUObjectHash: Compacting FUObjectHashTables data took   2.90ms
[2022.07.17-13.23.04:192][  0]LogAudio: Display: Audio Device (ID: 1) registered with world 'Why'.
[2022.07.17-13.23.04:200][  0]LogAIModule: Creating AISystem for world Why
[2022.07.17-13.23.04:377][  0]LogLoad: Game class is 'CB_GameModeBase_C'
[2022.07.17-13.23.04:440][  0]LogWorld: Bringing World /Game/Maps/Why.Why up for play (max tick rate 0) at 2022.07.17-15.23.04
[2022.07.17-13.23.04:479][  0]LogWorld: Bringing up level for play took: 0.044170
[2022.07.17-13.23.04:936][  0]LogLoad: Took 1.061763 seconds to LoadMap(/Game/Maps/Why)
[2022.07.17-13.23.05:083][  0]LogRenderer: Reallocating scene render targets to support 1280x720 Format 10 NumSamples 1 (Frame:1).
[2022.07.17-13.23.05:083][  0]LogSlate: Took 0.000152 seconds to synchronously load lazily loaded font '../../../Engine/Content/Slate/Fonts/Roboto-Regular.ttf' (155K)
[2022.07.17-13.23.05:251][  0]LogInit: Display: Engine is initialized. Leaving FEngineLoop::Init()
[2022.07.17-13.23.05:251][  0]LogLoad: (Engine Initialization) Total time: 8.12 seconds
[2022.07.17-13.23.05:251][  0]LogLoad: (Engine Initialization) Total Blueprint compile time: 0.00 seconds
[2022.07.17-13.23.05:407][  0]LogContentStreaming: Texture pool size now 1000 MB
[2022.07.17-13.23.15:395][519]LogSlate: Window 'Builder (64-bit Development PCD3D_SM5) ' being destroyed
[2022.07.17-13.23.15:396][519]LogWindowsTextInputMethodSystem: Display: IME system deactivated.
[2022.07.17-13.23.15:414][519]LogSlate: Updating window title bar state: overlay mode, drag disabled, window buttons hidden, title bar hidden
[2022.07.17-13.23.15:414][519]LogEngine: All Windows Closed
[2022.07.17-13.23.15:414][519]LogWindows: FPlatformMisc::RequestExit(0)
[2022.07.17-13.23.15:414][519]LogWindows: FPlatformMisc::RequestExitWithStatus(0, 0)
[2022.07.17-13.23.15:414][519]LogCore: Engine exit requested (reason: Win RequestExit)
[2022.07.17-13.23.15:414][520]LogCore: Engine exit requested (reason: EngineExit() was called; note: exit was already requested)
[2022.07.17-13.23.15:414][520]LogInit: Display: PreExit Game.
[2022.07.17-13.23.15:430][520]LogWorld: BeginTearingDown for /Game/Maps/Why
[2022.07.17-13.23.15:430][520]LogWorld: UWorld::CleanupWorld for Why, bSessionEnded=true, bCleanupResources=true
[2022.07.17-13.23.15:462][520]LogSlate: InvalidateAllWidgets triggered.  All widgets were invalidated
[2022.07.17-13.23.15:556][520]LogAudio: Display: Beginning Audio Device Manager Shutdown (Module: AudioMixerXAudio2)...
[2022.07.17-13.23.15:556][520]LogAudio: Display: Destroying 1 Remaining Audio Device(s)...
[2022.07.17-13.23.15:556][520]LogAudio: Display: Audio Device unregistered from world 'Why'.
[2022.07.17-13.23.15:599][520]LogAudioMixer: FMixerPlatformXAudio2::StopAudioStream() called
[2022.07.17-13.23.15:600][520]LogAudioMixer: FMixerPlatformXAudio2::StopAudioStream() called
[2022.07.17-13.23.15:640][520]LogAudio: Display: Audio Device Manager Shutdown
[2022.07.17-13.23.15:644][520]LogExit: Preparing to exit.
[2022.07.17-13.23.16:291][520]LogSlate: Updating window title bar state: overlay mode, drag disabled, window buttons hidden, title bar hidden
[2022.07.17-13.23.16:321][520]LogUObjectHash: Compacting FUObjectHashTables data took   0.86ms
[2022.07.17-13.23.16:382][520]LogMoviePlayer: Shutting down movie player
[2022.07.17-13.23.16:425][520]LogDemo: Cleaned up 0 splitscreen connections with owner deletion
[2022.07.17-13.23.16:429][520]LogExit: Game engine shut down
[2022.07.17-13.23.16:467][520]LogExit: Object subsystem successfully closed.
[2022.07.17-13.23.16:474][520]LogShaderCompilers: Display: === FShaderJobCache stats ===
[2022.07.17-13.23.16:474][520]LogShaderCompilers: Display: Total job queries 0, among them cache hits 0 (0.00%)
[2022.07.17-13.23.16:475][520]LogShaderCompilers: Display: Tracking 0 distinct input hashes that result in 0 distinct outputs (0.00%)
[2022.07.17-13.23.16:475][520]LogShaderCompilers: Display: RAM used: 0.00 MB (0.00 GB) of 409.60 MB (0.40 GB) budget. Usage: 0.00%
[2022.07.17-13.23.16:475][520]LogShaderCompilers: Display: ================================================
[2022.07.17-13.23.16:487][520]LogShaderCompilers: Display: Shaders left to compile 0
[2022.07.17-13.23.16:520][520]LogModuleManager: Shutting down and abandoning module SequenceRecorderSections (512)
[2022.07.17-13.23.16:520][520]LogModuleManager: Shutting down and abandoning module SequenceRecorder (510)
[2022.07.17-13.23.16:520][520]LogModuleManager: Shutting down and abandoning module AutomationController (508)
[2022.07.17-13.23.16:520][520]LogModuleManager: Shutting down and abandoning module AutomationWorker (506)
[2022.07.17-13.23.16:520][520]LogModuleManager: Shutting down and abandoning module Voice (504)
[2022.07.17-13.23.16:530][520]LogModuleManager: Shutting down and abandoning module AIModule (502)
[2022.07.17-13.23.16:530][520]LogModuleManager: Shutting down and abandoning module GameplayDebugger (501)
[2022.07.17-13.23.16:530][520]LogModuleManager: Shutting down and abandoning module AITestSuite (499)
[2022.07.17-13.23.16:530][520]LogModuleManager: Shutting down and abandoning module NavigationSystem (497)
[2022.07.17-13.23.16:530][520]LogModuleManager: Shutting down and abandoning module WmfMediaFactory (494)
[2022.07.17-13.23.16:530][520]LogModuleManager: Shutting down and abandoning module WebMMediaFactory (492)
[2022.07.17-13.23.16:530][520]LogModuleManager: Shutting down and abandoning module WebMMedia (490)
[2022.07.17-13.23.16:530][520]LogModuleManager: Shutting down and abandoning module OpenExrWrapper (488)
[2022.07.17-13.23.16:530][520]LogModuleManager: Shutting down and abandoning module ImgMediaFactory (486)
[2022.07.17-13.23.16:530][520]LogModuleManager: Shutting down and abandoning module AvfMediaFactory (484)
[2022.07.17-13.23.16:530][520]LogModuleManager: Shutting down and abandoning module MagicLeapMediaCodecFactory (482)
[2022.07.17-13.23.16:530][520]LogModuleManager: Shutting down and abandoning module MagicLeapMediaFactory (480)
[2022.07.17-13.23.16:530][520]LogModuleManager: Shutting down and abandoning module PlanarCut (478)
[2022.07.17-13.23.16:530][520]LogModuleManager: Shutting down and abandoning module CharacterAI (476)
[2022.07.17-13.23.16:530][520]LogModuleManager: Shutting down and abandoning module SessionServices (474)
[2022.07.17-13.23.16:530][520]LogModuleManager: Shutting down and abandoning module MovieSceneCapture (472)
[2022.07.17-13.23.16:537][520]LogModuleManager: Shutting down and abandoning module LiveCoding (470)
[2022.07.17-13.23.16:537][520]LogModuleManager: Shutting down and abandoning module LevelSequence (468)
[2022.07.17-13.23.16:537][520]LogModuleManager: Shutting down and abandoning module MovieSceneTracks (466)
[2022.07.17-13.23.16:537][520]LogModuleManager: Shutting down and abandoning module MovieScene (464)
[2022.07.17-13.23.16:537][520]LogModuleManager: Shutting down and abandoning module StreamingPauseRendering (462)
[2022.07.17-13.23.16:537][520]LogModuleManager: Shutting down and abandoning module PortalServices (460)
[2022.07.17-13.23.16:537][520]LogModuleManager: Shutting down and abandoning module PortalRpc (458)
[2022.07.17-13.23.16:537][520]LogModuleManager: Shutting down and abandoning module MessagingRpc (456)
[2022.07.17-13.23.16:537][520]LogModuleManager: Shutting down and abandoning module AudioMixerXAudio2 (454)
[2022.07.17-13.23.16:537][520]LogModuleManager: Shutting down and abandoning module AudioMixerCore (453)
[2022.07.17-13.23.16:537][520]LogModuleManager: Shutting down and abandoning module ImageWriteQueue (450)
[2022.07.17-13.23.16:537][520]LogModuleManager: Shutting down and abandoning module ProfilerService (448)
[2022.07.17-13.23.16:539][520]LogModuleManager: Shutting down and abandoning module TaskGraph (446)
[2022.07.17-13.23.16:539][520]LogModuleManager: Shutting down and abandoning module Synthesis (444)
[2022.07.17-13.23.16:539][520]LogModuleManager: Shutting down and abandoning module ProceduralMeshComponent (442)
[2022.07.17-13.23.16:539][520]LogModuleManager: Shutting down and abandoning module MobilePatchingUtils (440)
[2022.07.17-13.23.16:539][520]LogModuleManager: Shutting down and abandoning module GooglePAD (438)
[2022.07.17-13.23.16:539][520]LogModuleManager: Shutting down and abandoning module EditableMesh (436)
[2022.07.17-13.23.16:539][520]LogModuleManager: Shutting down and abandoning module CustomMeshComponent (434)
[2022.07.17-13.23.16:539][520]LogModuleManager: Shutting down and abandoning module CableComponent (432)
[2022.07.17-13.23.16:539][520]LogModuleManager: Shutting down and abandoning module AudioCapture (430)
[2022.07.17-13.23.16:539][520]LogModuleManager: Shutting down and abandoning module AudioCaptureRtAudio (429)
[2022.07.17-13.23.16:540][520]LogModuleManager: Shutting down and abandoning module AssetTags (426)
[2022.07.17-13.23.16:540][520]LogModuleManager: Shutting down and abandoning module ArchVisCharacter (424)
[2022.07.17-13.23.16:540][520]LogModuleManager: Shutting down and abandoning module AppleImageUtilsBlueprintSupport (422)
[2022.07.17-13.23.16:540][520]LogModuleManager: Shutting down and abandoning module AppleImageUtils (420)
[2022.07.17-13.23.16:540][520]LogModuleManager: Shutting down and abandoning module AndroidPermission (418)
[2022.07.17-13.23.16:540][520]LogModuleManager: Shutting down and abandoning module ActorLayerUtilities (416)
[2022.07.17-13.23.16:540][520]LogModuleManager: Shutting down and abandoning module CLionSourceCodeAccess (414)
[2022.07.17-13.23.16:540][520]LogModuleManager: Shutting down and abandoning module TemplateSequence (412)
[2022.07.17-13.23.16:540][520]LogModuleManager: Shutting down and abandoning module MediaCompositing (410)
[2022.07.17-13.23.16:540][520]LogModuleManager: Shutting down and abandoning module ImgMedia (408)
[2022.07.17-13.23.16:540][520]LogModuleManager: Shutting down and abandoning module MagicLeapSharedWorld (406)
[2022.07.17-13.23.16:540][520]LogModuleManager: Shutting down and abandoning module MagicLeapLightEstimation (404)
[2022.07.17-13.23.16:540][520]LogModuleManager: Shutting down and abandoning module MagicLeapHelperVulkan (402)
[2022.07.17-13.23.16:540][520]LogModuleManager: Shutting down and abandoning module MagicLeapHelperOpenGL (400)
[2022.07.17-13.23.16:540][520]LogModuleManager: Shutting down and abandoning module MagicLeapAudio (398)
[2022.07.17-13.23.16:540][520]LogModuleManager: Shutting down and abandoning module OpenImageDenoise (396)
[2022.07.17-13.23.16:540][520]LogOpenImageDenoise: OIDN shutting down
[2022.07.17-13.23.16:540][520]LogModuleManager: Shutting down and abandoning module MotoSynth (394)
[2022.07.17-13.23.16:540][520]LogModuleManager: Shutting down and abandoning module MeshConversion (392)
[2022.07.17-13.23.16:540][520]LogModuleManager: Shutting down and abandoning module DynamicMesh (390)
[2022.07.17-13.23.16:540][520]LogModuleManager: Shutting down and abandoning module GeometryAlgorithms (388)
[2022.07.17-13.23.16:540][520]LogModuleManager: Shutting down and abandoning module GeometricObjects (386)
[2022.07.17-13.23.16:540][520]LogModuleManager: Shutting down and abandoning module GeometryCollectionTracks (384)
[2022.07.17-13.23.16:540][520]LogModuleManager: Shutting down and abandoning module GeometryCollectionSequencer (383)
[2022.07.17-13.23.16:540][520]LogModuleManager: Shutting down and abandoning module GeometryCacheTracks (380)
[2022.07.17-13.23.16:540][520]LogModuleManager: Shutting down and abandoning module GeometryCacheSequencer (379)
[2022.07.17-13.23.16:540][520]LogModuleManager: Shutting down and abandoning module GeometryCache (376)
[2022.07.17-13.23.16:540][520]LogModuleManager: Shutting down and abandoning module GeometryCacheEd (375)
[2022.07.17-13.23.16:540][520]LogModuleManager: Shutting down and abandoning module ChaosNiagara (372)
[2022.07.17-13.23.16:540][520]LogModuleManager: Shutting down and abandoning module FieldSystemEngine (371)
[2022.07.17-13.23.16:540][520]LogModuleManager: Shutting down and abandoning module BackChannel (368)
[2022.07.17-13.23.16:540][520]LogModuleManager: Shutting down and abandoning module AutomationUtils (366)
[2022.07.17-13.23.16:540][520]LogModuleManager: Shutting down and abandoning module VisualStudioSourceCodeAccess (364)
[2022.07.17-13.23.16:540][520]LogModuleManager: Shutting down and abandoning module HotReload (363)
[2022.07.17-13.23.16:540][520]LogModuleManager: Shutting down and abandoning module VisualStudioCodeSourceCodeAccess (360)
[2022.07.17-13.23.16:540][520]LogModuleManager: Shutting down and abandoning module UObjectPlugin (358)
[2022.07.17-13.23.16:540][520]LogModuleManager: Shutting down and abandoning module SubversionSourceControl (356)
[2022.07.17-13.23.16:540][520]LogModuleManager: Shutting down and abandoning module PerforceSourceControl (354)
[2022.07.17-13.23.16:540][520]LogModuleManager: Shutting down and abandoning module SourceControl (353)
[2022.07.17-13.23.16:540][520]LogModuleManager: Shutting down and abandoning module OodleNetworkHandlerComponent (350)
[2022.07.17-13.23.16:540][520]LogModuleManager: Shutting down and abandoning module SoundFields (348)
[2022.07.17-13.23.16:540][520]LogModuleManager: Shutting down and abandoning module SignificanceManager (346)
[2022.07.17-13.23.16:540][520]LogModuleManager: Shutting down and abandoning module RuntimePhysXCooking (344)
[2022.07.17-13.23.16:540][520]LogModuleManager: Shutting down and abandoning module PropertyAccessEditor (342)
[2022.07.17-13.23.16:540][520]LogModuleManager: Shutting down and abandoning module PhysXVehiclesEditor (340)
[2022.07.17-13.23.16:540][520]LogModuleManager: Shutting down and abandoning module LocationServicesBPLibrary (336)
[2022.07.17-13.23.16:540][520]LogModuleManager: Shutting down and abandoning module AudioSynesthesia (334)
[2022.07.17-13.23.16:540][520]LogModuleManager: Shutting down and abandoning module AudioSynesthesiaCore (332)
[2022.07.17-13.23.16:540][520]LogModuleManager: Shutting down and abandoning module ActorSequence (330)
[2022.07.17-13.23.16:540][520]LogModuleManager: Shutting down and abandoning module UdpMessaging (328)
[2022.07.17-13.23.16:641][520]LogModuleManager: Shutting down and abandoning module TcpMessaging (326)
[2022.07.17-13.23.17:282][520]LogModuleManager: Shutting down and abandoning module ImgMediaEngine (324)
[2022.07.17-13.23.17:282][520]LogModuleManager: Shutting down and abandoning module MagicLeapARPin (322)
[2022.07.17-13.23.17:283][520]LogModuleManager: Shutting down and abandoning module MagicLeapHandMeshing (320)
[2022.07.17-13.23.17:283][520]LogModuleManager: Shutting down and abandoning module MagicLeapSecureStorage (318)
[2022.07.17-13.23.17:283][520]LogModuleManager: Shutting down and abandoning module MagicLeapPrivileges (316)
[2022.07.17-13.23.17:283][520]LogModuleManager: Shutting down and abandoning module MagicLeapPlanes (314)
[2022.07.17-13.23.17:283][520]LogMagicLeapPlanes: Planes tracker already destroyed.
[2022.07.17-13.23.17:283][520]LogModuleManager: Shutting down and abandoning module MagicLeapImageTracker (312)
[2022.07.17-13.23.17:283][520]LogModuleManager: Shutting down and abandoning module MagicLeapIdentity (310)
[2022.07.17-13.23.17:283][520]LogModuleManager: Shutting down and abandoning module MagicLeapHandTracking (308)
[2022.07.17-13.23.17:283][520]LogModuleManager: Shutting down and abandoning module MagicLeapEyeTracker (306)
[2022.07.17-13.23.17:283][520]LogModuleManager: Shutting down and abandoning module MagicLeapController (304)
[2022.07.17-13.23.17:283][520]LogSlate: Slate User Destroyed.  User Index 0, Is Virtual User: 0
[2022.07.17-13.23.17:283][520]LogModuleManager: Shutting down and abandoning module MagicLeapARPinImpl (302)
[2022.07.17-13.23.17:283][520]LogModuleManager: Shutting down and abandoning module MagicLeapAR (300)
[2022.07.17-13.23.17:283][520]LogModuleManager: Shutting down and abandoning module AugmentedReality (299)
[2022.07.17-13.23.17:283][520]LogModuleManager: Shutting down and abandoning module PythonScriptPlugin (296)
[2022.07.17-13.23.17:283][520]LogModuleManager: Shutting down and abandoning module NiagaraAnimNotifies (294)
[2022.07.17-13.23.17:283][520]LogModuleManager: Shutting down and abandoning module Niagara (292)
[2022.07.17-13.23.17:283][520]LogModuleManager: Shutting down and abandoning module SignalProcessing (291)
[2022.07.17-13.23.17:283][520]LogModuleManager: Shutting down and abandoning module NiagaraEditor (289)
[2022.07.17-13.23.17:283][520]LogModuleManager: Shutting down and abandoning module ContentBrowser (288)
[2022.07.17-13.23.17:283][520]LogModuleManager: Shutting down and abandoning module CollectionManager (287)
[2022.07.17-13.23.17:283][520]LogModuleManager: Shutting down and abandoning module DirectoryWatcher (286)
[2022.07.17-13.23.17:283][520]LogModuleManager: Shutting down and abandoning module ContentBrowserData (283)
[2022.07.17-13.23.17:283][520]LogModuleManager: Shutting down and abandoning module NiagaraCore (278)
[2022.07.17-13.23.17:283][520]LogModuleManager: Shutting down and abandoning module GameplayTagsEditor (276)
[2022.07.17-13.23.17:283][520]LogModuleManager: Shutting down and abandoning module FacialAnimation (274)
[2022.07.17-13.23.17:283][520]LogModuleManager: Shutting down and abandoning module AssetManagerEditor (272)
[2022.07.17-13.23.17:283][520]LogModuleManager: Shutting down and abandoning module TreeMap (271)
[2022.07.17-13.23.17:283][520]LogModuleManager: Shutting down and abandoning module PropertyAccessNode (268)
[2022.07.17-13.23.17:283][520]LogModuleManager: Shutting down and abandoning module AnimationSharing (266)
[2022.07.17-13.23.17:283][520]LogModuleManager: Shutting down and abandoning module GameplayCameras (264)
[2022.07.17-13.23.17:284][520]LogModuleManager: Shutting down and abandoning module LightPropagationVolumeRuntime (262)
[2022.07.17-13.23.17:284][520]LogModuleManager: Shutting down and abandoning module EnvironmentQueryEditor (260)
[2022.07.17-13.23.17:284][520]LogModuleManager: Shutting down and abandoning module Paper2D (258)
[2022.07.17-13.23.17:284][520]LogModuleManager: Shutting down and abandoning module WindowsMoviePlayer (256)
[2022.07.17-13.23.17:284][520]LogModuleManager: Shutting down and abandoning module WebMMoviePlayer (254)
[2022.07.17-13.23.17:284][520]LogModuleManager: Shutting down and abandoning module NetworkReplayStreaming (252)
[2022.07.17-13.23.17:284][520]LogModuleManager: Shutting down and abandoning module PacketHandler (250)
[2022.07.17-13.23.17:284][520]LogModuleManager: Shutting down and abandoning module ClothingSystemEditor (248)
[2022.07.17-13.23.17:284][520]LogModuleManager: Shutting down and abandoning module ClothingSystemRuntimeNv (246)
[2022.07.17-13.23.17:284][520]LogModuleManager: Shutting down and abandoning module MediaAssets (244)
[2022.07.17-13.23.17:284][520]LogModuleManager: Shutting down and abandoning module Overlay (242)
[2022.07.17-13.23.17:284][520]LogModuleManager: Shutting down and abandoning module OverlayEditor (241)
[2022.07.17-13.23.17:284][520]LogModuleManager: Shutting down and abandoning module VREditor (238)
[2022.07.17-13.23.17:284][520]LogModuleManager: Shutting down and abandoning module StringTableEditor (236)
[2022.07.17-13.23.17:284][520]LogModuleManager: Shutting down and abandoning module GameplayTasksEditor (234)
[2022.07.17-13.23.17:284][520]LogModuleManager: Shutting down and abandoning module BehaviorTreeEditor (232)
[2022.07.17-13.23.17:284][520]LogModuleManager: Shutting down and abandoning module FunctionalTesting (230)
[2022.07.17-13.23.17:284][520]LogModuleManager: Shutting down and abandoning module CollisionAnalyzer (228)
[2022.07.17-13.23.17:284][520]LogModuleManager: Shutting down and abandoning module WorkspaceMenuStructure (227)
[2022.07.17-13.23.17:284][520]LogModuleManager: Shutting down and abandoning module UMG (224)
[2022.07.17-13.23.17:284][520]LogModuleManager: Shutting down and abandoning module UMGEditor (223)
[2022.07.17-13.23.17:284][520]LogModuleManager: Shutting down and abandoning module Sequencer (222)
[2022.07.17-13.23.17:284][520]LogModuleManager: Shutting down and abandoning module MessageLog (219)
[2022.07.17-13.23.17:284][520]LogModuleManager: Shutting down and abandoning module SlateReflector (214)
[2022.07.17-13.23.17:285][520]LogModuleManager: Shutting down and abandoning module Slate (212)
[2022.07.17-13.23.17:285][520]LogModuleManager: Shutting down and abandoning module SlateCore (210)
[2022.07.17-13.23.17:286][520]LogModuleManager: Shutting down and abandoning module LandscapeEditorUtilities (208)
[2022.07.17-13.23.17:286][520]LogModuleManager: Shutting down and abandoning module UnrealEd (206)
[2022.07.17-13.23.17:286][520]LogModuleManager: Shutting down and abandoning module MRMesh (204)
[2022.07.17-13.23.17:286][520]LogModuleManager: Shutting down and abandoning module Messaging (202)
[2022.07.17-13.23.17:286][520]LogModuleManager: Shutting down and abandoning module SourceCodeAccess (200)
[2022.07.17-13.23.17:286][520]LogModuleManager: Shutting down and abandoning module HeadMountedDisplay (198)
[2022.07.17-13.23.17:286][520]LogModuleManager: Shutting down and abandoning module XAudio2 (196)
[2022.07.17-13.23.17:286][520]LogModuleManager: Shutting down and abandoning module Networking (194)
[2022.07.17-13.23.17:286][520]LogModuleManager: Shutting down and abandoning module Core (192)
[2022.07.17-13.23.17:286][520]LogModuleManager: Shutting down and abandoning module MaterialEditor (190)
[2022.07.17-13.23.17:286][520]LogModuleManager: Shutting down and abandoning module MovieSceneTools (188)
[2022.07.17-13.23.17:286][520]LogModuleManager: Shutting down and abandoning module EditorStyle (187)
[2022.07.17-13.23.17:287][520]LogModuleManager: Shutting down and abandoning module KismetCompiler (184)
[2022.07.17-13.23.17:287][520]LogModuleManager: Shutting down and abandoning module MeshBuilder (182)
[2022.07.17-13.23.17:287][520]LogModuleManager: Shutting down and abandoning module MeshUtilities (180)
[2022.07.17-13.23.17:287][520]LogModuleManager: Shutting down and abandoning module MeshMergeUtilities (179)
[2022.07.17-13.23.17:287][520]LogModuleManager: Shutting down and abandoning module MeshReductionInterface (178)
[2022.07.17-13.23.17:287][520]LogModuleManager: Shutting down and abandoning module MeshBoneReduction (177)
[2022.07.17-13.23.17:287][520]LogModuleManager: Shutting down and abandoning module SkeletalMeshReduction (175)
[2022.07.17-13.23.17:287][520]LogModuleManager: Shutting down and abandoning module ProxyLODMeshReduction (173)
[2022.07.17-13.23.17:287][520]LogModuleManager: Shutting down and abandoning module QuadricMeshReduction (171)
[2022.07.17-13.23.17:287][520]LogModuleManager: Shutting down and abandoning module MaterialBaking (167)
[2022.07.17-13.23.17:287][520]LogModuleManager: Shutting down and abandoning module NullInstallBundleManager (162)
[2022.07.17-13.23.17:287][520]LogModuleManager: Shutting down and abandoning module PIEPreviewDeviceProfileSelector (160)
[2022.07.17-13.23.17:287][520]LogModuleManager: Shutting down and abandoning module DerivedDataCache (158)
[2022.07.17-13.23.17:287][520]LogModuleManager: Shutting down and abandoning module TargetPlatform (156)
[2022.07.17-13.23.17:287][520]LogModuleManager: Shutting down and abandoning module VulkanShaderFormat (155)
[2022.07.17-13.23.17:287][520]LogModuleManager: Shutting down and abandoning module ShaderFormatVectorVM (153)
[2022.07.17-13.23.17:287][520]LogModuleManager: Shutting down and abandoning module ShaderFormatOpenGL (151)
[2022.07.17-13.23.17:287][520]LogModuleManager: Shutting down and abandoning module ShaderFormatD3D (149)
[2022.07.17-13.23.17:287][520]LogModuleManager: Shutting down and abandoning module MetalShaderFormat (147)
[2022.07.17-13.23.17:287][520]LogModuleManager: Shutting down and abandoning module TextureFormatOodle (145)
[2022.07.17-13.23.17:287][520]LogModuleManager: Shutting down and abandoning module TextureFormatUncompressed (143)
[2022.07.17-13.23.17:287][520]LogModuleManager: Shutting down and abandoning module TextureFormatPVR (141)
[2022.07.17-13.23.17:287][520]LogModuleManager: Shutting down and abandoning module TextureFormatETC2 (139)
[2022.07.17-13.23.17:287][520]LogModuleManager: Shutting down and abandoning module TextureFormatDXT (137)
[2022.07.17-13.23.17:287][520]LogModuleManager: Shutting down and abandoning module TextureFormatIntelISPCTexComp (135)
[2022.07.17-13.23.17:287][520]LogModuleManager: Shutting down and abandoning module TextureFormatASTC (133)
[2022.07.17-13.23.17:287][520]LogModuleManager: Shutting down and abandoning module ImageWrapper (132)
[2022.07.17-13.23.17:287][520]LogModuleManager: Shutting down and abandoning module AudioFormatOpus (129)
[2022.07.17-13.23.17:287][520]LogModuleManager: Shutting down and abandoning module AudioFormatOgg (127)
[2022.07.17-13.23.17:287][520]LogModuleManager: Shutting down and abandoning module AudioFormatADPCM (125)
[2022.07.17-13.23.17:287][520]LogModuleManager: Shutting down and abandoning module WindowsServerTargetPlatform (123)
[2022.07.17-13.23.17:288][520]LogModuleManager: Shutting down and abandoning module WindowsClientTargetPlatform (121)
[2022.07.17-13.23.17:288][520]LogModuleManager: Shutting down and abandoning module WindowsTargetPlatform (119)
[2022.07.17-13.23.17:288][520]LogModuleManager: Shutting down and abandoning module WindowsNoEditorTargetPlatform (117)
[2022.07.17-13.23.17:288][520]LogModuleManager: Shutting down and abandoning module D3D11RHI (114)
[2022.07.17-13.23.17:288][520]LogModuleManager: Shutting down and abandoning module InputCore (112)
[2022.07.17-13.23.17:288][520]LogModuleManager: Shutting down and abandoning module Settings (110)
[2022.07.17-13.23.17:288][520]LogModuleManager: Shutting down and abandoning module PhysXCooking (108)
[2022.07.17-13.23.17:288][520]LogModuleManager: Shutting down and abandoning module Chaos (106)
[2022.07.17-13.23.17:288][520]LogModuleManager: Shutting down and abandoning module WindowsPlatformFeatures (104)
[2022.07.17-13.23.17:288][520]LogModuleManager: Shutting down and abandoning module GameplayMediaEncoder (103)
[2022.07.17-13.23.17:288][520]LogModuleManager: Shutting down and abandoning module AVEncoder (102)
[2022.07.17-13.23.17:288][520]LogModuleManager: Shutting down and abandoning module ExampleDeviceProfileSelector (98)
[2022.07.17-13.23.17:288][520]LogModuleManager: Shutting down and abandoning module ChunkDownloader (96)
[2022.07.17-13.23.17:288][520]LogModuleManager: Shutting down and abandoning module OnlineBlueprintSupport (94)
[2022.07.17-13.23.17:288][520]LogModuleManager: Shutting down and abandoning module LauncherChunkInstaller (90)
[2022.07.17-13.23.17:288][520]LogModuleManager: Shutting down and abandoning module OnlineSubsystem (88)
[2022.07.17-13.23.17:288][520]LogModuleManager: Shutting down and abandoning module XMPP (83)
[2022.07.17-13.23.17:289][520]LogModuleManager: Shutting down and abandoning module WebSockets (82)
[2022.07.17-13.23.17:310][520]LogModuleManager: Shutting down and abandoning module HTTP (79)
[2022.07.17-13.23.17:311][520]LogHttp: Display: cleaning up 0 outstanding Http requests.
[2022.07.17-13.23.17:337][520]LogModuleManager: Shutting down and abandoning module SSL (78)
[2022.07.17-13.23.17:338][520]LogModuleManager: Shutting down and abandoning module WmfMedia (74)
[2022.07.17-13.23.17:340][520]LogModuleManager: Shutting down and abandoning module Media (73)
[2022.07.17-13.23.17:341][520]LogModuleManager: Shutting down and abandoning module MediaInfo (72)
[2022.07.17-13.23.17:341][520]LogModuleManager: Shutting down and abandoning module ExrReaderGpu (68)
[2022.07.17-13.23.17:341][520]LogModuleManager: Shutting down and abandoning module MLSDK (66)
[2022.07.17-13.23.17:341][520]LogModuleManager: Shutting down and abandoning module MagicLeap (64)
[2022.07.17-13.23.17:341][520]LogModuleManager: Shutting down and abandoning module NiagaraVertexFactories (62)
[2022.07.17-13.23.17:341][520]LogModuleManager: Shutting down and abandoning module NiagaraShader (60)
[2022.07.17-13.23.17:341][520]LogModuleManager: Shutting down and abandoning module ChaosCloth (58)
[2022.07.17-13.23.17:341][520]LogModuleManager: Shutting down and abandoning module VariantManagerContent (56)
[2022.07.17-13.23.17:341][520]LogModuleManager: Shutting down and abandoning module DatasmithContent (54)
[2022.07.17-13.23.17:341][520]LogModuleManager: Shutting down and abandoning module PixWinPlugin (52)
[2022.07.17-13.23.17:341][520]LogModuleManager: Shutting down and abandoning module AISupportModule (50)
[2022.07.17-13.23.17:341][520]LogModuleManager: Shutting down and abandoning module DesktopPlatform (48)
[2022.07.17-13.23.17:341][520]LogModuleManager: Shutting down and abandoning module PythonScriptPluginPreload (46)
[2022.07.17-13.23.17:341][520]LogModuleManager: Shutting down and abandoning module PlatformCryptoOpenSSL (44)
[2022.07.17-13.23.17:341][520]LogModuleManager: Shutting down and abandoning module PlatformCryptoTypes (42)
[2022.07.17-13.23.17:341][520]LogModuleManager: Shutting down and abandoning module PlatformCrypto (40)
[2022.07.17-13.23.17:341][520]LogModuleManager: Shutting down and abandoning module OodleDataCompressionFormat (38)
[2022.07.17-13.23.17:341][520]LogModuleManager: Shutting down and abandoning module XGEController (36)
[2022.07.17-13.23.17:341][520]LogModuleManager: Shutting down and abandoning module AnimationModifiers (34)
[2022.07.17-13.23.17:341][520]LogModuleManager: Shutting down and abandoning module AudioEditor (32)
[2022.07.17-13.23.17:341][520]LogModuleManager: Shutting down and abandoning module PropertyEditor (31)
[2022.07.17-13.23.17:341][520]LogModuleManager: Shutting down and abandoning module TextureCompressor (28)
[2022.07.17-13.23.17:341][520]LogModuleManager: Shutting down and abandoning module RenderCore (26)
[2022.07.17-13.23.17:341][520]LogModuleManager: Shutting down and abandoning module Landscape (24)
[2022.07.17-13.23.17:341][520]LogModuleManager: Shutting down and abandoning module SlateRHIRenderer (22)
[2022.07.17-13.23.17:342][520]LogModuleManager: Shutting down and abandoning module AnimGraphRuntime (20)
[2022.07.17-13.23.17:342][520]LogModuleManager: Shutting down and abandoning module Renderer (18)
[2022.07.17-13.23.17:342][520]LogModuleManager: Shutting down and abandoning module Engine (16)
[2022.07.17-13.23.17:342][520]LogModuleManager: Shutting down and abandoning module CoreUObject (14)
[2022.07.17-13.23.17:342][520]LogModuleManager: Shutting down and abandoning module NetworkFile (12)
[2022.07.17-13.23.17:342][520]LogModuleManager: Shutting down and abandoning module CookedIterativeFile (10)
[2022.07.17-13.23.17:342][520]LogModuleManager: Shutting down and abandoning module StreamingFile (8)
[2022.07.17-13.23.17:342][520]LogModuleManager: Shutting down and abandoning module SandboxFile (6)
[2022.07.17-13.23.17:342][520]LogModuleManager: Shutting down and abandoning module PakFile (4)
[2022.07.17-13.23.17:342][520]LogModuleManager: Shutting down and abandoning module RSA (3)
[2022.07.17-13.23.17:545][520]LogContentStreaming: Display: There are 1 unreleased StreamingManagers
[2022.07.17-13.23.17:550][520]LogD3D11RHI: Shutdown
[2022.07.17-13.23.17:550][520]LogD3D11RHI: CleanupD3DDevice
[2022.07.17-13.23.17:551][520]LogExit: Exiting.
[2022.07.17-13.23.17:564][520]Log file closed, 07/17/22 15:23:17
