Log file open, 07/17/22 14:04:21
LogWindows: Failed to load 'aqProf.dll' (GetLastError=126)
LogWindows: File 'aqProf.dll' does not exist
LogWindows: Failed to load 'VtuneApi.dll' (GetLastError=126)
LogWindows: File 'VtuneApi.dll' does not exist
LogWindows: Failed to load 'VtuneApi32e.dll' (GetLastError=126)
LogWindows: File 'VtuneApi32e.dll' does not exist
LogConsoleResponse: Display: Failed to find resolution value strings in scalability ini. Falling back to default.
LogConsoleResponse: Display: Failed to find resolution value strings in scalability ini. Falling back to default.
LogInit: Display: Running engine for game: Builder
LogPlatformFile: Not using cached read wrapper
LogTaskGraph: Started task graph with 5 named threads and 35 total threads with 3 sets of task threads.
LogStats: Stats thread started at 0.195652
LogICUInternationalization: ICU TimeZone Detection - Raw Offset: +1:00, Platform Override: ''
LogInit: Display: Loading text-based GConfig....
LogPluginManager: Mounting plugin MeshPainting
LogPluginManager: Mounting plugin XGEController
LogPluginManager: Mounting plugin Paper2D
LogPluginManager: Mounting plugin AISupport
LogPluginManager: Mounting plugin EnvironmentQueryEditor
LogPluginManager: Mounting plugin CameraShakePreviewer
LogPluginManager: Mounting plugin LightPropagationVolume
LogPluginManager: Mounting plugin GameplayCameras
LogPluginManager: Mounting plugin OodleData
LogPluginManager: Mounting plugin OodleNetwork
LogPluginManager: Mounting plugin AssetManagerEditor
LogPluginManager: Mounting plugin AnimationSharing
LogPluginManager: Mounting plugin CLionSourceCodeAccess
LogPluginManager: Mounting plugin CurveEditorTools
LogPluginManager: Mounting plugin CryptoKeys
LogPluginManager: Mounting plugin DataValidation
LogPluginManager: Mounting plugin CodeLiteSourceCodeAccess
LogPluginManager: Mounting plugin FacialAnimation
LogPluginManager: Mounting plugin GitSourceControl
LogPluginManager: Mounting plugin KDevelopSourceCodeAccess
LogPluginManager: Mounting plugin DatasmithContent
LogPluginManager: Mounting plugin NullSourceCodeAccess
LogPluginManager: Mounting plugin GameplayTagsEditor
LogPluginManager: Mounting plugin GeometryMode
LogPluginManager: Mounting plugin MacGraphicsSwitching
LogPluginManager: Mounting plugin MaterialAnalyzer
LogPluginManager: Mounting plugin PerforceSourceControl
LogPluginManager: Mounting plugin MobileLauncherProfileWizard
LogPluginManager: Mounting plugin PluginBrowser
LogPluginManager: Mounting plugin PixWinPlugin
LogPluginManager: Mounting plugin PlasticSourceControl
LogPluginManager: Mounting plugin SpeedTreeImporter
LogPluginManager: Mounting plugin PluginUtils
LogPluginManager: Mounting plugin PropertyAccessNode
LogPluginManager: Mounting plugin RiderSourceCodeAccess
LogPluginManager: Mounting plugin SubversionSourceControl
LogPluginManager: Mounting plugin TextureFormatOodle
LogPluginManager: Mounting plugin AlembicImporter
LogPluginManager: Mounting plugin Niagara
LogPluginManager: Mounting plugin UObjectPlugin
LogPluginManager: Mounting plugin VisualStudioCodeSourceCodeAccess
LogPluginManager: Mounting plugin VisualStudioSourceCodeAccess
LogPluginManager: Mounting plugin AutomationUtils
LogPluginManager: Mounting plugin XCodeSourceCodeAccess
LogPluginManager: Mounting plugin BackChannel
LogPluginManager: Mounting plugin ChaosCloth
LogPluginManager: Mounting plugin ChaosEditor
LogPluginManager: Mounting plugin ChaosClothEditor
LogPluginManager: Mounting plugin ChaosNiagara
LogPluginManager: Mounting plugin ChaosSolverPlugin
LogPluginManager: Mounting plugin VariantManagerContent
LogPluginManager: Mounting plugin CharacterAI
LogPluginManager: Mounting plugin GeometryCache
LogPluginManager: Mounting plugin GeometryCollectionPlugin
LogPluginManager: Mounting plugin GeometryProcessing
LogPluginManager: Mounting plugin OpenImageDenoise
LogPluginManager: Mounting plugin MotoSynth
LogPluginManager: Mounting plugin PlanarCut
LogPluginManager: Mounting plugin ProxyLODPlugin
LogPluginManager: Mounting plugin PlatformCrypto
LogPluginManager: Mounting plugin PythonScriptPlugin
LogPluginManager: Mounting plugin SkeletalReduction
LogPluginManager: Mounting plugin AndroidMedia
LogPluginManager: Mounting plugin AvfMedia
LogPluginManager: Mounting plugin ImgMedia
LogPluginManager: Mounting plugin LuminPlatformFeatures
LogPluginManager: Mounting plugin MagicLeap
LogPluginManager: Mounting plugin MagicLeapLightEstimation
LogPluginManager: Mounting plugin MediaCompositing
LogPluginManager: Mounting plugin MagicLeapMedia
LogPluginManager: Mounting plugin MagicLeapPassableWorld
LogPluginManager: Mounting plugin MediaPlayerEditor
LogPluginManager: Mounting plugin MLSDK
LogPluginManager: Mounting plugin UdpMessaging
LogPluginManager: Mounting plugin WmfMedia
LogPluginManager: Mounting plugin ActorSequence
LogPluginManager: Mounting plugin LevelSequenceEditor
LogPluginManager: Mounting plugin MatineeToLevelSequence
LogPluginManager: Mounting plugin TcpMessaging
LogPluginManager: Mounting plugin TemplateSequence
LogPluginManager: Mounting plugin WebMMedia
LogPluginManager: Mounting plugin OnlineSubsystem
LogPluginManager: Mounting plugin OnlineSubsystemNull
LogPluginManager: Mounting plugin OnlineSubsystemUtils
LogPluginManager: Mounting plugin LauncherChunkInstaller
LogPluginManager: Mounting plugin ActorLayerUtilities
LogPluginManager: Mounting plugin AndroidMoviePlayer
LogPluginManager: Mounting plugin AndroidDeviceProfileSelector
LogPluginManager: Mounting plugin AndroidPermission
LogPluginManager: Mounting plugin AppleImageUtils
LogPluginManager: Mounting plugin AppleMoviePlayer
LogPluginManager: Mounting plugin ArchVisCharacter
LogPluginManager: Mounting plugin AudioCapture
LogPluginManager: Mounting plugin AssetTags
LogPluginManager: Mounting plugin AudioSynesthesia
LogPluginManager: Mounting plugin CableComponent
LogPluginManager: Mounting plugin CustomMeshComponent
LogPluginManager: Mounting plugin EditableMesh
LogPluginManager: Mounting plugin GoogleCloudMessaging
LogPluginManager: Mounting plugin GooglePAD
LogPluginManager: Mounting plugin ChunkDownloader
LogPluginManager: Mounting plugin ExampleDeviceProfileSelector
LogPluginManager: Mounting plugin ScreenshotTools
LogPluginManager: Mounting plugin IOSDeviceProfileSelector
LogPluginManager: Mounting plugin LocationServicesBPLibrary
LogPluginManager: Mounting plugin LinuxDeviceProfileSelector
LogPluginManager: Mounting plugin MobilePatchingUtils
LogPluginManager: Mounting plugin PostSplashScreen
LogPluginManager: Mounting plugin PhysXVehicles
LogPluginManager: Mounting plugin ProceduralMeshComponent
LogPluginManager: Mounting plugin SignificanceManager
LogPluginManager: Mounting plugin PropertyAccessEditor
LogPluginManager: Mounting plugin SoundFields
LogPluginManager: Mounting plugin Synthesis
LogPluginManager: Mounting plugin RuntimePhysXCooking
LogPluginManager: Mounting plugin WebMMoviePlayer
LogPluginManager: Mounting plugin WindowsMoviePlayer
LogPluginManager: Mounting plugin ContentBrowserFileDataSource
LogPluginManager: Mounting plugin ContentBrowserAssetDataSource
LogPluginManager: Mounting plugin ContentBrowserClassDataSource
LogPluginManager: Mounting plugin OnlineSubsystemGooglePlay
LogPluginManager: Mounting plugin OnlineSubsystemIOS
PixWinPlugin: PIX capture plugin failed to initialize! Check that the process is launched from PIX.
LogInit: Using libcurl 7.55.1-DEV
LogInit:  - built for x86_64-pc-win32
LogInit:  - supports SSL with OpenSSL/1.1.1
LogInit:  - supports HTTP deflate (compression) using libz 1.2.8
LogInit:  - other features:
LogInit:      CURL_VERSION_SSL
LogInit:      CURL_VERSION_LIBZ
LogInit:      CURL_VERSION_IPV6
LogInit:      CURL_VERSION_ASYNCHDNS
LogInit:      CURL_VERSION_LARGEFILE
LogInit:      CURL_VERSION_IDN
LogInit:  CurlRequestOptions (configurable via config and command line):
LogInit:  - bVerifyPeer = true  - Libcurl will verify peer certificate
LogInit:  - bUseHttpProxy = false  - Libcurl will NOT use HTTP proxy
LogInit:  - bDontReuseConnections = false  - Libcurl will reuse connections
LogInit:  - MaxHostConnections = 16  - Libcurl will limit the number of connections to a host
LogInit:  - LocalHostAddr = Default
LogInit:  - BufferSize = 65536
LogOnline: OSS: Creating online subsystem instance for: NULL
LogInit: WinSock: version 1.1 (2.2), MaxSocks=32767, MaxUdp=65467
LogOnline: OSS: TryLoadSubsystemAndSetDefault: Loaded subsystem for module [NULL]
LogInit: Build: ++UE4+Release-4.27-CL-18319896
LogInit: Engine Version: 4.27.2-18319896+++UE4+Release-4.27
LogInit: Compatible Engine Version: 4.27.0-17155196+++UE4+Release-4.27
LogInit: Net CL: 17155196
LogInit: OS: Windows 10 (Release 2009) (), CPU: AMD Ryzen 5 5600X 6-Core Processor             , GPU: Radeon RX 590 Series
LogInit: Compiled (64-bit): Nov 30 2021 07:12:08
LogInit: Compiled with Visual C++: 19.24.28315.00
LogInit: Build Configuration: Development
LogInit: Branch Name: ++UE4+Release-4.27
LogInit: Command Line:  /Game/Maps/MainMenu -game -PIEVIACONSOLE -Multiprocess GameUserSettingsINI=C:/Users/matej/Documents/GitHub/Game-Jam-2022/Saved/Config/Windows/PIEGameUserSettings0.ini -MultiprocessSaveConfig -forcepassthrough -messaging -SessionName="Play in Standalone Game" -windowed -WinX=-1575 -WinY=179 SAVEWINPOS=1 -ResX=1280 -ResY=719
LogInit: Base Directory: E:/UE4/UE_4.27/Engine/Binaries/Win64/
LogInit: Allocator: TBB
LogInit: Installed Engine Build: 1
LogDevObjectVersion: Number of dev versions registered: 29
LogDevObjectVersion:   Dev-Blueprints (B0D832E4-1F89-4F0D-ACCF-7EB736FD4AA2): 10
LogDevObjectVersion:   Dev-Build (E1C64328-A22C-4D53-A36C-8E866417BD8C): 0
LogDevObjectVersion:   Dev-Core (375EC13C-06E4-48FB-B500-84F0262A717E): 4
LogDevObjectVersion:   Dev-Editor (E4B068ED-F494-42E9-A231-DA0B2E46BB41): 40
LogDevObjectVersion:   Dev-Framework (CFFC743F-43B0-4480-9391-14DF171D2073): 37
LogDevObjectVersion:   Dev-Mobile (B02B49B5-BB20-44E9-A304-32B752E40360): 3
LogDevObjectVersion:   Dev-Networking (A4E4105C-59A1-49B5-A7C5-40C4547EDFEE): 0
LogDevObjectVersion:   Dev-Online (39C831C9-5AE6-47DC-9A44-9C173E1C8E7C): 0
LogDevObjectVersion:   Dev-Physics (78F01B33-EBEA-4F98-B9B4-84EACCB95AA2): 14
LogDevObjectVersion:   Dev-Platform (6631380F-2D4D-43E0-8009-CF276956A95A): 0
LogDevObjectVersion:   Dev-Rendering (12F88B9F-8875-4AFC-A67C-D90C383ABD29): 45
LogDevObjectVersion:   Dev-Sequencer (7B5AE74C-D270-4C10-A958-57980B212A5A): 13
LogDevObjectVersion:   Dev-VR (D7296918-1DD6-4BDD-9DE2-64A83CC13884): 3
LogDevObjectVersion:   Dev-LoadTimes (C2A15278-BFE7-4AFE-6C17-90FF531DF755): 1
LogDevObjectVersion:   Private-Geometry (6EACA3D4-40EC-4CC1-B786-8BED09428FC5): 3
LogDevObjectVersion:   Dev-AnimPhys (29E575DD-E0A3-4627-9D10-D276232CDCEA): 17
LogDevObjectVersion:   Dev-Anim (AF43A65D-7FD3-4947-9873-3E8ED9C1BB05): 15
LogDevObjectVersion:   Dev-ReflectionCapture (6B266CEC-1EC7-4B8F-A30B-E4D90942FC07): 1
LogDevObjectVersion:   Dev-Automation (0DF73D61-A23F-47EA-B727-89E90C41499A): 1
LogDevObjectVersion:   FortniteMain (601D1886-AC64-4F84-AA16-D3DE0DEAC7D6): 47
LogDevObjectVersion:   FortniteRelease (E7086368-6B23-4C58-8439-1B7016265E91): 1
LogDevObjectVersion:   Dev-Enterprise (9DFFBCD6-494F-0158-E221-12823C92A888): 10
LogDevObjectVersion:   Dev-Niagara (F2AED0AC-9AFE-416F-8664-AA7FFA26D6FC): 1
LogDevObjectVersion:   Dev-Destruction (174F1F0B-B4C6-45A5-B13F-2EE8D0FB917D): 10
LogDevObjectVersion:   Dev-Physics-Ext (35F94A83-E258-406C-A318-09F59610247C): 41
LogDevObjectVersion:   Dev-PhysicsMaterial-Chaos (B68FC16E-8B1B-42E2-B453-215C058844FE): 1
LogDevObjectVersion:   Dev-CineCamera (B2E18506-4273-CFC2-A54E-F4BB758BBA07): 1
LogDevObjectVersion:   Dev-VirtualProduction (64F58936-FD1B-42BA-BA96-7289D5D0FA4E): 1
LogDevObjectVersion:   Dev-MediaFramework (6F0ED827-A609-4895-9C91-998D90180EA4): 2
LogInit: Presizing for max 25165824 objects, including 0 objects not considered by GC, pre-allocating 0 bytes for permanent pool.
LogConfig: Applying CVar settings from Section [/Script/Engine.StreamingSettings] File [C:/Users/matej/Documents/GitHub/Game-Jam-2022/Saved/Config/Windows/Engine.ini]
LogConfig: Setting CVar [[s.MinBulkDataSizeForAsyncLoading:131072]]
LogConfig: Setting CVar [[s.AsyncLoadingThreadEnabled:0]]
LogConfig: Setting CVar [[s.EventDrivenLoaderEnabled:1]]
LogConfig: Setting CVar [[s.WarnIfTimeLimitExceeded:0]]
LogConfig: Setting CVar [[s.TimeLimitExceededMultiplier:1.5]]
LogConfig: Setting CVar [[s.TimeLimitExceededMinTime:0.005]]
LogConfig: Setting CVar [[s.UseBackgroundLevelStreaming:1]]
LogConfig: Setting CVar [[s.PriorityAsyncLoadingExtraTime:15.0]]
LogConfig: Setting CVar [[s.LevelStreamingActorsUpdateTimeLimit:5.0]]
LogConfig: Setting CVar [[s.PriorityLevelStreamingActorsUpdateExtraTime:5.0]]
LogConfig: Setting CVar [[s.LevelStreamingComponentsRegistrationGranularity:10]]
LogConfig: Setting CVar [[s.UnregisterComponentsTimeLimit:1.0]]
LogConfig: Setting CVar [[s.LevelStreamingComponentsUnregistrationGranularity:5]]
LogConfig: Setting CVar [[s.FlushStreamingOnExit:1]]
LogInit: Object subsystem initialized
LogConfig: Setting CVar [[con.DebugEarlyDefault:1]]
LogConfig: Setting CVar [[r.setres:1280x720]]
[2022.07.17-12.04.22:114][  0]LogConfig: Setting CVar [[con.DebugEarlyDefault:1]]
[2022.07.17-12.04.22:114][  0]LogConfig: Setting CVar [[r.setres:1280x720]]
[2022.07.17-12.04.22:114][  0]LogConfig: Applying CVar settings from Section [/Script/Engine.RendererSettings] File [C:/Users/matej/Documents/GitHub/Game-Jam-2022/Saved/Config/Windows/Engine.ini]
[2022.07.17-12.04.22:114][  0]LogConfig: Setting CVar [[r.GPUCrashDebugging:0]]
[2022.07.17-12.04.22:114][  0]LogConfig: Applying CVar settings from Section [/Script/Engine.RendererOverrideSettings] File [C:/Users/matej/Documents/GitHub/Game-Jam-2022/Saved/Config/Windows/Engine.ini]
[2022.07.17-12.04.22:114][  0]LogConfig: Applying CVar settings from Section [/Script/Engine.StreamingSettings] File [C:/Users/matej/Documents/GitHub/Game-Jam-2022/Saved/Config/Windows/Engine.ini]
[2022.07.17-12.04.22:114][  0]LogConfig: Setting CVar [[s.MinBulkDataSizeForAsyncLoading:131072]]
[2022.07.17-12.04.22:114][  0]LogConfig: Setting CVar [[s.AsyncLoadingThreadEnabled:0]]
[2022.07.17-12.04.22:114][  0]LogConfig: Setting CVar [[s.EventDrivenLoaderEnabled:1]]
[2022.07.17-12.04.22:114][  0]LogConfig: Setting CVar [[s.WarnIfTimeLimitExceeded:0]]
[2022.07.17-12.04.22:114][  0]LogConfig: Setting CVar [[s.TimeLimitExceededMultiplier:1.5]]
[2022.07.17-12.04.22:114][  0]LogConfig: Setting CVar [[s.TimeLimitExceededMinTime:0.005]]
[2022.07.17-12.04.22:114][  0]LogConfig: Setting CVar [[s.UseBackgroundLevelStreaming:1]]
[2022.07.17-12.04.22:114][  0]LogConfig: Setting CVar [[s.PriorityAsyncLoadingExtraTime:15.0]]
[2022.07.17-12.04.22:114][  0]LogConfig: Setting CVar [[s.LevelStreamingActorsUpdateTimeLimit:5.0]]
[2022.07.17-12.04.22:114][  0]LogConfig: Setting CVar [[s.PriorityLevelStreamingActorsUpdateExtraTime:5.0]]
[2022.07.17-12.04.22:114][  0]LogConfig: Setting CVar [[s.LevelStreamingComponentsRegistrationGranularity:10]]
[2022.07.17-12.04.22:114][  0]LogConfig: Setting CVar [[s.UnregisterComponentsTimeLimit:1.0]]
[2022.07.17-12.04.22:114][  0]LogConfig: Setting CVar [[s.LevelStreamingComponentsUnregistrationGranularity:5]]
[2022.07.17-12.04.22:114][  0]LogConfig: Setting CVar [[s.FlushStreamingOnExit:1]]
[2022.07.17-12.04.22:114][  0]LogConfig: Applying CVar settings from Section [/Script/Engine.GarbageCollectionSettings] File [C:/Users/matej/Documents/GitHub/Game-Jam-2022/Saved/Config/Windows/Engine.ini]
[2022.07.17-12.04.22:114][  0]LogConfig: Setting CVar [[gc.MaxObjectsNotConsideredByGC:1]]
[2022.07.17-12.04.22:114][  0]LogConfig: Setting CVar [[gc.SizeOfPermanentObjectPool:0]]
[2022.07.17-12.04.22:114][  0]LogConfig: Setting CVar [[gc.FlushStreamingOnGC:0]]
[2022.07.17-12.04.22:114][  0]LogConfig: Setting CVar [[gc.NumRetriesBeforeForcingGC:10]]
[2022.07.17-12.04.22:114][  0]LogConfig: Setting CVar [[gc.AllowParallelGC:1]]
[2022.07.17-12.04.22:114][  0]LogConfig: Setting CVar [[gc.TimeBetweenPurgingPendingKillObjects:61.1]]
[2022.07.17-12.04.22:114][  0]LogConfig: Setting CVar [[gc.MaxObjectsInEditor:25165824]]
[2022.07.17-12.04.22:114][  0]LogConfig: Setting CVar [[gc.IncrementalBeginDestroyEnabled:1]]
[2022.07.17-12.04.22:114][  0]LogConfig: Setting CVar [[gc.CreateGCClusters:1]]
[2022.07.17-12.04.22:114][  0]LogConfig: Setting CVar [[gc.MinGCClusterSize:5]]
[2022.07.17-12.04.22:114][  0]LogConfig: Setting CVar [[gc.ActorClusteringEnabled:0]]
[2022.07.17-12.04.22:114][  0]LogConfig: Setting CVar [[gc.BlueprintClusteringEnabled:0]]
[2022.07.17-12.04.22:114][  0]LogConfig: Setting CVar [[gc.UseDisregardForGCOnDedicatedServers:0]]
[2022.07.17-12.04.22:114][  0]LogConfig: Setting CVar [[gc.MultithreadedDestructionEnabled:1]]
[2022.07.17-12.04.22:114][  0]LogConfig: Applying CVar settings from Section [/Script/Engine.NetworkSettings] File [C:/Users/matej/Documents/GitHub/Game-Jam-2022/Saved/Config/Windows/Engine.ini]
[2022.07.17-12.04.22:114][  0]LogConfig: Applying CVar settings from Section [/Script/UnrealEd.CookerSettings] File [C:/Users/matej/Documents/GitHub/Game-Jam-2022/Saved/Config/Windows/Engine.ini]
[2022.07.17-12.04.22:138][  0]LogConfig: Applying CVar settings from Section [ViewDistanceQuality@3] File [C:/Users/matej/Documents/GitHub/Game-Jam-2022/Saved/Config/Windows/Scalability.ini]
[2022.07.17-12.04.22:138][  0]LogConfig: Setting CVar [[r.SkeletalMeshLODBias:0]]
[2022.07.17-12.04.22:138][  0]LogConfig: Setting CVar [[r.ViewDistanceScale:1.0]]
[2022.07.17-12.04.22:138][  0]LogConfig: Applying CVar settings from Section [AntiAliasingQuality@3] File [C:/Users/matej/Documents/GitHub/Game-Jam-2022/Saved/Config/Windows/Scalability.ini]
[2022.07.17-12.04.22:138][  0]LogConfig: Setting CVar [[r.PostProcessAAQuality:4]]
[2022.07.17-12.04.22:138][  0]LogConfig: Applying CVar settings from Section [ShadowQuality@3] File [C:/Users/matej/Documents/GitHub/Game-Jam-2022/Saved/Config/Windows/Scalability.ini]
[2022.07.17-12.04.22:138][  0]LogConfig: Setting CVar [[r.LightFunctionQuality:1]]
[2022.07.17-12.04.22:138][  0]LogConfig: Setting CVar [[r.ShadowQuality:5]]
[2022.07.17-12.04.22:138][  0]LogConfig: Setting CVar [[r.Shadow.CSM.MaxCascades:10]]
[2022.07.17-12.04.22:138][  0]LogConfig: Setting CVar [[r.Shadow.MaxResolution:2048]]
[2022.07.17-12.04.22:138][  0]LogConfig: Setting CVar [[r.Shadow.MaxCSMResolution:2048]]
[2022.07.17-12.04.22:138][  0]LogConfig: Setting CVar [[r.Shadow.RadiusThreshold:0.01]]
[2022.07.17-12.04.22:138][  0]LogConfig: Setting CVar [[r.Shadow.DistanceScale:1.0]]
[2022.07.17-12.04.22:138][  0]LogConfig: Setting CVar [[r.Shadow.CSM.TransitionScale:1.0]]
[2022.07.17-12.04.22:138][  0]LogConfig: Setting CVar [[r.Shadow.PreShadowResolutionFactor:1.0]]
[2022.07.17-12.04.22:138][  0]LogConfig: Setting CVar [[r.DistanceFieldShadowing:1]]
[2022.07.17-12.04.22:138][  0]LogConfig: Setting CVar [[r.DistanceFieldAO:1]]
[2022.07.17-12.04.22:138][  0]LogConfig: Setting CVar [[r.AOQuality:2]]
[2022.07.17-12.04.22:138][  0]LogConfig: Setting CVar [[r.VolumetricFog:1]]
[2022.07.17-12.04.22:138][  0]LogConfig: Setting CVar [[r.VolumetricFog.GridPixelSize:8]]
[2022.07.17-12.04.22:138][  0]LogConfig: Setting CVar [[r.VolumetricFog.GridSizeZ:128]]
[2022.07.17-12.04.22:138][  0]LogConfig: Setting CVar [[r.VolumetricFog.HistoryMissSupersampleCount:4]]
[2022.07.17-12.04.22:138][  0]LogConfig: Setting CVar [[r.LightMaxDrawDistanceScale:1]]
[2022.07.17-12.04.22:138][  0]LogConfig: Setting CVar [[r.CapsuleShadows:1]]
[2022.07.17-12.04.22:138][  0]LogConfig: Applying CVar settings from Section [PostProcessQuality@3] File [C:/Users/matej/Documents/GitHub/Game-Jam-2022/Saved/Config/Windows/Scalability.ini]
[2022.07.17-12.04.22:138][  0]LogConfig: Setting CVar [[r.MotionBlurQuality:4]]
[2022.07.17-12.04.22:138][  0]LogConfig: Setting CVar [[r.AmbientOcclusionMipLevelFactor:0.4]]
[2022.07.17-12.04.22:138][  0]LogConfig: Setting CVar [[r.AmbientOcclusionMaxQuality:100]]
[2022.07.17-12.04.22:138][  0]LogConfig: Setting CVar [[r.AmbientOcclusionLevels:-1]]
[2022.07.17-12.04.22:138][  0]LogConfig: Setting CVar [[r.AmbientOcclusionRadiusScale:1.0]]
[2022.07.17-12.04.22:138][  0]LogConfig: Setting CVar [[r.DepthOfFieldQuality:2]]
[2022.07.17-12.04.22:138][  0]LogConfig: Setting CVar [[r.RenderTargetPoolMin:400]]
[2022.07.17-12.04.22:138][  0]LogConfig: Setting CVar [[r.LensFlareQuality:2]]
[2022.07.17-12.04.22:138][  0]LogConfig: Setting CVar [[r.SceneColorFringeQuality:1]]
[2022.07.17-12.04.22:138][  0]LogConfig: Setting CVar [[r.EyeAdaptationQuality:2]]
[2022.07.17-12.04.22:138][  0]LogConfig: Setting CVar [[r.BloomQuality:5]]
[2022.07.17-12.04.22:138][  0]LogConfig: Setting CVar [[r.FastBlurThreshold:100]]
[2022.07.17-12.04.22:138][  0]LogConfig: Setting CVar [[r.Upscale.Quality:3]]
[2022.07.17-12.04.22:138][  0]LogConfig: Setting CVar [[r.Tonemapper.GrainQuantization:1]]
[2022.07.17-12.04.22:138][  0]LogConfig: Setting CVar [[r.LightShaftQuality:1]]
[2022.07.17-12.04.22:138][  0]LogConfig: Setting CVar [[r.Filter.SizeScale:1]]
[2022.07.17-12.04.22:138][  0]LogConfig: Setting CVar [[r.Tonemapper.Quality:5]]
[2022.07.17-12.04.22:138][  0]LogConfig: Setting CVar [[r.DOF.Gather.AccumulatorQuality:1        ; higher gathering accumulator quality]]
[2022.07.17-12.04.22:138][  0]LogConfig: Setting CVar [[r.DOF.Gather.PostfilterMethod:1          ; Median3x3 postfilering method]]
[2022.07.17-12.04.22:138][  0]LogConfig: Setting CVar [[r.DOF.Gather.EnableBokehSettings:0       ; no bokeh simulation when gathering]]
[2022.07.17-12.04.22:138][  0]LogConfig: Setting CVar [[r.DOF.Gather.RingCount:4                 ; medium number of samples when gathering]]
[2022.07.17-12.04.22:138][  0]LogConfig: Setting CVar [[r.DOF.Scatter.ForegroundCompositing:1    ; additive foreground scattering]]
[2022.07.17-12.04.22:138][  0]LogConfig: Setting CVar [[r.DOF.Scatter.BackgroundCompositing:2    ; additive background scattering]]
[2022.07.17-12.04.22:138][  0]LogConfig: Setting CVar [[r.DOF.Scatter.EnableBokehSettings:1      ; bokeh simulation when scattering]]
[2022.07.17-12.04.22:138][  0]LogConfig: Setting CVar [[r.DOF.Scatter.MaxSpriteRatio:0.1         ; only a maximum of 10% of scattered bokeh]]
[2022.07.17-12.04.22:138][  0]LogConfig: Setting CVar [[r.DOF.Recombine.Quality:1                ; cheap slight out of focus]]
[2022.07.17-12.04.22:138][  0]LogConfig: Setting CVar [[r.DOF.Recombine.EnableBokehSettings:0    ; no bokeh simulation on slight out of focus]]
[2022.07.17-12.04.22:138][  0]LogConfig: Setting CVar [[r.DOF.TemporalAAQuality:1                ; more stable temporal accumulation]]
[2022.07.17-12.04.22:138][  0]LogConfig: Setting CVar [[r.DOF.Kernel.MaxForegroundRadius:0.025]]
[2022.07.17-12.04.22:138][  0]LogConfig: Setting CVar [[r.DOF.Kernel.MaxBackgroundRadius:0.025]]
[2022.07.17-12.04.22:138][  0]LogConfig: Applying CVar settings from Section [TextureQuality@3] File [C:/Users/matej/Documents/GitHub/Game-Jam-2022/Saved/Config/Windows/Scalability.ini]
[2022.07.17-12.04.22:138][  0]LogConfig: Setting CVar [[r.Streaming.MipBias:0]]
[2022.07.17-12.04.22:138][  0]LogConfig: Setting CVar [[r.Streaming.AmortizeCPUToGPUCopy:0]]
[2022.07.17-12.04.22:138][  0]LogConfig: Setting CVar [[r.Streaming.MaxNumTexturesToStreamPerFrame:0]]
[2022.07.17-12.04.22:138][  0]LogConfig: Setting CVar [[r.Streaming.Boost:1]]
[2022.07.17-12.04.22:138][  0]LogConfig: Setting CVar [[r.MaxAnisotropy:8]]
[2022.07.17-12.04.22:138][  0]LogConfig: Setting CVar [[r.VT.MaxAnisotropy:8]]
[2022.07.17-12.04.22:138][  0]LogConfig: Setting CVar [[r.Streaming.LimitPoolSizeToVRAM:0]]
[2022.07.17-12.04.22:138][  0]LogConfig: Setting CVar [[r.Streaming.PoolSize:1000]]
[2022.07.17-12.04.22:138][  0]LogConfig: Setting CVar [[r.Streaming.MaxEffectiveScreenSize:0]]
[2022.07.17-12.04.22:138][  0]LogConfig: Applying CVar settings from Section [EffectsQuality@3] File [C:/Users/matej/Documents/GitHub/Game-Jam-2022/Saved/Config/Windows/Scalability.ini]
[2022.07.17-12.04.22:138][  0]LogConfig: Setting CVar [[r.TranslucencyLightingVolumeDim:64]]
[2022.07.17-12.04.22:138][  0]LogConfig: Setting CVar [[r.RefractionQuality:2]]
[2022.07.17-12.04.22:138][  0]LogConfig: Setting CVar [[r.SSR.Quality:3]]
[2022.07.17-12.04.22:138][  0]LogConfig: Setting CVar [[r.SSR.HalfResSceneColor:0]]
[2022.07.17-12.04.22:138][  0]LogConfig: Setting CVar [[r.SceneColorFormat:4]]
[2022.07.17-12.04.22:138][  0]LogConfig: Setting CVar [[r.DetailMode:2]]
[2022.07.17-12.04.22:138][  0]LogConfig: Setting CVar [[r.TranslucencyVolumeBlur:1]]
[2022.07.17-12.04.22:138][  0]LogConfig: Setting CVar [[r.MaterialQualityLevel:1 ; High quality]]
[2022.07.17-12.04.22:138][  0]LogConfig: Setting CVar [[r.AnisotropicMaterials:1]]
[2022.07.17-12.04.22:138][  0]LogConfig: Setting CVar [[r.SSS.Scale:1]]
[2022.07.17-12.04.22:138][  0]LogConfig: Setting CVar [[r.SSS.SampleSet:2]]
[2022.07.17-12.04.22:138][  0]LogConfig: Setting CVar [[r.SSS.Quality:1]]
[2022.07.17-12.04.22:138][  0]LogConfig: Setting CVar [[r.SSS.HalfRes:0]]
[2022.07.17-12.04.22:138][  0]LogConfig: Setting CVar [[r.SSGI.Quality:3]]
[2022.07.17-12.04.22:138][  0]LogConfig: Setting CVar [[r.EmitterSpawnRateScale:1.0]]
[2022.07.17-12.04.22:138][  0]LogConfig: Setting CVar [[r.ParticleLightQuality:2]]
[2022.07.17-12.04.22:138][  0]LogConfig: Setting CVar [[r.SkyAtmosphere.AerialPerspectiveLUT.FastApplyOnOpaque:1 ; Always have FastSkyLUT 1 in this case to avoid wrong sky]]
[2022.07.17-12.04.22:139][  0]LogConfig: Setting CVar [[r.SkyAtmosphere.AerialPerspectiveLUT.SampleCountMaxPerSlice:4]]
[2022.07.17-12.04.22:139][  0]LogConfig: Setting CVar [[r.SkyAtmosphere.AerialPerspectiveLUT.DepthResolution:16.0]]
[2022.07.17-12.04.22:139][  0]LogConfig: Setting CVar [[r.SkyAtmosphere.FastSkyLUT:1]]
[2022.07.17-12.04.22:139][  0]LogConfig: Setting CVar [[r.SkyAtmosphere.FastSkyLUT.SampleCountMin:4.0]]
[2022.07.17-12.04.22:139][  0]LogConfig: Setting CVar [[r.SkyAtmosphere.FastSkyLUT.SampleCountMax:128.0]]
[2022.07.17-12.04.22:139][  0]LogConfig: Setting CVar [[r.SkyAtmosphere.SampleCountMin:4.0]]
[2022.07.17-12.04.22:139][  0]LogConfig: Setting CVar [[r.SkyAtmosphere.SampleCountMax:128.0]]
[2022.07.17-12.04.22:139][  0]LogConfig: Setting CVar [[r.SkyAtmosphere.TransmittanceLUT.UseSmallFormat:0]]
[2022.07.17-12.04.22:139][  0]LogConfig: Setting CVar [[r.SkyAtmosphere.TransmittanceLUT.SampleCount:10.0]]
[2022.07.17-12.04.22:139][  0]LogConfig: Setting CVar [[r.SkyAtmosphere.MultiScatteringLUT.SampleCount:15.0]]
[2022.07.17-12.04.22:139][  0]LogConfig: Setting CVar [[r.SkyLight.RealTimeReflectionCapture:1]]
[2022.07.17-12.04.22:139][  0]LogConfig: Applying CVar settings from Section [FoliageQuality@3] File [C:/Users/matej/Documents/GitHub/Game-Jam-2022/Saved/Config/Windows/Scalability.ini]
[2022.07.17-12.04.22:139][  0]LogConfig: Setting CVar [[foliage.DensityScale:1.0]]
[2022.07.17-12.04.22:139][  0]LogConfig: Setting CVar [[grass.DensityScale:1.0]]
[2022.07.17-12.04.22:139][  0]LogConfig: Applying CVar settings from Section [ShadingQuality@3] File [C:/Users/matej/Documents/GitHub/Game-Jam-2022/Saved/Config/Windows/Scalability.ini]
[2022.07.17-12.04.22:139][  0]LogConfig: Setting CVar [[r.HairStrands.SkyLighting.IntegrationType:2]]
[2022.07.17-12.04.22:139][  0]LogConfig: Setting CVar [[r.HairStrands.SkyAO.SampleCount:4]]
[2022.07.17-12.04.22:139][  0]LogConfig: Setting CVar [[r.HairStrands.Visibility.MSAA.SamplePerPixel:4]]
[2022.07.17-12.04.22:139][  0]LogInit: Selected Device Profile: [Windows]
[2022.07.17-12.04.22:139][  0]LogInit: Applying CVar settings loaded from the selected device profile: [Windows]
[2022.07.17-12.04.22:139][  0]LogHAL: Display: Platform has ~ 32 GB [34266628096 / 34359738368 / 32], which maps to Largest [LargestMinGB=32, LargerMinGB=12, DefaultMinGB=8, SmallerMinGB=6, SmallestMinGB=0)
[2022.07.17-12.04.22:139][  0]LogInit: Going up to parent DeviceProfile []
[2022.07.17-12.04.22:139][  0]LogConfig: Applying CVar settings from Section [ViewDistanceQuality@3] File [C:/Users/matej/Documents/GitHub/Game-Jam-2022/Saved/Config/Windows/Scalability.ini]
[2022.07.17-12.04.22:139][  0]LogConfig: Setting CVar [[r.SkeletalMeshLODBias:0]]
[2022.07.17-12.04.22:139][  0]LogConfig: Setting CVar [[r.ViewDistanceScale:1.0]]
[2022.07.17-12.04.22:139][  0]LogConfig: Applying CVar settings from Section [AntiAliasingQuality@3] File [C:/Users/matej/Documents/GitHub/Game-Jam-2022/Saved/Config/Windows/Scalability.ini]
[2022.07.17-12.04.22:139][  0]LogConfig: Setting CVar [[r.PostProcessAAQuality:4]]
[2022.07.17-12.04.22:139][  0]LogConfig: Applying CVar settings from Section [ShadowQuality@3] File [C:/Users/matej/Documents/GitHub/Game-Jam-2022/Saved/Config/Windows/Scalability.ini]
[2022.07.17-12.04.22:139][  0]LogConfig: Setting CVar [[r.LightFunctionQuality:1]]
[2022.07.17-12.04.22:139][  0]LogConfig: Setting CVar [[r.ShadowQuality:5]]
[2022.07.17-12.04.22:139][  0]LogConfig: Setting CVar [[r.Shadow.CSM.MaxCascades:10]]
[2022.07.17-12.04.22:139][  0]LogConfig: Setting CVar [[r.Shadow.MaxResolution:2048]]
[2022.07.17-12.04.22:139][  0]LogConfig: Setting CVar [[r.Shadow.MaxCSMResolution:2048]]
[2022.07.17-12.04.22:139][  0]LogConfig: Setting CVar [[r.Shadow.RadiusThreshold:0.01]]
[2022.07.17-12.04.22:139][  0]LogConfig: Setting CVar [[r.Shadow.DistanceScale:1.0]]
[2022.07.17-12.04.22:139][  0]LogConfig: Setting CVar [[r.Shadow.CSM.TransitionScale:1.0]]
[2022.07.17-12.04.22:139][  0]LogConfig: Setting CVar [[r.Shadow.PreShadowResolutionFactor:1.0]]
[2022.07.17-12.04.22:139][  0]LogConfig: Setting CVar [[r.DistanceFieldShadowing:1]]
[2022.07.17-12.04.22:139][  0]LogConfig: Setting CVar [[r.DistanceFieldAO:1]]
[2022.07.17-12.04.22:139][  0]LogConfig: Setting CVar [[r.AOQuality:2]]
[2022.07.17-12.04.22:139][  0]LogConfig: Setting CVar [[r.VolumetricFog:1]]
[2022.07.17-12.04.22:139][  0]LogConfig: Setting CVar [[r.VolumetricFog.GridPixelSize:8]]
[2022.07.17-12.04.22:139][  0]LogConfig: Setting CVar [[r.VolumetricFog.GridSizeZ:128]]
[2022.07.17-12.04.22:139][  0]LogConfig: Setting CVar [[r.VolumetricFog.HistoryMissSupersampleCount:4]]
[2022.07.17-12.04.22:139][  0]LogConfig: Setting CVar [[r.LightMaxDrawDistanceScale:1]]
[2022.07.17-12.04.22:139][  0]LogConfig: Setting CVar [[r.CapsuleShadows:1]]
[2022.07.17-12.04.22:140][  0]LogConfig: Applying CVar settings from Section [PostProcessQuality@3] File [C:/Users/matej/Documents/GitHub/Game-Jam-2022/Saved/Config/Windows/Scalability.ini]
[2022.07.17-12.04.22:140][  0]LogConfig: Setting CVar [[r.MotionBlurQuality:4]]
[2022.07.17-12.04.22:140][  0]LogConfig: Setting CVar [[r.AmbientOcclusionMipLevelFactor:0.4]]
[2022.07.17-12.04.22:140][  0]LogConfig: Setting CVar [[r.AmbientOcclusionMaxQuality:100]]
[2022.07.17-12.04.22:140][  0]LogConfig: Setting CVar [[r.AmbientOcclusionLevels:-1]]
[2022.07.17-12.04.22:140][  0]LogConfig: Setting CVar [[r.AmbientOcclusionRadiusScale:1.0]]
[2022.07.17-12.04.22:140][  0]LogConfig: Setting CVar [[r.DepthOfFieldQuality:2]]
[2022.07.17-12.04.22:140][  0]LogConfig: Setting CVar [[r.RenderTargetPoolMin:400]]
[2022.07.17-12.04.22:140][  0]LogConfig: Setting CVar [[r.LensFlareQuality:2]]
[2022.07.17-12.04.22:140][  0]LogConfig: Setting CVar [[r.SceneColorFringeQuality:1]]
[2022.07.17-12.04.22:140][  0]LogConfig: Setting CVar [[r.EyeAdaptationQuality:2]]
[2022.07.17-12.04.22:140][  0]LogConfig: Setting CVar [[r.BloomQuality:5]]
[2022.07.17-12.04.22:140][  0]LogConfig: Setting CVar [[r.FastBlurThreshold:100]]
[2022.07.17-12.04.22:140][  0]LogConfig: Setting CVar [[r.Upscale.Quality:3]]
[2022.07.17-12.04.22:140][  0]LogConfig: Setting CVar [[r.Tonemapper.GrainQuantization:1]]
[2022.07.17-12.04.22:140][  0]LogConfig: Setting CVar [[r.LightShaftQuality:1]]
[2022.07.17-12.04.22:140][  0]LogConfig: Setting CVar [[r.Filter.SizeScale:1]]
[2022.07.17-12.04.22:140][  0]LogConfig: Setting CVar [[r.Tonemapper.Quality:5]]
[2022.07.17-12.04.22:140][  0]LogConfig: Setting CVar [[r.DOF.Gather.AccumulatorQuality:1        ; higher gathering accumulator quality]]
[2022.07.17-12.04.22:140][  0]LogConfig: Setting CVar [[r.DOF.Gather.PostfilterMethod:1          ; Median3x3 postfilering method]]
[2022.07.17-12.04.22:140][  0]LogConfig: Setting CVar [[r.DOF.Gather.EnableBokehSettings:0       ; no bokeh simulation when gathering]]
[2022.07.17-12.04.22:140][  0]LogConfig: Setting CVar [[r.DOF.Gather.RingCount:4                 ; medium number of samples when gathering]]
[2022.07.17-12.04.22:140][  0]LogConfig: Setting CVar [[r.DOF.Scatter.ForegroundCompositing:1    ; additive foreground scattering]]
[2022.07.17-12.04.22:140][  0]LogConfig: Setting CVar [[r.DOF.Scatter.BackgroundCompositing:2    ; additive background scattering]]
[2022.07.17-12.04.22:140][  0]LogConfig: Setting CVar [[r.DOF.Scatter.EnableBokehSettings:1      ; bokeh simulation when scattering]]
[2022.07.17-12.04.22:140][  0]LogConfig: Setting CVar [[r.DOF.Scatter.MaxSpriteRatio:0.1         ; only a maximum of 10% of scattered bokeh]]
[2022.07.17-12.04.22:140][  0]LogConfig: Setting CVar [[r.DOF.Recombine.Quality:1                ; cheap slight out of focus]]
[2022.07.17-12.04.22:140][  0]LogConfig: Setting CVar [[r.DOF.Recombine.EnableBokehSettings:0    ; no bokeh simulation on slight out of focus]]
[2022.07.17-12.04.22:140][  0]LogConfig: Setting CVar [[r.DOF.TemporalAAQuality:1                ; more stable temporal accumulation]]
[2022.07.17-12.04.22:140][  0]LogConfig: Setting CVar [[r.DOF.Kernel.MaxForegroundRadius:0.025]]
[2022.07.17-12.04.22:140][  0]LogConfig: Setting CVar [[r.DOF.Kernel.MaxBackgroundRadius:0.025]]
[2022.07.17-12.04.22:140][  0]LogConfig: Applying CVar settings from Section [TextureQuality@3] File [C:/Users/matej/Documents/GitHub/Game-Jam-2022/Saved/Config/Windows/Scalability.ini]
[2022.07.17-12.04.22:140][  0]LogConfig: Setting CVar [[r.Streaming.MipBias:0]]
[2022.07.17-12.04.22:140][  0]LogConfig: Setting CVar [[r.Streaming.AmortizeCPUToGPUCopy:0]]
[2022.07.17-12.04.22:140][  0]LogConfig: Setting CVar [[r.Streaming.MaxNumTexturesToStreamPerFrame:0]]
[2022.07.17-12.04.22:140][  0]LogConfig: Setting CVar [[r.Streaming.Boost:1]]
[2022.07.17-12.04.22:140][  0]LogConfig: Setting CVar [[r.MaxAnisotropy:8]]
[2022.07.17-12.04.22:140][  0]LogConfig: Setting CVar [[r.VT.MaxAnisotropy:8]]
[2022.07.17-12.04.22:140][  0]LogConfig: Setting CVar [[r.Streaming.LimitPoolSizeToVRAM:0]]
[2022.07.17-12.04.22:140][  0]LogConfig: Setting CVar [[r.Streaming.PoolSize:1000]]
[2022.07.17-12.04.22:140][  0]LogConfig: Setting CVar [[r.Streaming.MaxEffectiveScreenSize:0]]
[2022.07.17-12.04.22:140][  0]LogConfig: Applying CVar settings from Section [EffectsQuality@3] File [C:/Users/matej/Documents/GitHub/Game-Jam-2022/Saved/Config/Windows/Scalability.ini]
[2022.07.17-12.04.22:140][  0]LogConfig: Setting CVar [[r.TranslucencyLightingVolumeDim:64]]
[2022.07.17-12.04.22:140][  0]LogConfig: Setting CVar [[r.RefractionQuality:2]]
[2022.07.17-12.04.22:140][  0]LogConfig: Setting CVar [[r.SSR.Quality:3]]
[2022.07.17-12.04.22:140][  0]LogConfig: Setting CVar [[r.SSR.HalfResSceneColor:0]]
[2022.07.17-12.04.22:140][  0]LogConfig: Setting CVar [[r.SceneColorFormat:4]]
[2022.07.17-12.04.22:140][  0]LogConfig: Setting CVar [[r.DetailMode:2]]
[2022.07.17-12.04.22:140][  0]LogConfig: Setting CVar [[r.TranslucencyVolumeBlur:1]]
[2022.07.17-12.04.22:140][  0]LogConfig: Setting CVar [[r.MaterialQualityLevel:1 ; High quality]]
[2022.07.17-12.04.22:140][  0]LogConfig: Setting CVar [[r.AnisotropicMaterials:1]]
[2022.07.17-12.04.22:140][  0]LogConfig: Setting CVar [[r.SSS.Scale:1]]
[2022.07.17-12.04.22:140][  0]LogConfig: Setting CVar [[r.SSS.SampleSet:2]]
[2022.07.17-12.04.22:140][  0]LogConfig: Setting CVar [[r.SSS.Quality:1]]
[2022.07.17-12.04.22:140][  0]LogConfig: Setting CVar [[r.SSS.HalfRes:0]]
[2022.07.17-12.04.22:140][  0]LogConfig: Setting CVar [[r.SSGI.Quality:3]]
[2022.07.17-12.04.22:140][  0]LogConfig: Setting CVar [[r.EmitterSpawnRateScale:1.0]]
[2022.07.17-12.04.22:140][  0]LogConfig: Setting CVar [[r.ParticleLightQuality:2]]
[2022.07.17-12.04.22:140][  0]LogConfig: Setting CVar [[r.SkyAtmosphere.AerialPerspectiveLUT.FastApplyOnOpaque:1 ; Always have FastSkyLUT 1 in this case to avoid wrong sky]]
[2022.07.17-12.04.22:140][  0]LogConfig: Setting CVar [[r.SkyAtmosphere.AerialPerspectiveLUT.SampleCountMaxPerSlice:4]]
[2022.07.17-12.04.22:140][  0]LogConfig: Setting CVar [[r.SkyAtmosphere.AerialPerspectiveLUT.DepthResolution:16.0]]
[2022.07.17-12.04.22:140][  0]LogConfig: Setting CVar [[r.SkyAtmosphere.FastSkyLUT:1]]
[2022.07.17-12.04.22:140][  0]LogConfig: Setting CVar [[r.SkyAtmosphere.FastSkyLUT.SampleCountMin:4.0]]
[2022.07.17-12.04.22:140][  0]LogConfig: Setting CVar [[r.SkyAtmosphere.FastSkyLUT.SampleCountMax:128.0]]
[2022.07.17-12.04.22:140][  0]LogConfig: Setting CVar [[r.SkyAtmosphere.SampleCountMin:4.0]]
[2022.07.17-12.04.22:140][  0]LogConfig: Setting CVar [[r.SkyAtmosphere.SampleCountMax:128.0]]
[2022.07.17-12.04.22:140][  0]LogConfig: Setting CVar [[r.SkyAtmosphere.TransmittanceLUT.UseSmallFormat:0]]
[2022.07.17-12.04.22:140][  0]LogConfig: Setting CVar [[r.SkyAtmosphere.TransmittanceLUT.SampleCount:10.0]]
[2022.07.17-12.04.22:140][  0]LogConfig: Setting CVar [[r.SkyAtmosphere.MultiScatteringLUT.SampleCount:15.0]]
[2022.07.17-12.04.22:140][  0]LogConfig: Setting CVar [[r.SkyLight.RealTimeReflectionCapture:1]]
[2022.07.17-12.04.22:140][  0]LogConfig: Applying CVar settings from Section [FoliageQuality@3] File [C:/Users/matej/Documents/GitHub/Game-Jam-2022/Saved/Config/Windows/Scalability.ini]
[2022.07.17-12.04.22:140][  0]LogConfig: Setting CVar [[foliage.DensityScale:1.0]]
[2022.07.17-12.04.22:140][  0]LogConfig: Setting CVar [[grass.DensityScale:1.0]]
[2022.07.17-12.04.22:140][  0]LogConfig: Applying CVar settings from Section [ShadingQuality@3] File [C:/Users/matej/Documents/GitHub/Game-Jam-2022/Saved/Config/Windows/Scalability.ini]
[2022.07.17-12.04.22:140][  0]LogConfig: Setting CVar [[r.HairStrands.SkyLighting.IntegrationType:2]]
[2022.07.17-12.04.22:140][  0]LogConfig: Setting CVar [[r.HairStrands.SkyAO.SampleCount:4]]
[2022.07.17-12.04.22:140][  0]LogConfig: Setting CVar [[r.HairStrands.Visibility.MSAA.SamplePerPixel:4]]
[2022.07.17-12.04.22:140][  0]LogConfig: Applying CVar settings from Section [Startup] File [../../../Engine/Config/ConsoleVariables.ini]
[2022.07.17-12.04.22:140][  0]LogConfig: Setting CVar [[net.UseAdaptiveNetUpdateFrequency:0]]
[2022.07.17-12.04.22:140][  0]LogConfig: Setting CVar [[p.chaos.AllowCreatePhysxBodies:1]]
[2022.07.17-12.04.22:140][  0]LogConfig: Setting CVar [[fx.SkipVectorVMBackendOptimizations:1]]
[2022.07.17-12.04.22:140][  0]LogConfig: Applying CVar settings from Section [ConsoleVariables] File [C:/Users/matej/Documents/GitHub/Game-Jam-2022/Saved/Config/Windows/Engine.ini]
[2022.07.17-12.04.22:140][  0]LogConfig: Applying CVar settings from Section [ConsoleVariables] File [C:/Users/matej/Documents/GitHub/Game-Jam-2022/Saved/Config/Windows/Editor.ini]
[2022.07.17-12.04.22:140][  0]LogInit: Computer: DESKTOP-M1QV7NL
[2022.07.17-12.04.22:140][  0]LogInit: User: matej
[2022.07.17-12.04.22:140][  0]LogInit: CPU Page size=4096, Cores=6
[2022.07.17-12.04.22:140][  0]LogInit: High frequency timer resolution =10.000000 MHz
[2022.07.17-12.04.22:140][  0]LogMemory: Memory total: Physical=31.9GB (32GB approx)
[2022.07.17-12.04.22:140][  0]LogMemory: Platform Memory Stats for Windows
[2022.07.17-12.04.22:140][  0]LogMemory: Process Physical Memory: 144.43 MB used, 144.43 MB peak
[2022.07.17-12.04.22:140][  0]LogMemory: Process Virtual Memory: 128.89 MB used, 128.89 MB peak
[2022.07.17-12.04.22:140][  0]LogMemory: Physical Memory: 15430.16 MB used,  17249.05 MB free, 32679.20 MB total
[2022.07.17-12.04.22:140][  0]LogMemory: Virtual Memory: 134185024.00 MB used,  32703.50 MB free, 134217728.00 MB total
[2022.07.17-12.04.22:144][  0]LogWindows: WindowsPlatformFeatures enabled
[2022.07.17-12.04.22:158][  0]LogInit: Physics initialised using underlying interface: PhysX
[2022.07.17-12.04.22:158][  0]LogInit: Using OS detected language (en-US).
[2022.07.17-12.04.22:158][  0]LogInit: Using OS detected locale (en-US).
[2022.07.17-12.04.22:160][  0]LogTextLocalizationManager: No specific localization for 'en-US' exists, so the 'en' localization will be used.
[2022.07.17-12.04.22:309][  0]LogWindowsTextInputMethodSystem: Display: IME system deactivated.
[2022.07.17-12.04.22:352][  0]LogSlate: New Slate User Created.  User Index 0, Is Virtual User: 0
[2022.07.17-12.04.22:352][  0]LogSlate: Slate User Registered.  User Index 0, Is Virtual User: 0
[2022.07.17-12.04.22:384][  0]LogD3D11RHI: Loaded GFSDK_Aftermath_Lib.x64.dll
[2022.07.17-12.04.22:386][  0]LogD3D11RHI: D3D11 min allowed feature level: 11_0
[2022.07.17-12.04.22:386][  0]LogD3D11RHI: D3D11 max allowed feature level: 11_0
[2022.07.17-12.04.22:386][  0]LogD3D11RHI: D3D11 adapters:
[2022.07.17-12.04.22:428][  0]LogD3D11RHI:    0. 'Radeon RX 590 Series' (Feature Level 11_0)
[2022.07.17-12.04.22:428][  0]LogD3D11RHI:       8170/0/16339 MB DedicatedVideo/DedicatedSystem/SharedSystem, Outputs:2, VendorId:0x1002
[2022.07.17-12.04.22:430][  0]LogD3D11RHI:    1. 'Microsoft Basic Render Driver' (Feature Level 11_0)
[2022.07.17-12.04.22:430][  0]LogD3D11RHI:       0/0/16339 MB DedicatedVideo/DedicatedSystem/SharedSystem, Outputs:0, VendorId:0x1414
[2022.07.17-12.04.22:430][  0]LogD3D11RHI: Chosen D3D11 Adapter:
[2022.07.17-12.04.22:430][  0]LogD3D11RHI:     Description : Radeon RX 590 Series
[2022.07.17-12.04.22:430][  0]LogD3D11RHI:     VendorId    : 1002
[2022.07.17-12.04.22:430][  0]LogD3D11RHI:     DeviceId    : 67df
[2022.07.17-12.04.22:430][  0]LogD3D11RHI:     SubSysId    : 50321849
[2022.07.17-12.04.22:430][  0]LogD3D11RHI:     Revision    : 00e1
[2022.07.17-12.04.22:430][  0]LogD3D11RHI:     DedicatedVideoMemory : 8567906304 bytes
[2022.07.17-12.04.22:430][  0]LogD3D11RHI:     DedicatedSystemMemory : 0 bytes
[2022.07.17-12.04.22:430][  0]LogD3D11RHI:     SharedSystemMemory : 17133314048 bytes
[2022.07.17-12.04.22:430][  0]LogD3D11RHI:     AdapterLuid : 0 66828
[2022.07.17-12.04.22:436][  0]LogD3D11RHI: Creating new Direct3DDevice
[2022.07.17-12.04.22:437][  0]LogD3D11RHI:     GPU DeviceId: 0x67df (for the marketing name, search the web for "GPU Device Id")
[2022.07.17-12.04.22:437][  0]LogWindows: EnumDisplayDevices:
[2022.07.17-12.04.22:437][  0]LogWindows:    0. 'Radeon RX 590 Series' (P:0 D:1)
[2022.07.17-12.04.22:437][  0]LogWindows:    1. 'Radeon RX 590 Series' (P:1 D:1)
[2022.07.17-12.04.22:437][  0]LogWindows:    2. 'Radeon RX 590 Series' (P:0 D:0)
[2022.07.17-12.04.22:437][  0]LogWindows:    3. 'Radeon RX 590 Series' (P:0 D:0)
[2022.07.17-12.04.22:438][  0]LogWindows:    4. 'Radeon RX 590 Series' (P:0 D:0)
[2022.07.17-12.04.22:438][  0]LogWindows:    5. 'Radeon RX 590 Series' (P:0 D:0)
[2022.07.17-12.04.22:438][  0]LogWindows:    6. 'Radeon RX 590 Series' (P:0 D:0)
[2022.07.17-12.04.22:438][  0]LogWindows: DebugString: FoundDriverCount:7 
[2022.07.17-12.04.22:438][  0]LogD3D11RHI:     Adapter Name: Radeon RX 590 Series
[2022.07.17-12.04.22:438][  0]LogD3D11RHI:   Driver Version: AMD Software: Adrenalin Edition 22.5.2 (internal:30.0.21017.1000, unified:30.0.21017.1000)
[2022.07.17-12.04.22:438][  0]LogD3D11RHI:      Driver Date: 5-17-2022
[2022.07.17-12.04.22:438][  0]LogRHI: Texture pool is 5182 MB (70% of 7402 MB)
[2022.07.17-12.04.22:470][  0]LogD3D11RHI: Creating D3DDevice with AMD AGS, using adapter:
[2022.07.17-12.04.22:470][  0]LogD3D11RHI:     Description : Radeon RX 590 Series
[2022.07.17-12.04.22:470][  0]LogD3D11RHI:     VendorId    : 1002
[2022.07.17-12.04.22:470][  0]LogD3D11RHI:     DeviceId    : 67df
[2022.07.17-12.04.22:470][  0]LogD3D11RHI:     SubSysId    : 50321849
[2022.07.17-12.04.22:470][  0]LogD3D11RHI:     Revision    : 00e1
[2022.07.17-12.04.22:470][  0]LogD3D11RHI:     DedicatedVideoMemory : 8567906304 bytes
[2022.07.17-12.04.22:470][  0]LogD3D11RHI:     DedicatedSystemMemory : 0 bytes
[2022.07.17-12.04.22:470][  0]LogD3D11RHI:     SharedSystemMemory : 17133314048 bytes
[2022.07.17-12.04.22:470][  0]LogD3D11RHI:     AdapterLuid : 0 66828
[2022.07.17-12.04.22:497][  0]LogD3D11RHI: Created device via AGS, feature level 11_0, supported extensions 1fffffbf.
[2022.07.17-12.04.22:497][  0]LogD3D11RHI: RHI has support for 64 bit atomics
[2022.07.17-12.04.22:497][  0]LogD3D11RHI: Async texture creation enabled
[2022.07.17-12.04.22:497][  0]LogD3D11RHI: Array index from any shader is supported
[2022.07.17-12.04.22:497][  0]LogD3D11RHI: HDR output is supported on display 0 (AMD Device: 0x0, Display: 0x0).
[2022.07.17-12.04.22:507][  0]LogD3D11RHI: GPU Timing Frequency: 25.000000 (Debug: 2 1)
[2022.07.17-12.04.22:710][  0]LogTargetPlatformManager: Display: Loaded TargetPlatform 'WindowsNoEditor'
[2022.07.17-12.04.22:713][  0]LogTargetPlatformManager: Display: Loaded TargetPlatform 'Windows'
[2022.07.17-12.04.22:716][  0]LogTargetPlatformManager: Display: Loaded TargetPlatform 'WindowsClient'
[2022.07.17-12.04.22:719][  0]LogTargetPlatformManager: Display: Loaded TargetPlatform 'WindowsServer'
[2022.07.17-12.04.22:719][  0]LogTargetPlatformManager: Display: Building Assets For Windows
[2022.07.17-12.04.22:723][  0]LogAudioDebug: Display: Lib vorbis DLL was dynamically loaded.
[2022.07.17-12.04.22:741][  0]LogTextureFormatOodle: Display: Oodle Texture 2.9.0 init RDO Off
[2022.07.17-12.04.22:761][  0]LogRendererCore: Ray tracing is disabled. Reason: r.RayTracing=0.
[2022.07.17-12.04.22:761][  0]LogShaderCompilers: Guid format shader working directory is 0 characters bigger than the processId version (C:/Users/matej/Documents/GitHub/Game-Jam-2022/Intermediate/Shaders/WorkingDirectory/22840/).
[2022.07.17-12.04.22:761][  0]LogShaderCompilers: Cleaned the shader compiler working directory 'C:/Users/matej/AppData/Local/Temp/UnrealShaderWorkingDir/CE4590D847B107418418D4B11172CCDA/'.
[2022.07.17-12.04.22:761][  0]LogXGEController: Cannot use XGE Controller as Incredibuild is not installed on this machine.
[2022.07.17-12.04.22:761][  0]LogShaderCompilers: Cannot use XGE Shader Compiler as Incredibuild is not installed on this machine.
[2022.07.17-12.04.22:761][  0]LogShaderCompilers: Display: Using Local Shader Compiler.
[2022.07.17-12.04.23:295][  0]LogDerivedDataCache: Display: Max Cache Size: 512 MB
[2022.07.17-12.04.23:331][  0]LogDerivedDataCache: Loaded boot cache 0.04s 94MB C:/Users/matej/AppData/Local/UnrealEngine/4.27/DerivedDataCache/Boot.ddc.
[2022.07.17-12.04.23:331][  0]LogDerivedDataCache: Display: Loaded Boot cache: C:/Users/matej/AppData/Local/UnrealEngine/4.27/DerivedDataCache/Boot.ddc
[2022.07.17-12.04.23:332][  0]LogDerivedDataCache: FDerivedDataBackendGraph:  Pak pak cache file C:/Users/matej/Documents/GitHub/Game-Jam-2022/DerivedDataCache/DDC.ddp not found, will not use a pak cache.
[2022.07.17-12.04.23:332][  0]LogDerivedDataCache: Unable to find inner node Pak for hierarchical cache Hierarchy.
[2022.07.17-12.04.23:332][  0]LogDerivedDataCache: FDerivedDataBackendGraph:  CompressedPak pak cache file C:/Users/matej/Documents/GitHub/Game-Jam-2022/DerivedDataCache/Compressed.ddp not found, will not use a pak cache.
[2022.07.17-12.04.23:332][  0]LogDerivedDataCache: Unable to find inner node CompressedPak for hierarchical cache Hierarchy.
[2022.07.17-12.04.23:345][  0]LogDerivedDataCache: Display: Pak cache opened for reading ../../../Engine/DerivedDataCache/Compressed.ddp.
[2022.07.17-12.04.23:345][  0]LogDerivedDataCache: FDerivedDataBackendGraph:  EnterprisePak pak cache file ../../../Enterprise/DerivedDataCache/Compressed.ddp not found, will not use a pak cache.
[2022.07.17-12.04.23:345][  0]LogDerivedDataCache: Unable to find inner node EnterprisePak for hierarchical cache Hierarchy.
[2022.07.17-12.04.23:351][  0]LogDerivedDataCache: Speed tests for C:/Users/matej/AppData/Local/UnrealEngine/Common/DerivedDataCache took 0.01 seconds
[2022.07.17-12.04.23:351][  0]LogDerivedDataCache: Display: Performance to C:/Users/matej/AppData/Local/UnrealEngine/Common/DerivedDataCache: Latency=0.03ms. RandomReadSpeed=1517.36MBs, RandomWriteSpeed=186.65MBs. Assigned SpeedClass 'Local'
[2022.07.17-12.04.23:352][  0]LogDerivedDataCache: Using Local data cache path C:/Users/matej/AppData/Local/UnrealEngine/Common/DerivedDataCache: Writable
[2022.07.17-12.04.23:352][  0]LogDerivedDataCache: Shared data cache path not found in *engine.ini, will not use an Shared cache.
[2022.07.17-12.04.23:352][  0]LogDerivedDataCache: Unable to find inner node Shared for hierarchical cache Hierarchy.
[2022.07.17-12.04.23:379][  0]LogSlate: Using FreeType 2.10.0
[2022.07.17-12.04.23:379][  0]LogSlate: SlateFontServices - WITH_FREETYPE: 1, WITH_HARFBUZZ: 1
[2022.07.17-12.04.23:435][  0]LogInit: Using OS detected language (en-US).
[2022.07.17-12.04.23:435][  0]LogInit: Using OS detected locale (en-US).
[2022.07.17-12.04.23:435][  0]LogTextLocalizationManager: No localization for 'en-US' exists, so 'en' will be used for the language.
[2022.07.17-12.04.23:435][  0]LogTextLocalizationManager: No localization for 'en-US' exists, so 'en' will be used for the locale.
[2022.07.17-12.04.23:435][  0]LogSlate: FontCache flush requested. Reason: Culture for localization was changed
[2022.07.17-12.04.23:435][  0]LogSlate: FontCache flush requested. Reason: Culture for localization was changed
[2022.07.17-12.04.23:438][  0]LogTextLocalizationManager: Compacting localization data took   0.00ms
[2022.07.17-12.04.23:438][  0]LogAssetRegistry: FAssetRegistry took 0.0014 seconds to start up
[2022.07.17-12.04.23:561][  0]LogPackageLocalizationCache: Processed 21 localized package path(s) for 1 prioritized culture(s) in 0.000611 seconds
[2022.07.17-12.04.23:605][  0]LogInit: Selected Device Profile: [Windows]
[2022.07.17-12.04.23:605][  0]LogInit: Active device profile: [000001D4B116AF00][000001D4A85CF900 49] Windows
[2022.07.17-12.04.23:605][  0]LogInit: Profiles: [000001D4B116AF00][000001D4A85CF900 49] Windows, [000001D4B1129300][000001D4A7E79A80 49] WindowsNoEditor, [000001D4B1169300][000001D4A7E7DC00 49] WindowsServer, [000001D4B112A500][000001D4A7E80200 49] WindowsClient, [000001D4B116A400][000001D4A7E84380 49] IOS, [000001D4B112BD00][000001D4A7E88500 49] iPadAir, [000001D4B116AB00][000001D4A7E8C680 49] iPadAir2, [000001D4B10D6C00][000001D4A7E94940 49] IPadPro, [000001D4B10D6D00][000001D4A7E90980 49] iPadAir3, [000001D4B1168700][000001D4A7E98B00 49] iPadAir4, [000001D4B10D7500][000001D4A7E9CC80 49] iPadMini2, [000001D4B1169900][000001D4A7EA0E00 49] iPadMini3, [000001D4B10D4E00][000001D4A84D0F80 49] iPadMini4, [000001D4B116A100][000001D4A84D5100 49] iPadMini5, [000001D4B10F2500][000001D4A84DD3C0 49] iPhone6, [000001D4B10F2600][000001D4A84D9400 49] iPodTouch6, [000001D4B10D6B00][000001D4A84E1640 49] iPhone7, [000001D4B10D5E00][000001D4A7E75680 49] iPodTouch7, [000001D4B10F2D00][000001D4A84E57C0 49] iPhone5S, [000001D4B10D4900][000001D4A84E9900 49] iPhone6Plus, [000001D4B10F0E00][000001D4A84F1A80 49] iPhone6S, [000001D4B10D5300][000001D4A84F5C00 49] iPhone6SPlus, [000001D4B10F3900][000001D4A84F8200 49] iPhone7Plus, [000001D4B10D7600][000001D4A84FC380 49] iPhoneSE, [000001D4B10F0400][000001D4A8500500 49] iPhone8, [000001D4B10D7700][000001D4A8504680 49] iPhone8Plus, [000001D4B10F3000][000001D4A8508800 49] iPhoneX, [000001D4B10D4700][000001D4A850C980 49] iPhoneXS, [000001D4B10F1800][000001D4A8510B00 49] iPhoneXSMax, [000001D4B10D7C00][000001D4A8514C80 49] iPhoneXR, [000001D4B10F0200][000001D4A8518E00 49] iPhone11, [000001D4B10D5100][000001D4B0100F80 49] iPhone11Pro, [000001D4B10F3C00][000001D4B0105100 49] iPhone11ProMax, [000001D4B10D5A00][000001D4B0109280 49] iPhoneSE2, [000001D4B10F2900][000001D4B010D400 49] iPhone12Mini, [000001D4B10D7F00][000001D4B0111580 49] iPhone12, [000001D4B10F2400][000001D4A84ED6C0 49] iPhone12Pro, [000001D4B10D4300][000001D4B0115800 49] iPhone12ProMax, [000001D4B10F2A00][000001D4B0119940 49] iPadPro105, [000001D4B10D6200][000001D4B011DA80 49] iPadPro129, [000001D4B10F1200][000001D4B0125C00 49] iPadPro97, [000001D4B10D5700][000001D4B0128200 49] iPadPro2_129, [000001D4B10F0D00][000001D4B012C380 49] iPad5, [000001D4B10D4100][000001D4B0130500 49] iPad6, [000001D4B10F3100][000001D4B0134680 49] iPad7, [000001D4B10D5B00][000001D4B0138800 49] iPad8, [000001D4B10F0700][000001D4B013C980 49] iPadPro11, [000001D4B10D7100][000001D4B0140B00 49] iPadPro2_11, [000001D4B10F0900][000001D4B0144C80 49] iPadPro3_129, [000001D4B10D6400][000001D4B0148E00 49] iPadPro4_129, [000001D4B10F2800][000001D4B014CF80 49] AppleTV, [000001D4B10D4600][000001D4B0151100 49] AppleTV4K, [000001D4B10F0C00][000001D4B0155280 49] TVOS, [000001D4B10D5C00][000001D4B0159400 49] Mac, [000001D4B1128500][000001D4B015D580 49] MacClient, [000001D4B119D600][000001D4B0161700 49] MacNoEditor, [000001D4B112B000][000001D4B0165880 49] MacServer, [000001D4B119D400][000001D4B01219C0 49] Linux, [000001D4B1128800][000001D4B0169B00 49] LinuxAArch64, [000001D4B119C300][000001D4B016C0C0 49] LinuxNoEditor, [000001D4B1129500][000001D4B0174240 49] LinuxAArch64NoEditor, [000001D4B119DD00][000001D4B01783C0 49] LinuxClient, [000001D4B112B700][000001D4B017C540 49] LinuxAArch64Client, [000001D4B119D500][000001D4B01806C0 49] LinuxServer, [000001D4B112BE00][000001D4B0184840 49] LinuxAArch64Server, [000001D4B119DC00][000001D4B01889C0 49] Android, [000001D4B112AF00][000001D4B018CB40 49] Android_Low, [000001D4B119DA00][000001D4B0190CC0 49] Android_Mid, [000001D4B1129600][000001D4B0194E40 49] Android_High, [000001D4B119D100][000001D4B0198FC0 49] Android_Default, [000001D4B1129F00][000001D4B019D140 49] Android_Adreno4xx, [000001D4B119D000][000001D4B11B12C0 49] Android_Adreno5xx_Low, [000001D4B10D6600][000001D4B11B5440 49] Android_Adreno5xx, [000001D4B10F1600][000001D4B11B95C0 49] Android_Adreno6xx, [000001D4B10D6900][000001D4B11BD740 49] Android_Adreno6xx_Vulkan, [000001D4B10F1D00][000001D4B11C18C0 49] Android_Mali_T6xx, [000001D4B10D7D00][000001D4B11C5A40 49] Android_Mali_T7xx, [000001D4B10F0F00][000001D4B0171B80 49] Android_Mali_T8xx, [000001D4B10D6E00][000001D4B11C8140 49] Android_Mali_G71, [000001D4B10F3500][000001D4B11CC280 49] Android_Mali_G72, [000001D4B10D4B00][000001D4B11D03C0 49] Android_Mali_G72_Vulkan, [000001D4B10F3E00][000001D4B11D8540 49] Android_Mali_G76, [000001D4B119D800][000001D4B11DC6C0 49] Android_Mali_G76_Vulkan, [000001D4B10F2200][000001D4B11E0840 49] Android_Mali_G77, [000001D4B119C400][000001D4B11E49C0 49] Android_Mali_G77_Vulkan, [000001D4B10F3A00][000001D4B11E8B40 49] Android_Mali_G78, [000001D4B119CE00][000001D4B11ECCC0 49] Android_Mali_G78_Vulkan, [000001D4B10F1500][000001D4B11F0E40 49] Android_Mali_G710, [000001D4B119C900][000001D4B11F4FC0 49] Android_Mali_G710_Vulkan, [000001D4B10F2000][000001D4B11F9140 49] Android_Vulkan_SM5, [000001D4B119C100][000001D4B11FD2C0 49] Android_PowerVR_G6xxx, [000001D4B10F0300][000001D4B1201440 49] Android_PowerVR_GT7xxx, [000001D4B119D200][000001D4B12055C0 49] Android_PowerVR_GE8xxx, [000001D4B10F2B00][000001D4B1209740 49] Android_PowerVR_GM9xxx, [000001D4B10D7900][000001D4B120D8C0 49] Android_PowerVR_GM9xxx_Vulkan, [000001D4B10F2300][000001D4B1211A40 49] Android_TegraK1, [000001D4B10D5900][000001D4B1215BC0 49] Android_Unknown_Vulkan, [000001D4B10F0100][000001D4B11D4180 49] Lumin, [000001D4B10D6100][000001D4B12182C0 49] Lumin_Desktop, [000001D4B10F3400][000001D4B121C400 49] HoloLens, 
[2022.07.17-12.04.23:630][  0]LogMeshReduction: Using QuadricMeshReduction for automatic static mesh reduction
[2022.07.17-12.04.23:630][  0]LogMeshReduction: Using SimplygonMeshReduction for automatic skeletal mesh reduction
[2022.07.17-12.04.23:630][  0]LogMeshReduction: Using ProxyLODMeshReduction for automatic mesh merging
[2022.07.17-12.04.23:630][  0]LogMeshReduction: No distributed automatic mesh merging module available
[2022.07.17-12.04.23:630][  0]LogMeshMerging: No distributed automatic mesh merging module available
[2022.07.17-12.04.23:718][  0]LogNetVersion: Builder 1.0.0, NetCL: 17155196, EngineNetVer: 17, GameNetVer: 0 (Checksum: 3939801358)
[2022.07.17-12.04.23:869][  0]LogTexture: Default maximum texture size for cubemaps generated from long-lat sources has been changed from 512 to unlimited. In order to preserve old behaiour for '/Engine/MapTemplates/Sky/DaylightAmbientCubemap.DaylightAmbientCubemap', its maximum texture size has been explicitly set to 512.
[2022.07.17-12.04.23:968][  0]LogMoviePlayer: Initializing movie player
[2022.07.17-12.04.24:056][  0]LogNiagaraDebuggerClient: Niagara Debugger Client Initialized | Session: B3E4087D4682A3A5CA0D889833212315 | Instance: 171D32E141E834EC826AD39F880C3605 (DESKTOP-M1QV7NL-22840).
[2022.07.17-12.04.24:070][  0]LogCollectionManager: Loaded 0 collections in 0.000677 seconds
[2022.07.17-12.04.24:071][  0]LogFileCache: Scanning file cache for directory 'C:/Users/matej/Documents/GitHub/Game-Jam-2022/Saved/Collections/' took 0.00s
[2022.07.17-12.04.24:071][  0]LogFileCache: Scanning file cache for directory 'C:/Users/matej/Documents/GitHub/Game-Jam-2022/Content/Developers/matej/Collections/' took 0.00s
[2022.07.17-12.04.24:071][  0]LogFileCache: Scanning file cache for directory 'C:/Users/matej/Documents/GitHub/Game-Jam-2022/Content/Collections/' took 0.00s
[2022.07.17-12.04.24:071][  0]LogCollectionManager: Fixed up redirectors for 0 collections in 0.000001 seconds (updated 0 objects)
[2022.07.17-12.04.24:082][  0]LogPython: Using Python 3.7.7
[2022.07.17-12.04.24:450][  0]LogUdpMessaging: Initializing bridge on interface 0.0.0.0:0 to multicast group 230.0.0.1:6666.
[2022.07.17-12.04.24:456][  0]LogTcpMessaging: Initializing TcpMessaging bridge
[2022.07.17-12.04.24:484][  0]SourceControl: Source control is disabled
[2022.07.17-12.04.24:484][  0]SourceControl: Source control is disabled
[2022.07.17-12.04.24:486][  0]SourceControl: Source control is disabled
[2022.07.17-12.04.24:490][  0]LogUProjectInfo: Found projects:
[2022.07.17-12.04.24:495][  0]LogVSAccessor: Display: Unable to create Visual Studio setup instance: 80040154
[2022.07.17-12.04.24:495][  0]LogVSAccessor: Display: Unable to create Visual Studio setup instance: 80040154
[2022.07.17-12.04.24:496][  0]LogVSAccessor: Display: Unable to create Visual Studio setup instance: 80040154
[2022.07.17-12.04.24:538][  0]LogOpenImageDenoise: OIDN starting up
[2022.07.17-12.04.24:561][  0]LogAndroidPermission: UAndroidPermissionCallbackProxy::GetInstance
[2022.07.17-12.04.24:570][  0]LogAudioCaptureCore: Display: No Audio Capture implementations found. Audio input will be silent.
[2022.07.17-12.04.24:570][  0]LogAudioCaptureCore: Display: No Audio Capture implementations found. Audio input will be silent.
[2022.07.17-12.04.24:615][  0]LogUObjectArray: 21417 objects as part of root set at end of initial load.
[2022.07.17-12.04.24:615][  0]LogUObjectAllocator: 5754288 out of 0 bytes used by permanent object pool.
[2022.07.17-12.04.24:615][  0]LogUObjectArray: CloseDisregardForGC: 0/0 objects in disregard for GC pool
[2022.07.17-12.04.24:649][  0]LogEngine: Initializing Engine...
[2022.07.17-12.04.24:649][  0]LogMagicLeap: Warning: VR disabled because ZI is not enabled.  To enable, in the editor, Edit -> Project Settings -> Plugins -> Magic Leap Plugin -> Enable Zero Iteration
[2022.07.17-12.04.24:650][  0]LogStats: UGameplayTagsManager::InitializeManager -  0.000 s
[2022.07.17-12.04.24:714][  0]LogInit: Initializing FReadOnlyCVARCache
[2022.07.17-12.04.24:714][  0]LogAudio: Display: Initializing Audio Device Manager...
[2022.07.17-12.04.24:717][  0]LogAudio: Display: Loading Default Audio Settings Objects...
[2022.07.17-12.04.24:718][  0]LogAudio: Display: No default SoundConcurrencyObject specified (or failed to load).
[2022.07.17-12.04.24:718][  0]LogAudio: Display: Audio Device Manager Initialized
[2022.07.17-12.04.24:718][  0]LogAudio: Display: Creating Audio Device:                 Id: 1, Scope: Shared, Realtime: True
[2022.07.17-12.04.24:718][  0]LogAudioMixer: Display: Audio Mixer Platform Settings:
[2022.07.17-12.04.24:718][  0]LogAudioMixer: Display: 	Sample Rate:						  48000
[2022.07.17-12.04.24:718][  0]LogAudioMixer: Display: 	Callback Buffer Frame Size Requested: 1024
[2022.07.17-12.04.24:718][  0]LogAudioMixer: Display: 	Callback Buffer Frame Size To Use:	  1024
[2022.07.17-12.04.24:718][  0]LogAudioMixer: Display: 	Number of buffers to queue:			  2
[2022.07.17-12.04.24:718][  0]LogAudioMixer: Display: 	Max Channels (voices):				  32
[2022.07.17-12.04.24:718][  0]LogAudioMixer: Display: 	Number of Async Source Workers:		  0
[2022.07.17-12.04.24:718][  0]LogAudio: Display: AudioDevice MaxSources: 32
[2022.07.17-12.04.24:719][  0]LogAudio: Display: Audio Spatialization Plugin: None (built-in).
[2022.07.17-12.04.24:719][  0]LogAudio: Display: Audio Reverb Plugin: None (built-in).
[2022.07.17-12.04.24:719][  0]LogAudio: Display: Audio Occlusion Plugin: None (built-in).
[2022.07.17-12.04.24:719][  0]LogAudioMixer: Display: Initializing audio mixer.
[2022.07.17-12.04.24:729][  0]LogAudioMixer: Display: 0: FrontLeft
[2022.07.17-12.04.24:729][  0]LogAudioMixer: Display: 1: FrontRight
[2022.07.17-12.04.24:777][  0]LogAudioMixer: Display: Using Audio Device Speakers (Realtek(R) Audio)
[2022.07.17-12.04.24:781][  0]LogAudioMixer: Display: Initializing Sound Submixes...
[2022.07.17-12.04.24:783][  0]LogAudioMixer: Display: Creating Master Submix 'MasterSubmixDefault'
[2022.07.17-12.04.24:783][  0]LogAudioMixer: Display: Creating Master Submix 'MasterReverbSubmixDefault'
[2022.07.17-12.04.24:783][  0]LogAudioMixer: Display: Creating Master Submix 'MasterEQSubmixDefault'
[2022.07.17-12.04.24:783][  0]LogAudioMixer: FMixerPlatformXAudio2::StartAudioStream() called
[2022.07.17-12.04.24:783][  0]LogAudioMixer: Display: Output buffers initialized: Frames=1024, Channels=2, Samples=2048
[2022.07.17-12.04.24:784][  0]LogAudioMixer: Display: Starting AudioMixerPlatformInterface::RunInternal()
[2022.07.17-12.04.24:784][  0]LogAudioMixer: Display: FMixerPlatformXAudio2::SubmitBuffer() called for the first time
[2022.07.17-12.04.24:784][  0]LogInit: FAudioDevice initialized.
[2022.07.17-12.04.24:785][  0]LogNetVersion: Set ProjectVersion to 1.0.0.0. Version Checksum will be recalculated on next use.
[2022.07.17-12.04.24:786][  0]LogInit: Texture streaming: Enabled
[2022.07.17-12.04.24:894][  0]LogAudio: Display: Audio Device (ID: 1) registered with world 'Untitled'.
[2022.07.17-12.04.24:894][  0]LogSlate: Updating window title bar state: overlay mode, drag disabled, window buttons hidden, title bar hidden
[2022.07.17-12.04.24:895][  0]LogInit: Display: Game Engine Initialized.
[2022.07.17-12.04.24:895][  0]LogNiagaraEditor: GEditor isn't valid! Particle reset commands will not work for Niagara components!
[2022.07.17-12.04.24:912][  0]LogInit: Display: Starting Game.
[2022.07.17-12.04.24:912][  0]LogNet: Browse: /Game/Maps/MainMenu?Name=Player
[2022.07.17-12.04.24:912][  0]LogLoad: LoadMap: /Game/Maps/MainMenu?Name=Player
[2022.07.17-12.04.24:912][  0]LogWorld: BeginTearingDown for /Temp/Untitled_0
[2022.07.17-12.04.24:913][  0]LogWorld: UWorld::CleanupWorld for Untitled, bSessionEnded=true, bCleanupResources=true
[2022.07.17-12.04.24:913][  0]LogSlate: InvalidateAllWidgets triggered.  All widgets were invalidated
[2022.07.17-12.04.24:916][  0]LogAudio: Display: Audio Device unregistered from world 'None'.
[2022.07.17-12.04.24:918][  0]LogUObjectHash: Compacting FUObjectHashTables data took   0.60ms
[2022.07.17-12.04.24:924][  0]LogAudio: Display: Audio Device (ID: 1) registered with world 'MainMenu'.
[2022.07.17-12.04.24:929][  0]LogAIModule: Creating AISystem for world MainMenu
[2022.07.17-12.04.24:944][  0]LogLoad: Game class is 'CB_GameModeBase_C'
[2022.07.17-12.04.24:944][  0]LogWorld: Bringing World /Game/Maps/MainMenu.MainMenu up for play (max tick rate 0) at 2022.07.17-14.04.24
[2022.07.17-12.04.24:944][  0]LogWorld: Bringing up level for play took: 0.000329
[2022.07.17-12.04.24:945][  0]LogGameMode: FindPlayerStart: PATHS NOT DEFINED or NO PLAYERSTART with positive rating
[2022.07.17-12.04.24:946][  0]LogLoad: Took 0.034013 seconds to LoadMap(/Game/Maps/MainMenu)
[2022.07.17-12.04.25:074][  0]LogSlate: Took 0.000139 seconds to synchronously load lazily loaded font '../../../Engine/Content/Slate/Fonts/Roboto-Regular.ttf' (155K)
[2022.07.17-12.04.25:129][  0]LogRenderer: Reallocating scene render targets to support 1280x720 Format 10 NumSamples 1 (Frame:1).
[2022.07.17-12.04.25:129][  0]LogInit: Display: Engine is initialized. Leaving FEngineLoop::Init()
[2022.07.17-12.04.25:129][  0]LogLoad: (Engine Initialization) Total time: 3.80 seconds
[2022.07.17-12.04.25:129][  0]LogLoad: (Engine Initialization) Total Blueprint compile time: 0.00 seconds
[2022.07.17-12.04.25:132][  0]LogContentStreaming: Texture pool size now 1000 MB
[2022.07.17-12.04.25:135][  0]LogSlate: InvalidateAllWidgets triggered.  All widgets were invalidated
[2022.07.17-12.04.25:148][  1]LogSlate: Took 0.000107 seconds to synchronously load lazily loaded font '../../../Engine/Content/Slate/Fonts/Roboto-Regular.ttf' (155K)
[2022.07.17-12.04.39:788][997]LogSlate: Window 'Builder (64-bit Development PCD3D_SM5) ' being destroyed
[2022.07.17-12.04.39:792][997]LogWindowsTextInputMethodSystem: Display: IME system deactivated.
[2022.07.17-12.04.39:797][997]LogSlate: Updating window title bar state: overlay mode, drag disabled, window buttons hidden, title bar hidden
[2022.07.17-12.04.39:797][997]LogEngine: All Windows Closed
[2022.07.17-12.04.39:797][997]LogWindows: FPlatformMisc::RequestExit(0)
[2022.07.17-12.04.39:797][997]LogWindows: FPlatformMisc::RequestExitWithStatus(0, 0)
[2022.07.17-12.04.39:797][997]LogCore: Engine exit requested (reason: Win RequestExit)
[2022.07.17-12.04.39:798][998]LogCore: Engine exit requested (reason: EngineExit() was called; note: exit was already requested)
[2022.07.17-12.04.39:798][998]LogInit: Display: PreExit Game.
[2022.07.17-12.04.39:809][998]LogWorld: BeginTearingDown for /Game/Maps/MainMenu
[2022.07.17-12.04.39:809][998]LogWorld: UWorld::CleanupWorld for MainMenu, bSessionEnded=true, bCleanupResources=true
[2022.07.17-12.04.39:809][998]LogSlate: InvalidateAllWidgets triggered.  All widgets were invalidated
[2022.07.17-12.04.40:658][998]LogAudio: Display: Beginning Audio Device Manager Shutdown (Module: AudioMixerXAudio2)...
[2022.07.17-12.04.40:658][998]LogAudio: Display: Destroying 1 Remaining Audio Device(s)...
[2022.07.17-12.04.40:658][998]LogAudio: Display: Audio Device unregistered from world 'MainMenu'.
[2022.07.17-12.04.40:696][998]LogAudioMixer: FMixerPlatformXAudio2::StopAudioStream() called
[2022.07.17-12.04.40:697][998]LogAudioMixer: FMixerPlatformXAudio2::StopAudioStream() called
[2022.07.17-12.04.40:700][998]LogAudio: Display: Audio Device Manager Shutdown
[2022.07.17-12.04.40:704][998]LogExit: Preparing to exit.
[2022.07.17-12.04.41:474][998]LogSlate: Updating window title bar state: overlay mode, drag disabled, window buttons hidden, title bar hidden
[2022.07.17-12.04.41:475][998]LogUObjectHash: Compacting FUObjectHashTables data took   0.79ms
[2022.07.17-12.04.41:501][998]LogMoviePlayer: Shutting down movie player
[2022.07.17-12.04.41:583][998]LogExit: Game engine shut down
[2022.07.17-12.04.41:584][998]LogDemo: Cleaned up 0 splitscreen connections with owner deletion
[2022.07.17-12.04.41:613][998]LogExit: Object subsystem successfully closed.
[2022.07.17-12.04.41:620][998]LogShaderCompilers: Display: === FShaderJobCache stats ===
[2022.07.17-12.04.41:620][998]LogShaderCompilers: Display: Total job queries 0, among them cache hits 0 (0.00%)
[2022.07.17-12.04.41:620][998]LogShaderCompilers: Display: Tracking 0 distinct input hashes that result in 0 distinct outputs (0.00%)
[2022.07.17-12.04.41:620][998]LogShaderCompilers: Display: RAM used: 0.00 MB (0.00 GB) of 1638.40 MB (1.60 GB) budget. Usage: 0.00%
[2022.07.17-12.04.41:620][998]LogShaderCompilers: Display: ================================================
[2022.07.17-12.04.41:628][998]LogShaderCompilers: Display: Shaders left to compile 0
[2022.07.17-12.04.41:633][998]LogModuleManager: Shutting down and abandoning module SequenceRecorderSections (512)
[2022.07.17-12.04.41:633][998]LogModuleManager: Shutting down and abandoning module SequenceRecorder (510)
[2022.07.17-12.04.41:633][998]LogModuleManager: Shutting down and abandoning module AutomationController (508)
[2022.07.17-12.04.41:633][998]LogModuleManager: Shutting down and abandoning module AutomationWorker (506)
[2022.07.17-12.04.41:633][998]LogModuleManager: Shutting down and abandoning module Voice (504)
[2022.07.17-12.04.41:633][998]LogModuleManager: Shutting down and abandoning module AIModule (502)
[2022.07.17-12.04.41:633][998]LogModuleManager: Shutting down and abandoning module GameplayDebugger (501)
[2022.07.17-12.04.41:633][998]LogModuleManager: Shutting down and abandoning module AITestSuite (499)
[2022.07.17-12.04.41:633][998]LogModuleManager: Shutting down and abandoning module NavigationSystem (497)
[2022.07.17-12.04.41:633][998]LogModuleManager: Shutting down and abandoning module WebMMediaFactory (494)
[2022.07.17-12.04.41:633][998]LogModuleManager: Shutting down and abandoning module WebMMedia (492)
[2022.07.17-12.04.41:633][998]LogModuleManager: Shutting down and abandoning module WmfMediaFactory (490)
[2022.07.17-12.04.41:633][998]LogModuleManager: Shutting down and abandoning module MagicLeapMediaCodecFactory (488)
[2022.07.17-12.04.41:633][998]LogModuleManager: Shutting down and abandoning module MagicLeapMediaFactory (486)
[2022.07.17-12.04.41:633][998]LogModuleManager: Shutting down and abandoning module OpenExrWrapper (484)
[2022.07.17-12.04.41:633][998]LogModuleManager: Shutting down and abandoning module ImgMediaFactory (482)
[2022.07.17-12.04.41:633][998]LogModuleManager: Shutting down and abandoning module AvfMediaFactory (480)
[2022.07.17-12.04.41:633][998]LogModuleManager: Shutting down and abandoning module PlanarCut (478)
[2022.07.17-12.04.41:633][998]LogModuleManager: Shutting down and abandoning module CharacterAI (476)
[2022.07.17-12.04.41:633][998]LogModuleManager: Shutting down and abandoning module SessionServices (474)
[2022.07.17-12.04.41:633][998]LogModuleManager: Shutting down and abandoning module MovieSceneCapture (472)
[2022.07.17-12.04.41:633][998]LogModuleManager: Shutting down and abandoning module LiveCoding (470)
[2022.07.17-12.04.41:633][998]LogModuleManager: Shutting down and abandoning module LevelSequence (468)
[2022.07.17-12.04.41:633][998]LogModuleManager: Shutting down and abandoning module MovieSceneTracks (466)
[2022.07.17-12.04.41:633][998]LogModuleManager: Shutting down and abandoning module MovieScene (464)
[2022.07.17-12.04.41:633][998]LogModuleManager: Shutting down and abandoning module StreamingPauseRendering (462)
[2022.07.17-12.04.41:634][998]LogModuleManager: Shutting down and abandoning module PortalServices (460)
[2022.07.17-12.04.41:634][998]LogModuleManager: Shutting down and abandoning module PortalRpc (458)
[2022.07.17-12.04.41:634][998]LogModuleManager: Shutting down and abandoning module MessagingRpc (456)
[2022.07.17-12.04.41:634][998]LogModuleManager: Shutting down and abandoning module AudioMixerXAudio2 (454)
[2022.07.17-12.04.41:634][998]LogModuleManager: Shutting down and abandoning module AudioMixerCore (453)
[2022.07.17-12.04.41:634][998]LogModuleManager: Shutting down and abandoning module ImageWriteQueue (450)
[2022.07.17-12.04.41:635][998]LogModuleManager: Shutting down and abandoning module ProfilerService (448)
[2022.07.17-12.04.41:652][998]LogModuleManager: Shutting down and abandoning module TaskGraph (446)
[2022.07.17-12.04.41:652][998]LogModuleManager: Shutting down and abandoning module Synthesis (444)
[2022.07.17-12.04.41:652][998]LogModuleManager: Shutting down and abandoning module ProceduralMeshComponent (442)
[2022.07.17-12.04.41:652][998]LogModuleManager: Shutting down and abandoning module MobilePatchingUtils (440)
[2022.07.17-12.04.41:652][998]LogModuleManager: Shutting down and abandoning module GooglePAD (438)
[2022.07.17-12.04.41:652][998]LogModuleManager: Shutting down and abandoning module EditableMesh (436)
[2022.07.17-12.04.41:652][998]LogModuleManager: Shutting down and abandoning module CustomMeshComponent (434)
[2022.07.17-12.04.41:652][998]LogModuleManager: Shutting down and abandoning module CableComponent (432)
[2022.07.17-12.04.41:652][998]LogModuleManager: Shutting down and abandoning module AssetTags (430)
[2022.07.17-12.04.41:652][998]LogModuleManager: Shutting down and abandoning module AudioCapture (428)
[2022.07.17-12.04.41:652][998]LogModuleManager: Shutting down and abandoning module AudioCaptureRtAudio (427)
[2022.07.17-12.04.41:652][998]LogModuleManager: Shutting down and abandoning module ArchVisCharacter (424)
[2022.07.17-12.04.41:652][998]LogModuleManager: Shutting down and abandoning module AppleImageUtilsBlueprintSupport (422)
[2022.07.17-12.04.41:652][998]LogModuleManager: Shutting down and abandoning module AppleImageUtils (420)
[2022.07.17-12.04.41:652][998]LogModuleManager: Shutting down and abandoning module AndroidPermission (418)
[2022.07.17-12.04.41:652][998]LogModuleManager: Shutting down and abandoning module ActorLayerUtilities (416)
[2022.07.17-12.04.41:652][998]LogModuleManager: Shutting down and abandoning module TemplateSequence (414)
[2022.07.17-12.04.41:652][998]LogModuleManager: Shutting down and abandoning module MagicLeapSharedWorld (412)
[2022.07.17-12.04.41:652][998]LogModuleManager: Shutting down and abandoning module MediaCompositing (410)
[2022.07.17-12.04.41:652][998]LogModuleManager: Shutting down and abandoning module MagicLeapLightEstimation (408)
[2022.07.17-12.04.41:652][998]LogModuleManager: Shutting down and abandoning module MagicLeapHelperVulkan (406)
[2022.07.17-12.04.41:652][998]LogModuleManager: Shutting down and abandoning module MagicLeapHelperOpenGL (404)
[2022.07.17-12.04.41:652][998]LogModuleManager: Shutting down and abandoning module MagicLeapAudio (402)
[2022.07.17-12.04.41:652][998]LogModuleManager: Shutting down and abandoning module ImgMedia (400)
[2022.07.17-12.04.41:652][998]LogModuleManager: Shutting down and abandoning module MotoSynth (398)
[2022.07.17-12.04.41:652][998]LogModuleManager: Shutting down and abandoning module OpenImageDenoise (396)
[2022.07.17-12.04.41:652][998]LogOpenImageDenoise: OIDN shutting down
[2022.07.17-12.04.41:652][998]LogModuleManager: Shutting down and abandoning module MeshConversion (394)
[2022.07.17-12.04.41:652][998]LogModuleManager: Shutting down and abandoning module DynamicMesh (392)
[2022.07.17-12.04.41:652][998]LogModuleManager: Shutting down and abandoning module GeometryAlgorithms (390)
[2022.07.17-12.04.41:652][998]LogModuleManager: Shutting down and abandoning module GeometricObjects (388)
[2022.07.17-12.04.41:652][998]LogModuleManager: Shutting down and abandoning module GeometryCollectionTracks (386)
[2022.07.17-12.04.41:652][998]LogModuleManager: Shutting down and abandoning module GeometryCollectionSequencer (385)
[2022.07.17-12.04.41:652][998]LogModuleManager: Shutting down and abandoning module GeometryCacheTracks (382)
[2022.07.17-12.04.41:652][998]LogModuleManager: Shutting down and abandoning module GeometryCacheSequencer (381)
[2022.07.17-12.04.41:652][998]LogModuleManager: Shutting down and abandoning module GeometryCache (378)
[2022.07.17-12.04.41:652][998]LogModuleManager: Shutting down and abandoning module GeometryCacheEd (377)
[2022.07.17-12.04.41:652][998]LogModuleManager: Shutting down and abandoning module ChaosNiagara (374)
[2022.07.17-12.04.41:652][998]LogModuleManager: Shutting down and abandoning module FieldSystemEngine (373)
[2022.07.17-12.04.41:652][998]LogModuleManager: Shutting down and abandoning module BackChannel (370)
[2022.07.17-12.04.41:652][998]LogModuleManager: Shutting down and abandoning module AutomationUtils (368)
[2022.07.17-12.04.41:652][998]LogModuleManager: Shutting down and abandoning module VisualStudioSourceCodeAccess (366)
[2022.07.17-12.04.41:652][998]LogModuleManager: Shutting down and abandoning module HotReload (365)
[2022.07.17-12.04.41:652][998]LogModuleManager: Shutting down and abandoning module VisualStudioCodeSourceCodeAccess (362)
[2022.07.17-12.04.41:652][998]LogModuleManager: Shutting down and abandoning module UObjectPlugin (360)
[2022.07.17-12.04.41:652][998]LogModuleManager: Shutting down and abandoning module SubversionSourceControl (358)
[2022.07.17-12.04.41:652][998]LogModuleManager: Shutting down and abandoning module PerforceSourceControl (356)
[2022.07.17-12.04.41:652][998]LogModuleManager: Shutting down and abandoning module SourceControl (355)
[2022.07.17-12.04.41:653][998]LogModuleManager: Shutting down and abandoning module CLionSourceCodeAccess (352)
[2022.07.17-12.04.41:653][998]LogModuleManager: Shutting down and abandoning module OodleNetworkHandlerComponent (350)
[2022.07.17-12.04.41:653][998]LogModuleManager: Shutting down and abandoning module RuntimePhysXCooking (348)
[2022.07.17-12.04.41:653][998]LogModuleManager: Shutting down and abandoning module SoundFields (346)
[2022.07.17-12.04.41:653][998]LogModuleManager: Shutting down and abandoning module PropertyAccessEditor (344)
[2022.07.17-12.04.41:653][998]LogModuleManager: Shutting down and abandoning module SignificanceManager (342)
[2022.07.17-12.04.41:653][998]LogModuleManager: Shutting down and abandoning module PhysXVehiclesEditor (340)
[2022.07.17-12.04.41:653][998]LogModuleManager: Shutting down and abandoning module LocationServicesBPLibrary (336)
[2022.07.17-12.04.41:653][998]LogModuleManager: Shutting down and abandoning module AudioSynesthesia (334)
[2022.07.17-12.04.41:653][998]LogModuleManager: Shutting down and abandoning module AudioSynesthesiaCore (332)
[2022.07.17-12.04.41:653][998]LogModuleManager: Shutting down and abandoning module TcpMessaging (330)
[2022.07.17-12.04.42:465][998]LogModuleManager: Shutting down and abandoning module ActorSequence (328)
[2022.07.17-12.04.42:465][998]LogModuleManager: Shutting down and abandoning module UdpMessaging (326)
[2022.07.17-12.04.42:566][998]LogModuleManager: Shutting down and abandoning module MagicLeapARPin (324)
[2022.07.17-12.04.42:566][998]LogModuleManager: Shutting down and abandoning module MagicLeapHandMeshing (322)
[2022.07.17-12.04.42:566][998]LogModuleManager: Shutting down and abandoning module MagicLeapSecureStorage (320)
[2022.07.17-12.04.42:566][998]LogModuleManager: Shutting down and abandoning module MagicLeapPrivileges (318)
[2022.07.17-12.04.42:566][998]LogModuleManager: Shutting down and abandoning module MagicLeapPlanes (316)
[2022.07.17-12.04.42:566][998]LogMagicLeapPlanes: Planes tracker already destroyed.
[2022.07.17-12.04.42:566][998]LogModuleManager: Shutting down and abandoning module MagicLeapImageTracker (314)
[2022.07.17-12.04.42:566][998]LogModuleManager: Shutting down and abandoning module MagicLeapIdentity (312)
[2022.07.17-12.04.42:566][998]LogModuleManager: Shutting down and abandoning module MagicLeapHandTracking (310)
[2022.07.17-12.04.42:566][998]LogModuleManager: Shutting down and abandoning module MagicLeapEyeTracker (308)
[2022.07.17-12.04.42:566][998]LogModuleManager: Shutting down and abandoning module MagicLeapController (306)
[2022.07.17-12.04.42:566][998]LogSlate: Slate User Destroyed.  User Index 0, Is Virtual User: 0
[2022.07.17-12.04.42:566][998]LogModuleManager: Shutting down and abandoning module MagicLeapARPinImpl (304)
[2022.07.17-12.04.42:566][998]LogModuleManager: Shutting down and abandoning module MagicLeapAR (302)
[2022.07.17-12.04.42:566][998]LogModuleManager: Shutting down and abandoning module AugmentedReality (301)
[2022.07.17-12.04.42:566][998]LogModuleManager: Shutting down and abandoning module ImgMediaEngine (298)
[2022.07.17-12.04.42:566][998]LogModuleManager: Shutting down and abandoning module PythonScriptPlugin (296)
[2022.07.17-12.04.42:566][998]LogModuleManager: Shutting down and abandoning module NiagaraAnimNotifies (294)
[2022.07.17-12.04.42:566][998]LogModuleManager: Shutting down and abandoning module Niagara (292)
[2022.07.17-12.04.42:566][998]LogModuleManager: Shutting down and abandoning module SignalProcessing (291)
[2022.07.17-12.04.42:566][998]LogModuleManager: Shutting down and abandoning module NiagaraEditor (289)
[2022.07.17-12.04.42:566][998]LogModuleManager: Shutting down and abandoning module ContentBrowser (288)
[2022.07.17-12.04.42:566][998]LogModuleManager: Shutting down and abandoning module CollectionManager (287)
[2022.07.17-12.04.42:566][998]LogModuleManager: Shutting down and abandoning module DirectoryWatcher (286)
[2022.07.17-12.04.42:566][998]LogModuleManager: Shutting down and abandoning module ContentBrowserData (283)
[2022.07.17-12.04.42:566][998]LogModuleManager: Shutting down and abandoning module NiagaraCore (278)
[2022.07.17-12.04.42:566][998]LogModuleManager: Shutting down and abandoning module PropertyAccessNode (276)
[2022.07.17-12.04.42:566][998]LogModuleManager: Shutting down and abandoning module GameplayTagsEditor (274)
[2022.07.17-12.04.42:566][998]LogModuleManager: Shutting down and abandoning module FacialAnimation (272)
[2022.07.17-12.04.42:566][998]LogModuleManager: Shutting down and abandoning module AnimationSharing (270)
[2022.07.17-12.04.42:566][998]LogModuleManager: Shutting down and abandoning module AssetManagerEditor (268)
[2022.07.17-12.04.42:566][998]LogModuleManager: Shutting down and abandoning module TreeMap (267)
[2022.07.17-12.04.42:566][998]LogModuleManager: Shutting down and abandoning module GameplayCameras (264)
[2022.07.17-12.04.42:566][998]LogModuleManager: Shutting down and abandoning module LightPropagationVolumeRuntime (262)
[2022.07.17-12.04.42:566][998]LogModuleManager: Shutting down and abandoning module EnvironmentQueryEditor (260)
[2022.07.17-12.04.42:566][998]LogModuleManager: Shutting down and abandoning module Paper2D (258)
[2022.07.17-12.04.42:566][998]LogModuleManager: Shutting down and abandoning module WindowsMoviePlayer (256)
[2022.07.17-12.04.42:567][998]LogModuleManager: Shutting down and abandoning module WebMMoviePlayer (254)
[2022.07.17-12.04.42:567][998]LogModuleManager: Shutting down and abandoning module NetworkReplayStreaming (252)
[2022.07.17-12.04.42:567][998]LogModuleManager: Shutting down and abandoning module PacketHandler (250)
[2022.07.17-12.04.42:567][998]LogModuleManager: Shutting down and abandoning module ClothingSystemEditor (248)
[2022.07.17-12.04.42:567][998]LogModuleManager: Shutting down and abandoning module ClothingSystemRuntimeNv (246)
[2022.07.17-12.04.42:567][998]LogModuleManager: Shutting down and abandoning module MediaAssets (244)
[2022.07.17-12.04.42:567][998]LogModuleManager: Shutting down and abandoning module Overlay (242)
[2022.07.17-12.04.42:567][998]LogModuleManager: Shutting down and abandoning module OverlayEditor (241)
[2022.07.17-12.04.42:567][998]LogModuleManager: Shutting down and abandoning module VREditor (238)
[2022.07.17-12.04.42:567][998]LogModuleManager: Shutting down and abandoning module StringTableEditor (236)
[2022.07.17-12.04.42:567][998]LogModuleManager: Shutting down and abandoning module GameplayTasksEditor (234)
[2022.07.17-12.04.42:567][998]LogModuleManager: Shutting down and abandoning module BehaviorTreeEditor (232)
[2022.07.17-12.04.42:567][998]LogModuleManager: Shutting down and abandoning module FunctionalTesting (230)
[2022.07.17-12.04.42:567][998]LogModuleManager: Shutting down and abandoning module CollisionAnalyzer (228)
[2022.07.17-12.04.42:567][998]LogModuleManager: Shutting down and abandoning module WorkspaceMenuStructure (227)
[2022.07.17-12.04.42:567][998]LogModuleManager: Shutting down and abandoning module UMG (224)
[2022.07.17-12.04.42:567][998]LogModuleManager: Shutting down and abandoning module UMGEditor (223)
[2022.07.17-12.04.42:567][998]LogModuleManager: Shutting down and abandoning module Sequencer (222)
[2022.07.17-12.04.42:567][998]LogModuleManager: Shutting down and abandoning module MessageLog (219)
[2022.07.17-12.04.42:567][998]LogModuleManager: Shutting down and abandoning module SlateReflector (214)
[2022.07.17-12.04.42:567][998]LogModuleManager: Shutting down and abandoning module Slate (212)
[2022.07.17-12.04.42:567][998]LogModuleManager: Shutting down and abandoning module SlateCore (210)
[2022.07.17-12.04.42:568][998]LogModuleManager: Shutting down and abandoning module LandscapeEditorUtilities (208)
[2022.07.17-12.04.42:568][998]LogModuleManager: Shutting down and abandoning module UnrealEd (206)
[2022.07.17-12.04.42:568][998]LogModuleManager: Shutting down and abandoning module MRMesh (204)
[2022.07.17-12.04.42:568][998]LogModuleManager: Shutting down and abandoning module Messaging (202)
[2022.07.17-12.04.42:568][998]LogModuleManager: Shutting down and abandoning module SourceCodeAccess (200)
[2022.07.17-12.04.42:568][998]LogModuleManager: Shutting down and abandoning module HeadMountedDisplay (198)
[2022.07.17-12.04.42:568][998]LogModuleManager: Shutting down and abandoning module XAudio2 (196)
[2022.07.17-12.04.42:568][998]LogModuleManager: Shutting down and abandoning module Networking (194)
[2022.07.17-12.04.42:568][998]LogModuleManager: Shutting down and abandoning module Core (192)
[2022.07.17-12.04.42:568][998]LogModuleManager: Shutting down and abandoning module MaterialEditor (190)
[2022.07.17-12.04.42:568][998]LogModuleManager: Shutting down and abandoning module MovieSceneTools (188)
[2022.07.17-12.04.42:568][998]LogModuleManager: Shutting down and abandoning module EditorStyle (187)
[2022.07.17-12.04.42:569][998]LogModuleManager: Shutting down and abandoning module KismetCompiler (184)
[2022.07.17-12.04.42:569][998]LogModuleManager: Shutting down and abandoning module MeshBuilder (182)
[2022.07.17-12.04.42:569][998]LogModuleManager: Shutting down and abandoning module MeshUtilities (180)
[2022.07.17-12.04.42:569][998]LogModuleManager: Shutting down and abandoning module MeshMergeUtilities (179)
[2022.07.17-12.04.42:569][998]LogModuleManager: Shutting down and abandoning module MeshReductionInterface (178)
[2022.07.17-12.04.42:569][998]LogModuleManager: Shutting down and abandoning module MeshBoneReduction (177)
[2022.07.17-12.04.42:569][998]LogModuleManager: Shutting down and abandoning module SkeletalMeshReduction (175)
[2022.07.17-12.04.42:569][998]LogModuleManager: Shutting down and abandoning module ProxyLODMeshReduction (173)
[2022.07.17-12.04.42:569][998]LogModuleManager: Shutting down and abandoning module QuadricMeshReduction (171)
[2022.07.17-12.04.42:569][998]LogModuleManager: Shutting down and abandoning module MaterialBaking (167)
[2022.07.17-12.04.42:569][998]LogModuleManager: Shutting down and abandoning module NullInstallBundleManager (162)
[2022.07.17-12.04.42:569][998]LogModuleManager: Shutting down and abandoning module PIEPreviewDeviceProfileSelector (160)
[2022.07.17-12.04.42:569][998]LogModuleManager: Shutting down and abandoning module DerivedDataCache (158)
[2022.07.17-12.04.42:569][998]LogModuleManager: Shutting down and abandoning module TargetPlatform (156)
[2022.07.17-12.04.42:569][998]LogModuleManager: Shutting down and abandoning module VulkanShaderFormat (155)
[2022.07.17-12.04.42:569][998]LogModuleManager: Shutting down and abandoning module ShaderFormatVectorVM (153)
[2022.07.17-12.04.42:569][998]LogModuleManager: Shutting down and abandoning module ShaderFormatOpenGL (151)
[2022.07.17-12.04.42:569][998]LogModuleManager: Shutting down and abandoning module ShaderFormatD3D (149)
[2022.07.17-12.04.42:569][998]LogModuleManager: Shutting down and abandoning module MetalShaderFormat (147)
[2022.07.17-12.04.42:569][998]LogModuleManager: Shutting down and abandoning module TextureFormatOodle (145)
[2022.07.17-12.04.42:569][998]LogModuleManager: Shutting down and abandoning module TextureFormatUncompressed (143)
[2022.07.17-12.04.42:569][998]LogModuleManager: Shutting down and abandoning module TextureFormatPVR (141)
[2022.07.17-12.04.42:569][998]LogModuleManager: Shutting down and abandoning module TextureFormatETC2 (139)
[2022.07.17-12.04.42:569][998]LogModuleManager: Shutting down and abandoning module TextureFormatDXT (137)
[2022.07.17-12.04.42:569][998]LogModuleManager: Shutting down and abandoning module TextureFormatIntelISPCTexComp (135)
[2022.07.17-12.04.42:569][998]LogModuleManager: Shutting down and abandoning module TextureFormatASTC (133)
[2022.07.17-12.04.42:569][998]LogModuleManager: Shutting down and abandoning module ImageWrapper (132)
[2022.07.17-12.04.42:569][998]LogModuleManager: Shutting down and abandoning module AudioFormatOpus (129)
[2022.07.17-12.04.42:569][998]LogModuleManager: Shutting down and abandoning module AudioFormatOgg (127)
[2022.07.17-12.04.42:569][998]LogModuleManager: Shutting down and abandoning module AudioFormatADPCM (125)
[2022.07.17-12.04.42:569][998]LogModuleManager: Shutting down and abandoning module WindowsServerTargetPlatform (123)
[2022.07.17-12.04.42:569][998]LogModuleManager: Shutting down and abandoning module WindowsClientTargetPlatform (121)
[2022.07.17-12.04.42:569][998]LogModuleManager: Shutting down and abandoning module WindowsTargetPlatform (119)
[2022.07.17-12.04.42:569][998]LogModuleManager: Shutting down and abandoning module WindowsNoEditorTargetPlatform (117)
[2022.07.17-12.04.42:569][998]LogModuleManager: Shutting down and abandoning module D3D11RHI (114)
[2022.07.17-12.04.42:569][998]LogModuleManager: Shutting down and abandoning module InputCore (112)
[2022.07.17-12.04.42:569][998]LogModuleManager: Shutting down and abandoning module Settings (110)
[2022.07.17-12.04.42:569][998]LogModuleManager: Shutting down and abandoning module PhysXCooking (108)
[2022.07.17-12.04.42:569][998]LogModuleManager: Shutting down and abandoning module Chaos (106)
[2022.07.17-12.04.42:569][998]LogModuleManager: Shutting down and abandoning module WindowsPlatformFeatures (104)
[2022.07.17-12.04.42:569][998]LogModuleManager: Shutting down and abandoning module GameplayMediaEncoder (103)
[2022.07.17-12.04.42:569][998]LogModuleManager: Shutting down and abandoning module AVEncoder (102)
[2022.07.17-12.04.42:569][998]LogModuleManager: Shutting down and abandoning module ExampleDeviceProfileSelector (98)
[2022.07.17-12.04.42:569][998]LogModuleManager: Shutting down and abandoning module ChunkDownloader (96)
[2022.07.17-12.04.42:569][998]LogModuleManager: Shutting down and abandoning module LauncherChunkInstaller (94)
[2022.07.17-12.04.42:569][998]LogModuleManager: Shutting down and abandoning module OnlineBlueprintSupport (92)
[2022.07.17-12.04.42:569][998]LogModuleManager: Shutting down and abandoning module OnlineSubsystem (88)
[2022.07.17-12.04.42:570][998]LogModuleManager: Shutting down and abandoning module XMPP (83)
[2022.07.17-12.04.42:570][998]LogModuleManager: Shutting down and abandoning module WebSockets (82)
[2022.07.17-12.04.42:580][998]LogModuleManager: Shutting down and abandoning module HTTP (79)
[2022.07.17-12.04.42:580][998]LogHttp: Display: cleaning up 0 outstanding Http requests.
[2022.07.17-12.04.42:595][998]LogModuleManager: Shutting down and abandoning module SSL (78)
[2022.07.17-12.04.42:595][998]LogModuleManager: Shutting down and abandoning module WmfMedia (74)
[2022.07.17-12.04.42:596][998]LogModuleManager: Shutting down and abandoning module Media (73)
[2022.07.17-12.04.42:597][998]LogModuleManager: Shutting down and abandoning module MediaInfo (72)
[2022.07.17-12.04.42:597][998]LogModuleManager: Shutting down and abandoning module MLSDK (68)
[2022.07.17-12.04.42:597][998]LogModuleManager: Shutting down and abandoning module MagicLeap (66)
[2022.07.17-12.04.42:597][998]LogModuleManager: Shutting down and abandoning module ExrReaderGpu (64)
[2022.07.17-12.04.42:597][998]LogModuleManager: Shutting down and abandoning module VariantManagerContent (62)
[2022.07.17-12.04.42:597][998]LogModuleManager: Shutting down and abandoning module ChaosCloth (60)
[2022.07.17-12.04.42:597][998]LogModuleManager: Shutting down and abandoning module NiagaraVertexFactories (58)
[2022.07.17-12.04.42:597][998]LogModuleManager: Shutting down and abandoning module NiagaraShader (56)
[2022.07.17-12.04.42:597][998]LogModuleManager: Shutting down and abandoning module PixWinPlugin (54)
[2022.07.17-12.04.42:597][998]LogModuleManager: Shutting down and abandoning module DatasmithContent (52)
[2022.07.17-12.04.42:597][998]LogModuleManager: Shutting down and abandoning module AISupportModule (50)
[2022.07.17-12.04.42:597][998]LogModuleManager: Shutting down and abandoning module DesktopPlatform (48)
[2022.07.17-12.04.42:597][998]LogModuleManager: Shutting down and abandoning module PythonScriptPluginPreload (46)
[2022.07.17-12.04.42:597][998]LogModuleManager: Shutting down and abandoning module PlatformCryptoOpenSSL (44)
[2022.07.17-12.04.42:597][998]LogModuleManager: Shutting down and abandoning module PlatformCryptoTypes (42)
[2022.07.17-12.04.42:597][998]LogModuleManager: Shutting down and abandoning module PlatformCrypto (40)
[2022.07.17-12.04.42:597][998]LogModuleManager: Shutting down and abandoning module OodleDataCompressionFormat (38)
[2022.07.17-12.04.42:597][998]LogModuleManager: Shutting down and abandoning module XGEController (36)
[2022.07.17-12.04.42:597][998]LogModuleManager: Shutting down and abandoning module AnimationModifiers (34)
[2022.07.17-12.04.42:597][998]LogModuleManager: Shutting down and abandoning module AudioEditor (32)
[2022.07.17-12.04.42:597][998]LogModuleManager: Shutting down and abandoning module PropertyEditor (31)
[2022.07.17-12.04.42:597][998]LogModuleManager: Shutting down and abandoning module TextureCompressor (28)
[2022.07.17-12.04.42:597][998]LogModuleManager: Shutting down and abandoning module RenderCore (26)
[2022.07.17-12.04.42:597][998]LogModuleManager: Shutting down and abandoning module Landscape (24)
[2022.07.17-12.04.42:597][998]LogModuleManager: Shutting down and abandoning module SlateRHIRenderer (22)
[2022.07.17-12.04.42:597][998]LogModuleManager: Shutting down and abandoning module AnimGraphRuntime (20)
[2022.07.17-12.04.42:597][998]LogModuleManager: Shutting down and abandoning module Renderer (18)
[2022.07.17-12.04.42:597][998]LogModuleManager: Shutting down and abandoning module Engine (16)
[2022.07.17-12.04.42:598][998]LogModuleManager: Shutting down and abandoning module CoreUObject (14)
[2022.07.17-12.04.42:598][998]LogModuleManager: Shutting down and abandoning module NetworkFile (12)
[2022.07.17-12.04.42:598][998]LogModuleManager: Shutting down and abandoning module CookedIterativeFile (10)
[2022.07.17-12.04.42:598][998]LogModuleManager: Shutting down and abandoning module StreamingFile (8)
[2022.07.17-12.04.42:598][998]LogModuleManager: Shutting down and abandoning module SandboxFile (6)
[2022.07.17-12.04.42:598][998]LogModuleManager: Shutting down and abandoning module PakFile (4)
[2022.07.17-12.04.42:598][998]LogModuleManager: Shutting down and abandoning module RSA (3)
[2022.07.17-12.04.42:627][998]LogContentStreaming: Display: There are 1 unreleased StreamingManagers
[2022.07.17-12.04.42:634][998]LogD3D11RHI: Shutdown
[2022.07.17-12.04.42:634][998]LogD3D11RHI: CleanupD3DDevice
[2022.07.17-12.04.42:635][998]LogExit: Exiting.
[2022.07.17-12.04.42:642][998]Log file closed, 07/17/22 14:04:42
