Log file open, 07/17/22 14:31:57
LogWindows: Failed to load 'aqProf.dll' (GetLastError=126)
LogWindows: File 'aqProf.dll' does not exist
LogWindows: Failed to load 'VtuneApi.dll' (GetLastError=126)
LogWindows: File 'VtuneApi.dll' does not exist
LogWindows: Failed to load 'VtuneApi32e.dll' (GetLastError=126)
LogWindows: File 'VtuneApi32e.dll' does not exist
LogConsoleResponse: Display: Failed to find resolution value strings in scalability ini. Falling back to default.
LogConsoleResponse: Display: Failed to find resolution value strings in scalability ini. Falling back to default.
LogInit: Display: Running engine for game: Builder
LogPlatformFile: Not using cached read wrapper
LogTaskGraph: Started task graph with 5 named threads and 35 total threads with 3 sets of task threads.
LogStats: Stats thread started at 0.194990
LogICUInternationalization: ICU TimeZone Detection - Raw Offset: +1:00, Platform Override: ''
LogInit: Display: Loading text-based GConfig....
LogPluginManager: Mounting plugin MeshPainting
LogPluginManager: Mounting plugin XGEController
LogPluginManager: Mounting plugin Paper2D
LogPluginManager: Mounting plugin AISupport
LogPluginManager: Mounting plugin LightPropagationVolume
LogPluginManager: Mounting plugin EnvironmentQueryEditor
LogPluginManager: Mounting plugin CameraShakePreviewer
LogPluginManager: Mounting plugin GameplayCameras
LogPluginManager: Mounting plugin AnimationSharing
LogPluginManager: Mounting plugin GitSourceControl
LogPluginManager: Mounting plugin KDevelopSourceCodeAccess
LogPluginManager: Mounting plugin CLionSourceCodeAccess
LogPluginManager: Mounting plugin CodeLiteSourceCodeAccess
LogPluginManager: Mounting plugin NullSourceCodeAccess
LogPluginManager: Mounting plugin PerforceSourceControl
LogPluginManager: Mounting plugin PixWinPlugin
LogPluginManager: Mounting plugin PluginUtils
LogPluginManager: Mounting plugin RiderSourceCodeAccess
LogPluginManager: Mounting plugin TextureFormatOodle
LogPluginManager: Mounting plugin PlasticSourceControl
LogPluginManager: Mounting plugin PropertyAccessNode
LogPluginManager: Mounting plugin SubversionSourceControl
LogPluginManager: Mounting plugin UObjectPlugin
LogPluginManager: Mounting plugin VisualStudioSourceCodeAccess
LogPluginManager: Mounting plugin VisualStudioCodeSourceCodeAccess
LogPluginManager: Mounting plugin XCodeSourceCodeAccess
LogPluginManager: Mounting plugin AssetManagerEditor
LogPluginManager: Mounting plugin AlembicImporter
LogPluginManager: Mounting plugin AutomationUtils
LogPluginManager: Mounting plugin BackChannel
LogPluginManager: Mounting plugin OodleData
LogPluginManager: Mounting plugin ChaosCloth
LogPluginManager: Mounting plugin ChaosClothEditor
LogPluginManager: Mounting plugin ChaosNiagara
LogPluginManager: Mounting plugin ChaosEditor
LogPluginManager: Mounting plugin OodleNetwork
LogPluginManager: Mounting plugin ChaosSolverPlugin
LogPluginManager: Mounting plugin CharacterAI
LogPluginManager: Mounting plugin GeometryCache
LogPluginManager: Mounting plugin GeometryCollectionPlugin
LogPluginManager: Mounting plugin Niagara
LogPluginManager: Mounting plugin DatasmithContent
LogPluginManager: Mounting plugin GeometryProcessing
LogPluginManager: Mounting plugin MotoSynth
LogPluginManager: Mounting plugin OpenImageDenoise
LogPluginManager: Mounting plugin PlanarCut
LogPluginManager: Mounting plugin PlatformCrypto
LogPluginManager: Mounting plugin PythonScriptPlugin
LogPluginManager: Mounting plugin ProxyLODPlugin
LogPluginManager: Mounting plugin VariantManagerContent
LogPluginManager: Mounting plugin SkeletalReduction
LogPluginManager: Mounting plugin AndroidMedia
LogPluginManager: Mounting plugin AvfMedia
LogPluginManager: Mounting plugin MediaPlayerEditor
LogPluginManager: Mounting plugin ImgMedia
LogPluginManager: Mounting plugin MediaCompositing
LogPluginManager: Mounting plugin WebMMedia
LogPluginManager: Mounting plugin WmfMedia
LogPluginManager: Mounting plugin LuminPlatformFeatures
LogPluginManager: Mounting plugin MagicLeap
LogPluginManager: Mounting plugin MagicLeapLightEstimation
LogPluginManager: Mounting plugin MagicLeapMedia
LogPluginManager: Mounting plugin MagicLeapPassableWorld
LogPluginManager: Mounting plugin MLSDK
LogPluginManager: Mounting plugin TcpMessaging
LogPluginManager: Mounting plugin UdpMessaging
LogPluginManager: Mounting plugin ActorSequence
LogPluginManager: Mounting plugin LevelSequenceEditor
LogPluginManager: Mounting plugin TemplateSequence
LogPluginManager: Mounting plugin MatineeToLevelSequence
LogPluginManager: Mounting plugin OnlineSubsystem
LogPluginManager: Mounting plugin OnlineSubsystemNull
LogPluginManager: Mounting plugin OnlineSubsystemUtils
LogPluginManager: Mounting plugin LauncherChunkInstaller
LogPluginManager: Mounting plugin ActorLayerUtilities
LogPluginManager: Mounting plugin AndroidDeviceProfileSelector
LogPluginManager: Mounting plugin AndroidMoviePlayer
LogPluginManager: Mounting plugin AndroidPermission
LogPluginManager: Mounting plugin AppleImageUtils
LogPluginManager: Mounting plugin ArchVisCharacter
LogPluginManager: Mounting plugin AudioCapture
LogPluginManager: Mounting plugin AssetTags
LogPluginManager: Mounting plugin AudioSynesthesia
LogPluginManager: Mounting plugin CableComponent
LogPluginManager: Mounting plugin ChunkDownloader
LogPluginManager: Mounting plugin CustomMeshComponent
LogPluginManager: Mounting plugin EditableMesh
LogPluginManager: Mounting plugin ExampleDeviceProfileSelector
LogPluginManager: Mounting plugin GoogleCloudMessaging
LogPluginManager: Mounting plugin GooglePAD
LogPluginManager: Mounting plugin IOSDeviceProfileSelector
LogPluginManager: Mounting plugin LinuxDeviceProfileSelector
LogPluginManager: Mounting plugin LocationServicesBPLibrary
LogPluginManager: Mounting plugin AppleMoviePlayer
LogPluginManager: Mounting plugin MobilePatchingUtils
LogPluginManager: Mounting plugin ScreenshotTools
LogPluginManager: Mounting plugin PhysXVehicles
LogPluginManager: Mounting plugin PostSplashScreen
LogPluginManager: Mounting plugin PropertyAccessEditor
LogPluginManager: Mounting plugin ProceduralMeshComponent
LogPluginManager: Mounting plugin RuntimePhysXCooking
LogPluginManager: Mounting plugin SignificanceManager
LogPluginManager: Mounting plugin SoundFields
LogPluginManager: Mounting plugin Synthesis
LogPluginManager: Mounting plugin WebMMoviePlayer
LogPluginManager: Mounting plugin WindowsMoviePlayer
LogPluginManager: Mounting plugin CryptoKeys
LogPluginManager: Mounting plugin CurveEditorTools
LogPluginManager: Mounting plugin DataValidation
LogPluginManager: Mounting plugin FacialAnimation
LogPluginManager: Mounting plugin GameplayTagsEditor
LogPluginManager: Mounting plugin GeometryMode
LogPluginManager: Mounting plugin MacGraphicsSwitching
LogPluginManager: Mounting plugin MaterialAnalyzer
LogPluginManager: Mounting plugin MobileLauncherProfileWizard
LogPluginManager: Mounting plugin PluginBrowser
LogPluginManager: Mounting plugin SpeedTreeImporter
LogPluginManager: Mounting plugin OnlineSubsystemGooglePlay
LogPluginManager: Mounting plugin OnlineSubsystemIOS
LogPluginManager: Mounting plugin ContentBrowserAssetDataSource
LogPluginManager: Mounting plugin ContentBrowserFileDataSource
LogPluginManager: Mounting plugin ContentBrowserClassDataSource
PixWinPlugin: PIX capture plugin failed to initialize! Check that the process is launched from PIX.
LogInit: Using libcurl 7.55.1-DEV
LogInit:  - built for x86_64-pc-win32
LogInit:  - supports SSL with OpenSSL/1.1.1
LogInit:  - supports HTTP deflate (compression) using libz 1.2.8
LogInit:  - other features:
LogInit:      CURL_VERSION_SSL
LogInit:      CURL_VERSION_LIBZ
LogInit:      CURL_VERSION_IPV6
LogInit:      CURL_VERSION_ASYNCHDNS
LogInit:      CURL_VERSION_LARGEFILE
LogInit:      CURL_VERSION_IDN
LogInit:  CurlRequestOptions (configurable via config and command line):
LogInit:  - bVerifyPeer = true  - Libcurl will verify peer certificate
LogInit:  - bUseHttpProxy = false  - Libcurl will NOT use HTTP proxy
LogInit:  - bDontReuseConnections = false  - Libcurl will reuse connections
LogInit:  - MaxHostConnections = 16  - Libcurl will limit the number of connections to a host
LogInit:  - LocalHostAddr = Default
LogInit:  - BufferSize = 65536
LogOnline: OSS: Creating online subsystem instance for: NULL
LogInit: WinSock: version 1.1 (2.2), MaxSocks=32767, MaxUdp=65467
LogOnline: OSS: TryLoadSubsystemAndSetDefault: Loaded subsystem for module [NULL]
LogInit: Build: ++UE4+Release-4.27-CL-18319896
LogInit: Engine Version: 4.27.2-18319896+++UE4+Release-4.27
LogInit: Compatible Engine Version: 4.27.0-17155196+++UE4+Release-4.27
LogInit: Net CL: 17155196
LogInit: OS: Windows 10 (Release 2009) (), CPU: AMD Ryzen 5 5600X 6-Core Processor             , GPU: Radeon RX 590 Series
LogInit: Compiled (64-bit): Nov 30 2021 07:12:08
LogInit: Compiled with Visual C++: 19.24.28315.00
LogInit: Build Configuration: Development
LogInit: Branch Name: ++UE4+Release-4.27
LogInit: Command Line:  /Game/Maps/MainMenu -game -PIEVIACONSOLE -Multiprocess GameUserSettingsINI=C:/Users/matej/Documents/GitHub/Game-Jam-2022/Saved/Config/Windows/PIEGameUserSettings0.ini -MultiprocessSaveConfig -forcepassthrough -messaging -SessionName="Play in Standalone Game" -windowed -WinX=-1575 -WinY=179 SAVEWINPOS=1 -ResX=1280 -ResY=719
LogInit: Base Directory: E:/UE4/UE_4.27/Engine/Binaries/Win64/
LogInit: Allocator: TBB
LogInit: Installed Engine Build: 1
LogDevObjectVersion: Number of dev versions registered: 29
LogDevObjectVersion:   Dev-Blueprints (B0D832E4-1F89-4F0D-ACCF-7EB736FD4AA2): 10
LogDevObjectVersion:   Dev-Build (E1C64328-A22C-4D53-A36C-8E866417BD8C): 0
LogDevObjectVersion:   Dev-Core (375EC13C-06E4-48FB-B500-84F0262A717E): 4
LogDevObjectVersion:   Dev-Editor (E4B068ED-F494-42E9-A231-DA0B2E46BB41): 40
LogDevObjectVersion:   Dev-Framework (CFFC743F-43B0-4480-9391-14DF171D2073): 37
LogDevObjectVersion:   Dev-Mobile (B02B49B5-BB20-44E9-A304-32B752E40360): 3
LogDevObjectVersion:   Dev-Networking (A4E4105C-59A1-49B5-A7C5-40C4547EDFEE): 0
LogDevObjectVersion:   Dev-Online (39C831C9-5AE6-47DC-9A44-9C173E1C8E7C): 0
LogDevObjectVersion:   Dev-Physics (78F01B33-EBEA-4F98-B9B4-84EACCB95AA2): 14
LogDevObjectVersion:   Dev-Platform (6631380F-2D4D-43E0-8009-CF276956A95A): 0
LogDevObjectVersion:   Dev-Rendering (12F88B9F-8875-4AFC-A67C-D90C383ABD29): 45
LogDevObjectVersion:   Dev-Sequencer (7B5AE74C-D270-4C10-A958-57980B212A5A): 13
LogDevObjectVersion:   Dev-VR (D7296918-1DD6-4BDD-9DE2-64A83CC13884): 3
LogDevObjectVersion:   Dev-LoadTimes (C2A15278-BFE7-4AFE-6C17-90FF531DF755): 1
LogDevObjectVersion:   Private-Geometry (6EACA3D4-40EC-4CC1-B786-8BED09428FC5): 3
LogDevObjectVersion:   Dev-AnimPhys (29E575DD-E0A3-4627-9D10-D276232CDCEA): 17
LogDevObjectVersion:   Dev-Anim (AF43A65D-7FD3-4947-9873-3E8ED9C1BB05): 15
LogDevObjectVersion:   Dev-ReflectionCapture (6B266CEC-1EC7-4B8F-A30B-E4D90942FC07): 1
LogDevObjectVersion:   Dev-Automation (0DF73D61-A23F-47EA-B727-89E90C41499A): 1
LogDevObjectVersion:   FortniteMain (601D1886-AC64-4F84-AA16-D3DE0DEAC7D6): 47
LogDevObjectVersion:   FortniteRelease (E7086368-6B23-4C58-8439-1B7016265E91): 1
LogDevObjectVersion:   Dev-Enterprise (9DFFBCD6-494F-0158-E221-12823C92A888): 10
LogDevObjectVersion:   Dev-Niagara (F2AED0AC-9AFE-416F-8664-AA7FFA26D6FC): 1
LogDevObjectVersion:   Dev-Destruction (174F1F0B-B4C6-45A5-B13F-2EE8D0FB917D): 10
LogDevObjectVersion:   Dev-Physics-Ext (35F94A83-E258-406C-A318-09F59610247C): 41
LogDevObjectVersion:   Dev-PhysicsMaterial-Chaos (B68FC16E-8B1B-42E2-B453-215C058844FE): 1
LogDevObjectVersion:   Dev-CineCamera (B2E18506-4273-CFC2-A54E-F4BB758BBA07): 1
LogDevObjectVersion:   Dev-VirtualProduction (64F58936-FD1B-42BA-BA96-7289D5D0FA4E): 1
LogDevObjectVersion:   Dev-MediaFramework (6F0ED827-A609-4895-9C91-998D90180EA4): 2
LogInit: Presizing for max 25165824 objects, including 0 objects not considered by GC, pre-allocating 0 bytes for permanent pool.
LogConfig: Applying CVar settings from Section [/Script/Engine.StreamingSettings] File [C:/Users/matej/Documents/GitHub/Game-Jam-2022/Saved/Config/Windows/Engine.ini]
LogConfig: Setting CVar [[s.MinBulkDataSizeForAsyncLoading:131072]]
LogConfig: Setting CVar [[s.AsyncLoadingThreadEnabled:0]]
LogConfig: Setting CVar [[s.EventDrivenLoaderEnabled:1]]
LogConfig: Setting CVar [[s.WarnIfTimeLimitExceeded:0]]
LogConfig: Setting CVar [[s.TimeLimitExceededMultiplier:1.5]]
LogConfig: Setting CVar [[s.TimeLimitExceededMinTime:0.005]]
LogConfig: Setting CVar [[s.UseBackgroundLevelStreaming:1]]
LogConfig: Setting CVar [[s.PriorityAsyncLoadingExtraTime:15.0]]
LogConfig: Setting CVar [[s.LevelStreamingActorsUpdateTimeLimit:5.0]]
LogConfig: Setting CVar [[s.PriorityLevelStreamingActorsUpdateExtraTime:5.0]]
LogConfig: Setting CVar [[s.LevelStreamingComponentsRegistrationGranularity:10]]
LogConfig: Setting CVar [[s.UnregisterComponentsTimeLimit:1.0]]
LogConfig: Setting CVar [[s.LevelStreamingComponentsUnregistrationGranularity:5]]
LogConfig: Setting CVar [[s.FlushStreamingOnExit:1]]
LogInit: Object subsystem initialized
LogConfig: Setting CVar [[con.DebugEarlyDefault:1]]
LogConfig: Setting CVar [[r.setres:1280x720]]
[2022.07.17-12.31.58:313][  0]LogConfig: Setting CVar [[con.DebugEarlyDefault:1]]
[2022.07.17-12.31.58:313][  0]LogConfig: Setting CVar [[r.setres:1280x720]]
[2022.07.17-12.31.58:313][  0]LogConfig: Applying CVar settings from Section [/Script/Engine.RendererSettings] File [C:/Users/matej/Documents/GitHub/Game-Jam-2022/Saved/Config/Windows/Engine.ini]
[2022.07.17-12.31.58:313][  0]LogConfig: Setting CVar [[r.GPUCrashDebugging:0]]
[2022.07.17-12.31.58:313][  0]LogConfig: Applying CVar settings from Section [/Script/Engine.RendererOverrideSettings] File [C:/Users/matej/Documents/GitHub/Game-Jam-2022/Saved/Config/Windows/Engine.ini]
[2022.07.17-12.31.58:313][  0]LogConfig: Applying CVar settings from Section [/Script/Engine.StreamingSettings] File [C:/Users/matej/Documents/GitHub/Game-Jam-2022/Saved/Config/Windows/Engine.ini]
[2022.07.17-12.31.58:313][  0]LogConfig: Setting CVar [[s.MinBulkDataSizeForAsyncLoading:131072]]
[2022.07.17-12.31.58:313][  0]LogConfig: Setting CVar [[s.AsyncLoadingThreadEnabled:0]]
[2022.07.17-12.31.58:313][  0]LogConfig: Setting CVar [[s.EventDrivenLoaderEnabled:1]]
[2022.07.17-12.31.58:313][  0]LogConfig: Setting CVar [[s.WarnIfTimeLimitExceeded:0]]
[2022.07.17-12.31.58:313][  0]LogConfig: Setting CVar [[s.TimeLimitExceededMultiplier:1.5]]
[2022.07.17-12.31.58:313][  0]LogConfig: Setting CVar [[s.TimeLimitExceededMinTime:0.005]]
[2022.07.17-12.31.58:313][  0]LogConfig: Setting CVar [[s.UseBackgroundLevelStreaming:1]]
[2022.07.17-12.31.58:313][  0]LogConfig: Setting CVar [[s.PriorityAsyncLoadingExtraTime:15.0]]
[2022.07.17-12.31.58:313][  0]LogConfig: Setting CVar [[s.LevelStreamingActorsUpdateTimeLimit:5.0]]
[2022.07.17-12.31.58:313][  0]LogConfig: Setting CVar [[s.PriorityLevelStreamingActorsUpdateExtraTime:5.0]]
[2022.07.17-12.31.58:313][  0]LogConfig: Setting CVar [[s.LevelStreamingComponentsRegistrationGranularity:10]]
[2022.07.17-12.31.58:313][  0]LogConfig: Setting CVar [[s.UnregisterComponentsTimeLimit:1.0]]
[2022.07.17-12.31.58:313][  0]LogConfig: Setting CVar [[s.LevelStreamingComponentsUnregistrationGranularity:5]]
[2022.07.17-12.31.58:313][  0]LogConfig: Setting CVar [[s.FlushStreamingOnExit:1]]
[2022.07.17-12.31.58:313][  0]LogConfig: Applying CVar settings from Section [/Script/Engine.GarbageCollectionSettings] File [C:/Users/matej/Documents/GitHub/Game-Jam-2022/Saved/Config/Windows/Engine.ini]
[2022.07.17-12.31.58:313][  0]LogConfig: Setting CVar [[gc.MaxObjectsNotConsideredByGC:1]]
[2022.07.17-12.31.58:313][  0]LogConfig: Setting CVar [[gc.SizeOfPermanentObjectPool:0]]
[2022.07.17-12.31.58:313][  0]LogConfig: Setting CVar [[gc.FlushStreamingOnGC:0]]
[2022.07.17-12.31.58:313][  0]LogConfig: Setting CVar [[gc.NumRetriesBeforeForcingGC:10]]
[2022.07.17-12.31.58:313][  0]LogConfig: Setting CVar [[gc.AllowParallelGC:1]]
[2022.07.17-12.31.58:313][  0]LogConfig: Setting CVar [[gc.TimeBetweenPurgingPendingKillObjects:61.1]]
[2022.07.17-12.31.58:313][  0]LogConfig: Setting CVar [[gc.MaxObjectsInEditor:25165824]]
[2022.07.17-12.31.58:313][  0]LogConfig: Setting CVar [[gc.IncrementalBeginDestroyEnabled:1]]
[2022.07.17-12.31.58:313][  0]LogConfig: Setting CVar [[gc.CreateGCClusters:1]]
[2022.07.17-12.31.58:313][  0]LogConfig: Setting CVar [[gc.MinGCClusterSize:5]]
[2022.07.17-12.31.58:313][  0]LogConfig: Setting CVar [[gc.ActorClusteringEnabled:0]]
[2022.07.17-12.31.58:313][  0]LogConfig: Setting CVar [[gc.BlueprintClusteringEnabled:0]]
[2022.07.17-12.31.58:313][  0]LogConfig: Setting CVar [[gc.UseDisregardForGCOnDedicatedServers:0]]
[2022.07.17-12.31.58:313][  0]LogConfig: Setting CVar [[gc.MultithreadedDestructionEnabled:1]]
[2022.07.17-12.31.58:313][  0]LogConfig: Applying CVar settings from Section [/Script/Engine.NetworkSettings] File [C:/Users/matej/Documents/GitHub/Game-Jam-2022/Saved/Config/Windows/Engine.ini]
[2022.07.17-12.31.58:313][  0]LogConfig: Applying CVar settings from Section [/Script/UnrealEd.CookerSettings] File [C:/Users/matej/Documents/GitHub/Game-Jam-2022/Saved/Config/Windows/Engine.ini]
[2022.07.17-12.31.58:340][  0]LogConfig: Applying CVar settings from Section [ViewDistanceQuality@3] File [C:/Users/matej/Documents/GitHub/Game-Jam-2022/Saved/Config/Windows/Scalability.ini]
[2022.07.17-12.31.58:340][  0]LogConfig: Setting CVar [[r.SkeletalMeshLODBias:0]]
[2022.07.17-12.31.58:340][  0]LogConfig: Setting CVar [[r.ViewDistanceScale:1.0]]
[2022.07.17-12.31.58:340][  0]LogConfig: Applying CVar settings from Section [AntiAliasingQuality@3] File [C:/Users/matej/Documents/GitHub/Game-Jam-2022/Saved/Config/Windows/Scalability.ini]
[2022.07.17-12.31.58:340][  0]LogConfig: Setting CVar [[r.PostProcessAAQuality:4]]
[2022.07.17-12.31.58:340][  0]LogConfig: Applying CVar settings from Section [ShadowQuality@3] File [C:/Users/matej/Documents/GitHub/Game-Jam-2022/Saved/Config/Windows/Scalability.ini]
[2022.07.17-12.31.58:340][  0]LogConfig: Setting CVar [[r.LightFunctionQuality:1]]
[2022.07.17-12.31.58:340][  0]LogConfig: Setting CVar [[r.ShadowQuality:5]]
[2022.07.17-12.31.58:340][  0]LogConfig: Setting CVar [[r.Shadow.CSM.MaxCascades:10]]
[2022.07.17-12.31.58:340][  0]LogConfig: Setting CVar [[r.Shadow.MaxResolution:2048]]
[2022.07.17-12.31.58:340][  0]LogConfig: Setting CVar [[r.Shadow.MaxCSMResolution:2048]]
[2022.07.17-12.31.58:340][  0]LogConfig: Setting CVar [[r.Shadow.RadiusThreshold:0.01]]
[2022.07.17-12.31.58:340][  0]LogConfig: Setting CVar [[r.Shadow.DistanceScale:1.0]]
[2022.07.17-12.31.58:340][  0]LogConfig: Setting CVar [[r.Shadow.CSM.TransitionScale:1.0]]
[2022.07.17-12.31.58:340][  0]LogConfig: Setting CVar [[r.Shadow.PreShadowResolutionFactor:1.0]]
[2022.07.17-12.31.58:340][  0]LogConfig: Setting CVar [[r.DistanceFieldShadowing:1]]
[2022.07.17-12.31.58:340][  0]LogConfig: Setting CVar [[r.DistanceFieldAO:1]]
[2022.07.17-12.31.58:340][  0]LogConfig: Setting CVar [[r.AOQuality:2]]
[2022.07.17-12.31.58:340][  0]LogConfig: Setting CVar [[r.VolumetricFog:1]]
[2022.07.17-12.31.58:340][  0]LogConfig: Setting CVar [[r.VolumetricFog.GridPixelSize:8]]
[2022.07.17-12.31.58:340][  0]LogConfig: Setting CVar [[r.VolumetricFog.GridSizeZ:128]]
[2022.07.17-12.31.58:340][  0]LogConfig: Setting CVar [[r.VolumetricFog.HistoryMissSupersampleCount:4]]
[2022.07.17-12.31.58:340][  0]LogConfig: Setting CVar [[r.LightMaxDrawDistanceScale:1]]
[2022.07.17-12.31.58:340][  0]LogConfig: Setting CVar [[r.CapsuleShadows:1]]
[2022.07.17-12.31.58:340][  0]LogConfig: Applying CVar settings from Section [PostProcessQuality@3] File [C:/Users/matej/Documents/GitHub/Game-Jam-2022/Saved/Config/Windows/Scalability.ini]
[2022.07.17-12.31.58:340][  0]LogConfig: Setting CVar [[r.MotionBlurQuality:4]]
[2022.07.17-12.31.58:340][  0]LogConfig: Setting CVar [[r.AmbientOcclusionMipLevelFactor:0.4]]
[2022.07.17-12.31.58:340][  0]LogConfig: Setting CVar [[r.AmbientOcclusionMaxQuality:100]]
[2022.07.17-12.31.58:340][  0]LogConfig: Setting CVar [[r.AmbientOcclusionLevels:-1]]
[2022.07.17-12.31.58:340][  0]LogConfig: Setting CVar [[r.AmbientOcclusionRadiusScale:1.0]]
[2022.07.17-12.31.58:340][  0]LogConfig: Setting CVar [[r.DepthOfFieldQuality:2]]
[2022.07.17-12.31.58:340][  0]LogConfig: Setting CVar [[r.RenderTargetPoolMin:400]]
[2022.07.17-12.31.58:340][  0]LogConfig: Setting CVar [[r.LensFlareQuality:2]]
[2022.07.17-12.31.58:340][  0]LogConfig: Setting CVar [[r.SceneColorFringeQuality:1]]
[2022.07.17-12.31.58:340][  0]LogConfig: Setting CVar [[r.EyeAdaptationQuality:2]]
[2022.07.17-12.31.58:340][  0]LogConfig: Setting CVar [[r.BloomQuality:5]]
[2022.07.17-12.31.58:340][  0]LogConfig: Setting CVar [[r.FastBlurThreshold:100]]
[2022.07.17-12.31.58:340][  0]LogConfig: Setting CVar [[r.Upscale.Quality:3]]
[2022.07.17-12.31.58:340][  0]LogConfig: Setting CVar [[r.Tonemapper.GrainQuantization:1]]
[2022.07.17-12.31.58:340][  0]LogConfig: Setting CVar [[r.LightShaftQuality:1]]
[2022.07.17-12.31.58:340][  0]LogConfig: Setting CVar [[r.Filter.SizeScale:1]]
[2022.07.17-12.31.58:340][  0]LogConfig: Setting CVar [[r.Tonemapper.Quality:5]]
[2022.07.17-12.31.58:340][  0]LogConfig: Setting CVar [[r.DOF.Gather.AccumulatorQuality:1        ; higher gathering accumulator quality]]
[2022.07.17-12.31.58:340][  0]LogConfig: Setting CVar [[r.DOF.Gather.PostfilterMethod:1          ; Median3x3 postfilering method]]
[2022.07.17-12.31.58:340][  0]LogConfig: Setting CVar [[r.DOF.Gather.EnableBokehSettings:0       ; no bokeh simulation when gathering]]
[2022.07.17-12.31.58:340][  0]LogConfig: Setting CVar [[r.DOF.Gather.RingCount:4                 ; medium number of samples when gathering]]
[2022.07.17-12.31.58:340][  0]LogConfig: Setting CVar [[r.DOF.Scatter.ForegroundCompositing:1    ; additive foreground scattering]]
[2022.07.17-12.31.58:340][  0]LogConfig: Setting CVar [[r.DOF.Scatter.BackgroundCompositing:2    ; additive background scattering]]
[2022.07.17-12.31.58:340][  0]LogConfig: Setting CVar [[r.DOF.Scatter.EnableBokehSettings:1      ; bokeh simulation when scattering]]
[2022.07.17-12.31.58:340][  0]LogConfig: Setting CVar [[r.DOF.Scatter.MaxSpriteRatio:0.1         ; only a maximum of 10% of scattered bokeh]]
[2022.07.17-12.31.58:340][  0]LogConfig: Setting CVar [[r.DOF.Recombine.Quality:1                ; cheap slight out of focus]]
[2022.07.17-12.31.58:340][  0]LogConfig: Setting CVar [[r.DOF.Recombine.EnableBokehSettings:0    ; no bokeh simulation on slight out of focus]]
[2022.07.17-12.31.58:340][  0]LogConfig: Setting CVar [[r.DOF.TemporalAAQuality:1                ; more stable temporal accumulation]]
[2022.07.17-12.31.58:340][  0]LogConfig: Setting CVar [[r.DOF.Kernel.MaxForegroundRadius:0.025]]
[2022.07.17-12.31.58:340][  0]LogConfig: Setting CVar [[r.DOF.Kernel.MaxBackgroundRadius:0.025]]
[2022.07.17-12.31.58:340][  0]LogConfig: Applying CVar settings from Section [TextureQuality@3] File [C:/Users/matej/Documents/GitHub/Game-Jam-2022/Saved/Config/Windows/Scalability.ini]
[2022.07.17-12.31.58:340][  0]LogConfig: Setting CVar [[r.Streaming.MipBias:0]]
[2022.07.17-12.31.58:340][  0]LogConfig: Setting CVar [[r.Streaming.AmortizeCPUToGPUCopy:0]]
[2022.07.17-12.31.58:340][  0]LogConfig: Setting CVar [[r.Streaming.MaxNumTexturesToStreamPerFrame:0]]
[2022.07.17-12.31.58:340][  0]LogConfig: Setting CVar [[r.Streaming.Boost:1]]
[2022.07.17-12.31.58:340][  0]LogConfig: Setting CVar [[r.MaxAnisotropy:8]]
[2022.07.17-12.31.58:340][  0]LogConfig: Setting CVar [[r.VT.MaxAnisotropy:8]]
[2022.07.17-12.31.58:340][  0]LogConfig: Setting CVar [[r.Streaming.LimitPoolSizeToVRAM:0]]
[2022.07.17-12.31.58:340][  0]LogConfig: Setting CVar [[r.Streaming.PoolSize:1000]]
[2022.07.17-12.31.58:340][  0]LogConfig: Setting CVar [[r.Streaming.MaxEffectiveScreenSize:0]]
[2022.07.17-12.31.58:340][  0]LogConfig: Applying CVar settings from Section [EffectsQuality@3] File [C:/Users/matej/Documents/GitHub/Game-Jam-2022/Saved/Config/Windows/Scalability.ini]
[2022.07.17-12.31.58:340][  0]LogConfig: Setting CVar [[r.TranslucencyLightingVolumeDim:64]]
[2022.07.17-12.31.58:340][  0]LogConfig: Setting CVar [[r.RefractionQuality:2]]
[2022.07.17-12.31.58:340][  0]LogConfig: Setting CVar [[r.SSR.Quality:3]]
[2022.07.17-12.31.58:340][  0]LogConfig: Setting CVar [[r.SSR.HalfResSceneColor:0]]
[2022.07.17-12.31.58:340][  0]LogConfig: Setting CVar [[r.SceneColorFormat:4]]
[2022.07.17-12.31.58:340][  0]LogConfig: Setting CVar [[r.DetailMode:2]]
[2022.07.17-12.31.58:340][  0]LogConfig: Setting CVar [[r.TranslucencyVolumeBlur:1]]
[2022.07.17-12.31.58:340][  0]LogConfig: Setting CVar [[r.MaterialQualityLevel:1 ; High quality]]
[2022.07.17-12.31.58:340][  0]LogConfig: Setting CVar [[r.AnisotropicMaterials:1]]
[2022.07.17-12.31.58:340][  0]LogConfig: Setting CVar [[r.SSS.Scale:1]]
[2022.07.17-12.31.58:340][  0]LogConfig: Setting CVar [[r.SSS.SampleSet:2]]
[2022.07.17-12.31.58:340][  0]LogConfig: Setting CVar [[r.SSS.Quality:1]]
[2022.07.17-12.31.58:340][  0]LogConfig: Setting CVar [[r.SSS.HalfRes:0]]
[2022.07.17-12.31.58:340][  0]LogConfig: Setting CVar [[r.SSGI.Quality:3]]
[2022.07.17-12.31.58:340][  0]LogConfig: Setting CVar [[r.EmitterSpawnRateScale:1.0]]
[2022.07.17-12.31.58:341][  0]LogConfig: Setting CVar [[r.ParticleLightQuality:2]]
[2022.07.17-12.31.58:341][  0]LogConfig: Setting CVar [[r.SkyAtmosphere.AerialPerspectiveLUT.FastApplyOnOpaque:1 ; Always have FastSkyLUT 1 in this case to avoid wrong sky]]
[2022.07.17-12.31.58:341][  0]LogConfig: Setting CVar [[r.SkyAtmosphere.AerialPerspectiveLUT.SampleCountMaxPerSlice:4]]
[2022.07.17-12.31.58:341][  0]LogConfig: Setting CVar [[r.SkyAtmosphere.AerialPerspectiveLUT.DepthResolution:16.0]]
[2022.07.17-12.31.58:341][  0]LogConfig: Setting CVar [[r.SkyAtmosphere.FastSkyLUT:1]]
[2022.07.17-12.31.58:341][  0]LogConfig: Setting CVar [[r.SkyAtmosphere.FastSkyLUT.SampleCountMin:4.0]]
[2022.07.17-12.31.58:341][  0]LogConfig: Setting CVar [[r.SkyAtmosphere.FastSkyLUT.SampleCountMax:128.0]]
[2022.07.17-12.31.58:341][  0]LogConfig: Setting CVar [[r.SkyAtmosphere.SampleCountMin:4.0]]
[2022.07.17-12.31.58:341][  0]LogConfig: Setting CVar [[r.SkyAtmosphere.SampleCountMax:128.0]]
[2022.07.17-12.31.58:341][  0]LogConfig: Setting CVar [[r.SkyAtmosphere.TransmittanceLUT.UseSmallFormat:0]]
[2022.07.17-12.31.58:341][  0]LogConfig: Setting CVar [[r.SkyAtmosphere.TransmittanceLUT.SampleCount:10.0]]
[2022.07.17-12.31.58:341][  0]LogConfig: Setting CVar [[r.SkyAtmosphere.MultiScatteringLUT.SampleCount:15.0]]
[2022.07.17-12.31.58:341][  0]LogConfig: Setting CVar [[r.SkyLight.RealTimeReflectionCapture:1]]
[2022.07.17-12.31.58:341][  0]LogConfig: Applying CVar settings from Section [FoliageQuality@3] File [C:/Users/matej/Documents/GitHub/Game-Jam-2022/Saved/Config/Windows/Scalability.ini]
[2022.07.17-12.31.58:341][  0]LogConfig: Setting CVar [[foliage.DensityScale:1.0]]
[2022.07.17-12.31.58:341][  0]LogConfig: Setting CVar [[grass.DensityScale:1.0]]
[2022.07.17-12.31.58:341][  0]LogConfig: Applying CVar settings from Section [ShadingQuality@3] File [C:/Users/matej/Documents/GitHub/Game-Jam-2022/Saved/Config/Windows/Scalability.ini]
[2022.07.17-12.31.58:341][  0]LogConfig: Setting CVar [[r.HairStrands.SkyLighting.IntegrationType:2]]
[2022.07.17-12.31.58:341][  0]LogConfig: Setting CVar [[r.HairStrands.SkyAO.SampleCount:4]]
[2022.07.17-12.31.58:341][  0]LogConfig: Setting CVar [[r.HairStrands.Visibility.MSAA.SamplePerPixel:4]]
[2022.07.17-12.31.58:341][  0]LogInit: Selected Device Profile: [Windows]
[2022.07.17-12.31.58:341][  0]LogInit: Applying CVar settings loaded from the selected device profile: [Windows]
[2022.07.17-12.31.58:341][  0]LogHAL: Display: Platform has ~ 32 GB [34266628096 / 34359738368 / 32], which maps to Largest [LargestMinGB=32, LargerMinGB=12, DefaultMinGB=8, SmallerMinGB=6, SmallestMinGB=0)
[2022.07.17-12.31.58:341][  0]LogInit: Going up to parent DeviceProfile []
[2022.07.17-12.31.58:341][  0]LogConfig: Applying CVar settings from Section [ViewDistanceQuality@3] File [C:/Users/matej/Documents/GitHub/Game-Jam-2022/Saved/Config/Windows/Scalability.ini]
[2022.07.17-12.31.58:341][  0]LogConfig: Setting CVar [[r.SkeletalMeshLODBias:0]]
[2022.07.17-12.31.58:341][  0]LogConfig: Setting CVar [[r.ViewDistanceScale:1.0]]
[2022.07.17-12.31.58:341][  0]LogConfig: Applying CVar settings from Section [AntiAliasingQuality@3] File [C:/Users/matej/Documents/GitHub/Game-Jam-2022/Saved/Config/Windows/Scalability.ini]
[2022.07.17-12.31.58:341][  0]LogConfig: Setting CVar [[r.PostProcessAAQuality:4]]
[2022.07.17-12.31.58:341][  0]LogConfig: Applying CVar settings from Section [ShadowQuality@3] File [C:/Users/matej/Documents/GitHub/Game-Jam-2022/Saved/Config/Windows/Scalability.ini]
[2022.07.17-12.31.58:341][  0]LogConfig: Setting CVar [[r.LightFunctionQuality:1]]
[2022.07.17-12.31.58:341][  0]LogConfig: Setting CVar [[r.ShadowQuality:5]]
[2022.07.17-12.31.58:341][  0]LogConfig: Setting CVar [[r.Shadow.CSM.MaxCascades:10]]
[2022.07.17-12.31.58:341][  0]LogConfig: Setting CVar [[r.Shadow.MaxResolution:2048]]
[2022.07.17-12.31.58:341][  0]LogConfig: Setting CVar [[r.Shadow.MaxCSMResolution:2048]]
[2022.07.17-12.31.58:341][  0]LogConfig: Setting CVar [[r.Shadow.RadiusThreshold:0.01]]
[2022.07.17-12.31.58:341][  0]LogConfig: Setting CVar [[r.Shadow.DistanceScale:1.0]]
[2022.07.17-12.31.58:341][  0]LogConfig: Setting CVar [[r.Shadow.CSM.TransitionScale:1.0]]
[2022.07.17-12.31.58:341][  0]LogConfig: Setting CVar [[r.Shadow.PreShadowResolutionFactor:1.0]]
[2022.07.17-12.31.58:341][  0]LogConfig: Setting CVar [[r.DistanceFieldShadowing:1]]
[2022.07.17-12.31.58:341][  0]LogConfig: Setting CVar [[r.DistanceFieldAO:1]]
[2022.07.17-12.31.58:341][  0]LogConfig: Setting CVar [[r.AOQuality:2]]
[2022.07.17-12.31.58:341][  0]LogConfig: Setting CVar [[r.VolumetricFog:1]]
[2022.07.17-12.31.58:341][  0]LogConfig: Setting CVar [[r.VolumetricFog.GridPixelSize:8]]
[2022.07.17-12.31.58:341][  0]LogConfig: Setting CVar [[r.VolumetricFog.GridSizeZ:128]]
[2022.07.17-12.31.58:341][  0]LogConfig: Setting CVar [[r.VolumetricFog.HistoryMissSupersampleCount:4]]
[2022.07.17-12.31.58:341][  0]LogConfig: Setting CVar [[r.LightMaxDrawDistanceScale:1]]
[2022.07.17-12.31.58:341][  0]LogConfig: Setting CVar [[r.CapsuleShadows:1]]
[2022.07.17-12.31.58:341][  0]LogConfig: Applying CVar settings from Section [PostProcessQuality@3] File [C:/Users/matej/Documents/GitHub/Game-Jam-2022/Saved/Config/Windows/Scalability.ini]
[2022.07.17-12.31.58:341][  0]LogConfig: Setting CVar [[r.MotionBlurQuality:4]]
[2022.07.17-12.31.58:341][  0]LogConfig: Setting CVar [[r.AmbientOcclusionMipLevelFactor:0.4]]
[2022.07.17-12.31.58:341][  0]LogConfig: Setting CVar [[r.AmbientOcclusionMaxQuality:100]]
[2022.07.17-12.31.58:341][  0]LogConfig: Setting CVar [[r.AmbientOcclusionLevels:-1]]
[2022.07.17-12.31.58:341][  0]LogConfig: Setting CVar [[r.AmbientOcclusionRadiusScale:1.0]]
[2022.07.17-12.31.58:341][  0]LogConfig: Setting CVar [[r.DepthOfFieldQuality:2]]
[2022.07.17-12.31.58:341][  0]LogConfig: Setting CVar [[r.RenderTargetPoolMin:400]]
[2022.07.17-12.31.58:341][  0]LogConfig: Setting CVar [[r.LensFlareQuality:2]]
[2022.07.17-12.31.58:341][  0]LogConfig: Setting CVar [[r.SceneColorFringeQuality:1]]
[2022.07.17-12.31.58:341][  0]LogConfig: Setting CVar [[r.EyeAdaptationQuality:2]]
[2022.07.17-12.31.58:341][  0]LogConfig: Setting CVar [[r.BloomQuality:5]]
[2022.07.17-12.31.58:341][  0]LogConfig: Setting CVar [[r.FastBlurThreshold:100]]
[2022.07.17-12.31.58:341][  0]LogConfig: Setting CVar [[r.Upscale.Quality:3]]
[2022.07.17-12.31.58:341][  0]LogConfig: Setting CVar [[r.Tonemapper.GrainQuantization:1]]
[2022.07.17-12.31.58:341][  0]LogConfig: Setting CVar [[r.LightShaftQuality:1]]
[2022.07.17-12.31.58:341][  0]LogConfig: Setting CVar [[r.Filter.SizeScale:1]]
[2022.07.17-12.31.58:341][  0]LogConfig: Setting CVar [[r.Tonemapper.Quality:5]]
[2022.07.17-12.31.58:341][  0]LogConfig: Setting CVar [[r.DOF.Gather.AccumulatorQuality:1        ; higher gathering accumulator quality]]
[2022.07.17-12.31.58:341][  0]LogConfig: Setting CVar [[r.DOF.Gather.PostfilterMethod:1          ; Median3x3 postfilering method]]
[2022.07.17-12.31.58:341][  0]LogConfig: Setting CVar [[r.DOF.Gather.EnableBokehSettings:0       ; no bokeh simulation when gathering]]
[2022.07.17-12.31.58:341][  0]LogConfig: Setting CVar [[r.DOF.Gather.RingCount:4                 ; medium number of samples when gathering]]
[2022.07.17-12.31.58:341][  0]LogConfig: Setting CVar [[r.DOF.Scatter.ForegroundCompositing:1    ; additive foreground scattering]]
[2022.07.17-12.31.58:341][  0]LogConfig: Setting CVar [[r.DOF.Scatter.BackgroundCompositing:2    ; additive background scattering]]
[2022.07.17-12.31.58:341][  0]LogConfig: Setting CVar [[r.DOF.Scatter.EnableBokehSettings:1      ; bokeh simulation when scattering]]
[2022.07.17-12.31.58:341][  0]LogConfig: Setting CVar [[r.DOF.Scatter.MaxSpriteRatio:0.1         ; only a maximum of 10% of scattered bokeh]]
[2022.07.17-12.31.58:341][  0]LogConfig: Setting CVar [[r.DOF.Recombine.Quality:1                ; cheap slight out of focus]]
[2022.07.17-12.31.58:341][  0]LogConfig: Setting CVar [[r.DOF.Recombine.EnableBokehSettings:0    ; no bokeh simulation on slight out of focus]]
[2022.07.17-12.31.58:341][  0]LogConfig: Setting CVar [[r.DOF.TemporalAAQuality:1                ; more stable temporal accumulation]]
[2022.07.17-12.31.58:341][  0]LogConfig: Setting CVar [[r.DOF.Kernel.MaxForegroundRadius:0.025]]
[2022.07.17-12.31.58:341][  0]LogConfig: Setting CVar [[r.DOF.Kernel.MaxBackgroundRadius:0.025]]
[2022.07.17-12.31.58:341][  0]LogConfig: Applying CVar settings from Section [TextureQuality@3] File [C:/Users/matej/Documents/GitHub/Game-Jam-2022/Saved/Config/Windows/Scalability.ini]
[2022.07.17-12.31.58:341][  0]LogConfig: Setting CVar [[r.Streaming.MipBias:0]]
[2022.07.17-12.31.58:341][  0]LogConfig: Setting CVar [[r.Streaming.AmortizeCPUToGPUCopy:0]]
[2022.07.17-12.31.58:341][  0]LogConfig: Setting CVar [[r.Streaming.MaxNumTexturesToStreamPerFrame:0]]
[2022.07.17-12.31.58:341][  0]LogConfig: Setting CVar [[r.Streaming.Boost:1]]
[2022.07.17-12.31.58:341][  0]LogConfig: Setting CVar [[r.MaxAnisotropy:8]]
[2022.07.17-12.31.58:341][  0]LogConfig: Setting CVar [[r.VT.MaxAnisotropy:8]]
[2022.07.17-12.31.58:341][  0]LogConfig: Setting CVar [[r.Streaming.LimitPoolSizeToVRAM:0]]
[2022.07.17-12.31.58:341][  0]LogConfig: Setting CVar [[r.Streaming.PoolSize:1000]]
[2022.07.17-12.31.58:341][  0]LogConfig: Setting CVar [[r.Streaming.MaxEffectiveScreenSize:0]]
[2022.07.17-12.31.58:341][  0]LogConfig: Applying CVar settings from Section [EffectsQuality@3] File [C:/Users/matej/Documents/GitHub/Game-Jam-2022/Saved/Config/Windows/Scalability.ini]
[2022.07.17-12.31.58:341][  0]LogConfig: Setting CVar [[r.TranslucencyLightingVolumeDim:64]]
[2022.07.17-12.31.58:341][  0]LogConfig: Setting CVar [[r.RefractionQuality:2]]
[2022.07.17-12.31.58:341][  0]LogConfig: Setting CVar [[r.SSR.Quality:3]]
[2022.07.17-12.31.58:341][  0]LogConfig: Setting CVar [[r.SSR.HalfResSceneColor:0]]
[2022.07.17-12.31.58:341][  0]LogConfig: Setting CVar [[r.SceneColorFormat:4]]
[2022.07.17-12.31.58:341][  0]LogConfig: Setting CVar [[r.DetailMode:2]]
[2022.07.17-12.31.58:341][  0]LogConfig: Setting CVar [[r.TranslucencyVolumeBlur:1]]
[2022.07.17-12.31.58:341][  0]LogConfig: Setting CVar [[r.MaterialQualityLevel:1 ; High quality]]
[2022.07.17-12.31.58:341][  0]LogConfig: Setting CVar [[r.AnisotropicMaterials:1]]
[2022.07.17-12.31.58:341][  0]LogConfig: Setting CVar [[r.SSS.Scale:1]]
[2022.07.17-12.31.58:341][  0]LogConfig: Setting CVar [[r.SSS.SampleSet:2]]
[2022.07.17-12.31.58:341][  0]LogConfig: Setting CVar [[r.SSS.Quality:1]]
[2022.07.17-12.31.58:341][  0]LogConfig: Setting CVar [[r.SSS.HalfRes:0]]
[2022.07.17-12.31.58:341][  0]LogConfig: Setting CVar [[r.SSGI.Quality:3]]
[2022.07.17-12.31.58:341][  0]LogConfig: Setting CVar [[r.EmitterSpawnRateScale:1.0]]
[2022.07.17-12.31.58:341][  0]LogConfig: Setting CVar [[r.ParticleLightQuality:2]]
[2022.07.17-12.31.58:341][  0]LogConfig: Setting CVar [[r.SkyAtmosphere.AerialPerspectiveLUT.FastApplyOnOpaque:1 ; Always have FastSkyLUT 1 in this case to avoid wrong sky]]
[2022.07.17-12.31.58:341][  0]LogConfig: Setting CVar [[r.SkyAtmosphere.AerialPerspectiveLUT.SampleCountMaxPerSlice:4]]
[2022.07.17-12.31.58:341][  0]LogConfig: Setting CVar [[r.SkyAtmosphere.AerialPerspectiveLUT.DepthResolution:16.0]]
[2022.07.17-12.31.58:341][  0]LogConfig: Setting CVar [[r.SkyAtmosphere.FastSkyLUT:1]]
[2022.07.17-12.31.58:341][  0]LogConfig: Setting CVar [[r.SkyAtmosphere.FastSkyLUT.SampleCountMin:4.0]]
[2022.07.17-12.31.58:341][  0]LogConfig: Setting CVar [[r.SkyAtmosphere.FastSkyLUT.SampleCountMax:128.0]]
[2022.07.17-12.31.58:341][  0]LogConfig: Setting CVar [[r.SkyAtmosphere.SampleCountMin:4.0]]
[2022.07.17-12.31.58:341][  0]LogConfig: Setting CVar [[r.SkyAtmosphere.SampleCountMax:128.0]]
[2022.07.17-12.31.58:341][  0]LogConfig: Setting CVar [[r.SkyAtmosphere.TransmittanceLUT.UseSmallFormat:0]]
[2022.07.17-12.31.58:341][  0]LogConfig: Setting CVar [[r.SkyAtmosphere.TransmittanceLUT.SampleCount:10.0]]
[2022.07.17-12.31.58:341][  0]LogConfig: Setting CVar [[r.SkyAtmosphere.MultiScatteringLUT.SampleCount:15.0]]
[2022.07.17-12.31.58:341][  0]LogConfig: Setting CVar [[r.SkyLight.RealTimeReflectionCapture:1]]
[2022.07.17-12.31.58:341][  0]LogConfig: Applying CVar settings from Section [FoliageQuality@3] File [C:/Users/matej/Documents/GitHub/Game-Jam-2022/Saved/Config/Windows/Scalability.ini]
[2022.07.17-12.31.58:341][  0]LogConfig: Setting CVar [[foliage.DensityScale:1.0]]
[2022.07.17-12.31.58:341][  0]LogConfig: Setting CVar [[grass.DensityScale:1.0]]
[2022.07.17-12.31.58:341][  0]LogConfig: Applying CVar settings from Section [ShadingQuality@3] File [C:/Users/matej/Documents/GitHub/Game-Jam-2022/Saved/Config/Windows/Scalability.ini]
[2022.07.17-12.31.58:341][  0]LogConfig: Setting CVar [[r.HairStrands.SkyLighting.IntegrationType:2]]
[2022.07.17-12.31.58:341][  0]LogConfig: Setting CVar [[r.HairStrands.SkyAO.SampleCount:4]]
[2022.07.17-12.31.58:341][  0]LogConfig: Setting CVar [[r.HairStrands.Visibility.MSAA.SamplePerPixel:4]]
[2022.07.17-12.31.58:342][  0]LogConfig: Applying CVar settings from Section [Startup] File [../../../Engine/Config/ConsoleVariables.ini]
[2022.07.17-12.31.58:342][  0]LogConfig: Setting CVar [[net.UseAdaptiveNetUpdateFrequency:0]]
[2022.07.17-12.31.58:342][  0]LogConfig: Setting CVar [[p.chaos.AllowCreatePhysxBodies:1]]
[2022.07.17-12.31.58:342][  0]LogConfig: Setting CVar [[fx.SkipVectorVMBackendOptimizations:1]]
[2022.07.17-12.31.58:342][  0]LogConfig: Applying CVar settings from Section [ConsoleVariables] File [C:/Users/matej/Documents/GitHub/Game-Jam-2022/Saved/Config/Windows/Engine.ini]
[2022.07.17-12.31.58:342][  0]LogConfig: Applying CVar settings from Section [ConsoleVariables] File [C:/Users/matej/Documents/GitHub/Game-Jam-2022/Saved/Config/Windows/Editor.ini]
[2022.07.17-12.31.58:342][  0]LogInit: Computer: DESKTOP-M1QV7NL
[2022.07.17-12.31.58:342][  0]LogInit: User: matej
[2022.07.17-12.31.58:342][  0]LogInit: CPU Page size=4096, Cores=6
[2022.07.17-12.31.58:342][  0]LogInit: High frequency timer resolution =10.000000 MHz
[2022.07.17-12.31.58:342][  0]LogMemory: Memory total: Physical=31.9GB (32GB approx)
[2022.07.17-12.31.58:342][  0]LogMemory: Platform Memory Stats for Windows
[2022.07.17-12.31.58:342][  0]LogMemory: Process Physical Memory: 144.33 MB used, 144.34 MB peak
[2022.07.17-12.31.58:342][  0]LogMemory: Process Virtual Memory: 128.86 MB used, 128.86 MB peak
[2022.07.17-12.31.58:342][  0]LogMemory: Physical Memory: 15815.16 MB used,  16864.04 MB free, 32679.20 MB total
[2022.07.17-12.31.58:342][  0]LogMemory: Virtual Memory: 134185600.00 MB used,  32123.95 MB free, 134217728.00 MB total
[2022.07.17-12.31.58:346][  0]LogWindows: WindowsPlatformFeatures enabled
[2022.07.17-12.31.58:359][  0]LogInit: Physics initialised using underlying interface: PhysX
[2022.07.17-12.31.58:360][  0]LogInit: Using OS detected language (en-US).
[2022.07.17-12.31.58:360][  0]LogInit: Using OS detected locale (en-US).
[2022.07.17-12.31.58:362][  0]LogTextLocalizationManager: No specific localization for 'en-US' exists, so the 'en' localization will be used.
[2022.07.17-12.31.58:524][  0]LogWindowsTextInputMethodSystem: Display: IME system deactivated.
[2022.07.17-12.31.58:569][  0]LogSlate: New Slate User Created.  User Index 0, Is Virtual User: 0
[2022.07.17-12.31.58:569][  0]LogSlate: Slate User Registered.  User Index 0, Is Virtual User: 0
[2022.07.17-12.31.58:602][  0]LogD3D11RHI: Loaded GFSDK_Aftermath_Lib.x64.dll
[2022.07.17-12.31.58:603][  0]LogD3D11RHI: D3D11 min allowed feature level: 11_0
[2022.07.17-12.31.58:604][  0]LogD3D11RHI: D3D11 max allowed feature level: 11_0
[2022.07.17-12.31.58:604][  0]LogD3D11RHI: D3D11 adapters:
[2022.07.17-12.31.58:641][  0]LogD3D11RHI:    0. 'Radeon RX 590 Series' (Feature Level 11_0)
[2022.07.17-12.31.58:641][  0]LogD3D11RHI:       8170/0/16339 MB DedicatedVideo/DedicatedSystem/SharedSystem, Outputs:2, VendorId:0x1002
[2022.07.17-12.31.58:643][  0]LogD3D11RHI:    1. 'Microsoft Basic Render Driver' (Feature Level 11_0)
[2022.07.17-12.31.58:643][  0]LogD3D11RHI:       0/0/16339 MB DedicatedVideo/DedicatedSystem/SharedSystem, Outputs:0, VendorId:0x1414
[2022.07.17-12.31.58:643][  0]LogD3D11RHI: Chosen D3D11 Adapter:
[2022.07.17-12.31.58:643][  0]LogD3D11RHI:     Description : Radeon RX 590 Series
[2022.07.17-12.31.58:643][  0]LogD3D11RHI:     VendorId    : 1002
[2022.07.17-12.31.58:643][  0]LogD3D11RHI:     DeviceId    : 67df
[2022.07.17-12.31.58:643][  0]LogD3D11RHI:     SubSysId    : 50321849
[2022.07.17-12.31.58:643][  0]LogD3D11RHI:     Revision    : 00e1
[2022.07.17-12.31.58:643][  0]LogD3D11RHI:     DedicatedVideoMemory : 8567906304 bytes
[2022.07.17-12.31.58:643][  0]LogD3D11RHI:     DedicatedSystemMemory : 0 bytes
[2022.07.17-12.31.58:643][  0]LogD3D11RHI:     SharedSystemMemory : 17133314048 bytes
[2022.07.17-12.31.58:643][  0]LogD3D11RHI:     AdapterLuid : 0 66828
[2022.07.17-12.31.58:649][  0]LogD3D11RHI: Creating new Direct3DDevice
[2022.07.17-12.31.58:649][  0]LogD3D11RHI:     GPU DeviceId: 0x67df (for the marketing name, search the web for "GPU Device Id")
[2022.07.17-12.31.58:649][  0]LogWindows: EnumDisplayDevices:
[2022.07.17-12.31.58:649][  0]LogWindows:    0. 'Radeon RX 590 Series' (P:0 D:1)
[2022.07.17-12.31.58:649][  0]LogWindows:    1. 'Radeon RX 590 Series' (P:1 D:1)
[2022.07.17-12.31.58:650][  0]LogWindows:    2. 'Radeon RX 590 Series' (P:0 D:0)
[2022.07.17-12.31.58:650][  0]LogWindows:    3. 'Radeon RX 590 Series' (P:0 D:0)
[2022.07.17-12.31.58:650][  0]LogWindows:    4. 'Radeon RX 590 Series' (P:0 D:0)
[2022.07.17-12.31.58:650][  0]LogWindows:    5. 'Radeon RX 590 Series' (P:0 D:0)
[2022.07.17-12.31.58:651][  0]LogWindows:    6. 'Radeon RX 590 Series' (P:0 D:0)
[2022.07.17-12.31.58:651][  0]LogWindows: DebugString: FoundDriverCount:7 
[2022.07.17-12.31.58:651][  0]LogD3D11RHI:     Adapter Name: Radeon RX 590 Series
[2022.07.17-12.31.58:651][  0]LogD3D11RHI:   Driver Version: AMD Software: Adrenalin Edition 22.5.2 (internal:30.0.21017.1000, unified:30.0.21017.1000)
[2022.07.17-12.31.58:651][  0]LogD3D11RHI:      Driver Date: 5-17-2022
[2022.07.17-12.31.58:651][  0]LogRHI: Texture pool is 5182 MB (70% of 7402 MB)
[2022.07.17-12.31.58:681][  0]LogD3D11RHI: Creating D3DDevice with AMD AGS, using adapter:
[2022.07.17-12.31.58:681][  0]LogD3D11RHI:     Description : Radeon RX 590 Series
[2022.07.17-12.31.58:681][  0]LogD3D11RHI:     VendorId    : 1002
[2022.07.17-12.31.58:681][  0]LogD3D11RHI:     DeviceId    : 67df
[2022.07.17-12.31.58:681][  0]LogD3D11RHI:     SubSysId    : 50321849
[2022.07.17-12.31.58:681][  0]LogD3D11RHI:     Revision    : 00e1
[2022.07.17-12.31.58:681][  0]LogD3D11RHI:     DedicatedVideoMemory : 8567906304 bytes
[2022.07.17-12.31.58:681][  0]LogD3D11RHI:     DedicatedSystemMemory : 0 bytes
[2022.07.17-12.31.58:681][  0]LogD3D11RHI:     SharedSystemMemory : 17133314048 bytes
[2022.07.17-12.31.58:681][  0]LogD3D11RHI:     AdapterLuid : 0 66828
[2022.07.17-12.31.58:707][  0]LogD3D11RHI: Created device via AGS, feature level 11_0, supported extensions 1fffffbf.
[2022.07.17-12.31.58:707][  0]LogD3D11RHI: RHI has support for 64 bit atomics
[2022.07.17-12.31.58:707][  0]LogD3D11RHI: Async texture creation enabled
[2022.07.17-12.31.58:707][  0]LogD3D11RHI: Array index from any shader is supported
[2022.07.17-12.31.58:707][  0]LogD3D11RHI: HDR output is supported on display 0 (AMD Device: 0x0, Display: 0x0).
[2022.07.17-12.31.58:716][  0]LogD3D11RHI: GPU Timing Frequency: 25.000000 (Debug: 2 1)
[2022.07.17-12.31.58:913][  0]LogTargetPlatformManager: Display: Loaded TargetPlatform 'WindowsNoEditor'
[2022.07.17-12.31.58:916][  0]LogTargetPlatformManager: Display: Loaded TargetPlatform 'Windows'
[2022.07.17-12.31.58:919][  0]LogTargetPlatformManager: Display: Loaded TargetPlatform 'WindowsClient'
[2022.07.17-12.31.58:922][  0]LogTargetPlatformManager: Display: Loaded TargetPlatform 'WindowsServer'
[2022.07.17-12.31.58:922][  0]LogTargetPlatformManager: Display: Building Assets For Windows
[2022.07.17-12.31.58:926][  0]LogAudioDebug: Display: Lib vorbis DLL was dynamically loaded.
[2022.07.17-12.31.58:944][  0]LogTextureFormatOodle: Display: Oodle Texture 2.9.0 init RDO Off
[2022.07.17-12.31.58:964][  0]LogRendererCore: Ray tracing is disabled. Reason: r.RayTracing=0.
[2022.07.17-12.31.58:964][  0]LogShaderCompilers: Guid format shader working directory is 0 characters bigger than the processId version (C:/Users/matej/Documents/GitHub/Game-Jam-2022/Intermediate/Shaders/WorkingDirectory/26080/).
[2022.07.17-12.31.58:964][  0]LogShaderCompilers: Cleaned the shader compiler working directory 'C:/Users/matej/AppData/Local/Temp/UnrealShaderWorkingDir/CE37884840027D2F165E53912316AC83/'.
[2022.07.17-12.31.58:964][  0]LogXGEController: Cannot use XGE Controller as Incredibuild is not installed on this machine.
[2022.07.17-12.31.58:964][  0]LogShaderCompilers: Cannot use XGE Shader Compiler as Incredibuild is not installed on this machine.
[2022.07.17-12.31.58:964][  0]LogShaderCompilers: Display: Using Local Shader Compiler.
[2022.07.17-12.31.59:499][  0]LogDerivedDataCache: Display: Max Cache Size: 512 MB
[2022.07.17-12.31.59:535][  0]LogDerivedDataCache: Loaded boot cache 0.04s 94MB C:/Users/matej/AppData/Local/UnrealEngine/4.27/DerivedDataCache/Boot.ddc.
[2022.07.17-12.31.59:535][  0]LogDerivedDataCache: Display: Loaded Boot cache: C:/Users/matej/AppData/Local/UnrealEngine/4.27/DerivedDataCache/Boot.ddc
[2022.07.17-12.31.59:535][  0]LogDerivedDataCache: FDerivedDataBackendGraph:  Pak pak cache file C:/Users/matej/Documents/GitHub/Game-Jam-2022/DerivedDataCache/DDC.ddp not found, will not use a pak cache.
[2022.07.17-12.31.59:535][  0]LogDerivedDataCache: Unable to find inner node Pak for hierarchical cache Hierarchy.
[2022.07.17-12.31.59:535][  0]LogDerivedDataCache: FDerivedDataBackendGraph:  CompressedPak pak cache file C:/Users/matej/Documents/GitHub/Game-Jam-2022/DerivedDataCache/Compressed.ddp not found, will not use a pak cache.
[2022.07.17-12.31.59:535][  0]LogDerivedDataCache: Unable to find inner node CompressedPak for hierarchical cache Hierarchy.
[2022.07.17-12.31.59:549][  0]LogDerivedDataCache: Display: Pak cache opened for reading ../../../Engine/DerivedDataCache/Compressed.ddp.
[2022.07.17-12.31.59:549][  0]LogDerivedDataCache: FDerivedDataBackendGraph:  EnterprisePak pak cache file ../../../Enterprise/DerivedDataCache/Compressed.ddp not found, will not use a pak cache.
[2022.07.17-12.31.59:549][  0]LogDerivedDataCache: Unable to find inner node EnterprisePak for hierarchical cache Hierarchy.
[2022.07.17-12.31.59:555][  0]LogDerivedDataCache: Speed tests for C:/Users/matej/AppData/Local/UnrealEngine/Common/DerivedDataCache took 0.01 seconds
[2022.07.17-12.31.59:555][  0]LogDerivedDataCache: Display: Performance to C:/Users/matej/AppData/Local/UnrealEngine/Common/DerivedDataCache: Latency=0.02ms. RandomReadSpeed=1593.57MBs, RandomWriteSpeed=178.80MBs. Assigned SpeedClass 'Local'
[2022.07.17-12.31.59:556][  0]LogDerivedDataCache: Using Local data cache path C:/Users/matej/AppData/Local/UnrealEngine/Common/DerivedDataCache: Writable
[2022.07.17-12.31.59:556][  0]LogDerivedDataCache: Shared data cache path not found in *engine.ini, will not use an Shared cache.
[2022.07.17-12.31.59:556][  0]LogDerivedDataCache: Unable to find inner node Shared for hierarchical cache Hierarchy.
[2022.07.17-12.31.59:583][  0]LogSlate: Using FreeType 2.10.0
[2022.07.17-12.31.59:583][  0]LogSlate: SlateFontServices - WITH_FREETYPE: 1, WITH_HARFBUZZ: 1
[2022.07.17-12.31.59:639][  0]LogInit: Using OS detected language (en-US).
[2022.07.17-12.31.59:639][  0]LogInit: Using OS detected locale (en-US).
[2022.07.17-12.31.59:639][  0]LogTextLocalizationManager: No localization for 'en-US' exists, so 'en' will be used for the language.
[2022.07.17-12.31.59:639][  0]LogTextLocalizationManager: No localization for 'en-US' exists, so 'en' will be used for the locale.
[2022.07.17-12.31.59:639][  0]LogSlate: FontCache flush requested. Reason: Culture for localization was changed
[2022.07.17-12.31.59:639][  0]LogSlate: FontCache flush requested. Reason: Culture for localization was changed
[2022.07.17-12.31.59:641][  0]LogTextLocalizationManager: Compacting localization data took   0.00ms
[2022.07.17-12.31.59:641][  0]LogAssetRegistry: FAssetRegistry took 0.0013 seconds to start up
[2022.07.17-12.31.59:761][  0]LogPackageLocalizationCache: Processed 21 localized package path(s) for 1 prioritized culture(s) in 0.000626 seconds
[2022.07.17-12.31.59:806][  0]LogInit: Selected Device Profile: [Windows]
[2022.07.17-12.31.59:806][  0]LogInit: Active device profile: [000001DECEE92F00][000001DEC5491A80 49] Windows
[2022.07.17-12.31.59:806][  0]LogInit: Profiles: [000001DECEE92F00][000001DEC5491A80 49] Windows, [000001DECFE41300][000001DEC5499C00 49] WindowsNoEditor, [000001DECEE91300][000001DEC549C200 49] WindowsServer, [000001DECFE42500][000001DEC553A380 49] WindowsClient, [000001DECEE92400][000001DEC553E500 49] IOS, [000001DECFE43D00][000001DEC5542680 49] iPadAir, [000001DECEE92B00][000001DEC5546800 49] iPadAir2, [000001DECFDF2C00][000001DEC554EAC0 49] IPadPro, [000001DECFDF2D00][000001DEC554AB00 49] iPadAir3, [000001DECEE90700][000001DEC5552C80 49] iPadAir4, [000001DECFDF3500][000001DEC5556E00 49] iPadMini2, [000001DECEE91900][000001DEC555AF80 49] iPadMini3, [000001DECFDF0E00][000001DEC555F100 49] iPadMini4, [000001DECEE92100][000001DEC5563280 49] iPadMini5, [000001DECFE32500][000001DEC5495500 49] iPhone6, [000001DECFE32600][000001DEC5567540 49] iPodTouch6, [000001DECFDF2B00][000001DEC556F780 49] iPhone7, [000001DECFDF1E00][000001DEC556B7C0 49] iPodTouch7, [000001DECFE32D00][000001DEC5573900 49] iPhone5S, [000001DECFDF0900][000001DEC557BA80 49] iPhone6Plus, [000001DECFE30E00][000001DEC557FC00 49] iPhone6S, [000001DECFDF1300][000001DEC5582200 49] iPhone6SPlus, [000001DECFE33900][000001DEC5A32380 49] iPhone7Plus, [000001DECFDF3600][000001DEC5A36500 49] iPhoneSE, [000001DECFE30400][000001DEC5A3A680 49] iPhone8, [000001DECFDF3700][000001DEC5A3E800 49] iPhone8Plus, [000001DECFE33000][000001DEC5A42980 49] iPhoneX, [000001DECFDF0700][000001DEC5A46B00 49] iPhoneXS, [000001DECFE31800][000001DEC5A4AC80 49] iPhoneXSMax, [000001DECFDF3C00][000001DEC5A4EE00 49] iPhoneXR, [000001DECFE30200][000001DEC5A52F80 49] iPhone11, [000001DECFDF1100][000001DEC5A57100 49] iPhone11Pro, [000001DECFE33C00][000001DEC5A5B280 49] iPhone11ProMax, [000001DECFDF1A00][000001DEC5A5F400 49] iPhoneSE2, [000001DECFE32900][000001DEC5A63580 49] iPhone12Mini, [000001DECFDF3F00][000001DEC55776C0 49] iPhone12, [000001DECFE32400][000001DEC5A67800 49] iPhone12Pro, [000001DECFDF0300][000001DEC5A6B940 49] iPhone12ProMax, [000001DECFE32A00][000001DEC5A6FA80 49] iPadPro105, [000001DECFDF2200][000001DEC5A77C00 49] iPadPro129, [000001DECFE31200][000001DEC5A7A200 49] iPadPro97, [000001DECFDF1700][000001DEC5A7E380 49] iPadPro2_129, [000001DECFE30D00][000001DEC5A82500 49] iPad5, [000001DECFDF0100][000001DEC5A86680 49] iPad6, [000001DECFE33100][000001DEC5A8A800 49] iPad7, [000001DECFDF1B00][000001DEC5A8E980 49] iPad8, [000001DECFE30700][000001DEC5A92B00 49] iPadPro11, [000001DECFDF3100][000001DEC5A96C80 49] iPadPro2_11, [000001DECFE30900][000001DEC5A9AE00 49] iPadPro3_129, [000001DECFDF2400][000001DEC5A9EF80 49] iPadPro4_129, [000001DECFE32800][000001DEC5AA3100 49] AppleTV, [000001DECFDF0600][000001DEC5AA7280 49] AppleTV4K, [000001DECFE30C00][000001DEC5AAB400 49] TVOS, [000001DECFDF1C00][000001DEC5AAF580 49] Mac, [000001DECFE40500][000001DEC5AB3700 49] MacClient, [000001DECEEC9600][000001DEC5AB7880 49] MacNoEditor, [000001DECFE43000][000001DEC5A739C0 49] MacServer, [000001DECEEC9400][000001DEC5ABBB00 49] Linux, [000001DECFE40800][000001DEC906E0C0 49] LinuxAArch64, [000001DECEEC8300][000001DEC9076240 49] LinuxNoEditor, [000001DECFE41500][000001DEC907A3C0 49] LinuxAArch64NoEditor, [000001DECEEC9D00][000001DEC907E540 49] LinuxClient, [000001DECFE43700][000001DEC90826C0 49] LinuxAArch64Client, [000001DECEEC9500][000001DEC9086840 49] LinuxServer, [000001DECFE43E00][000001DEC908A9C0 49] LinuxAArch64Server, [000001DECEEC9C00][000001DEC908EB40 49] Android, [000001DECFE42F00][000001DEC9092CC0 49] Android_Low, [000001DECEEC9A00][000001DEC9096E40 49] Android_Mid, [000001DECFE41600][000001DEC909AFC0 49] Android_High, [000001DECEEC9100][000001DEC909F140 49] Android_Default, [000001DECFE41F00][000001DEC90A32C0 49] Android_Adreno4xx, [000001DECEEC9000][000001DEC90A7440 49] Android_Adreno5xx_Low, [000001DECFDF2600][000001DEC90AB5C0 49] Android_Adreno5xx, [000001DECFE31600][000001DEC90AF740 49] Android_Adreno6xx, [000001DECFDF2900][000001DEC90B38C0 49] Android_Adreno6xx_Vulkan, [000001DECFE31D00][000001DEC90B7A40 49] Android_Mali_T6xx, [000001DECFDF3D00][000001DEC9073B80 49] Android_Mali_T7xx, [000001DECFE30F00][000001DEC90BA140 49] Android_Mali_T8xx, [000001DECFDF2E00][000001DEC90BE280 49] Android_Mali_G71, [000001DECFE33500][000001DEC90C23C0 49] Android_Mali_G72, [000001DECFDF0B00][000001DEC90CA540 49] Android_Mali_G72_Vulkan, [000001DECFE33E00][000001DEC90CE6C0 49] Android_Mali_G76, [000001DECEEC9800][000001DEC90D2840 49] Android_Mali_G76_Vulkan, [000001DECFE32200][000001DEC90D69C0 49] Android_Mali_G77, [000001DECEEC8400][000001DEC90DAB40 49] Android_Mali_G77_Vulkan, [000001DECFE33A00][000001DEC90DECC0 49] Android_Mali_G78, [000001DECEEC8E00][000001DEC90E2E40 49] Android_Mali_G78_Vulkan, [000001DECFE31500][000001DEC90E6FC0 49] Android_Mali_G710, [000001DECEEC8900][000001DEC90EB140 49] Android_Mali_G710_Vulkan, [000001DECFE32000][000001DEC90EF2C0 49] Android_Vulkan_SM5, [000001DECEEC8100][000001DEC90F3440 49] Android_PowerVR_G6xxx, [000001DECFE30300][000001DEC90F75C0 49] Android_PowerVR_GT7xxx, [000001DECEEC9200][000001DEC90FB740 49] Android_PowerVR_GE8xxx, [000001DECFE32B00][000001DEC90FF8C0 49] Android_PowerVR_GM9xxx, [000001DECFDF3900][000001DEC9103A40 49] Android_PowerVR_GM9xxx_Vulkan, [000001DECFE32300][000001DEC9107BC0 49] Android_TegraK1, [000001DECFDF1900][000001DEC90C6180 49] Android_Unknown_Vulkan, [000001DECFE30100][000001DEC910A2C0 49] Lumin, [000001DECFDF2100][000001DEC910E400 49] Lumin_Desktop, [000001DECFE33400][000001DEC9112540 49] HoloLens, 
[2022.07.17-12.31.59:887][  0]LogMeshReduction: Using QuadricMeshReduction for automatic static mesh reduction
[2022.07.17-12.31.59:887][  0]LogMeshReduction: Using SimplygonMeshReduction for automatic skeletal mesh reduction
[2022.07.17-12.31.59:887][  0]LogMeshReduction: Using ProxyLODMeshReduction for automatic mesh merging
[2022.07.17-12.31.59:887][  0]LogMeshReduction: No distributed automatic mesh merging module available
[2022.07.17-12.31.59:887][  0]LogMeshMerging: No distributed automatic mesh merging module available
[2022.07.17-12.31.59:919][  0]LogNetVersion: Builder 1.0.0, NetCL: 17155196, EngineNetVer: 17, GameNetVer: 0 (Checksum: 3939801358)
[2022.07.17-12.32.00:075][  0]LogTexture: Default maximum texture size for cubemaps generated from long-lat sources has been changed from 512 to unlimited. In order to preserve old behaiour for '/Engine/MapTemplates/Sky/DaylightAmbientCubemap.DaylightAmbientCubemap', its maximum texture size has been explicitly set to 512.
[2022.07.17-12.32.00:176][  0]LogMoviePlayer: Initializing movie player
[2022.07.17-12.32.00:261][  0]LogNiagaraDebuggerClient: Niagara Debugger Client Initialized | Session: 3D23DA97446D558FAA263194750AEF43 | Instance: 018F05AD46FBDFDBC7C767B6D982B0B9 (DESKTOP-M1QV7NL-26080).
[2022.07.17-12.32.00:274][  0]LogCollectionManager: Loaded 0 collections in 0.000630 seconds
[2022.07.17-12.32.00:276][  0]LogFileCache: Scanning file cache for directory 'C:/Users/matej/Documents/GitHub/Game-Jam-2022/Saved/Collections/' took 0.00s
[2022.07.17-12.32.00:276][  0]LogFileCache: Scanning file cache for directory 'C:/Users/matej/Documents/GitHub/Game-Jam-2022/Content/Developers/matej/Collections/' took 0.00s
[2022.07.17-12.32.00:276][  0]LogFileCache: Scanning file cache for directory 'C:/Users/matej/Documents/GitHub/Game-Jam-2022/Content/Collections/' took 0.00s
[2022.07.17-12.32.00:276][  0]LogCollectionManager: Fixed up redirectors for 0 collections in 0.000002 seconds (updated 0 objects)
[2022.07.17-12.32.00:287][  0]LogPython: Using Python 3.7.7
[2022.07.17-12.32.00:644][  0]LogTcpMessaging: Initializing TcpMessaging bridge
[2022.07.17-12.32.00:647][  0]LogUdpMessaging: Initializing bridge on interface 0.0.0.0:0 to multicast group 230.0.0.1:6666.
[2022.07.17-12.32.00:680][  0]SourceControl: Source control is disabled
[2022.07.17-12.32.00:680][  0]SourceControl: Source control is disabled
[2022.07.17-12.32.00:682][  0]SourceControl: Source control is disabled
[2022.07.17-12.32.00:687][  0]LogUProjectInfo: Found projects:
[2022.07.17-12.32.00:688][  0]LogVSAccessor: Display: Unable to create Visual Studio setup instance: 80040154
[2022.07.17-12.32.00:689][  0]LogVSAccessor: Display: Unable to create Visual Studio setup instance: 80040154
[2022.07.17-12.32.00:689][  0]LogVSAccessor: Display: Unable to create Visual Studio setup instance: 80040154
[2022.07.17-12.32.00:735][  0]LogOpenImageDenoise: OIDN starting up
[2022.07.17-12.32.00:755][  0]LogAndroidPermission: UAndroidPermissionCallbackProxy::GetInstance
[2022.07.17-12.32.00:765][  0]LogAudioCaptureCore: Display: No Audio Capture implementations found. Audio input will be silent.
[2022.07.17-12.32.00:765][  0]LogAudioCaptureCore: Display: No Audio Capture implementations found. Audio input will be silent.
[2022.07.17-12.32.00:810][  0]LogUObjectArray: 21417 objects as part of root set at end of initial load.
[2022.07.17-12.32.00:810][  0]LogUObjectAllocator: 5754288 out of 0 bytes used by permanent object pool.
[2022.07.17-12.32.00:810][  0]LogUObjectArray: CloseDisregardForGC: 0/0 objects in disregard for GC pool
[2022.07.17-12.32.00:843][  0]LogEngine: Initializing Engine...
[2022.07.17-12.32.00:844][  0]LogMagicLeap: Warning: VR disabled because ZI is not enabled.  To enable, in the editor, Edit -> Project Settings -> Plugins -> Magic Leap Plugin -> Enable Zero Iteration
[2022.07.17-12.32.00:845][  0]LogStats: UGameplayTagsManager::InitializeManager -  0.000 s
[2022.07.17-12.32.00:905][  0]LogInit: Initializing FReadOnlyCVARCache
[2022.07.17-12.32.00:905][  0]LogAudio: Display: Initializing Audio Device Manager...
[2022.07.17-12.32.00:909][  0]LogAudio: Display: Loading Default Audio Settings Objects...
[2022.07.17-12.32.00:909][  0]LogAudio: Display: No default SoundConcurrencyObject specified (or failed to load).
[2022.07.17-12.32.00:909][  0]LogAudio: Display: Audio Device Manager Initialized
[2022.07.17-12.32.00:909][  0]LogAudio: Display: Creating Audio Device:                 Id: 1, Scope: Shared, Realtime: True
[2022.07.17-12.32.00:910][  0]LogAudioMixer: Display: Audio Mixer Platform Settings:
[2022.07.17-12.32.00:910][  0]LogAudioMixer: Display: 	Sample Rate:						  48000
[2022.07.17-12.32.00:910][  0]LogAudioMixer: Display: 	Callback Buffer Frame Size Requested: 1024
[2022.07.17-12.32.00:910][  0]LogAudioMixer: Display: 	Callback Buffer Frame Size To Use:	  1024
[2022.07.17-12.32.00:910][  0]LogAudioMixer: Display: 	Number of buffers to queue:			  2
[2022.07.17-12.32.00:910][  0]LogAudioMixer: Display: 	Max Channels (voices):				  32
[2022.07.17-12.32.00:910][  0]LogAudioMixer: Display: 	Number of Async Source Workers:		  0
[2022.07.17-12.32.00:910][  0]LogAudio: Display: AudioDevice MaxSources: 32
[2022.07.17-12.32.00:910][  0]LogAudio: Display: Audio Spatialization Plugin: None (built-in).
[2022.07.17-12.32.00:910][  0]LogAudio: Display: Audio Reverb Plugin: None (built-in).
[2022.07.17-12.32.00:910][  0]LogAudio: Display: Audio Occlusion Plugin: None (built-in).
[2022.07.17-12.32.00:910][  0]LogAudioMixer: Display: Initializing audio mixer.
[2022.07.17-12.32.00:920][  0]LogAudioMixer: Display: 0: FrontLeft
[2022.07.17-12.32.00:920][  0]LogAudioMixer: Display: 1: FrontRight
[2022.07.17-12.32.00:969][  0]LogAudioMixer: Display: Using Audio Device Speakers (Realtek(R) Audio)
[2022.07.17-12.32.00:973][  0]LogAudioMixer: Display: Initializing Sound Submixes...
[2022.07.17-12.32.00:974][  0]LogAudioMixer: Display: Creating Master Submix 'MasterSubmixDefault'
[2022.07.17-12.32.00:974][  0]LogAudioMixer: Display: Creating Master Submix 'MasterReverbSubmixDefault'
[2022.07.17-12.32.00:975][  0]LogAudioMixer: Display: Creating Master Submix 'MasterEQSubmixDefault'
[2022.07.17-12.32.00:975][  0]LogAudioMixer: FMixerPlatformXAudio2::StartAudioStream() called
[2022.07.17-12.32.00:975][  0]LogAudioMixer: Display: Output buffers initialized: Frames=1024, Channels=2, Samples=2048
[2022.07.17-12.32.00:975][  0]LogAudioMixer: Display: Starting AudioMixerPlatformInterface::RunInternal()
[2022.07.17-12.32.00:975][  0]LogAudioMixer: Display: FMixerPlatformXAudio2::SubmitBuffer() called for the first time
[2022.07.17-12.32.00:975][  0]LogInit: FAudioDevice initialized.
[2022.07.17-12.32.00:976][  0]LogNetVersion: Set ProjectVersion to 1.0.0.0. Version Checksum will be recalculated on next use.
[2022.07.17-12.32.00:977][  0]LogInit: Texture streaming: Enabled
[2022.07.17-12.32.01:084][  0]LogAudio: Display: Audio Device (ID: 1) registered with world 'Untitled'.
[2022.07.17-12.32.01:084][  0]LogSlate: Updating window title bar state: overlay mode, drag disabled, window buttons hidden, title bar hidden
[2022.07.17-12.32.01:085][  0]LogInit: Display: Game Engine Initialized.
[2022.07.17-12.32.01:085][  0]LogNiagaraEditor: GEditor isn't valid! Particle reset commands will not work for Niagara components!
[2022.07.17-12.32.01:102][  0]LogInit: Display: Starting Game.
[2022.07.17-12.32.01:102][  0]LogNet: Browse: /Game/Maps/MainMenu?Name=Player
[2022.07.17-12.32.01:102][  0]LogLoad: LoadMap: /Game/Maps/MainMenu?Name=Player
[2022.07.17-12.32.01:102][  0]LogWorld: BeginTearingDown for /Temp/Untitled_0
[2022.07.17-12.32.01:103][  0]LogWorld: UWorld::CleanupWorld for Untitled, bSessionEnded=true, bCleanupResources=true
[2022.07.17-12.32.01:103][  0]LogSlate: InvalidateAllWidgets triggered.  All widgets were invalidated
[2022.07.17-12.32.01:107][  0]LogAudio: Display: Audio Device unregistered from world 'None'.
[2022.07.17-12.32.01:109][  0]LogUObjectHash: Compacting FUObjectHashTables data took   0.63ms
[2022.07.17-12.32.01:125][  0]LogAudio: Display: Audio Device (ID: 1) registered with world 'MainMenu'.
[2022.07.17-12.32.01:129][  0]LogAIModule: Creating AISystem for world MainMenu
[2022.07.17-12.32.01:146][  0]LogLoad: Game class is 'CB_GameModeBase_C'
[2022.07.17-12.32.01:146][  0]LogWorld: Bringing World /Game/Maps/MainMenu.MainMenu up for play (max tick rate 0) at 2022.07.17-14.32.01
[2022.07.17-12.32.01:146][  0]LogWorld: Bringing up level for play took: 0.000328
[2022.07.17-12.32.01:147][  0]LogGameMode: FindPlayerStart: PATHS NOT DEFINED or NO PLAYERSTART with positive rating
[2022.07.17-12.32.01:148][  0]LogLoad: Took 0.045614 seconds to LoadMap(/Game/Maps/MainMenu)
[2022.07.17-12.32.01:282][  0]LogSlate: Took 0.000129 seconds to synchronously load lazily loaded font '../../../Engine/Content/Slate/Fonts/Roboto-Regular.ttf' (155K)
[2022.07.17-12.32.01:348][  0]LogRenderer: Reallocating scene render targets to support 1280x720 Format 10 NumSamples 1 (Frame:1).
[2022.07.17-12.32.01:348][  0]LogInit: Display: Engine is initialized. Leaving FEngineLoop::Init()
[2022.07.17-12.32.01:348][  0]LogLoad: (Engine Initialization) Total time: 3.83 seconds
[2022.07.17-12.32.01:348][  0]LogLoad: (Engine Initialization) Total Blueprint compile time: 0.00 seconds
[2022.07.17-12.32.01:350][  0]LogContentStreaming: Texture pool size now 1000 MB
[2022.07.17-12.32.01:353][  0]LogSlate: InvalidateAllWidgets triggered.  All widgets were invalidated
[2022.07.17-12.32.01:366][  1]LogSlate: Took 0.000109 seconds to synchronously load lazily loaded font '../../../Engine/Content/Slate/Fonts/Roboto-Regular.ttf' (155K)
[2022.07.17-12.32.06:026][675]r.SetRes = "720x480"
[2022.07.17-12.32.06:203][676]LogRenderer: Reallocating scene render targets to support 720x480 Format 10 NumSamples 1 (Frame:2677).
[2022.07.17-12.32.07:188][397]r.SetRes = "1280x720"
[2022.07.17-12.32.07:376][398]LogRenderer: Reallocating scene render targets to support 1280x720 Format 10 NumSamples 1 (Frame:3400).
[2022.07.17-12.32.08:031][779]r.SetRes = "1920x1080"
[2022.07.17-12.32.08:212][780]LogRenderer: Reallocating scene render targets to support 1920x1080 Format 10 NumSamples 1 (Frame:3783).
[2022.07.17-12.32.09:087][ 58]r.SetRes = "1280x720"
[2022.07.17-12.32.09:259][ 61]LogRenderer: Reallocating scene render targets to support 1280x720 Format 10 NumSamples 1 (Frame:4065).
[2022.07.17-12.32.09:868][406]r.SetRes = "720x480"
[2022.07.17-12.32.10:049][407]LogRenderer: Reallocating scene render targets to support 720x480 Format 10 NumSamples 1 (Frame:4412).
[2022.07.17-12.32.10:533][756]r.SetRes = "1280x720"
[2022.07.17-12.32.10:715][757]LogRenderer: Reallocating scene render targets to support 1280x720 Format 10 NumSamples 1 (Frame:4763).
[2022.07.17-12.32.11:239][ 59]r.SetRes = "1920x1080"
[2022.07.17-12.32.11:412][ 60]LogRenderer: Reallocating scene render targets to support 1920x1080 Format 10 NumSamples 1 (Frame:5067).
[2022.07.17-12.32.13:044][589]r.SetRes = "1280x720"
[2022.07.17-12.32.13:241][592]LogRenderer: Reallocating scene render targets to support 1280x720 Format 10 NumSamples 1 (Frame:5600).
[2022.07.17-12.32.13:932][983]r.SetRes = "720x480"
[2022.07.17-12.32.14:117][984]LogRenderer: Reallocating scene render targets to support 720x480 Format 10 NumSamples 1 (Frame:5993).
[2022.07.17-12.32.14:624][351]r.SetRes = "1280x720"
[2022.07.17-12.32.14:800][352]LogRenderer: Reallocating scene render targets to support 1280x720 Format 10 NumSamples 1 (Frame:6362).
[2022.07.17-12.32.15:338][660]r.SetRes = "1920x1080"
[2022.07.17-12.32.15:521][661]LogRenderer: Reallocating scene render targets to support 1920x1080 Format 10 NumSamples 1 (Frame:6672).
[2022.07.17-12.32.16:076][832]r.SetRes = "720x480"
[2022.07.17-12.32.16:268][833]LogRenderer: Reallocating scene render targets to support 720x480 Format 10 NumSamples 1 (Frame:6845).
[2022.07.17-12.32.17:330][599]r.SetRes = "1280x720"
[2022.07.17-12.32.17:497][600]LogRenderer: Reallocating scene render targets to support 1280x720 Format 10 NumSamples 1 (Frame:7613).
[2022.07.17-12.32.44:574][ 89]r.SetRes = "1920x1080"
[2022.07.17-12.32.44:755][ 90]LogRenderer: Reallocating scene render targets to support 1920x1080 Format 10 NumSamples 1 (Frame:21104).
[2022.07.17-12.32.45:900][457]r.SetRes = "1280x720"
[2022.07.17-12.32.46:079][460]LogRenderer: Reallocating scene render targets to support 1280x720 Format 10 NumSamples 1 (Frame:21475).
[2022.07.17-12.32.46:658][786]r.SetRes = "720x480"
[2022.07.17-12.32.46:859][787]LogRenderer: Reallocating scene render targets to support 720x480 Format 10 NumSamples 1 (Frame:21803).
[2022.07.17-12.32.50:813][975]r.SetRes = "1280x720"
[2022.07.17-12.32.51:024][976]LogRenderer: Reallocating scene render targets to support 1280x720 Format 10 NumSamples 1 (Frame:22993).
[2022.07.17-12.32.51:675][315]r.SetRes = "1920x1080"
[2022.07.17-12.32.51:866][316]LogRenderer: Reallocating scene render targets to support 1920x1080 Format 10 NumSamples 1 (Frame:23334).
[2022.07.17-12.32.52:476][491]r.SetRes = "720x480"
[2022.07.17-12.32.52:691][492]LogRenderer: Reallocating scene render targets to support 720x480 Format 10 NumSamples 1 (Frame:23511).
[2022.07.17-12.32.53:466][883]r.SetRes = "1280x720"
[2022.07.17-12.32.53:659][884]LogRenderer: Reallocating scene render targets to support 1280x720 Format 10 NumSamples 1 (Frame:23904).
[2022.07.17-12.32.57:953][590]LogSlate: Window 'Builder (64-bit Development PCD3D_SM5) ' being destroyed
[2022.07.17-12.32.57:988][590]LogWindowsTextInputMethodSystem: Display: IME system deactivated.
[2022.07.17-12.32.58:001][590]LogSlate: Updating window title bar state: overlay mode, drag disabled, window buttons hidden, title bar hidden
[2022.07.17-12.32.58:001][590]LogEngine: All Windows Closed
[2022.07.17-12.32.58:001][590]LogWindows: FPlatformMisc::RequestExit(0)
[2022.07.17-12.32.58:001][590]LogWindows: FPlatformMisc::RequestExitWithStatus(0, 0)
[2022.07.17-12.32.58:001][590]LogCore: Engine exit requested (reason: Win RequestExit)
[2022.07.17-12.32.58:001][591]LogCore: Engine exit requested (reason: EngineExit() was called; note: exit was already requested)
[2022.07.17-12.32.58:001][591]LogInit: Display: PreExit Game.
[2022.07.17-12.32.58:002][591]LogWorld: BeginTearingDown for /Game/Maps/MainMenu
[2022.07.17-12.32.58:002][591]LogWorld: UWorld::CleanupWorld for MainMenu, bSessionEnded=true, bCleanupResources=true
[2022.07.17-12.32.58:002][591]LogSlate: InvalidateAllWidgets triggered.  All widgets were invalidated
[2022.07.17-12.32.58:880][591]LogAudio: Display: Beginning Audio Device Manager Shutdown (Module: AudioMixerXAudio2)...
[2022.07.17-12.32.58:880][591]LogAudio: Display: Destroying 1 Remaining Audio Device(s)...
[2022.07.17-12.32.58:880][591]LogAudio: Display: Audio Device unregistered from world 'MainMenu'.
[2022.07.17-12.32.58:923][591]LogAudioMixer: FMixerPlatformXAudio2::StopAudioStream() called
[2022.07.17-12.32.58:923][591]LogAudioMixer: FMixerPlatformXAudio2::StopAudioStream() called
[2022.07.17-12.32.58:928][591]LogAudio: Display: Audio Device Manager Shutdown
[2022.07.17-12.32.58:930][591]LogExit: Preparing to exit.
[2022.07.17-12.32.59:692][591]LogSlate: Updating window title bar state: overlay mode, drag disabled, window buttons hidden, title bar hidden
[2022.07.17-12.32.59:693][591]LogUObjectHash: Compacting FUObjectHashTables data took   0.79ms
[2022.07.17-12.32.59:719][591]LogMoviePlayer: Shutting down movie player
[2022.07.17-12.32.59:860][591]LogDemo: Cleaned up 0 splitscreen connections with owner deletion
[2022.07.17-12.32.59:861][591]LogExit: Game engine shut down
[2022.07.17-12.32.59:898][591]LogExit: Object subsystem successfully closed.
[2022.07.17-12.32.59:906][591]LogShaderCompilers: Display: === FShaderJobCache stats ===
[2022.07.17-12.32.59:906][591]LogShaderCompilers: Display: Total job queries 0, among them cache hits 0 (0.00%)
[2022.07.17-12.32.59:906][591]LogShaderCompilers: Display: Tracking 0 distinct input hashes that result in 0 distinct outputs (0.00%)
[2022.07.17-12.32.59:906][591]LogShaderCompilers: Display: RAM used: 0.00 MB (0.00 GB) of 1638.40 MB (1.60 GB) budget. Usage: 0.00%
[2022.07.17-12.32.59:906][591]LogShaderCompilers: Display: ================================================
[2022.07.17-12.32.59:911][591]LogShaderCompilers: Display: Shaders left to compile 0
[2022.07.17-12.32.59:917][591]LogModuleManager: Shutting down and abandoning module SequenceRecorderSections (512)
[2022.07.17-12.32.59:917][591]LogModuleManager: Shutting down and abandoning module SequenceRecorder (510)
[2022.07.17-12.32.59:917][591]LogModuleManager: Shutting down and abandoning module AutomationController (508)
[2022.07.17-12.32.59:917][591]LogModuleManager: Shutting down and abandoning module AutomationWorker (506)
[2022.07.17-12.32.59:917][591]LogModuleManager: Shutting down and abandoning module Voice (504)
[2022.07.17-12.32.59:917][591]LogModuleManager: Shutting down and abandoning module AIModule (502)
[2022.07.17-12.32.59:917][591]LogModuleManager: Shutting down and abandoning module GameplayDebugger (501)
[2022.07.17-12.32.59:917][591]LogModuleManager: Shutting down and abandoning module AITestSuite (499)
[2022.07.17-12.32.59:917][591]LogModuleManager: Shutting down and abandoning module NavigationSystem (497)
[2022.07.17-12.32.59:917][591]LogModuleManager: Shutting down and abandoning module MagicLeapMediaCodecFactory (494)
[2022.07.17-12.32.59:917][591]LogModuleManager: Shutting down and abandoning module MagicLeapMediaFactory (492)
[2022.07.17-12.32.59:917][591]LogModuleManager: Shutting down and abandoning module WmfMediaFactory (490)
[2022.07.17-12.32.59:917][591]LogModuleManager: Shutting down and abandoning module WebMMediaFactory (488)
[2022.07.17-12.32.59:917][591]LogModuleManager: Shutting down and abandoning module WebMMedia (486)
[2022.07.17-12.32.59:917][591]LogModuleManager: Shutting down and abandoning module OpenExrWrapper (484)
[2022.07.17-12.32.59:917][591]LogModuleManager: Shutting down and abandoning module ImgMediaFactory (482)
[2022.07.17-12.32.59:917][591]LogModuleManager: Shutting down and abandoning module AvfMediaFactory (480)
[2022.07.17-12.32.59:917][591]LogModuleManager: Shutting down and abandoning module PlanarCut (478)
[2022.07.17-12.32.59:917][591]LogModuleManager: Shutting down and abandoning module CharacterAI (476)
[2022.07.17-12.32.59:917][591]LogModuleManager: Shutting down and abandoning module SessionServices (474)
[2022.07.17-12.32.59:917][591]LogModuleManager: Shutting down and abandoning module MovieSceneCapture (472)
[2022.07.17-12.32.59:917][591]LogModuleManager: Shutting down and abandoning module LiveCoding (470)
[2022.07.17-12.32.59:917][591]LogModuleManager: Shutting down and abandoning module LevelSequence (468)
[2022.07.17-12.32.59:917][591]LogModuleManager: Shutting down and abandoning module MovieSceneTracks (466)
[2022.07.17-12.32.59:917][591]LogModuleManager: Shutting down and abandoning module MovieScene (464)
[2022.07.17-12.32.59:917][591]LogModuleManager: Shutting down and abandoning module StreamingPauseRendering (462)
[2022.07.17-12.32.59:917][591]LogModuleManager: Shutting down and abandoning module PortalServices (460)
[2022.07.17-12.32.59:917][591]LogModuleManager: Shutting down and abandoning module PortalRpc (458)
[2022.07.17-12.32.59:917][591]LogModuleManager: Shutting down and abandoning module MessagingRpc (456)
[2022.07.17-12.32.59:917][591]LogModuleManager: Shutting down and abandoning module AudioMixerXAudio2 (454)
[2022.07.17-12.32.59:917][591]LogModuleManager: Shutting down and abandoning module AudioMixerCore (453)
[2022.07.17-12.32.59:917][591]LogModuleManager: Shutting down and abandoning module ImageWriteQueue (450)
[2022.07.17-12.32.59:919][591]LogModuleManager: Shutting down and abandoning module ProfilerService (448)
[2022.07.17-12.33.00:157][591]LogModuleManager: Shutting down and abandoning module TaskGraph (446)
[2022.07.17-12.33.00:157][591]LogModuleManager: Shutting down and abandoning module Synthesis (444)
[2022.07.17-12.33.00:157][591]LogModuleManager: Shutting down and abandoning module ProceduralMeshComponent (442)
[2022.07.17-12.33.00:157][591]LogModuleManager: Shutting down and abandoning module MobilePatchingUtils (440)
[2022.07.17-12.33.00:157][591]LogModuleManager: Shutting down and abandoning module GooglePAD (438)
[2022.07.17-12.33.00:157][591]LogModuleManager: Shutting down and abandoning module EditableMesh (436)
[2022.07.17-12.33.00:157][591]LogModuleManager: Shutting down and abandoning module CustomMeshComponent (434)
[2022.07.17-12.33.00:157][591]LogModuleManager: Shutting down and abandoning module CableComponent (432)
[2022.07.17-12.33.00:157][591]LogModuleManager: Shutting down and abandoning module AssetTags (430)
[2022.07.17-12.33.00:157][591]LogModuleManager: Shutting down and abandoning module AudioCapture (428)
[2022.07.17-12.33.00:157][591]LogModuleManager: Shutting down and abandoning module AudioCaptureRtAudio (427)
[2022.07.17-12.33.00:157][591]LogModuleManager: Shutting down and abandoning module ArchVisCharacter (424)
[2022.07.17-12.33.00:157][591]LogModuleManager: Shutting down and abandoning module AppleImageUtilsBlueprintSupport (422)
[2022.07.17-12.33.00:158][591]LogModuleManager: Shutting down and abandoning module AppleImageUtils (420)
[2022.07.17-12.33.00:158][591]LogModuleManager: Shutting down and abandoning module AndroidPermission (418)
[2022.07.17-12.33.00:158][591]LogModuleManager: Shutting down and abandoning module ActorLayerUtilities (416)
[2022.07.17-12.33.00:158][591]LogModuleManager: Shutting down and abandoning module TemplateSequence (414)
[2022.07.17-12.33.00:158][591]LogModuleManager: Shutting down and abandoning module MagicLeapSharedWorld (412)
[2022.07.17-12.33.00:158][591]LogModuleManager: Shutting down and abandoning module MagicLeapLightEstimation (410)
[2022.07.17-12.33.00:158][591]LogModuleManager: Shutting down and abandoning module MagicLeapHelperVulkan (408)
[2022.07.17-12.33.00:158][591]LogModuleManager: Shutting down and abandoning module MagicLeapHelperOpenGL (406)
[2022.07.17-12.33.00:158][591]LogModuleManager: Shutting down and abandoning module MagicLeapAudio (404)
[2022.07.17-12.33.00:158][591]LogModuleManager: Shutting down and abandoning module MediaCompositing (402)
[2022.07.17-12.33.00:158][591]LogModuleManager: Shutting down and abandoning module ImgMedia (400)
[2022.07.17-12.33.00:158][591]LogModuleManager: Shutting down and abandoning module OpenImageDenoise (398)
[2022.07.17-12.33.00:158][591]LogOpenImageDenoise: OIDN shutting down
[2022.07.17-12.33.00:158][591]LogModuleManager: Shutting down and abandoning module MotoSynth (396)
[2022.07.17-12.33.00:158][591]LogModuleManager: Shutting down and abandoning module MeshConversion (394)
[2022.07.17-12.33.00:158][591]LogModuleManager: Shutting down and abandoning module DynamicMesh (392)
[2022.07.17-12.33.00:158][591]LogModuleManager: Shutting down and abandoning module GeometryAlgorithms (390)
[2022.07.17-12.33.00:158][591]LogModuleManager: Shutting down and abandoning module GeometricObjects (388)
[2022.07.17-12.33.00:158][591]LogModuleManager: Shutting down and abandoning module GeometryCollectionTracks (386)
[2022.07.17-12.33.00:158][591]LogModuleManager: Shutting down and abandoning module GeometryCollectionSequencer (385)
[2022.07.17-12.33.00:158][591]LogModuleManager: Shutting down and abandoning module GeometryCacheTracks (382)
[2022.07.17-12.33.00:158][591]LogModuleManager: Shutting down and abandoning module GeometryCacheSequencer (381)
[2022.07.17-12.33.00:158][591]LogModuleManager: Shutting down and abandoning module GeometryCache (378)
[2022.07.17-12.33.00:158][591]LogModuleManager: Shutting down and abandoning module GeometryCacheEd (377)
[2022.07.17-12.33.00:158][591]LogModuleManager: Shutting down and abandoning module OodleNetworkHandlerComponent (374)
[2022.07.17-12.33.00:158][591]LogModuleManager: Shutting down and abandoning module ChaosNiagara (372)
[2022.07.17-12.33.00:158][591]LogModuleManager: Shutting down and abandoning module FieldSystemEngine (371)
[2022.07.17-12.33.00:158][591]LogModuleManager: Shutting down and abandoning module BackChannel (368)
[2022.07.17-12.33.00:158][591]LogModuleManager: Shutting down and abandoning module AutomationUtils (366)
[2022.07.17-12.33.00:158][591]LogModuleManager: Shutting down and abandoning module VisualStudioCodeSourceCodeAccess (364)
[2022.07.17-12.33.00:158][591]LogModuleManager: Shutting down and abandoning module VisualStudioSourceCodeAccess (362)
[2022.07.17-12.33.00:158][591]LogModuleManager: Shutting down and abandoning module HotReload (361)
[2022.07.17-12.33.00:158][591]LogModuleManager: Shutting down and abandoning module UObjectPlugin (358)
[2022.07.17-12.33.00:158][591]LogModuleManager: Shutting down and abandoning module SubversionSourceControl (356)
[2022.07.17-12.33.00:158][591]LogModuleManager: Shutting down and abandoning module PerforceSourceControl (354)
[2022.07.17-12.33.00:158][591]LogModuleManager: Shutting down and abandoning module SourceControl (353)
[2022.07.17-12.33.00:158][591]LogModuleManager: Shutting down and abandoning module CLionSourceCodeAccess (350)
[2022.07.17-12.33.00:158][591]LogModuleManager: Shutting down and abandoning module GameplayTagsEditor (348)
[2022.07.17-12.33.00:158][591]LogModuleManager: Shutting down and abandoning module FacialAnimation (346)
[2022.07.17-12.33.00:158][591]LogModuleManager: Shutting down and abandoning module SoundFields (344)
[2022.07.17-12.33.00:158][591]LogModuleManager: Shutting down and abandoning module SignificanceManager (342)
[2022.07.17-12.33.00:158][591]LogModuleManager: Shutting down and abandoning module RuntimePhysXCooking (340)
[2022.07.17-12.33.00:158][591]LogModuleManager: Shutting down and abandoning module PropertyAccessEditor (338)
[2022.07.17-12.33.00:158][591]LogModuleManager: Shutting down and abandoning module PhysXVehiclesEditor (336)
[2022.07.17-12.33.00:158][591]LogModuleManager: Shutting down and abandoning module LocationServicesBPLibrary (332)
[2022.07.17-12.33.00:158][591]LogModuleManager: Shutting down and abandoning module AudioSynesthesia (330)
[2022.07.17-12.33.00:158][591]LogModuleManager: Shutting down and abandoning module AudioSynesthesiaCore (328)
[2022.07.17-12.33.00:158][591]LogModuleManager: Shutting down and abandoning module ActorSequence (326)
[2022.07.17-12.33.00:158][591]LogModuleManager: Shutting down and abandoning module UdpMessaging (324)
[2022.07.17-12.33.00:260][591]LogModuleManager: Shutting down and abandoning module TcpMessaging (322)
[2022.07.17-12.33.00:683][591]LogModuleManager: Shutting down and abandoning module MagicLeapARPin (320)
[2022.07.17-12.33.00:683][591]LogModuleManager: Shutting down and abandoning module MagicLeapHandMeshing (318)
[2022.07.17-12.33.00:683][591]LogModuleManager: Shutting down and abandoning module MagicLeapSecureStorage (316)
[2022.07.17-12.33.00:683][591]LogModuleManager: Shutting down and abandoning module MagicLeapPrivileges (314)
[2022.07.17-12.33.00:683][591]LogModuleManager: Shutting down and abandoning module MagicLeapPlanes (312)
[2022.07.17-12.33.00:683][591]LogMagicLeapPlanes: Planes tracker already destroyed.
[2022.07.17-12.33.00:683][591]LogModuleManager: Shutting down and abandoning module MagicLeapImageTracker (310)
[2022.07.17-12.33.00:683][591]LogModuleManager: Shutting down and abandoning module MagicLeapIdentity (308)
[2022.07.17-12.33.00:683][591]LogModuleManager: Shutting down and abandoning module MagicLeapHandTracking (306)
[2022.07.17-12.33.00:683][591]LogModuleManager: Shutting down and abandoning module MagicLeapEyeTracker (304)
[2022.07.17-12.33.00:683][591]LogModuleManager: Shutting down and abandoning module MagicLeapController (302)
[2022.07.17-12.33.00:683][591]LogSlate: Slate User Destroyed.  User Index 0, Is Virtual User: 0
[2022.07.17-12.33.00:683][591]LogModuleManager: Shutting down and abandoning module MagicLeapARPinImpl (300)
[2022.07.17-12.33.00:683][591]LogModuleManager: Shutting down and abandoning module MagicLeapAR (298)
[2022.07.17-12.33.00:683][591]LogModuleManager: Shutting down and abandoning module AugmentedReality (297)
[2022.07.17-12.33.00:684][591]LogModuleManager: Shutting down and abandoning module ImgMediaEngine (294)
[2022.07.17-12.33.00:684][591]LogModuleManager: Shutting down and abandoning module PythonScriptPlugin (292)
[2022.07.17-12.33.00:684][591]LogModuleManager: Shutting down and abandoning module NiagaraAnimNotifies (290)
[2022.07.17-12.33.00:684][591]LogModuleManager: Shutting down and abandoning module Niagara (288)
[2022.07.17-12.33.00:684][591]LogModuleManager: Shutting down and abandoning module SignalProcessing (287)
[2022.07.17-12.33.00:684][591]LogModuleManager: Shutting down and abandoning module NiagaraEditor (285)
[2022.07.17-12.33.00:684][591]LogModuleManager: Shutting down and abandoning module ContentBrowser (284)
[2022.07.17-12.33.00:684][591]LogModuleManager: Shutting down and abandoning module CollectionManager (283)
[2022.07.17-12.33.00:684][591]LogModuleManager: Shutting down and abandoning module DirectoryWatcher (282)
[2022.07.17-12.33.00:684][591]LogModuleManager: Shutting down and abandoning module ContentBrowserData (279)
[2022.07.17-12.33.00:684][591]LogModuleManager: Shutting down and abandoning module NiagaraCore (274)
[2022.07.17-12.33.00:684][591]LogModuleManager: Shutting down and abandoning module AssetManagerEditor (272)
[2022.07.17-12.33.00:684][591]LogModuleManager: Shutting down and abandoning module TreeMap (271)
[2022.07.17-12.33.00:684][591]LogModuleManager: Shutting down and abandoning module PropertyAccessNode (268)
[2022.07.17-12.33.00:684][591]LogModuleManager: Shutting down and abandoning module AnimationSharing (266)
[2022.07.17-12.33.00:684][591]LogModuleManager: Shutting down and abandoning module GameplayCameras (264)
[2022.07.17-12.33.00:684][591]LogModuleManager: Shutting down and abandoning module EnvironmentQueryEditor (262)
[2022.07.17-12.33.00:684][591]LogModuleManager: Shutting down and abandoning module LightPropagationVolumeRuntime (260)
[2022.07.17-12.33.00:684][591]LogModuleManager: Shutting down and abandoning module Paper2D (258)
[2022.07.17-12.33.00:684][591]LogModuleManager: Shutting down and abandoning module WindowsMoviePlayer (256)
[2022.07.17-12.33.00:685][591]LogModuleManager: Shutting down and abandoning module WebMMoviePlayer (254)
[2022.07.17-12.33.00:685][591]LogModuleManager: Shutting down and abandoning module NetworkReplayStreaming (252)
[2022.07.17-12.33.00:685][591]LogModuleManager: Shutting down and abandoning module PacketHandler (250)
[2022.07.17-12.33.00:685][591]LogModuleManager: Shutting down and abandoning module ClothingSystemEditor (248)
[2022.07.17-12.33.00:685][591]LogModuleManager: Shutting down and abandoning module ClothingSystemRuntimeNv (246)
[2022.07.17-12.33.00:685][591]LogModuleManager: Shutting down and abandoning module MediaAssets (244)
[2022.07.17-12.33.00:685][591]LogModuleManager: Shutting down and abandoning module Overlay (242)
[2022.07.17-12.33.00:685][591]LogModuleManager: Shutting down and abandoning module OverlayEditor (241)
[2022.07.17-12.33.00:685][591]LogModuleManager: Shutting down and abandoning module VREditor (238)
[2022.07.17-12.33.00:685][591]LogModuleManager: Shutting down and abandoning module StringTableEditor (236)
[2022.07.17-12.33.00:685][591]LogModuleManager: Shutting down and abandoning module GameplayTasksEditor (234)
[2022.07.17-12.33.00:685][591]LogModuleManager: Shutting down and abandoning module BehaviorTreeEditor (232)
[2022.07.17-12.33.00:685][591]LogModuleManager: Shutting down and abandoning module FunctionalTesting (230)
[2022.07.17-12.33.00:685][591]LogModuleManager: Shutting down and abandoning module CollisionAnalyzer (228)
[2022.07.17-12.33.00:685][591]LogModuleManager: Shutting down and abandoning module WorkspaceMenuStructure (227)
[2022.07.17-12.33.00:685][591]LogModuleManager: Shutting down and abandoning module UMG (224)
[2022.07.17-12.33.00:685][591]LogModuleManager: Shutting down and abandoning module UMGEditor (223)
[2022.07.17-12.33.00:685][591]LogModuleManager: Shutting down and abandoning module Sequencer (222)
[2022.07.17-12.33.00:685][591]LogModuleManager: Shutting down and abandoning module MessageLog (219)
[2022.07.17-12.33.00:685][591]LogModuleManager: Shutting down and abandoning module SlateReflector (214)
[2022.07.17-12.33.00:685][591]LogModuleManager: Shutting down and abandoning module Slate (212)
[2022.07.17-12.33.00:685][591]LogModuleManager: Shutting down and abandoning module SlateCore (210)
[2022.07.17-12.33.00:686][591]LogModuleManager: Shutting down and abandoning module LandscapeEditorUtilities (208)
[2022.07.17-12.33.00:686][591]LogModuleManager: Shutting down and abandoning module UnrealEd (206)
[2022.07.17-12.33.00:686][591]LogModuleManager: Shutting down and abandoning module MRMesh (204)
[2022.07.17-12.33.00:686][591]LogModuleManager: Shutting down and abandoning module Messaging (202)
[2022.07.17-12.33.00:686][591]LogModuleManager: Shutting down and abandoning module SourceCodeAccess (200)
[2022.07.17-12.33.00:686][591]LogModuleManager: Shutting down and abandoning module HeadMountedDisplay (198)
[2022.07.17-12.33.00:686][591]LogModuleManager: Shutting down and abandoning module XAudio2 (196)
[2022.07.17-12.33.00:686][591]LogModuleManager: Shutting down and abandoning module Networking (194)
[2022.07.17-12.33.00:686][591]LogModuleManager: Shutting down and abandoning module Core (192)
[2022.07.17-12.33.00:686][591]LogModuleManager: Shutting down and abandoning module MaterialEditor (190)
[2022.07.17-12.33.00:686][591]LogModuleManager: Shutting down and abandoning module MovieSceneTools (188)
[2022.07.17-12.33.00:686][591]LogModuleManager: Shutting down and abandoning module EditorStyle (187)
[2022.07.17-12.33.00:686][591]LogModuleManager: Shutting down and abandoning module KismetCompiler (184)
[2022.07.17-12.33.00:686][591]LogModuleManager: Shutting down and abandoning module MeshBuilder (182)
[2022.07.17-12.33.00:686][591]LogModuleManager: Shutting down and abandoning module MeshUtilities (180)
[2022.07.17-12.33.00:686][591]LogModuleManager: Shutting down and abandoning module MeshMergeUtilities (179)
[2022.07.17-12.33.00:686][591]LogModuleManager: Shutting down and abandoning module MeshReductionInterface (178)
[2022.07.17-12.33.00:686][591]LogModuleManager: Shutting down and abandoning module MeshBoneReduction (177)
[2022.07.17-12.33.00:686][591]LogModuleManager: Shutting down and abandoning module SkeletalMeshReduction (175)
[2022.07.17-12.33.00:686][591]LogModuleManager: Shutting down and abandoning module ProxyLODMeshReduction (173)
[2022.07.17-12.33.00:686][591]LogModuleManager: Shutting down and abandoning module QuadricMeshReduction (171)
[2022.07.17-12.33.00:687][591]LogModuleManager: Shutting down and abandoning module MaterialBaking (167)
[2022.07.17-12.33.00:687][591]LogModuleManager: Shutting down and abandoning module NullInstallBundleManager (162)
[2022.07.17-12.33.00:687][591]LogModuleManager: Shutting down and abandoning module PIEPreviewDeviceProfileSelector (160)
[2022.07.17-12.33.00:687][591]LogModuleManager: Shutting down and abandoning module DerivedDataCache (158)
[2022.07.17-12.33.00:687][591]LogModuleManager: Shutting down and abandoning module TargetPlatform (156)
[2022.07.17-12.33.00:687][591]LogModuleManager: Shutting down and abandoning module VulkanShaderFormat (155)
[2022.07.17-12.33.00:687][591]LogModuleManager: Shutting down and abandoning module ShaderFormatVectorVM (153)
[2022.07.17-12.33.00:687][591]LogModuleManager: Shutting down and abandoning module ShaderFormatOpenGL (151)
[2022.07.17-12.33.00:687][591]LogModuleManager: Shutting down and abandoning module ShaderFormatD3D (149)
[2022.07.17-12.33.00:687][591]LogModuleManager: Shutting down and abandoning module MetalShaderFormat (147)
[2022.07.17-12.33.00:687][591]LogModuleManager: Shutting down and abandoning module TextureFormatOodle (145)
[2022.07.17-12.33.00:687][591]LogModuleManager: Shutting down and abandoning module TextureFormatUncompressed (143)
[2022.07.17-12.33.00:687][591]LogModuleManager: Shutting down and abandoning module TextureFormatPVR (141)
[2022.07.17-12.33.00:687][591]LogModuleManager: Shutting down and abandoning module TextureFormatETC2 (139)
[2022.07.17-12.33.00:687][591]LogModuleManager: Shutting down and abandoning module TextureFormatDXT (137)
[2022.07.17-12.33.00:687][591]LogModuleManager: Shutting down and abandoning module TextureFormatIntelISPCTexComp (135)
[2022.07.17-12.33.00:687][591]LogModuleManager: Shutting down and abandoning module TextureFormatASTC (133)
[2022.07.17-12.33.00:687][591]LogModuleManager: Shutting down and abandoning module ImageWrapper (132)
[2022.07.17-12.33.00:687][591]LogModuleManager: Shutting down and abandoning module AudioFormatOpus (129)
[2022.07.17-12.33.00:687][591]LogModuleManager: Shutting down and abandoning module AudioFormatOgg (127)
[2022.07.17-12.33.00:687][591]LogModuleManager: Shutting down and abandoning module AudioFormatADPCM (125)
[2022.07.17-12.33.00:687][591]LogModuleManager: Shutting down and abandoning module WindowsServerTargetPlatform (123)
[2022.07.17-12.33.00:687][591]LogModuleManager: Shutting down and abandoning module WindowsClientTargetPlatform (121)
[2022.07.17-12.33.00:687][591]LogModuleManager: Shutting down and abandoning module WindowsTargetPlatform (119)
[2022.07.17-12.33.00:687][591]LogModuleManager: Shutting down and abandoning module WindowsNoEditorTargetPlatform (117)
[2022.07.17-12.33.00:687][591]LogModuleManager: Shutting down and abandoning module D3D11RHI (114)
[2022.07.17-12.33.00:687][591]LogModuleManager: Shutting down and abandoning module InputCore (112)
[2022.07.17-12.33.00:687][591]LogModuleManager: Shutting down and abandoning module Settings (110)
[2022.07.17-12.33.00:687][591]LogModuleManager: Shutting down and abandoning module PhysXCooking (108)
[2022.07.17-12.33.00:687][591]LogModuleManager: Shutting down and abandoning module Chaos (106)
[2022.07.17-12.33.00:687][591]LogModuleManager: Shutting down and abandoning module WindowsPlatformFeatures (104)
[2022.07.17-12.33.00:687][591]LogModuleManager: Shutting down and abandoning module GameplayMediaEncoder (103)
[2022.07.17-12.33.00:687][591]LogModuleManager: Shutting down and abandoning module AVEncoder (102)
[2022.07.17-12.33.00:687][591]LogModuleManager: Shutting down and abandoning module ExampleDeviceProfileSelector (98)
[2022.07.17-12.33.00:687][591]LogModuleManager: Shutting down and abandoning module ChunkDownloader (96)
[2022.07.17-12.33.00:687][591]LogModuleManager: Shutting down and abandoning module LauncherChunkInstaller (94)
[2022.07.17-12.33.00:687][591]LogModuleManager: Shutting down and abandoning module OnlineBlueprintSupport (92)
[2022.07.17-12.33.00:687][591]LogModuleManager: Shutting down and abandoning module OnlineSubsystem (88)
[2022.07.17-12.33.00:687][591]LogModuleManager: Shutting down and abandoning module XMPP (83)
[2022.07.17-12.33.00:687][591]LogModuleManager: Shutting down and abandoning module WebSockets (82)
[2022.07.17-12.33.00:702][591]LogModuleManager: Shutting down and abandoning module HTTP (79)
[2022.07.17-12.33.00:702][591]LogHttp: Display: cleaning up 0 outstanding Http requests.
[2022.07.17-12.33.00:708][591]LogModuleManager: Shutting down and abandoning module SSL (78)
[2022.07.17-12.33.00:709][591]LogModuleManager: Shutting down and abandoning module MLSDK (74)
[2022.07.17-12.33.00:709][591]LogModuleManager: Shutting down and abandoning module MagicLeap (72)
[2022.07.17-12.33.00:709][591]LogModuleManager: Shutting down and abandoning module WmfMedia (70)
[2022.07.17-12.33.00:710][591]LogModuleManager: Shutting down and abandoning module Media (69)
[2022.07.17-12.33.00:710][591]LogModuleManager: Shutting down and abandoning module MediaInfo (68)
[2022.07.17-12.33.00:710][591]LogModuleManager: Shutting down and abandoning module ExrReaderGpu (64)
[2022.07.17-12.33.00:710][591]LogModuleManager: Shutting down and abandoning module VariantManagerContent (62)
[2022.07.17-12.33.00:710][591]LogModuleManager: Shutting down and abandoning module DatasmithContent (60)
[2022.07.17-12.33.00:710][591]LogModuleManager: Shutting down and abandoning module NiagaraVertexFactories (58)
[2022.07.17-12.33.00:710][591]LogModuleManager: Shutting down and abandoning module NiagaraShader (56)
[2022.07.17-12.33.00:710][591]LogModuleManager: Shutting down and abandoning module ChaosCloth (54)
[2022.07.17-12.33.00:710][591]LogModuleManager: Shutting down and abandoning module PixWinPlugin (52)
[2022.07.17-12.33.00:710][591]LogModuleManager: Shutting down and abandoning module AISupportModule (50)
[2022.07.17-12.33.00:710][591]LogModuleManager: Shutting down and abandoning module DesktopPlatform (48)
[2022.07.17-12.33.00:710][591]LogModuleManager: Shutting down and abandoning module PythonScriptPluginPreload (46)
[2022.07.17-12.33.00:710][591]LogModuleManager: Shutting down and abandoning module PlatformCryptoOpenSSL (44)
[2022.07.17-12.33.00:710][591]LogModuleManager: Shutting down and abandoning module PlatformCryptoTypes (42)
[2022.07.17-12.33.00:710][591]LogModuleManager: Shutting down and abandoning module PlatformCrypto (40)
[2022.07.17-12.33.00:710][591]LogModuleManager: Shutting down and abandoning module OodleDataCompressionFormat (38)
[2022.07.17-12.33.00:710][591]LogModuleManager: Shutting down and abandoning module XGEController (36)
[2022.07.17-12.33.00:711][591]LogModuleManager: Shutting down and abandoning module AnimationModifiers (34)
[2022.07.17-12.33.00:711][591]LogModuleManager: Shutting down and abandoning module AudioEditor (32)
[2022.07.17-12.33.00:711][591]LogModuleManager: Shutting down and abandoning module PropertyEditor (31)
[2022.07.17-12.33.00:711][591]LogModuleManager: Shutting down and abandoning module TextureCompressor (28)
[2022.07.17-12.33.00:711][591]LogModuleManager: Shutting down and abandoning module RenderCore (26)
[2022.07.17-12.33.00:711][591]LogModuleManager: Shutting down and abandoning module Landscape (24)
[2022.07.17-12.33.00:711][591]LogModuleManager: Shutting down and abandoning module SlateRHIRenderer (22)
[2022.07.17-12.33.00:711][591]LogModuleManager: Shutting down and abandoning module AnimGraphRuntime (20)
[2022.07.17-12.33.00:711][591]LogModuleManager: Shutting down and abandoning module Renderer (18)
[2022.07.17-12.33.00:711][591]LogModuleManager: Shutting down and abandoning module Engine (16)
[2022.07.17-12.33.00:711][591]LogModuleManager: Shutting down and abandoning module CoreUObject (14)
[2022.07.17-12.33.00:711][591]LogModuleManager: Shutting down and abandoning module NetworkFile (12)
[2022.07.17-12.33.00:711][591]LogModuleManager: Shutting down and abandoning module CookedIterativeFile (10)
[2022.07.17-12.33.00:711][591]LogModuleManager: Shutting down and abandoning module StreamingFile (8)
[2022.07.17-12.33.00:711][591]LogModuleManager: Shutting down and abandoning module SandboxFile (6)
[2022.07.17-12.33.00:711][591]LogModuleManager: Shutting down and abandoning module PakFile (4)
[2022.07.17-12.33.00:711][591]LogModuleManager: Shutting down and abandoning module RSA (3)
[2022.07.17-12.33.00:868][591]LogContentStreaming: Display: There are 1 unreleased StreamingManagers
[2022.07.17-12.33.00:875][591]LogD3D11RHI: Shutdown
[2022.07.17-12.33.00:875][591]LogD3D11RHI: CleanupD3DDevice
[2022.07.17-12.33.00:876][591]LogExit: Exiting.
[2022.07.17-12.33.00:883][591]Log file closed, 07/17/22 14:33:00
