Log file open, 07/17/22 13:54:32
LogWindows: Failed to load 'aqProf.dll' (GetLastError=126)
LogWindows: File 'aqProf.dll' does not exist
LogWindows: Failed to load 'VtuneApi.dll' (GetLastError=126)
LogWindows: File 'VtuneApi.dll' does not exist
LogWindows: Failed to load 'VtuneApi32e.dll' (GetLastError=126)
LogWindows: File 'VtuneApi32e.dll' does not exist
LogConsoleResponse: Display: Failed to find resolution value strings in scalability ini. Falling back to default.
LogConsoleResponse: Display: Failed to find resolution value strings in scalability ini. Falling back to default.
LogInit: Display: Running engine for game: Builder
LogPlatformFile: Not using cached read wrapper
LogTaskGraph: Started task graph with 5 named threads and 35 total threads with 3 sets of task threads.
LogStats: Stats thread started at 0.195223
LogICUInternationalization: ICU TimeZone Detection - Raw Offset: +1:00, Platform Override: ''
LogInit: Display: Loading text-based GConfig....
LogPluginManager: Mounting plugin MeshPainting
LogPluginManager: Mounting plugin XGEController
LogPluginManager: Mounting plugin Paper2D
LogPluginManager: Mounting plugin AISupport
LogPluginManager: Mounting plugin EnvironmentQueryEditor
LogPluginManager: Mounting plugin LightPropagationVolume
LogPluginManager: Mounting plugin CameraShakePreviewer
LogPluginManager: Mounting plugin AssetManagerEditor
LogPluginManager: Mounting plugin AnimationSharing
LogPluginManager: Mounting plugin CurveEditorTools
LogPluginManager: Mounting plugin CryptoKeys
LogPluginManager: Mounting plugin DataValidation
LogPluginManager: Mounting plugin FacialAnimation
LogPluginManager: Mounting plugin CodeLiteSourceCodeAccess
LogPluginManager: Mounting plugin CLionSourceCodeAccess
LogPluginManager: Mounting plugin GitSourceControl
LogPluginManager: Mounting plugin GameplayTagsEditor
LogPluginManager: Mounting plugin KDevelopSourceCodeAccess
LogPluginManager: Mounting plugin GeometryMode
LogPluginManager: Mounting plugin NullSourceCodeAccess
LogPluginManager: Mounting plugin PerforceSourceControl
LogPluginManager: Mounting plugin MacGraphicsSwitching
LogPluginManager: Mounting plugin MaterialAnalyzer
LogPluginManager: Mounting plugin PixWinPlugin
LogPluginManager: Mounting plugin PlasticSourceControl
LogPluginManager: Mounting plugin PluginUtils
LogPluginManager: Mounting plugin PropertyAccessNode
LogPluginManager: Mounting plugin SubversionSourceControl
LogPluginManager: Mounting plugin TextureFormatOodle
LogPluginManager: Mounting plugin RiderSourceCodeAccess
LogPluginManager: Mounting plugin UObjectPlugin
LogPluginManager: Mounting plugin GameplayCameras
LogPluginManager: Mounting plugin MobileLauncherProfileWizard
LogPluginManager: Mounting plugin VisualStudioCodeSourceCodeAccess
LogPluginManager: Mounting plugin XCodeSourceCodeAccess
LogPluginManager: Mounting plugin VisualStudioSourceCodeAccess
LogPluginManager: Mounting plugin PluginBrowser
LogPluginManager: Mounting plugin AlembicImporter
LogPluginManager: Mounting plugin SpeedTreeImporter
LogPluginManager: Mounting plugin AutomationUtils
LogPluginManager: Mounting plugin BackChannel
LogPluginManager: Mounting plugin ChaosCloth
LogPluginManager: Mounting plugin ChaosClothEditor
LogPluginManager: Mounting plugin ChaosEditor
LogPluginManager: Mounting plugin ChaosSolverPlugin
LogPluginManager: Mounting plugin CharacterAI
LogPluginManager: Mounting plugin ChaosNiagara
LogPluginManager: Mounting plugin GeometryCache
LogPluginManager: Mounting plugin GeometryCollectionPlugin
LogPluginManager: Mounting plugin GeometryProcessing
LogPluginManager: Mounting plugin MotoSynth
LogPluginManager: Mounting plugin OpenImageDenoise
LogPluginManager: Mounting plugin PlanarCut
LogPluginManager: Mounting plugin PlatformCrypto
LogPluginManager: Mounting plugin ProxyLODPlugin
LogPluginManager: Mounting plugin PythonScriptPlugin
LogPluginManager: Mounting plugin SkeletalReduction
LogPluginManager: Mounting plugin Niagara
LogPluginManager: Mounting plugin OodleData
LogPluginManager: Mounting plugin OodleNetwork
LogPluginManager: Mounting plugin MagicLeap
LogPluginManager: Mounting plugin LuminPlatformFeatures
LogPluginManager: Mounting plugin MagicLeapLightEstimation
LogPluginManager: Mounting plugin MagicLeapMedia
LogPluginManager: Mounting plugin MagicLeapPassableWorld
LogPluginManager: Mounting plugin MLSDK
LogPluginManager: Mounting plugin AndroidMedia
LogPluginManager: Mounting plugin AvfMedia
LogPluginManager: Mounting plugin ImgMedia
LogPluginManager: Mounting plugin MediaCompositing
LogPluginManager: Mounting plugin MediaPlayerEditor
LogPluginManager: Mounting plugin WebMMedia
LogPluginManager: Mounting plugin WmfMedia
LogPluginManager: Mounting plugin TcpMessaging
LogPluginManager: Mounting plugin UdpMessaging
LogPluginManager: Mounting plugin ActorSequence
LogPluginManager: Mounting plugin LevelSequenceEditor
LogPluginManager: Mounting plugin MatineeToLevelSequence
LogPluginManager: Mounting plugin LauncherChunkInstaller
LogPluginManager: Mounting plugin OnlineSubsystem
LogPluginManager: Mounting plugin OnlineSubsystemNull
LogPluginManager: Mounting plugin OnlineSubsystemUtils
LogPluginManager: Mounting plugin TemplateSequence
LogPluginManager: Mounting plugin ActorLayerUtilities
LogPluginManager: Mounting plugin AndroidMoviePlayer
LogPluginManager: Mounting plugin AndroidPermission
LogPluginManager: Mounting plugin AndroidDeviceProfileSelector
LogPluginManager: Mounting plugin AppleImageUtils
LogPluginManager: Mounting plugin AppleMoviePlayer
LogPluginManager: Mounting plugin ArchVisCharacter
LogPluginManager: Mounting plugin AssetTags
LogPluginManager: Mounting plugin AudioSynesthesia
LogPluginManager: Mounting plugin ChunkDownloader
LogPluginManager: Mounting plugin CableComponent
LogPluginManager: Mounting plugin CustomMeshComponent
LogPluginManager: Mounting plugin AudioCapture
LogPluginManager: Mounting plugin ExampleDeviceProfileSelector
LogPluginManager: Mounting plugin EditableMesh
LogPluginManager: Mounting plugin GoogleCloudMessaging
LogPluginManager: Mounting plugin GooglePAD
LogPluginManager: Mounting plugin IOSDeviceProfileSelector
LogPluginManager: Mounting plugin LinuxDeviceProfileSelector
LogPluginManager: Mounting plugin LocationServicesBPLibrary
LogPluginManager: Mounting plugin MobilePatchingUtils
LogPluginManager: Mounting plugin ScreenshotTools
LogPluginManager: Mounting plugin PhysXVehicles
LogPluginManager: Mounting plugin ProceduralMeshComponent
LogPluginManager: Mounting plugin PropertyAccessEditor
LogPluginManager: Mounting plugin RuntimePhysXCooking
LogPluginManager: Mounting plugin SoundFields
LogPluginManager: Mounting plugin SignificanceManager
LogPluginManager: Mounting plugin Synthesis
LogPluginManager: Mounting plugin WebMMoviePlayer
LogPluginManager: Mounting plugin PostSplashScreen
LogPluginManager: Mounting plugin WindowsMoviePlayer
LogPluginManager: Mounting plugin DatasmithContent
LogPluginManager: Mounting plugin VariantManagerContent
LogPluginManager: Mounting plugin ContentBrowserAssetDataSource
LogPluginManager: Mounting plugin ContentBrowserFileDataSource
LogPluginManager: Mounting plugin ContentBrowserClassDataSource
LogPluginManager: Mounting plugin OnlineSubsystemGooglePlay
LogPluginManager: Mounting plugin OnlineSubsystemIOS
PixWinPlugin: PIX capture plugin failed to initialize! Check that the process is launched from PIX.
LogInit: Using libcurl 7.55.1-DEV
LogInit:  - built for x86_64-pc-win32
LogInit:  - supports SSL with OpenSSL/1.1.1
LogInit:  - supports HTTP deflate (compression) using libz 1.2.8
LogInit:  - other features:
LogInit:      CURL_VERSION_SSL
LogInit:      CURL_VERSION_LIBZ
LogInit:      CURL_VERSION_IPV6
LogInit:      CURL_VERSION_ASYNCHDNS
LogInit:      CURL_VERSION_LARGEFILE
LogInit:      CURL_VERSION_IDN
LogInit:  CurlRequestOptions (configurable via config and command line):
LogInit:  - bVerifyPeer = true  - Libcurl will verify peer certificate
LogInit:  - bUseHttpProxy = false  - Libcurl will NOT use HTTP proxy
LogInit:  - bDontReuseConnections = false  - Libcurl will reuse connections
LogInit:  - MaxHostConnections = 16  - Libcurl will limit the number of connections to a host
LogInit:  - LocalHostAddr = Default
LogInit:  - BufferSize = 65536
LogOnline: OSS: Creating online subsystem instance for: NULL
LogInit: WinSock: version 1.1 (2.2), MaxSocks=32767, MaxUdp=65467
LogOnline: OSS: TryLoadSubsystemAndSetDefault: Loaded subsystem for module [NULL]
LogInit: Build: ++UE4+Release-4.27-CL-18319896
LogInit: Engine Version: 4.27.2-18319896+++UE4+Release-4.27
LogInit: Compatible Engine Version: 4.27.0-17155196+++UE4+Release-4.27
LogInit: Net CL: 17155196
LogInit: OS: Windows 10 (Release 2009) (), CPU: AMD Ryzen 5 5600X 6-Core Processor             , GPU: Radeon RX 590 Series
LogInit: Compiled (64-bit): Nov 30 2021 07:12:08
LogInit: Compiled with Visual C++: 19.24.28315.00
LogInit: Build Configuration: Development
LogInit: Branch Name: ++UE4+Release-4.27
LogInit: Command Line:  /Game/Maps/TestingMap -game -PIEVIACONSOLE -Multiprocess GameUserSettingsINI=C:/Users/matej/Documents/GitHub/Game-Jam-2022/Saved/Config/Windows/PIEGameUserSettings0.ini -MultiprocessSaveConfig -forcepassthrough -messaging -SessionName="Play in Standalone Game" -windowed -WinX=-1575 -WinY=179 SAVEWINPOS=1 -ResX=1280 -ResY=719
LogInit: Base Directory: E:/UE4/UE_4.27/Engine/Binaries/Win64/
LogInit: Allocator: TBB
LogInit: Installed Engine Build: 1
LogDevObjectVersion: Number of dev versions registered: 29
LogDevObjectVersion:   Dev-Blueprints (B0D832E4-1F89-4F0D-ACCF-7EB736FD4AA2): 10
LogDevObjectVersion:   Dev-Build (E1C64328-A22C-4D53-A36C-8E866417BD8C): 0
LogDevObjectVersion:   Dev-Core (375EC13C-06E4-48FB-B500-84F0262A717E): 4
LogDevObjectVersion:   Dev-Editor (E4B068ED-F494-42E9-A231-DA0B2E46BB41): 40
LogDevObjectVersion:   Dev-Framework (CFFC743F-43B0-4480-9391-14DF171D2073): 37
LogDevObjectVersion:   Dev-Mobile (B02B49B5-BB20-44E9-A304-32B752E40360): 3
LogDevObjectVersion:   Dev-Networking (A4E4105C-59A1-49B5-A7C5-40C4547EDFEE): 0
LogDevObjectVersion:   Dev-Online (39C831C9-5AE6-47DC-9A44-9C173E1C8E7C): 0
LogDevObjectVersion:   Dev-Physics (78F01B33-EBEA-4F98-B9B4-84EACCB95AA2): 14
LogDevObjectVersion:   Dev-Platform (6631380F-2D4D-43E0-8009-CF276956A95A): 0
LogDevObjectVersion:   Dev-Rendering (12F88B9F-8875-4AFC-A67C-D90C383ABD29): 45
LogDevObjectVersion:   Dev-Sequencer (7B5AE74C-D270-4C10-A958-57980B212A5A): 13
LogDevObjectVersion:   Dev-VR (D7296918-1DD6-4BDD-9DE2-64A83CC13884): 3
LogDevObjectVersion:   Dev-LoadTimes (C2A15278-BFE7-4AFE-6C17-90FF531DF755): 1
LogDevObjectVersion:   Private-Geometry (6EACA3D4-40EC-4CC1-B786-8BED09428FC5): 3
LogDevObjectVersion:   Dev-AnimPhys (29E575DD-E0A3-4627-9D10-D276232CDCEA): 17
LogDevObjectVersion:   Dev-Anim (AF43A65D-7FD3-4947-9873-3E8ED9C1BB05): 15
LogDevObjectVersion:   Dev-ReflectionCapture (6B266CEC-1EC7-4B8F-A30B-E4D90942FC07): 1
LogDevObjectVersion:   Dev-Automation (0DF73D61-A23F-47EA-B727-89E90C41499A): 1
LogDevObjectVersion:   FortniteMain (601D1886-AC64-4F84-AA16-D3DE0DEAC7D6): 47
LogDevObjectVersion:   FortniteRelease (E7086368-6B23-4C58-8439-1B7016265E91): 1
LogDevObjectVersion:   Dev-Enterprise (9DFFBCD6-494F-0158-E221-12823C92A888): 10
LogDevObjectVersion:   Dev-Niagara (F2AED0AC-9AFE-416F-8664-AA7FFA26D6FC): 1
LogDevObjectVersion:   Dev-Destruction (174F1F0B-B4C6-45A5-B13F-2EE8D0FB917D): 10
LogDevObjectVersion:   Dev-Physics-Ext (35F94A83-E258-406C-A318-09F59610247C): 41
LogDevObjectVersion:   Dev-PhysicsMaterial-Chaos (B68FC16E-8B1B-42E2-B453-215C058844FE): 1
LogDevObjectVersion:   Dev-CineCamera (B2E18506-4273-CFC2-A54E-F4BB758BBA07): 1
LogDevObjectVersion:   Dev-VirtualProduction (64F58936-FD1B-42BA-BA96-7289D5D0FA4E): 1
LogDevObjectVersion:   Dev-MediaFramework (6F0ED827-A609-4895-9C91-998D90180EA4): 2
LogInit: Presizing for max 25165824 objects, including 0 objects not considered by GC, pre-allocating 0 bytes for permanent pool.
LogConfig: Applying CVar settings from Section [/Script/Engine.StreamingSettings] File [C:/Users/matej/Documents/GitHub/Game-Jam-2022/Saved/Config/Windows/Engine.ini]
LogConfig: Setting CVar [[s.MinBulkDataSizeForAsyncLoading:131072]]
LogConfig: Setting CVar [[s.AsyncLoadingThreadEnabled:0]]
LogConfig: Setting CVar [[s.EventDrivenLoaderEnabled:1]]
LogConfig: Setting CVar [[s.WarnIfTimeLimitExceeded:0]]
LogConfig: Setting CVar [[s.TimeLimitExceededMultiplier:1.5]]
LogConfig: Setting CVar [[s.TimeLimitExceededMinTime:0.005]]
LogConfig: Setting CVar [[s.UseBackgroundLevelStreaming:1]]
LogConfig: Setting CVar [[s.PriorityAsyncLoadingExtraTime:15.0]]
LogConfig: Setting CVar [[s.LevelStreamingActorsUpdateTimeLimit:5.0]]
LogConfig: Setting CVar [[s.PriorityLevelStreamingActorsUpdateExtraTime:5.0]]
LogConfig: Setting CVar [[s.LevelStreamingComponentsRegistrationGranularity:10]]
LogConfig: Setting CVar [[s.UnregisterComponentsTimeLimit:1.0]]
LogConfig: Setting CVar [[s.LevelStreamingComponentsUnregistrationGranularity:5]]
LogConfig: Setting CVar [[s.FlushStreamingOnExit:1]]
LogInit: Object subsystem initialized
LogConfig: Setting CVar [[con.DebugEarlyDefault:1]]
LogConfig: Setting CVar [[r.setres:1280x720]]
[2022.07.17-11.54.32:698][  0]LogConfig: Setting CVar [[con.DebugEarlyDefault:1]]
[2022.07.17-11.54.32:698][  0]LogConfig: Setting CVar [[r.setres:1280x720]]
[2022.07.17-11.54.32:698][  0]LogConfig: Applying CVar settings from Section [/Script/Engine.RendererSettings] File [C:/Users/matej/Documents/GitHub/Game-Jam-2022/Saved/Config/Windows/Engine.ini]
[2022.07.17-11.54.32:698][  0]LogConfig: Setting CVar [[r.GPUCrashDebugging:0]]
[2022.07.17-11.54.32:698][  0]LogConfig: Applying CVar settings from Section [/Script/Engine.RendererOverrideSettings] File [C:/Users/matej/Documents/GitHub/Game-Jam-2022/Saved/Config/Windows/Engine.ini]
[2022.07.17-11.54.32:698][  0]LogConfig: Applying CVar settings from Section [/Script/Engine.StreamingSettings] File [C:/Users/matej/Documents/GitHub/Game-Jam-2022/Saved/Config/Windows/Engine.ini]
[2022.07.17-11.54.32:698][  0]LogConfig: Setting CVar [[s.MinBulkDataSizeForAsyncLoading:131072]]
[2022.07.17-11.54.32:698][  0]LogConfig: Setting CVar [[s.AsyncLoadingThreadEnabled:0]]
[2022.07.17-11.54.32:698][  0]LogConfig: Setting CVar [[s.EventDrivenLoaderEnabled:1]]
[2022.07.17-11.54.32:698][  0]LogConfig: Setting CVar [[s.WarnIfTimeLimitExceeded:0]]
[2022.07.17-11.54.32:698][  0]LogConfig: Setting CVar [[s.TimeLimitExceededMultiplier:1.5]]
[2022.07.17-11.54.32:698][  0]LogConfig: Setting CVar [[s.TimeLimitExceededMinTime:0.005]]
[2022.07.17-11.54.32:698][  0]LogConfig: Setting CVar [[s.UseBackgroundLevelStreaming:1]]
[2022.07.17-11.54.32:698][  0]LogConfig: Setting CVar [[s.PriorityAsyncLoadingExtraTime:15.0]]
[2022.07.17-11.54.32:698][  0]LogConfig: Setting CVar [[s.LevelStreamingActorsUpdateTimeLimit:5.0]]
[2022.07.17-11.54.32:698][  0]LogConfig: Setting CVar [[s.PriorityLevelStreamingActorsUpdateExtraTime:5.0]]
[2022.07.17-11.54.32:698][  0]LogConfig: Setting CVar [[s.LevelStreamingComponentsRegistrationGranularity:10]]
[2022.07.17-11.54.32:698][  0]LogConfig: Setting CVar [[s.UnregisterComponentsTimeLimit:1.0]]
[2022.07.17-11.54.32:698][  0]LogConfig: Setting CVar [[s.LevelStreamingComponentsUnregistrationGranularity:5]]
[2022.07.17-11.54.32:698][  0]LogConfig: Setting CVar [[s.FlushStreamingOnExit:1]]
[2022.07.17-11.54.32:698][  0]LogConfig: Applying CVar settings from Section [/Script/Engine.GarbageCollectionSettings] File [C:/Users/matej/Documents/GitHub/Game-Jam-2022/Saved/Config/Windows/Engine.ini]
[2022.07.17-11.54.32:698][  0]LogConfig: Setting CVar [[gc.MaxObjectsNotConsideredByGC:1]]
[2022.07.17-11.54.32:698][  0]LogConfig: Setting CVar [[gc.SizeOfPermanentObjectPool:0]]
[2022.07.17-11.54.32:698][  0]LogConfig: Setting CVar [[gc.FlushStreamingOnGC:0]]
[2022.07.17-11.54.32:698][  0]LogConfig: Setting CVar [[gc.NumRetriesBeforeForcingGC:10]]
[2022.07.17-11.54.32:698][  0]LogConfig: Setting CVar [[gc.AllowParallelGC:1]]
[2022.07.17-11.54.32:698][  0]LogConfig: Setting CVar [[gc.TimeBetweenPurgingPendingKillObjects:61.1]]
[2022.07.17-11.54.32:698][  0]LogConfig: Setting CVar [[gc.MaxObjectsInEditor:25165824]]
[2022.07.17-11.54.32:698][  0]LogConfig: Setting CVar [[gc.IncrementalBeginDestroyEnabled:1]]
[2022.07.17-11.54.32:698][  0]LogConfig: Setting CVar [[gc.CreateGCClusters:1]]
[2022.07.17-11.54.32:698][  0]LogConfig: Setting CVar [[gc.MinGCClusterSize:5]]
[2022.07.17-11.54.32:698][  0]LogConfig: Setting CVar [[gc.ActorClusteringEnabled:0]]
[2022.07.17-11.54.32:698][  0]LogConfig: Setting CVar [[gc.BlueprintClusteringEnabled:0]]
[2022.07.17-11.54.32:698][  0]LogConfig: Setting CVar [[gc.UseDisregardForGCOnDedicatedServers:0]]
[2022.07.17-11.54.32:698][  0]LogConfig: Setting CVar [[gc.MultithreadedDestructionEnabled:1]]
[2022.07.17-11.54.32:698][  0]LogConfig: Applying CVar settings from Section [/Script/Engine.NetworkSettings] File [C:/Users/matej/Documents/GitHub/Game-Jam-2022/Saved/Config/Windows/Engine.ini]
[2022.07.17-11.54.32:698][  0]LogConfig: Applying CVar settings from Section [/Script/UnrealEd.CookerSettings] File [C:/Users/matej/Documents/GitHub/Game-Jam-2022/Saved/Config/Windows/Engine.ini]
[2022.07.17-11.54.32:721][  0]LogConfig: Applying CVar settings from Section [ViewDistanceQuality@3] File [C:/Users/matej/Documents/GitHub/Game-Jam-2022/Saved/Config/Windows/Scalability.ini]
[2022.07.17-11.54.32:721][  0]LogConfig: Setting CVar [[r.SkeletalMeshLODBias:0]]
[2022.07.17-11.54.32:721][  0]LogConfig: Setting CVar [[r.ViewDistanceScale:1.0]]
[2022.07.17-11.54.32:721][  0]LogConfig: Applying CVar settings from Section [AntiAliasingQuality@3] File [C:/Users/matej/Documents/GitHub/Game-Jam-2022/Saved/Config/Windows/Scalability.ini]
[2022.07.17-11.54.32:721][  0]LogConfig: Setting CVar [[r.PostProcessAAQuality:4]]
[2022.07.17-11.54.32:721][  0]LogConfig: Applying CVar settings from Section [ShadowQuality@3] File [C:/Users/matej/Documents/GitHub/Game-Jam-2022/Saved/Config/Windows/Scalability.ini]
[2022.07.17-11.54.32:721][  0]LogConfig: Setting CVar [[r.LightFunctionQuality:1]]
[2022.07.17-11.54.32:721][  0]LogConfig: Setting CVar [[r.ShadowQuality:5]]
[2022.07.17-11.54.32:721][  0]LogConfig: Setting CVar [[r.Shadow.CSM.MaxCascades:10]]
[2022.07.17-11.54.32:721][  0]LogConfig: Setting CVar [[r.Shadow.MaxResolution:2048]]
[2022.07.17-11.54.32:721][  0]LogConfig: Setting CVar [[r.Shadow.MaxCSMResolution:2048]]
[2022.07.17-11.54.32:721][  0]LogConfig: Setting CVar [[r.Shadow.RadiusThreshold:0.01]]
[2022.07.17-11.54.32:721][  0]LogConfig: Setting CVar [[r.Shadow.DistanceScale:1.0]]
[2022.07.17-11.54.32:721][  0]LogConfig: Setting CVar [[r.Shadow.CSM.TransitionScale:1.0]]
[2022.07.17-11.54.32:721][  0]LogConfig: Setting CVar [[r.Shadow.PreShadowResolutionFactor:1.0]]
[2022.07.17-11.54.32:721][  0]LogConfig: Setting CVar [[r.DistanceFieldShadowing:1]]
[2022.07.17-11.54.32:721][  0]LogConfig: Setting CVar [[r.DistanceFieldAO:1]]
[2022.07.17-11.54.32:721][  0]LogConfig: Setting CVar [[r.AOQuality:2]]
[2022.07.17-11.54.32:721][  0]LogConfig: Setting CVar [[r.VolumetricFog:1]]
[2022.07.17-11.54.32:721][  0]LogConfig: Setting CVar [[r.VolumetricFog.GridPixelSize:8]]
[2022.07.17-11.54.32:721][  0]LogConfig: Setting CVar [[r.VolumetricFog.GridSizeZ:128]]
[2022.07.17-11.54.32:721][  0]LogConfig: Setting CVar [[r.VolumetricFog.HistoryMissSupersampleCount:4]]
[2022.07.17-11.54.32:721][  0]LogConfig: Setting CVar [[r.LightMaxDrawDistanceScale:1]]
[2022.07.17-11.54.32:721][  0]LogConfig: Setting CVar [[r.CapsuleShadows:1]]
[2022.07.17-11.54.32:721][  0]LogConfig: Applying CVar settings from Section [PostProcessQuality@3] File [C:/Users/matej/Documents/GitHub/Game-Jam-2022/Saved/Config/Windows/Scalability.ini]
[2022.07.17-11.54.32:721][  0]LogConfig: Setting CVar [[r.MotionBlurQuality:4]]
[2022.07.17-11.54.32:721][  0]LogConfig: Setting CVar [[r.AmbientOcclusionMipLevelFactor:0.4]]
[2022.07.17-11.54.32:721][  0]LogConfig: Setting CVar [[r.AmbientOcclusionMaxQuality:100]]
[2022.07.17-11.54.32:721][  0]LogConfig: Setting CVar [[r.AmbientOcclusionLevels:-1]]
[2022.07.17-11.54.32:721][  0]LogConfig: Setting CVar [[r.AmbientOcclusionRadiusScale:1.0]]
[2022.07.17-11.54.32:721][  0]LogConfig: Setting CVar [[r.DepthOfFieldQuality:2]]
[2022.07.17-11.54.32:721][  0]LogConfig: Setting CVar [[r.RenderTargetPoolMin:400]]
[2022.07.17-11.54.32:721][  0]LogConfig: Setting CVar [[r.LensFlareQuality:2]]
[2022.07.17-11.54.32:721][  0]LogConfig: Setting CVar [[r.SceneColorFringeQuality:1]]
[2022.07.17-11.54.32:721][  0]LogConfig: Setting CVar [[r.EyeAdaptationQuality:2]]
[2022.07.17-11.54.32:721][  0]LogConfig: Setting CVar [[r.BloomQuality:5]]
[2022.07.17-11.54.32:721][  0]LogConfig: Setting CVar [[r.FastBlurThreshold:100]]
[2022.07.17-11.54.32:721][  0]LogConfig: Setting CVar [[r.Upscale.Quality:3]]
[2022.07.17-11.54.32:721][  0]LogConfig: Setting CVar [[r.Tonemapper.GrainQuantization:1]]
[2022.07.17-11.54.32:721][  0]LogConfig: Setting CVar [[r.LightShaftQuality:1]]
[2022.07.17-11.54.32:721][  0]LogConfig: Setting CVar [[r.Filter.SizeScale:1]]
[2022.07.17-11.54.32:721][  0]LogConfig: Setting CVar [[r.Tonemapper.Quality:5]]
[2022.07.17-11.54.32:721][  0]LogConfig: Setting CVar [[r.DOF.Gather.AccumulatorQuality:1        ; higher gathering accumulator quality]]
[2022.07.17-11.54.32:721][  0]LogConfig: Setting CVar [[r.DOF.Gather.PostfilterMethod:1          ; Median3x3 postfilering method]]
[2022.07.17-11.54.32:721][  0]LogConfig: Setting CVar [[r.DOF.Gather.EnableBokehSettings:0       ; no bokeh simulation when gathering]]
[2022.07.17-11.54.32:721][  0]LogConfig: Setting CVar [[r.DOF.Gather.RingCount:4                 ; medium number of samples when gathering]]
[2022.07.17-11.54.32:721][  0]LogConfig: Setting CVar [[r.DOF.Scatter.ForegroundCompositing:1    ; additive foreground scattering]]
[2022.07.17-11.54.32:721][  0]LogConfig: Setting CVar [[r.DOF.Scatter.BackgroundCompositing:2    ; additive background scattering]]
[2022.07.17-11.54.32:721][  0]LogConfig: Setting CVar [[r.DOF.Scatter.EnableBokehSettings:1      ; bokeh simulation when scattering]]
[2022.07.17-11.54.32:721][  0]LogConfig: Setting CVar [[r.DOF.Scatter.MaxSpriteRatio:0.1         ; only a maximum of 10% of scattered bokeh]]
[2022.07.17-11.54.32:721][  0]LogConfig: Setting CVar [[r.DOF.Recombine.Quality:1                ; cheap slight out of focus]]
[2022.07.17-11.54.32:721][  0]LogConfig: Setting CVar [[r.DOF.Recombine.EnableBokehSettings:0    ; no bokeh simulation on slight out of focus]]
[2022.07.17-11.54.32:721][  0]LogConfig: Setting CVar [[r.DOF.TemporalAAQuality:1                ; more stable temporal accumulation]]
[2022.07.17-11.54.32:721][  0]LogConfig: Setting CVar [[r.DOF.Kernel.MaxForegroundRadius:0.025]]
[2022.07.17-11.54.32:722][  0]LogConfig: Setting CVar [[r.DOF.Kernel.MaxBackgroundRadius:0.025]]
[2022.07.17-11.54.32:722][  0]LogConfig: Applying CVar settings from Section [TextureQuality@3] File [C:/Users/matej/Documents/GitHub/Game-Jam-2022/Saved/Config/Windows/Scalability.ini]
[2022.07.17-11.54.32:722][  0]LogConfig: Setting CVar [[r.Streaming.MipBias:0]]
[2022.07.17-11.54.32:722][  0]LogConfig: Setting CVar [[r.Streaming.AmortizeCPUToGPUCopy:0]]
[2022.07.17-11.54.32:722][  0]LogConfig: Setting CVar [[r.Streaming.MaxNumTexturesToStreamPerFrame:0]]
[2022.07.17-11.54.32:722][  0]LogConfig: Setting CVar [[r.Streaming.Boost:1]]
[2022.07.17-11.54.32:722][  0]LogConfig: Setting CVar [[r.MaxAnisotropy:8]]
[2022.07.17-11.54.32:722][  0]LogConfig: Setting CVar [[r.VT.MaxAnisotropy:8]]
[2022.07.17-11.54.32:722][  0]LogConfig: Setting CVar [[r.Streaming.LimitPoolSizeToVRAM:0]]
[2022.07.17-11.54.32:722][  0]LogConfig: Setting CVar [[r.Streaming.PoolSize:1000]]
[2022.07.17-11.54.32:722][  0]LogConfig: Setting CVar [[r.Streaming.MaxEffectiveScreenSize:0]]
[2022.07.17-11.54.32:722][  0]LogConfig: Applying CVar settings from Section [EffectsQuality@3] File [C:/Users/matej/Documents/GitHub/Game-Jam-2022/Saved/Config/Windows/Scalability.ini]
[2022.07.17-11.54.32:722][  0]LogConfig: Setting CVar [[r.TranslucencyLightingVolumeDim:64]]
[2022.07.17-11.54.32:722][  0]LogConfig: Setting CVar [[r.RefractionQuality:2]]
[2022.07.17-11.54.32:722][  0]LogConfig: Setting CVar [[r.SSR.Quality:3]]
[2022.07.17-11.54.32:722][  0]LogConfig: Setting CVar [[r.SSR.HalfResSceneColor:0]]
[2022.07.17-11.54.32:722][  0]LogConfig: Setting CVar [[r.SceneColorFormat:4]]
[2022.07.17-11.54.32:722][  0]LogConfig: Setting CVar [[r.DetailMode:2]]
[2022.07.17-11.54.32:722][  0]LogConfig: Setting CVar [[r.TranslucencyVolumeBlur:1]]
[2022.07.17-11.54.32:722][  0]LogConfig: Setting CVar [[r.MaterialQualityLevel:1 ; High quality]]
[2022.07.17-11.54.32:722][  0]LogConfig: Setting CVar [[r.AnisotropicMaterials:1]]
[2022.07.17-11.54.32:722][  0]LogConfig: Setting CVar [[r.SSS.Scale:1]]
[2022.07.17-11.54.32:722][  0]LogConfig: Setting CVar [[r.SSS.SampleSet:2]]
[2022.07.17-11.54.32:722][  0]LogConfig: Setting CVar [[r.SSS.Quality:1]]
[2022.07.17-11.54.32:722][  0]LogConfig: Setting CVar [[r.SSS.HalfRes:0]]
[2022.07.17-11.54.32:722][  0]LogConfig: Setting CVar [[r.SSGI.Quality:3]]
[2022.07.17-11.54.32:722][  0]LogConfig: Setting CVar [[r.EmitterSpawnRateScale:1.0]]
[2022.07.17-11.54.32:722][  0]LogConfig: Setting CVar [[r.ParticleLightQuality:2]]
[2022.07.17-11.54.32:722][  0]LogConfig: Setting CVar [[r.SkyAtmosphere.AerialPerspectiveLUT.FastApplyOnOpaque:1 ; Always have FastSkyLUT 1 in this case to avoid wrong sky]]
[2022.07.17-11.54.32:722][  0]LogConfig: Setting CVar [[r.SkyAtmosphere.AerialPerspectiveLUT.SampleCountMaxPerSlice:4]]
[2022.07.17-11.54.32:722][  0]LogConfig: Setting CVar [[r.SkyAtmosphere.AerialPerspectiveLUT.DepthResolution:16.0]]
[2022.07.17-11.54.32:722][  0]LogConfig: Setting CVar [[r.SkyAtmosphere.FastSkyLUT:1]]
[2022.07.17-11.54.32:722][  0]LogConfig: Setting CVar [[r.SkyAtmosphere.FastSkyLUT.SampleCountMin:4.0]]
[2022.07.17-11.54.32:722][  0]LogConfig: Setting CVar [[r.SkyAtmosphere.FastSkyLUT.SampleCountMax:128.0]]
[2022.07.17-11.54.32:722][  0]LogConfig: Setting CVar [[r.SkyAtmosphere.SampleCountMin:4.0]]
[2022.07.17-11.54.32:722][  0]LogConfig: Setting CVar [[r.SkyAtmosphere.SampleCountMax:128.0]]
[2022.07.17-11.54.32:722][  0]LogConfig: Setting CVar [[r.SkyAtmosphere.TransmittanceLUT.UseSmallFormat:0]]
[2022.07.17-11.54.32:722][  0]LogConfig: Setting CVar [[r.SkyAtmosphere.TransmittanceLUT.SampleCount:10.0]]
[2022.07.17-11.54.32:722][  0]LogConfig: Setting CVar [[r.SkyAtmosphere.MultiScatteringLUT.SampleCount:15.0]]
[2022.07.17-11.54.32:722][  0]LogConfig: Setting CVar [[r.SkyLight.RealTimeReflectionCapture:1]]
[2022.07.17-11.54.32:722][  0]LogConfig: Applying CVar settings from Section [FoliageQuality@3] File [C:/Users/matej/Documents/GitHub/Game-Jam-2022/Saved/Config/Windows/Scalability.ini]
[2022.07.17-11.54.32:722][  0]LogConfig: Setting CVar [[foliage.DensityScale:1.0]]
[2022.07.17-11.54.32:722][  0]LogConfig: Setting CVar [[grass.DensityScale:1.0]]
[2022.07.17-11.54.32:722][  0]LogConfig: Applying CVar settings from Section [ShadingQuality@3] File [C:/Users/matej/Documents/GitHub/Game-Jam-2022/Saved/Config/Windows/Scalability.ini]
[2022.07.17-11.54.32:722][  0]LogConfig: Setting CVar [[r.HairStrands.SkyLighting.IntegrationType:2]]
[2022.07.17-11.54.32:722][  0]LogConfig: Setting CVar [[r.HairStrands.SkyAO.SampleCount:4]]
[2022.07.17-11.54.32:722][  0]LogConfig: Setting CVar [[r.HairStrands.Visibility.MSAA.SamplePerPixel:4]]
[2022.07.17-11.54.32:722][  0]LogInit: Selected Device Profile: [Windows]
[2022.07.17-11.54.32:722][  0]LogInit: Applying CVar settings loaded from the selected device profile: [Windows]
[2022.07.17-11.54.32:722][  0]LogHAL: Display: Platform has ~ 32 GB [34266628096 / 34359738368 / 32], which maps to Largest [LargestMinGB=32, LargerMinGB=12, DefaultMinGB=8, SmallerMinGB=6, SmallestMinGB=0)
[2022.07.17-11.54.32:722][  0]LogInit: Going up to parent DeviceProfile []
[2022.07.17-11.54.32:722][  0]LogConfig: Applying CVar settings from Section [ViewDistanceQuality@3] File [C:/Users/matej/Documents/GitHub/Game-Jam-2022/Saved/Config/Windows/Scalability.ini]
[2022.07.17-11.54.32:722][  0]LogConfig: Setting CVar [[r.SkeletalMeshLODBias:0]]
[2022.07.17-11.54.32:722][  0]LogConfig: Setting CVar [[r.ViewDistanceScale:1.0]]
[2022.07.17-11.54.32:722][  0]LogConfig: Applying CVar settings from Section [AntiAliasingQuality@3] File [C:/Users/matej/Documents/GitHub/Game-Jam-2022/Saved/Config/Windows/Scalability.ini]
[2022.07.17-11.54.32:722][  0]LogConfig: Setting CVar [[r.PostProcessAAQuality:4]]
[2022.07.17-11.54.32:722][  0]LogConfig: Applying CVar settings from Section [ShadowQuality@3] File [C:/Users/matej/Documents/GitHub/Game-Jam-2022/Saved/Config/Windows/Scalability.ini]
[2022.07.17-11.54.32:722][  0]LogConfig: Setting CVar [[r.LightFunctionQuality:1]]
[2022.07.17-11.54.32:722][  0]LogConfig: Setting CVar [[r.ShadowQuality:5]]
[2022.07.17-11.54.32:722][  0]LogConfig: Setting CVar [[r.Shadow.CSM.MaxCascades:10]]
[2022.07.17-11.54.32:722][  0]LogConfig: Setting CVar [[r.Shadow.MaxResolution:2048]]
[2022.07.17-11.54.32:722][  0]LogConfig: Setting CVar [[r.Shadow.MaxCSMResolution:2048]]
[2022.07.17-11.54.32:722][  0]LogConfig: Setting CVar [[r.Shadow.RadiusThreshold:0.01]]
[2022.07.17-11.54.32:722][  0]LogConfig: Setting CVar [[r.Shadow.DistanceScale:1.0]]
[2022.07.17-11.54.32:722][  0]LogConfig: Setting CVar [[r.Shadow.CSM.TransitionScale:1.0]]
[2022.07.17-11.54.32:722][  0]LogConfig: Setting CVar [[r.Shadow.PreShadowResolutionFactor:1.0]]
[2022.07.17-11.54.32:722][  0]LogConfig: Setting CVar [[r.DistanceFieldShadowing:1]]
[2022.07.17-11.54.32:722][  0]LogConfig: Setting CVar [[r.DistanceFieldAO:1]]
[2022.07.17-11.54.32:722][  0]LogConfig: Setting CVar [[r.AOQuality:2]]
[2022.07.17-11.54.32:722][  0]LogConfig: Setting CVar [[r.VolumetricFog:1]]
[2022.07.17-11.54.32:722][  0]LogConfig: Setting CVar [[r.VolumetricFog.GridPixelSize:8]]
[2022.07.17-11.54.32:722][  0]LogConfig: Setting CVar [[r.VolumetricFog.GridSizeZ:128]]
[2022.07.17-11.54.32:722][  0]LogConfig: Setting CVar [[r.VolumetricFog.HistoryMissSupersampleCount:4]]
[2022.07.17-11.54.32:722][  0]LogConfig: Setting CVar [[r.LightMaxDrawDistanceScale:1]]
[2022.07.17-11.54.32:722][  0]LogConfig: Setting CVar [[r.CapsuleShadows:1]]
[2022.07.17-11.54.32:722][  0]LogConfig: Applying CVar settings from Section [PostProcessQuality@3] File [C:/Users/matej/Documents/GitHub/Game-Jam-2022/Saved/Config/Windows/Scalability.ini]
[2022.07.17-11.54.32:722][  0]LogConfig: Setting CVar [[r.MotionBlurQuality:4]]
[2022.07.17-11.54.32:722][  0]LogConfig: Setting CVar [[r.AmbientOcclusionMipLevelFactor:0.4]]
[2022.07.17-11.54.32:722][  0]LogConfig: Setting CVar [[r.AmbientOcclusionMaxQuality:100]]
[2022.07.17-11.54.32:722][  0]LogConfig: Setting CVar [[r.AmbientOcclusionLevels:-1]]
[2022.07.17-11.54.32:722][  0]LogConfig: Setting CVar [[r.AmbientOcclusionRadiusScale:1.0]]
[2022.07.17-11.54.32:722][  0]LogConfig: Setting CVar [[r.DepthOfFieldQuality:2]]
[2022.07.17-11.54.32:722][  0]LogConfig: Setting CVar [[r.RenderTargetPoolMin:400]]
[2022.07.17-11.54.32:722][  0]LogConfig: Setting CVar [[r.LensFlareQuality:2]]
[2022.07.17-11.54.32:722][  0]LogConfig: Setting CVar [[r.SceneColorFringeQuality:1]]
[2022.07.17-11.54.32:722][  0]LogConfig: Setting CVar [[r.EyeAdaptationQuality:2]]
[2022.07.17-11.54.32:722][  0]LogConfig: Setting CVar [[r.BloomQuality:5]]
[2022.07.17-11.54.32:722][  0]LogConfig: Setting CVar [[r.FastBlurThreshold:100]]
[2022.07.17-11.54.32:722][  0]LogConfig: Setting CVar [[r.Upscale.Quality:3]]
[2022.07.17-11.54.32:722][  0]LogConfig: Setting CVar [[r.Tonemapper.GrainQuantization:1]]
[2022.07.17-11.54.32:722][  0]LogConfig: Setting CVar [[r.LightShaftQuality:1]]
[2022.07.17-11.54.32:722][  0]LogConfig: Setting CVar [[r.Filter.SizeScale:1]]
[2022.07.17-11.54.32:722][  0]LogConfig: Setting CVar [[r.Tonemapper.Quality:5]]
[2022.07.17-11.54.32:722][  0]LogConfig: Setting CVar [[r.DOF.Gather.AccumulatorQuality:1        ; higher gathering accumulator quality]]
[2022.07.17-11.54.32:722][  0]LogConfig: Setting CVar [[r.DOF.Gather.PostfilterMethod:1          ; Median3x3 postfilering method]]
[2022.07.17-11.54.32:722][  0]LogConfig: Setting CVar [[r.DOF.Gather.EnableBokehSettings:0       ; no bokeh simulation when gathering]]
[2022.07.17-11.54.32:722][  0]LogConfig: Setting CVar [[r.DOF.Gather.RingCount:4                 ; medium number of samples when gathering]]
[2022.07.17-11.54.32:722][  0]LogConfig: Setting CVar [[r.DOF.Scatter.ForegroundCompositing:1    ; additive foreground scattering]]
[2022.07.17-11.54.32:722][  0]LogConfig: Setting CVar [[r.DOF.Scatter.BackgroundCompositing:2    ; additive background scattering]]
[2022.07.17-11.54.32:722][  0]LogConfig: Setting CVar [[r.DOF.Scatter.EnableBokehSettings:1      ; bokeh simulation when scattering]]
[2022.07.17-11.54.32:722][  0]LogConfig: Setting CVar [[r.DOF.Scatter.MaxSpriteRatio:0.1         ; only a maximum of 10% of scattered bokeh]]
[2022.07.17-11.54.32:723][  0]LogConfig: Setting CVar [[r.DOF.Recombine.Quality:1                ; cheap slight out of focus]]
[2022.07.17-11.54.32:723][  0]LogConfig: Setting CVar [[r.DOF.Recombine.EnableBokehSettings:0    ; no bokeh simulation on slight out of focus]]
[2022.07.17-11.54.32:723][  0]LogConfig: Setting CVar [[r.DOF.TemporalAAQuality:1                ; more stable temporal accumulation]]
[2022.07.17-11.54.32:723][  0]LogConfig: Setting CVar [[r.DOF.Kernel.MaxForegroundRadius:0.025]]
[2022.07.17-11.54.32:723][  0]LogConfig: Setting CVar [[r.DOF.Kernel.MaxBackgroundRadius:0.025]]
[2022.07.17-11.54.32:723][  0]LogConfig: Applying CVar settings from Section [TextureQuality@3] File [C:/Users/matej/Documents/GitHub/Game-Jam-2022/Saved/Config/Windows/Scalability.ini]
[2022.07.17-11.54.32:723][  0]LogConfig: Setting CVar [[r.Streaming.MipBias:0]]
[2022.07.17-11.54.32:723][  0]LogConfig: Setting CVar [[r.Streaming.AmortizeCPUToGPUCopy:0]]
[2022.07.17-11.54.32:723][  0]LogConfig: Setting CVar [[r.Streaming.MaxNumTexturesToStreamPerFrame:0]]
[2022.07.17-11.54.32:723][  0]LogConfig: Setting CVar [[r.Streaming.Boost:1]]
[2022.07.17-11.54.32:723][  0]LogConfig: Setting CVar [[r.MaxAnisotropy:8]]
[2022.07.17-11.54.32:723][  0]LogConfig: Setting CVar [[r.VT.MaxAnisotropy:8]]
[2022.07.17-11.54.32:723][  0]LogConfig: Setting CVar [[r.Streaming.LimitPoolSizeToVRAM:0]]
[2022.07.17-11.54.32:723][  0]LogConfig: Setting CVar [[r.Streaming.PoolSize:1000]]
[2022.07.17-11.54.32:723][  0]LogConfig: Setting CVar [[r.Streaming.MaxEffectiveScreenSize:0]]
[2022.07.17-11.54.32:723][  0]LogConfig: Applying CVar settings from Section [EffectsQuality@3] File [C:/Users/matej/Documents/GitHub/Game-Jam-2022/Saved/Config/Windows/Scalability.ini]
[2022.07.17-11.54.32:723][  0]LogConfig: Setting CVar [[r.TranslucencyLightingVolumeDim:64]]
[2022.07.17-11.54.32:723][  0]LogConfig: Setting CVar [[r.RefractionQuality:2]]
[2022.07.17-11.54.32:723][  0]LogConfig: Setting CVar [[r.SSR.Quality:3]]
[2022.07.17-11.54.32:723][  0]LogConfig: Setting CVar [[r.SSR.HalfResSceneColor:0]]
[2022.07.17-11.54.32:723][  0]LogConfig: Setting CVar [[r.SceneColorFormat:4]]
[2022.07.17-11.54.32:723][  0]LogConfig: Setting CVar [[r.DetailMode:2]]
[2022.07.17-11.54.32:723][  0]LogConfig: Setting CVar [[r.TranslucencyVolumeBlur:1]]
[2022.07.17-11.54.32:723][  0]LogConfig: Setting CVar [[r.MaterialQualityLevel:1 ; High quality]]
[2022.07.17-11.54.32:723][  0]LogConfig: Setting CVar [[r.AnisotropicMaterials:1]]
[2022.07.17-11.54.32:723][  0]LogConfig: Setting CVar [[r.SSS.Scale:1]]
[2022.07.17-11.54.32:723][  0]LogConfig: Setting CVar [[r.SSS.SampleSet:2]]
[2022.07.17-11.54.32:723][  0]LogConfig: Setting CVar [[r.SSS.Quality:1]]
[2022.07.17-11.54.32:723][  0]LogConfig: Setting CVar [[r.SSS.HalfRes:0]]
[2022.07.17-11.54.32:723][  0]LogConfig: Setting CVar [[r.SSGI.Quality:3]]
[2022.07.17-11.54.32:723][  0]LogConfig: Setting CVar [[r.EmitterSpawnRateScale:1.0]]
[2022.07.17-11.54.32:723][  0]LogConfig: Setting CVar [[r.ParticleLightQuality:2]]
[2022.07.17-11.54.32:723][  0]LogConfig: Setting CVar [[r.SkyAtmosphere.AerialPerspectiveLUT.FastApplyOnOpaque:1 ; Always have FastSkyLUT 1 in this case to avoid wrong sky]]
[2022.07.17-11.54.32:723][  0]LogConfig: Setting CVar [[r.SkyAtmosphere.AerialPerspectiveLUT.SampleCountMaxPerSlice:4]]
[2022.07.17-11.54.32:723][  0]LogConfig: Setting CVar [[r.SkyAtmosphere.AerialPerspectiveLUT.DepthResolution:16.0]]
[2022.07.17-11.54.32:723][  0]LogConfig: Setting CVar [[r.SkyAtmosphere.FastSkyLUT:1]]
[2022.07.17-11.54.32:723][  0]LogConfig: Setting CVar [[r.SkyAtmosphere.FastSkyLUT.SampleCountMin:4.0]]
[2022.07.17-11.54.32:723][  0]LogConfig: Setting CVar [[r.SkyAtmosphere.FastSkyLUT.SampleCountMax:128.0]]
[2022.07.17-11.54.32:723][  0]LogConfig: Setting CVar [[r.SkyAtmosphere.SampleCountMin:4.0]]
[2022.07.17-11.54.32:723][  0]LogConfig: Setting CVar [[r.SkyAtmosphere.SampleCountMax:128.0]]
[2022.07.17-11.54.32:723][  0]LogConfig: Setting CVar [[r.SkyAtmosphere.TransmittanceLUT.UseSmallFormat:0]]
[2022.07.17-11.54.32:723][  0]LogConfig: Setting CVar [[r.SkyAtmosphere.TransmittanceLUT.SampleCount:10.0]]
[2022.07.17-11.54.32:723][  0]LogConfig: Setting CVar [[r.SkyAtmosphere.MultiScatteringLUT.SampleCount:15.0]]
[2022.07.17-11.54.32:723][  0]LogConfig: Setting CVar [[r.SkyLight.RealTimeReflectionCapture:1]]
[2022.07.17-11.54.32:723][  0]LogConfig: Applying CVar settings from Section [FoliageQuality@3] File [C:/Users/matej/Documents/GitHub/Game-Jam-2022/Saved/Config/Windows/Scalability.ini]
[2022.07.17-11.54.32:723][  0]LogConfig: Setting CVar [[foliage.DensityScale:1.0]]
[2022.07.17-11.54.32:723][  0]LogConfig: Setting CVar [[grass.DensityScale:1.0]]
[2022.07.17-11.54.32:723][  0]LogConfig: Applying CVar settings from Section [ShadingQuality@3] File [C:/Users/matej/Documents/GitHub/Game-Jam-2022/Saved/Config/Windows/Scalability.ini]
[2022.07.17-11.54.32:723][  0]LogConfig: Setting CVar [[r.HairStrands.SkyLighting.IntegrationType:2]]
[2022.07.17-11.54.32:723][  0]LogConfig: Setting CVar [[r.HairStrands.SkyAO.SampleCount:4]]
[2022.07.17-11.54.32:723][  0]LogConfig: Setting CVar [[r.HairStrands.Visibility.MSAA.SamplePerPixel:4]]
[2022.07.17-11.54.32:723][  0]LogConfig: Applying CVar settings from Section [Startup] File [../../../Engine/Config/ConsoleVariables.ini]
[2022.07.17-11.54.32:723][  0]LogConfig: Setting CVar [[net.UseAdaptiveNetUpdateFrequency:0]]
[2022.07.17-11.54.32:723][  0]LogConfig: Setting CVar [[p.chaos.AllowCreatePhysxBodies:1]]
[2022.07.17-11.54.32:723][  0]LogConfig: Setting CVar [[fx.SkipVectorVMBackendOptimizations:1]]
[2022.07.17-11.54.32:723][  0]LogConfig: Applying CVar settings from Section [ConsoleVariables] File [C:/Users/matej/Documents/GitHub/Game-Jam-2022/Saved/Config/Windows/Engine.ini]
[2022.07.17-11.54.32:723][  0]LogConfig: Applying CVar settings from Section [ConsoleVariables] File [C:/Users/matej/Documents/GitHub/Game-Jam-2022/Saved/Config/Windows/Editor.ini]
[2022.07.17-11.54.32:723][  0]LogInit: Computer: DESKTOP-M1QV7NL
[2022.07.17-11.54.32:723][  0]LogInit: User: matej
[2022.07.17-11.54.32:723][  0]LogInit: CPU Page size=4096, Cores=6
[2022.07.17-11.54.32:723][  0]LogInit: High frequency timer resolution =10.000000 MHz
[2022.07.17-11.54.32:723][  0]LogMemory: Memory total: Physical=31.9GB (32GB approx)
[2022.07.17-11.54.32:723][  0]LogMemory: Platform Memory Stats for Windows
[2022.07.17-11.54.32:723][  0]LogMemory: Process Physical Memory: 145.23 MB used, 145.23 MB peak
[2022.07.17-11.54.32:723][  0]LogMemory: Process Virtual Memory: 130.99 MB used, 130.99 MB peak
[2022.07.17-11.54.32:723][  0]LogMemory: Physical Memory: 14652.97 MB used,  18026.23 MB free, 32679.20 MB total
[2022.07.17-11.54.32:723][  0]LogMemory: Virtual Memory: 134183264.00 MB used,  34461.71 MB free, 134217728.00 MB total
[2022.07.17-11.54.32:728][  0]LogWindows: WindowsPlatformFeatures enabled
[2022.07.17-11.54.32:742][  0]LogInit: Physics initialised using underlying interface: PhysX
[2022.07.17-11.54.32:743][  0]LogInit: Using OS detected language (en-US).
[2022.07.17-11.54.32:743][  0]LogInit: Using OS detected locale (en-US).
[2022.07.17-11.54.32:745][  0]LogTextLocalizationManager: No specific localization for 'en-US' exists, so the 'en' localization will be used.
[2022.07.17-11.54.32:894][  0]LogWindowsTextInputMethodSystem: Display: IME system deactivated.
[2022.07.17-11.54.32:934][  0]LogSlate: New Slate User Created.  User Index 0, Is Virtual User: 0
[2022.07.17-11.54.32:934][  0]LogSlate: Slate User Registered.  User Index 0, Is Virtual User: 0
[2022.07.17-11.54.32:964][  0]LogD3D11RHI: Loaded GFSDK_Aftermath_Lib.x64.dll
[2022.07.17-11.54.32:966][  0]LogD3D11RHI: D3D11 min allowed feature level: 11_0
[2022.07.17-11.54.32:966][  0]LogD3D11RHI: D3D11 max allowed feature level: 11_0
[2022.07.17-11.54.32:966][  0]LogD3D11RHI: D3D11 adapters:
[2022.07.17-11.54.33:005][  0]LogD3D11RHI:    0. 'Radeon RX 590 Series' (Feature Level 11_0)
[2022.07.17-11.54.33:005][  0]LogD3D11RHI:       8170/0/16339 MB DedicatedVideo/DedicatedSystem/SharedSystem, Outputs:2, VendorId:0x1002
[2022.07.17-11.54.33:007][  0]LogD3D11RHI:    1. 'Microsoft Basic Render Driver' (Feature Level 11_0)
[2022.07.17-11.54.33:007][  0]LogD3D11RHI:       0/0/16339 MB DedicatedVideo/DedicatedSystem/SharedSystem, Outputs:0, VendorId:0x1414
[2022.07.17-11.54.33:007][  0]LogD3D11RHI: Chosen D3D11 Adapter:
[2022.07.17-11.54.33:007][  0]LogD3D11RHI:     Description : Radeon RX 590 Series
[2022.07.17-11.54.33:007][  0]LogD3D11RHI:     VendorId    : 1002
[2022.07.17-11.54.33:007][  0]LogD3D11RHI:     DeviceId    : 67df
[2022.07.17-11.54.33:007][  0]LogD3D11RHI:     SubSysId    : 50321849
[2022.07.17-11.54.33:007][  0]LogD3D11RHI:     Revision    : 00e1
[2022.07.17-11.54.33:007][  0]LogD3D11RHI:     DedicatedVideoMemory : 8567906304 bytes
[2022.07.17-11.54.33:007][  0]LogD3D11RHI:     DedicatedSystemMemory : 0 bytes
[2022.07.17-11.54.33:007][  0]LogD3D11RHI:     SharedSystemMemory : 17133314048 bytes
[2022.07.17-11.54.33:007][  0]LogD3D11RHI:     AdapterLuid : 0 66828
[2022.07.17-11.54.33:014][  0]LogD3D11RHI: Creating new Direct3DDevice
[2022.07.17-11.54.33:014][  0]LogD3D11RHI:     GPU DeviceId: 0x67df (for the marketing name, search the web for "GPU Device Id")
[2022.07.17-11.54.33:014][  0]LogWindows: EnumDisplayDevices:
[2022.07.17-11.54.33:014][  0]LogWindows:    0. 'Radeon RX 590 Series' (P:0 D:1)
[2022.07.17-11.54.33:014][  0]LogWindows:    1. 'Radeon RX 590 Series' (P:1 D:1)
[2022.07.17-11.54.33:014][  0]LogWindows:    2. 'Radeon RX 590 Series' (P:0 D:0)
[2022.07.17-11.54.33:014][  0]LogWindows:    3. 'Radeon RX 590 Series' (P:0 D:0)
[2022.07.17-11.54.33:015][  0]LogWindows:    4. 'Radeon RX 590 Series' (P:0 D:0)
[2022.07.17-11.54.33:015][  0]LogWindows:    5. 'Radeon RX 590 Series' (P:0 D:0)
[2022.07.17-11.54.33:015][  0]LogWindows:    6. 'Radeon RX 590 Series' (P:0 D:0)
[2022.07.17-11.54.33:015][  0]LogWindows: DebugString: FoundDriverCount:7 
[2022.07.17-11.54.33:015][  0]LogD3D11RHI:     Adapter Name: Radeon RX 590 Series
[2022.07.17-11.54.33:015][  0]LogD3D11RHI:   Driver Version: AMD Software: Adrenalin Edition 22.5.2 (internal:30.0.21017.1000, unified:30.0.21017.1000)
[2022.07.17-11.54.33:015][  0]LogD3D11RHI:      Driver Date: 5-17-2022
[2022.07.17-11.54.33:015][  0]LogRHI: Texture pool is 5182 MB (70% of 7402 MB)
[2022.07.17-11.54.33:046][  0]LogD3D11RHI: Creating D3DDevice with AMD AGS, using adapter:
[2022.07.17-11.54.33:046][  0]LogD3D11RHI:     Description : Radeon RX 590 Series
[2022.07.17-11.54.33:046][  0]LogD3D11RHI:     VendorId    : 1002
[2022.07.17-11.54.33:046][  0]LogD3D11RHI:     DeviceId    : 67df
[2022.07.17-11.54.33:046][  0]LogD3D11RHI:     SubSysId    : 50321849
[2022.07.17-11.54.33:046][  0]LogD3D11RHI:     Revision    : 00e1
[2022.07.17-11.54.33:046][  0]LogD3D11RHI:     DedicatedVideoMemory : 8567906304 bytes
[2022.07.17-11.54.33:046][  0]LogD3D11RHI:     DedicatedSystemMemory : 0 bytes
[2022.07.17-11.54.33:046][  0]LogD3D11RHI:     SharedSystemMemory : 17133314048 bytes
[2022.07.17-11.54.33:046][  0]LogD3D11RHI:     AdapterLuid : 0 66828
[2022.07.17-11.54.33:071][  0]LogD3D11RHI: Created device via AGS, feature level 11_0, supported extensions 1fffffbf.
[2022.07.17-11.54.33:071][  0]LogD3D11RHI: RHI has support for 64 bit atomics
[2022.07.17-11.54.33:071][  0]LogD3D11RHI: Async texture creation enabled
[2022.07.17-11.54.33:071][  0]LogD3D11RHI: Array index from any shader is supported
[2022.07.17-11.54.33:071][  0]LogD3D11RHI: HDR output is supported on display 0 (AMD Device: 0x0, Display: 0x0).
[2022.07.17-11.54.33:081][  0]LogD3D11RHI: GPU Timing Frequency: 25.000000 (Debug: 2 1)
[2022.07.17-11.54.33:288][  0]LogTargetPlatformManager: Display: Loaded TargetPlatform 'WindowsNoEditor'
[2022.07.17-11.54.33:291][  0]LogTargetPlatformManager: Display: Loaded TargetPlatform 'Windows'
[2022.07.17-11.54.33:294][  0]LogTargetPlatformManager: Display: Loaded TargetPlatform 'WindowsClient'
[2022.07.17-11.54.33:297][  0]LogTargetPlatformManager: Display: Loaded TargetPlatform 'WindowsServer'
[2022.07.17-11.54.33:297][  0]LogTargetPlatformManager: Display: Building Assets For Windows
[2022.07.17-11.54.33:301][  0]LogAudioDebug: Display: Lib vorbis DLL was dynamically loaded.
[2022.07.17-11.54.33:319][  0]LogTextureFormatOodle: Display: Oodle Texture 2.9.0 init RDO Off
[2022.07.17-11.54.33:338][  0]LogRendererCore: Ray tracing is disabled. Reason: r.RayTracing=0.
[2022.07.17-11.54.33:338][  0]LogShaderCompilers: Guid format shader working directory is 0 characters bigger than the processId version (C:/Users/matej/Documents/GitHub/Game-Jam-2022/Intermediate/Shaders/WorkingDirectory/16336/).
[2022.07.17-11.54.33:339][  0]LogShaderCompilers: Cleaned the shader compiler working directory 'C:/Users/matej/AppData/Local/Temp/UnrealShaderWorkingDir/10A21A3B43A81DDC9CE58D98F7BC58BD/'.
[2022.07.17-11.54.33:339][  0]LogXGEController: Cannot use XGE Controller as Incredibuild is not installed on this machine.
[2022.07.17-11.54.33:339][  0]LogShaderCompilers: Cannot use XGE Shader Compiler as Incredibuild is not installed on this machine.
[2022.07.17-11.54.33:339][  0]LogShaderCompilers: Display: Using Local Shader Compiler.
[2022.07.17-11.54.33:880][  0]LogDerivedDataCache: Display: Max Cache Size: 512 MB
[2022.07.17-11.54.33:916][  0]LogDerivedDataCache: Loaded boot cache 0.04s 94MB C:/Users/matej/AppData/Local/UnrealEngine/4.27/DerivedDataCache/Boot.ddc.
[2022.07.17-11.54.33:916][  0]LogDerivedDataCache: Display: Loaded Boot cache: C:/Users/matej/AppData/Local/UnrealEngine/4.27/DerivedDataCache/Boot.ddc
[2022.07.17-11.54.33:917][  0]LogDerivedDataCache: FDerivedDataBackendGraph:  Pak pak cache file C:/Users/matej/Documents/GitHub/Game-Jam-2022/DerivedDataCache/DDC.ddp not found, will not use a pak cache.
[2022.07.17-11.54.33:917][  0]LogDerivedDataCache: Unable to find inner node Pak for hierarchical cache Hierarchy.
[2022.07.17-11.54.33:917][  0]LogDerivedDataCache: FDerivedDataBackendGraph:  CompressedPak pak cache file C:/Users/matej/Documents/GitHub/Game-Jam-2022/DerivedDataCache/Compressed.ddp not found, will not use a pak cache.
[2022.07.17-11.54.33:917][  0]LogDerivedDataCache: Unable to find inner node CompressedPak for hierarchical cache Hierarchy.
[2022.07.17-11.54.33:930][  0]LogDerivedDataCache: Display: Pak cache opened for reading ../../../Engine/DerivedDataCache/Compressed.ddp.
[2022.07.17-11.54.33:930][  0]LogDerivedDataCache: FDerivedDataBackendGraph:  EnterprisePak pak cache file ../../../Enterprise/DerivedDataCache/Compressed.ddp not found, will not use a pak cache.
[2022.07.17-11.54.33:930][  0]LogDerivedDataCache: Unable to find inner node EnterprisePak for hierarchical cache Hierarchy.
[2022.07.17-11.54.33:936][  0]LogDerivedDataCache: Speed tests for C:/Users/matej/AppData/Local/UnrealEngine/Common/DerivedDataCache took 0.01 seconds
[2022.07.17-11.54.33:936][  0]LogDerivedDataCache: Display: Performance to C:/Users/matej/AppData/Local/UnrealEngine/Common/DerivedDataCache: Latency=0.03ms. RandomReadSpeed=1807.68MBs, RandomWriteSpeed=200.06MBs. Assigned SpeedClass 'Local'
[2022.07.17-11.54.33:937][  0]LogDerivedDataCache: Using Local data cache path C:/Users/matej/AppData/Local/UnrealEngine/Common/DerivedDataCache: Writable
[2022.07.17-11.54.33:937][  0]LogDerivedDataCache: Shared data cache path not found in *engine.ini, will not use an Shared cache.
[2022.07.17-11.54.33:937][  0]LogDerivedDataCache: Unable to find inner node Shared for hierarchical cache Hierarchy.
[2022.07.17-11.54.33:964][  0]LogSlate: Using FreeType 2.10.0
[2022.07.17-11.54.33:964][  0]LogSlate: SlateFontServices - WITH_FREETYPE: 1, WITH_HARFBUZZ: 1
[2022.07.17-11.54.34:017][  0]LogInit: Using OS detected language (en-US).
[2022.07.17-11.54.34:017][  0]LogInit: Using OS detected locale (en-US).
[2022.07.17-11.54.34:017][  0]LogTextLocalizationManager: No localization for 'en-US' exists, so 'en' will be used for the language.
[2022.07.17-11.54.34:018][  0]LogTextLocalizationManager: No localization for 'en-US' exists, so 'en' will be used for the locale.
[2022.07.17-11.54.34:018][  0]LogSlate: FontCache flush requested. Reason: Culture for localization was changed
[2022.07.17-11.54.34:018][  0]LogSlate: FontCache flush requested. Reason: Culture for localization was changed
[2022.07.17-11.54.34:020][  0]LogTextLocalizationManager: Compacting localization data took   0.00ms
[2022.07.17-11.54.34:020][  0]LogAssetRegistry: FAssetRegistry took 0.0013 seconds to start up
[2022.07.17-11.54.34:142][  0]LogPackageLocalizationCache: Processed 21 localized package path(s) for 1 prioritized culture(s) in 0.000639 seconds
[2022.07.17-11.54.34:186][  0]LogInit: Selected Device Profile: [Windows]
[2022.07.17-11.54.34:186][  0]LogInit: Active device profile: [0000019B12418B00][0000019B0B39D6C0 49] Windows
[2022.07.17-11.54.34:186][  0]LogInit: Profiles: [0000019B12418B00][0000019B0B39D6C0 49] Windows, [0000019B123DE100][0000019B0B3A5840 49] WindowsNoEditor, [0000019B12419900][0000019B0B3A99C0 49] WindowsServer, [0000019B123DEE00][0000019B0AE01B40 49] WindowsClient, [0000019B1241BC00][0000019B0AE04140 49] IOS, [0000019B123DCF00][0000019B0AE082C0 49] iPadAir, [0000019B1241BE00][0000019B0AE0C440 49] iPadAir2, [0000019B1238CC00][0000019B0AE14700 49] IPadPro, [0000019B1238CD00][0000019B0AE10740 49] iPadAir3, [0000019B123DFB00][0000019B0AE188C0 49] iPadAir4, [0000019B1238F600][0000019B0AE1CA40 49] iPadMini2, [0000019B123DF200][0000019B0AE20BC0 49] iPadMini3, [0000019B1238F800][0000019B0AE24D40 49] iPadMini4, [0000019B123DF800][0000019B0AE28EC0 49] iPadMini5, [0000019B123C8600][0000019B0AE31180 49] iPhone6, [0000019B123C8700][0000019B0AE2D1C0 49] iPodTouch6, [0000019B1241A900][0000019B0AE39480 49] iPhone7, [0000019B1241A800][0000019B0AE354C0 49] iPodTouch7, [0000019B123C8100][0000019B0B3A1600 49] iPhone5S, [0000019B1238C700][0000019B0AE3D740 49] iPhone6Plus, [0000019B123CA500][0000019B0AE41880 49] iPhone6S, [0000019B1238D300][0000019B0AE49A00 49] iPhone6SPlus, [0000019B123CBB00][0000019B07FA3B80 49] iPhone7Plus, [0000019B1238F500][0000019B07FA6180 49] iPhoneSE, [0000019B1241A600][0000019B07FAA300 49] iPhone8, [0000019B1238C600][0000019B07FAE480 49] iPhone8Plus, [0000019B1241A200][0000019B07FB2600 49] iPhoneX, [0000019B1238F300][0000019B07FB6780 49] iPhoneXS, [0000019B1241B400][0000019B07FBA900 49] iPhoneXSMax, [0000019B1238ED00][0000019B07FBEA80 49] iPhoneXR, [0000019B12418200][0000019B07FC2C00 49] iPhone11, [0000019B1238DE00][0000019B07FC6D80 49] iPhone11Pro, [0000019B1241AA00][0000019B07FCAF00 49] iPhone11ProMax, [0000019B1238F700][0000019B07FCF080 49] iPhoneSE2, [0000019B12418D00][0000019B07FD3200 49] iPhone12Mini, [0000019B1238DF00][0000019B07FD7380 49] iPhone12, [0000019B12418700][0000019B07FDB500 49] iPhone12Pro, [0000019B1238D400][0000019B07FDF680 49] iPhone12ProMax, [0000019B12418C00][0000019B0AE457C0 49] iPadPro105, [0000019B1238D700][0000019B07FE3900 49] iPadPro129, [0000019B12418100][0000019B07FE7A40 49] iPadPro97, [0000019B1238FC00][0000019B07FEFBC0 49] iPadPro2_129, [0000019B12418800][0000019B07FF21C0 49] iPad5, [0000019B1238F100][0000019B07FF6340 49] iPad6, [0000019B12418500][0000019B07FFA4C0 49] iPad7, [0000019B1238E800][0000019B07FFE640 49] iPad8, [0000019B12418600][0000019B080027C0 49] iPadPro11, [0000019B1238C100][0000019B08006940 49] iPadPro2_11, [0000019B12419C00][0000019B0800AAC0 49] iPadPro3_129, [0000019B1238FE00][0000019B0800EC40 49] iPadPro4_129, [0000019B1241A500][0000019B08012DC0 49] AppleTV, [0000019B1238E300][0000019B08016F40 49] AppleTV4K, [0000019B12418400][0000019B0801B0C0 49] TVOS, [0000019B1238DC00][0000019B0801F240 49] Mac, [0000019B1241BD00][0000019B080233C0 49] MacClient, [0000019B1238E500][0000019B08027540 49] MacNoEditor, [0000019B1241B100][0000019B0802B6C0 49] MacServer, [0000019B1238F900][0000019B0802F840 49] Linux, [0000019B12419D00][0000019B07FEB980 49] LinuxAArch64, [0000019B1238E100][0000019B08033AC0 49] LinuxNoEditor, [0000019B12419B00][0000019B08037C00 49] LinuxAArch64NoEditor, [0000019B1238FB00][0000019B0803A1C0 49] LinuxClient, [0000019B1241AE00][0000019B08042340 49] LinuxAArch64Client, [0000019B1238E200][0000019B080464C0 49] LinuxServer, [0000019B1241AF00][0000019B0804A640 49] LinuxAArch64Server, [0000019B1238D000][0000019B0804E7C0 49] Android, [0000019B12419E00][0000019B08052940 49] Android_Low, [0000019B1238C500][0000019B08056AC0 49] Android_Mid, [0000019B1241A400][0000019B0805AC40 49] Android_High, [0000019B1238FF00][0000019B0805EDC0 49] Android_Default, [0000019B1241A000][0000019B08062F40 49] Android_Adreno4xx, [0000019B123DE400][0000019B080670C0 49] Android_Adreno5xx_Low, [0000019B123CB500][0000019B0806B240 49] Android_Adreno5xx, [0000019B123DFD00][0000019B0806F3C0 49] Android_Adreno6xx, [0000019B123CAB00][0000019B08073540 49] Android_Adreno6xx_Vulkan, [0000019B123DFE00][0000019B080776C0 49] Android_Mali_T6xx, [0000019B123C8F00][0000019B0807B840 49] Android_Mali_T7xx, [0000019B123DD300][0000019B0807F9C0 49] Android_Mali_T8xx, [0000019B123C9F00][0000019B0803FB00 49] Android_Mali_G71, [0000019B123DDC00][0000019B080820C0 49] Android_Mali_G72, [0000019B123CA400][0000019B08086200 49] Android_Mali_G72_Vulkan, [0000019B123DF600][0000019B0808A340 49] Android_Mali_G76, [0000019B123CA100][0000019B080924C0 49] Android_Mali_G76_Vulkan, [0000019B123DDB00][0000019B08096640 49] Android_Mali_G77, [0000019B123C8A00][0000019B0809A7C0 49] Android_Mali_G77_Vulkan, [0000019B123DF400][0000019B089D2940 49] Android_Mali_G78, [0000019B123C9300][0000019B089D6AC0 49] Android_Mali_G78_Vulkan, [0000019B123DE900][0000019B089DAC40 49] Android_Mali_G710, [0000019B123CBD00][0000019B089DEDC0 49] Android_Mali_G710_Vulkan, [0000019B123DDE00][0000019B089E2F40 49] Android_Vulkan_SM5, [0000019B123C8900][0000019B089E70C0 49] Android_PowerVR_G6xxx, [0000019B123DDF00][0000019B089EB240 49] Android_PowerVR_GT7xxx, [0000019B123CA700][0000019B089EF3C0 49] Android_PowerVR_GE8xxx, [0000019B123DE300][0000019B089F3540 49] Android_PowerVR_GM9xxx, [0000019B123CB200][0000019B089F76C0 49] Android_PowerVR_GM9xxx_Vulkan, [0000019B123DF000][0000019B089FB840 49] Android_TegraK1, [0000019B123C9700][0000019B089FF9C0 49] Android_Unknown_Vulkan, [0000019B123DF700][0000019B08A03B40 49] Lumin, [0000019B123C8200][0000019B08A06140 49] Lumin_Desktop, [0000019B123DE200][0000019B0808E280 49] HoloLens, 
[2022.07.17-11.54.34:211][  0]LogMeshReduction: Using QuadricMeshReduction for automatic static mesh reduction
[2022.07.17-11.54.34:211][  0]LogMeshReduction: Using SimplygonMeshReduction for automatic skeletal mesh reduction
[2022.07.17-11.54.34:211][  0]LogMeshReduction: Using ProxyLODMeshReduction for automatic mesh merging
[2022.07.17-11.54.34:211][  0]LogMeshReduction: No distributed automatic mesh merging module available
[2022.07.17-11.54.34:211][  0]LogMeshMerging: No distributed automatic mesh merging module available
[2022.07.17-11.54.34:302][  0]LogNetVersion: Builder 1.0.0, NetCL: 17155196, EngineNetVer: 17, GameNetVer: 0 (Checksum: 3939801358)
[2022.07.17-11.54.34:453][  0]LogTexture: Default maximum texture size for cubemaps generated from long-lat sources has been changed from 512 to unlimited. In order to preserve old behaiour for '/Engine/MapTemplates/Sky/DaylightAmbientCubemap.DaylightAmbientCubemap', its maximum texture size has been explicitly set to 512.
[2022.07.17-11.54.34:555][  0]LogMoviePlayer: Initializing movie player
[2022.07.17-11.54.34:631][  0]LogPython: Using Python 3.7.7
[2022.07.17-11.54.34:930][  0]LogNiagaraDebuggerClient: Niagara Debugger Client Initialized | Session: 82FB34C04A2743A05EEAA4B37E4679CD | Instance: 5E1BE7F3422AEE865FF463A839AF0401 (DESKTOP-M1QV7NL-16336).
[2022.07.17-11.54.34:943][  0]LogCollectionManager: Loaded 0 collections in 0.000780 seconds
[2022.07.17-11.54.34:945][  0]LogFileCache: Scanning file cache for directory 'C:/Users/matej/Documents/GitHub/Game-Jam-2022/Saved/Collections/' took 0.00s
[2022.07.17-11.54.34:945][  0]LogFileCache: Scanning file cache for directory 'C:/Users/matej/Documents/GitHub/Game-Jam-2022/Content/Developers/matej/Collections/' took 0.00s
[2022.07.17-11.54.34:945][  0]LogFileCache: Scanning file cache for directory 'C:/Users/matej/Documents/GitHub/Game-Jam-2022/Content/Collections/' took 0.00s
[2022.07.17-11.54.34:945][  0]LogCollectionManager: Fixed up redirectors for 0 collections in 0.000001 seconds (updated 0 objects)
[2022.07.17-11.54.35:027][  0]LogTcpMessaging: Initializing TcpMessaging bridge
[2022.07.17-11.54.35:029][  0]LogUdpMessaging: Initializing bridge on interface 0.0.0.0:0 to multicast group 230.0.0.1:6666.
[2022.07.17-11.54.35:060][  0]SourceControl: Source control is disabled
[2022.07.17-11.54.35:060][  0]SourceControl: Source control is disabled
[2022.07.17-11.54.35:061][  0]SourceControl: Source control is disabled
[2022.07.17-11.54.35:065][  0]LogUProjectInfo: Found projects:
[2022.07.17-11.54.35:069][  0]LogVSAccessor: Display: Unable to create Visual Studio setup instance: 80040154
[2022.07.17-11.54.35:070][  0]LogVSAccessor: Display: Unable to create Visual Studio setup instance: 80040154
[2022.07.17-11.54.35:070][  0]LogVSAccessor: Display: Unable to create Visual Studio setup instance: 80040154
[2022.07.17-11.54.35:115][  0]LogOpenImageDenoise: OIDN starting up
[2022.07.17-11.54.35:136][  0]LogAndroidPermission: UAndroidPermissionCallbackProxy::GetInstance
[2022.07.17-11.54.35:153][  0]LogAudioCaptureCore: Display: No Audio Capture implementations found. Audio input will be silent.
[2022.07.17-11.54.35:153][  0]LogAudioCaptureCore: Display: No Audio Capture implementations found. Audio input will be silent.
[2022.07.17-11.54.35:189][  0]LogUObjectArray: 21417 objects as part of root set at end of initial load.
[2022.07.17-11.54.35:189][  0]LogUObjectAllocator: 5754288 out of 0 bytes used by permanent object pool.
[2022.07.17-11.54.35:189][  0]LogUObjectArray: CloseDisregardForGC: 0/0 objects in disregard for GC pool
[2022.07.17-11.54.35:223][  0]LogEngine: Initializing Engine...
[2022.07.17-11.54.35:223][  0]LogMagicLeap: Warning: VR disabled because ZI is not enabled.  To enable, in the editor, Edit -> Project Settings -> Plugins -> Magic Leap Plugin -> Enable Zero Iteration
[2022.07.17-11.54.35:224][  0]LogStats: UGameplayTagsManager::InitializeManager -  0.000 s
[2022.07.17-11.54.35:285][  0]LogInit: Initializing FReadOnlyCVARCache
[2022.07.17-11.54.35:285][  0]LogAudio: Display: Initializing Audio Device Manager...
[2022.07.17-11.54.35:289][  0]LogAudio: Display: Loading Default Audio Settings Objects...
[2022.07.17-11.54.35:289][  0]LogAudio: Display: No default SoundConcurrencyObject specified (or failed to load).
[2022.07.17-11.54.35:290][  0]LogAudio: Display: Audio Device Manager Initialized
[2022.07.17-11.54.35:290][  0]LogAudio: Display: Creating Audio Device:                 Id: 1, Scope: Shared, Realtime: True
[2022.07.17-11.54.35:290][  0]LogAudioMixer: Display: Audio Mixer Platform Settings:
[2022.07.17-11.54.35:290][  0]LogAudioMixer: Display: 	Sample Rate:						  48000
[2022.07.17-11.54.35:290][  0]LogAudioMixer: Display: 	Callback Buffer Frame Size Requested: 1024
[2022.07.17-11.54.35:290][  0]LogAudioMixer: Display: 	Callback Buffer Frame Size To Use:	  1024
[2022.07.17-11.54.35:290][  0]LogAudioMixer: Display: 	Number of buffers to queue:			  2
[2022.07.17-11.54.35:290][  0]LogAudioMixer: Display: 	Max Channels (voices):				  32
[2022.07.17-11.54.35:290][  0]LogAudioMixer: Display: 	Number of Async Source Workers:		  0
[2022.07.17-11.54.35:290][  0]LogAudio: Display: AudioDevice MaxSources: 32
[2022.07.17-11.54.35:290][  0]LogAudio: Display: Audio Spatialization Plugin: None (built-in).
[2022.07.17-11.54.35:290][  0]LogAudio: Display: Audio Reverb Plugin: None (built-in).
[2022.07.17-11.54.35:290][  0]LogAudio: Display: Audio Occlusion Plugin: None (built-in).
[2022.07.17-11.54.35:290][  0]LogAudioMixer: Display: Initializing audio mixer.
[2022.07.17-11.54.35:301][  0]LogAudioMixer: Display: 0: FrontLeft
[2022.07.17-11.54.35:301][  0]LogAudioMixer: Display: 1: FrontRight
[2022.07.17-11.54.35:350][  0]LogAudioMixer: Display: Using Audio Device Speakers (Realtek(R) Audio)
[2022.07.17-11.54.35:355][  0]LogAudioMixer: Display: Initializing Sound Submixes...
[2022.07.17-11.54.35:356][  0]LogAudioMixer: Display: Creating Master Submix 'MasterSubmixDefault'
[2022.07.17-11.54.35:356][  0]LogAudioMixer: Display: Creating Master Submix 'MasterReverbSubmixDefault'
[2022.07.17-11.54.35:357][  0]LogAudioMixer: Display: Creating Master Submix 'MasterEQSubmixDefault'
[2022.07.17-11.54.35:357][  0]LogAudioMixer: FMixerPlatformXAudio2::StartAudioStream() called
[2022.07.17-11.54.35:357][  0]LogAudioMixer: Display: Output buffers initialized: Frames=1024, Channels=2, Samples=2048
[2022.07.17-11.54.35:357][  0]LogAudioMixer: Display: Starting AudioMixerPlatformInterface::RunInternal()
[2022.07.17-11.54.35:357][  0]LogAudioMixer: Display: FMixerPlatformXAudio2::SubmitBuffer() called for the first time
[2022.07.17-11.54.35:357][  0]LogInit: FAudioDevice initialized.
[2022.07.17-11.54.35:358][  0]LogNetVersion: Set ProjectVersion to 1.0.0.0. Version Checksum will be recalculated on next use.
[2022.07.17-11.54.35:359][  0]LogInit: Texture streaming: Enabled
[2022.07.17-11.54.35:465][  0]LogAudio: Display: Audio Device (ID: 1) registered with world 'Untitled'.
[2022.07.17-11.54.35:466][  0]LogSlate: Updating window title bar state: overlay mode, drag disabled, window buttons hidden, title bar hidden
[2022.07.17-11.54.35:466][  0]LogInit: Display: Game Engine Initialized.
[2022.07.17-11.54.35:466][  0]LogNiagaraEditor: GEditor isn't valid! Particle reset commands will not work for Niagara components!
[2022.07.17-11.54.35:483][  0]LogInit: Display: Starting Game.
[2022.07.17-11.54.35:483][  0]LogNet: Browse: /Game/Maps/TestingMap?Name=Player
[2022.07.17-11.54.35:483][  0]LogLoad: LoadMap: /Game/Maps/TestingMap?Name=Player
[2022.07.17-11.54.35:483][  0]LogWorld: BeginTearingDown for /Temp/Untitled_0
[2022.07.17-11.54.35:484][  0]LogWorld: UWorld::CleanupWorld for Untitled, bSessionEnded=true, bCleanupResources=true
[2022.07.17-11.54.35:484][  0]LogSlate: InvalidateAllWidgets triggered.  All widgets were invalidated
[2022.07.17-11.54.35:488][  0]LogAudio: Display: Audio Device unregistered from world 'None'.
[2022.07.17-11.54.35:490][  0]LogUObjectHash: Compacting FUObjectHashTables data took   0.59ms
[2022.07.17-11.54.35:591][  0]LogAudio: Display: Audio Device (ID: 1) registered with world 'TestingMap'.
[2022.07.17-11.54.35:595][  0]LogAIModule: Creating AISystem for world TestingMap
[2022.07.17-11.54.35:596][  0]LogLoad: Game class is 'CB_GameModeBase_C'
[2022.07.17-11.54.35:598][  0]LogWorld: Bringing World /Game/Maps/TestingMap.TestingMap up for play (max tick rate 0) at 2022.07.17-13.54.35
[2022.07.17-11.54.35:598][  0]LogWorld: Bringing up level for play took: 0.002049
[2022.07.17-11.54.35:601][  0]LogLoad: Took 0.118433 seconds to LoadMap(/Game/Maps/TestingMap)
[2022.07.17-11.54.35:730][  0]LogSlate: Took 0.000125 seconds to synchronously load lazily loaded font '../../../Engine/Content/Slate/Fonts/Roboto-Regular.ttf' (155K)
[2022.07.17-11.54.35:787][  0]LogRenderer: Reallocating scene render targets to support 252x252 Format 10 NumSamples 1 (Frame:1).
[2022.07.17-11.54.35:787][  0]LogRenderer: Reallocating scene render targets to support 1280x720 Format 10 NumSamples 1 (Frame:1).
[2022.07.17-11.54.35:787][  0]LogInit: Display: Engine is initialized. Leaving FEngineLoop::Init()
[2022.07.17-11.54.35:787][  0]LogLoad: (Engine Initialization) Total time: 3.87 seconds
[2022.07.17-11.54.35:787][  0]LogLoad: (Engine Initialization) Total Blueprint compile time: 0.00 seconds
[2022.07.17-11.54.35:789][  0]LogContentStreaming: Texture pool size now 1000 MB
[2022.07.17-11.54.35:792][  0]LogSlate: InvalidateAllWidgets triggered.  All widgets were invalidated
[2022.07.17-11.54.35:824][  1]LogSlate: Took 0.000198 seconds to synchronously load lazily loaded font '../../../Engine/Content/Slate/Fonts/Roboto-Regular.ttf' (155K)
[2022.07.17-11.54.43:714][489]LogRenderer: Reallocating scene render targets to support 1920x1028 Format 10 NumSamples 1 (Frame:2491).
[2022.07.17-11.56.08:589][257]LogNet: Browse: /Game/Maps/TestingMap
[2022.07.17-11.56.08:589][257]LogLoad: LoadMap: /Game/Maps/TestingMap
[2022.07.17-11.56.08:589][257]LogWorld: BeginTearingDown for /Game/Maps/TestingMap
[2022.07.17-11.56.08:589][257]LogWorld: UWorld::CleanupWorld for TestingMap, bSessionEnded=true, bCleanupResources=true
[2022.07.17-11.56.08:589][257]LogSlate: InvalidateAllWidgets triggered.  All widgets were invalidated
[2022.07.17-11.56.08:627][257]LogAudio: Display: Waited 37.146500 ms for audio thread.
[2022.07.17-11.56.08:629][257]LogAudio: Display: Audio Device unregistered from world 'None'.
[2022.07.17-11.56.08:633][257]LogUObjectHash: Compacting FUObjectHashTables data took   0.61ms
[2022.07.17-11.56.08:730][257]LogAudio: Display: Audio Device (ID: 1) registered with world 'TestingMap'.
[2022.07.17-11.56.08:731][257]LogAIModule: Creating AISystem for world TestingMap
[2022.07.17-11.56.08:731][257]LogLoad: Game class is 'CB_GameModeBase_C'
[2022.07.17-11.56.08:733][257]LogWorld: Bringing World /Game/Maps/TestingMap.TestingMap up for play (max tick rate 0) at 2022.07.17-13.56.08
[2022.07.17-11.56.08:733][257]LogWorld: Bringing up level for play took: 0.001559
[2022.07.17-11.56.08:735][257]LogLoad: Took 0.146177 seconds to LoadMap(/Game/Maps/TestingMap)
